<<<<<<< HEAD
['8', '7', '3']
['34', '33']
['46', '45', '38']
['17', '18', '13']
['29', '30', '25', '26']
['23', '24', '16']
['41', '42', '37']
['11']
['9', '10', '2', '4']
['32', '31', '27', '28']
['47', '48', '40']
['12']
['35', '36', '14', '22']
['43', '44', '39', '21']
['20', '19', '15']
['5', '6', '1']
=======
['28', '25']
['34', '33', '26']
['9', '10', '2']
['23', '24', '16']
['11']
['8', '7', '21', '3']
['41', '42', '43', '44']
['37', '38', '39', '40']
['27']
['22', '46', '45', '14']
['12', '4']
['5', '6', '1']
['32', '35', '36', '31']
['17', '18', '13', '15']
['29', '30']
['20', '47', '48', '19']
>>>>>>> 2d18c34f78deacf1f06c524c0eabd0939a033ca0
