<<<<<<< HEAD
<<<<<<< HEAD
['28', '43', '2', '5', '46', '48', '1', '31', '32']
['7', '33', '27', '30', '9', '34', '39', '12', '29']
['11', '8', '45', '10', '13', '35', '37', '40', '42']
['19', '18', '16', '36', '17', '41', '38']
['24', '0', '22', '23', '25', '26', '21', '44', '47']
['49', '15', '14', '20', '3', '4', '6']
=======
['0', '3', '5', '6', '33', '1', '34', '30', '2']
['45', '42', '43', '46', '48', '44', '47', '7']
['19', '14', '18', '16', '15', '20', '29', '31']
['24', '22', '23', '25', '26', '21', '32', '27', '4']
['35', '37', '40', '36', '38', '39', '41', '49', '28']
['8', '10', '13', '12', '17', '9', '11']
>>>>>>> af9bdcf0625dcc396188b2a608c3b0e227927a46
=======
['15', '14', '18', '16', '34', '19', '20']
['42', '43', '47', '48', '44', '45', '46', '31']
['36', '41', '38', '37', '39', '32', '35', '49', '40']
['4', '1', '5', '2', '6', '28', '33', '0', '3']
['9', '13', '8', '11', '12', '10', '17', '7']
['24', '22', '23', '26', '21', '30', '25', '27', '29']
>>>>>>> 2d18c34f78deacf1f06c524c0eabd0939a033ca0
