<<<<<<< HEAD
['22']
['24', '28']
['18', '7', '9', '11', '39', '0', '13']
['5', '16', '30', '31', '41', '21', '3', '6']
['19', '26', '29', '27', '33', '36', '8', '23', '25', '2']
['35']
['14']
['17', '32', '40', '10', '20', '38', '4', '12', '15', '1']
['34']
['37']
=======
['5', '29', '27', '6', '7', '28', '8', '25', '35']
['17', '32', '10', '34', '38', '12', '9']
['16', '31', '21', '3', '22', '24', '37', '15', '2', '14']
['41']
['40']
['13']
['30']
['0']
['19', '26', '18', '33', '36', '11', '39', '23', '20', '1']
['4']
>>>>>>> 2d18c34f78deacf1f06c524c0eabd0939a033ca0
