<<<<<<< HEAD
['22', '21', '17', '18']
['19', '15', '20', '16']
['0', '1', '3']
['44', '45', '32', '31']
['34', '33', '26', '27']
['35', '36', '5', '4']
['2', '13', '14']
['10', '9', '6']
['29', '28', '48', '41']
['46', '47', '40', '39']
['43', '42', '49']
['38', '30', '37', '23']
['7', '8']
['12', '11', '24', '25']
=======
['37', '38', '6', '0']
['29', '28', '49', '48']
['8', '1', '7']
['20']
['16', '15', '30', '47']
['24', '34', '33', '23']
['31', '32', '35', '36']
['10', '9', '3', '2']
['45', '46', '17', '18']
['39', '21', '22', '40']
['12', '11', '43', '44']
['5', '4', '25']
['26', '14', '27', '13']
['41', '19', '42']
>>>>>>> 2d18c34f78deacf1f06c524c0eabd0939a033ca0
