<<<<<<< HEAD
['24']
['43', '41', '3', '1112', '1111', '19']
['21', '42', '45', '47', '23', '4', '46', '44', '40', '1', '6', '7', '22']
['14', '13', '26']
['5']
['12', '10']
['2']
['32', '37', '39', '34', '38', '33', '36', '35']
['17', '8', '31', '16', '9', '11', '15', '29', '20', '28', '27', '18', '30', '25', '0']
=======
['43']
['26', '28']
['36', '33', '5', '2']
['25', '19', '12', '31', '16', '18', '20']
['42', '45', '47', '35', '39', '46', '44', '34', '38', '40', '1', '3', '6', '0', '4']
['13', '24', '30', '15', '29', '14', '27', '10']
['21', '32', '37', '23', '8', '9', '11', '7', '41', '17']
['1112', '1111']
['22']
>>>>>>> 2d18c34f78deacf1f06c524c0eabd0939a033ca0
