<<<<<<< HEAD
['bandkids0', 'bandkids2', 'theaterkids1', 'jocks4']
['bandkids3', 'ASB4', 'mathclub0']
['theaterkids3', 'bully', 'jocks1', 'ASB1']
['mathclub2', 'plastics1', 'plastics2', 'plastics3', 'plastics4', 'plastics5', 'plastics6', 'plastics7']
['jocks0', 'emokids2', 'emokids4', 'emokids5', 'emokids6', 'ASB3', 'emokids7']
['theaterkids4', 'jocks3']
['theaterkids2', 'mathclub4', 'ASB0']
['bandkids4', 'mathclub3', 'emokids8', 'emokids1', 'emokids3', 'plastics8']
['bandkids1', 'theaterkids0', 'jocks2', 'mathclub1', 'lindsaylohan', 'ASB2']
=======
['theaterkids0', 'mathclub1', 'lindsaylohan', 'ASB0', 'bandkids1', 'jocks0']
['ASB1', 'theaterkids2']
['mathclub4', 'theaterkids3', 'bandkids0', 'jocks2', 'plastics4']
['plastics1', 'plastics2', 'plastics3', 'plastics5', 'plastics6', 'plastics7', 'mathclub0', 'plastics8']
['bandkids3', 'ASB4', 'mathclub2', 'theaterkids1']
['bully', 'jocks1']
['emokids6', 'emokids7', 'emokids1', 'emokids3', 'emokids4', 'ASB2']
['jocks4', 'ASB3', 'bandkids2']
['bandkids4', 'mathclub3', 'emokids2', 'jocks3', 'theaterkids4', 'emokids8', 'emokids5']
>>>>>>> 2d18c34f78deacf1f06c524c0eabd0939a033ca0
