<<<<<<< HEAD
['9', '2', 'H0']
['F2', '17', '1']
['E0', 'G0', 'D0']
['A0', 'B0', 'F0']
['11', '12', 'F1']
['F3', 'E3', 'G3']
['B3', '10', 'D3']
['16', 'H3', '0']
['C1', 'C0', '3']
['A1', 'B1', 'D1']
['8', 'H2', '5']
['A2', 'D2', 'C2']
['7', '6', '13']
['B2', '15']
['C3', '4', 'A3']
['E2', 'G2', '14']
['H1', 'E1', 'G1']
=======
['B3', 'F1', '6']
['F3', 'G2', 'A3']
['E0', 'F0', 'C0']
['8', 'G0', '3']
['4', '5', 'G3']
['H2', '12', '10']
['13', '0', '7']
['1', 'H0', 'C1']
['C2', 'C3', '2']
['D3', 'E3', 'H3']
['B2', 'D2', '15']
['A0', 'D0', 'B0']
['9', 'H1', '17']
['E1', 'G1', '14']
['F2', 'A2', 'E2']
['16', '11']
['A1', 'D1', 'B1']
>>>>>>> 2d18c34f78deacf1f06c524c0eabd0939a033ca0
