['685', '102', '656', '401', '311', '384', '699', '172', '739', '523', '271', '134', '394', '520', '327', '207', '106', '653', '852', '558', '514', '345', '500', '831', '84', '420', '231', '877', '117', '992', '547', '910', '816', '99', '497', '456', '895', '246', '711', '559', '898']
['937', '5', '753', '336', '230', '740', '967', '624', '738', '587', '986', '626', '360', '461', '537', '82', '136', '927', '506', '34', '839', '361', '445', '8', '453', '493', '966', '408', '387', '842', '864', '543', '692', '545', '21', '3', '539', '911', '973', '130', '148']
['38', '181', '222', '144', '505', '820', '168', '825', '822', '720', '243', '253', '516', '737', '767', '791', '463', '240', '206', '66', '432', '474', '657', '942', '573', '803', '269', '31', '802', '438', '160', '647', '905', '337', '689', '275', '620', '678', '328', '718']
['832', '42', '201', '975', '828', '872', '652', '464', '280', '164', '177', '374', '298', '605', '57', '926', '69', '863', '356', '980', '797', '903', '859', '530', '841', '655', '550', '334', '794', '121', '552', '192', '912', '609', '933', '489', '664', '123', '974']
['232', '949', '809', '578', '676', '773', '157', '613', '262', '815', '390', '237', '115', '946', '780', '725', '92', '721', '364', '187', '366', '97', '572', '282', '796', '197', '618', '77', '81', '913', '239', '270', '745', '708', '551', '402', '485', '391', '988', '976']
['868', '570', '683', '617', '996', '827', '392', '817', '869', '508', '759', '955', '242', '821', '784', '357', '425', '846', '688', '335', '851', '238', '51', '885', '147', '876', '853', '175', '765', '193', '199', '257', '956', '758', '833', '723', '563', '733', '35']
['499', '28', '995', '398', '540', '45', '807', '527', '554', '963', '710', '697', '800', '977', '323', '923', '526', '650', '301', '382', '883', '774', '830', '651', '634', '934', '344', '26', '245', '473', '112', '648', '326', '54', '363', '882', '1', '95', '416', '511', '362']
['744', '182', '909', '120', '584', '352', '542', '457', '962', '987', '541', '407', '29', '823', '235', '603', '319', '865', '431', '929', '254', '6', '372', '640', '258', '811', '981', '848', '404', '670', '190', '466', '281', '215', '469', '612', '72', '924', '430', '128', '436']
['105', '208', '217', '371', '169', '945', '442', '643', '904', '156', '564', '315', '518', '367', '702', '209', '221', '100', '71', '427', '114', '458', '424', '528', '661', '113', '632', '299', '386', '512', '574', '736', '228', '379', '314', '146', '399']
['521', '413', '434', '286', '509', '715', '287', '477', '59', '429', '443', '283', '234', '752', '414', '273', '435', '576', '131', '990', '152', '75', '682', '110', '290', '517', '611', '989', '93', '629', '806', '965', '621', '454', '606', '749', '819', '161', '836', '961', '472']
['375', '214', '96', '194', '630', '293', '227', '241', '284', '296', '460', '306', '447', '991', '602', '717', '274', '140', '332', '590', '610', '665', '735', '174', '220', '205', '218', '278', '200', '211', '338', '255', '681', '9', '396', '295', '83', '522']
['891', '944', '984', '159', '265', '615', '304', '918', '968', '850', '88', '922', '389', '660', '642', '860', '696', '571', '333', '741', '76', '277', '331', '111', '60', '198', '999', '628', '0', '409', '698', '870', '487', '600', '754', '775', '180', '504']
['484', '65', '236', '589', '726', '108', '322', '679', '167', '544', '757', '931', '176', '135', '867', '325', '155', '769', '808', '908', '297', '259', '649', '906', '799', '560', '411', '179', '768', '55', '997', '348', '288', '555', '763', '39', '444', '341', '124', '969']
['601', '62', '149', '788', '920', '421', '349', '498', '646', '561', '813', '983', '691', '312', '902', '43', '801', '663', '672', '925', '874', '577', '272', '709', '85', '639', '369', '188', '256', '858', '89', '857', '104', '783', '535', '680', '562', '107', '233', '622']
['417', '37', '534', '346', '536', '713', '216', '446', '305', '12', '53', '470', '746', '317', '588', '400', '285', '263', '625', '378', '20', '261', '289', '318', '94', '880', '488', '467', '61', '954', '921', '529', '101', '762', '210', '90', '619', '704', '837']
['789', '566', '593', '388', '732', '591', '202', '133', '70', '14', '267', '786', '575', '595', '300', '644', '507', '320', '812', '866', '68', '451', '224', '41', '707', '185', '122', '548', '886', '838', '452', '677', '637', '380', '276', '397', '307', '27', '58', '907', '4', '480', '892', '195', '608', '154']
['810', '756', '567', '940', '25', '433', '641', '141', '244', '845', '87', '448', '712', '44', '316', '24', '671', '900', '703', '878', '440', '247', '219', '930', '743', '479', '491', '249', '941', '145', '321', '11', '531', '761', '191', '871', '86', '383', '19', '370', '354', '151']
['731', '985', '557', '7', '673', '50', '960', '722', '116', '814', '569', '310', '22', '226', '330', '580', '170', '353', '729', '889', '350', '229', '982', '748', '893', '582', '616', '403', '782', '855', '465', '252', '662', '760', '645', '260', '862', '137', '166']
['724', '347', '538', '771', '324', '406', '223', '309', '291', '887', '162', '519', '342', '854', '565', '294', '714', '888', '581', '669', '405', '98', '884', '476', '785', '936', '189', '594', '15', '13', '764', '495', '596', '579', '165', '127', '998', '781', '513', '475', '494', '459', '173']
['970', '585', '706', '879', '30', '468', '607', '798', '897', '553', '16', '890', '129', '203', '701', '751', '496', '614', '633', '18', '501', '684', '143', '964', '597', '894', '483', '49', '502', '426', '957', '719', '668', '776', '126', '556', '56', '492']
['834', '915', '441', '437', '674', '583', '381', '225', '67', '36', '790', '667', '449', '978', '178', '779', '329', '635', '951', '142', '716', '359', '604', '376', '373', '340', '693', '772', '251', '599', '690', '46', '793', '428', '486', '439', '308', '2', '533', '471']
['266', '103', '938', '313', '932', '171', '91', '63', '150', '993', '490', '939', '847', '546', '79', '627', '917', '755', '766', '928', '631', '971', '666', '450', '770', '302', '727', '213', '515', '482', '80', '826', '132', '654', '804', '478', '365', '184', '896']
['351', '532', '74', '994', '805', '525', '958', '686', '250', '875', '914', '750', '747', '586', '948', '158', '728', '377', '73', '412', '916', '292', '824', '268', '339', '33', '638', '843', '125', '418', '972', '118', '861', '264', '734', '636', '901', '873', '844', '47', '455']
['163', '410', '212', '64', '675', '959', '899', '700', '687', '419', '849', '423', '778', '795', '32', '393', '730', '549', '950', '186', '503', '204', '248', '777', '183', '52', '23', '343', '742', '48', '17', '196', '818', '623', '979', '829', '368', '835', '109']
['279', '422', '10', '119', '358', '40', '598', '303', '153', '462', '953', '947', '355', '385', '524', '139', '919', '592', '935', '481', '568', '78', '787', '659', '952', '415', '695', '943', '138', '705', '792', '658', '856', '694', '395', '840', '510', '881']
