['604', '923', '663', '320', '679', '96', '903', '287', '465', '633', '732', '530', '763']
['962']
['104', '862', '809', '658', '938', '112', '222', '841', '691', '582', '653', '437', '187']
['231', '234', '803', '834', '589', '93', '298', '567', '701', '53', '797', '676']
['116']
['126']
['991', '939', '610', '484', '333', '568', '255', '429', '1', '236', '455', '30', '918']
['632', '578', '989', '238', '374', '426', '564', '684', '892', '551', '813', '326', '788']
['397', '214', '826', '128', '122', '357', '355', '521', '369', '546', '659', '516']
['669', '562', '491', '229', '963', '782', '338', '650', '392', '387', '218', '509', '442']
['127']
['81', '425', '373', '591', '527', '827', '249', '224', '883', '822', '645', '654', '879']
['319', '796', '623', '593', '428', '173', '565', '760', '789', '360', '254', '476', '902']
['132']
['485', '207', '69', '431', '709', '936', '463', '84', '616', '999', '102', '717', '781']
['143']
['343', '331', '848', '677', '186', '858', '867', '823', '549', '861', '482', '244', '493']
['772', '768', '283', '906', '452', '321', '19', '0', '573', '842', '342', '189', '612']
['149']
['119', '824', '804', '821', '707', '792', '251', '724', '401', '835', '467', '657']
['733', '469', '137', '42', '427', '279', '850', '912', '895', '859', '882', '380', '336']
['291', '853', '479', '887', '152', '33', '438', '847', '620', '907', '948', '833', '14']
['931', '851', '404', '687', '235', '770', '504', '263', '982', '421', '36', '719', '640']
['603', '957', '56', '317', '725', '958', '916', '759', '690', '988', '100', '985', '302']
['572', '18', '744', '514', '661', '322', '413', '230', '802', '305', '179', '897', '641']
['510']
['131', '191', '587', '134', '900', '871', '535', '462', '166', '228', '993', '85']
['519', '142', '395', '731', '144', '271', '292', '617', '950', '642', '165', '507', '408']
['927', '689', '863', '475', '248', '914', '873', '45', '310', '560', '35', '966']
['457', '341', '615', '328', '787', '761', '217', '370', '241', '210', '275', '715', '685']
['256', '544', '444', '163', '818', '247', '257', '784', '550', '61', '451', '651']
['481', '293', '868', '621', '350', '346', '156', '721', '147', '727', '278', '411', '611']
['771', '422', '619', '406', '48', '434', '976', '54', '825', '221', '303']
['580', '17', '675', '365', '594', '371', '628', '261', '849', '786', '75', '647', '90']
['170']
['184']
['193']
['7', '129', '893', '885', '25', '518', '167', '613', '548', '533', '680']
['199']
['200']
['459', '57', '828', '920', '812', '130', '265', '720', '668', '55', '361', '541']
['111', '79', '169', '839', '722', '497', '160', '417', '597', '854', '820', '742', '282']
['375', '531', '961', '932', '817', '340', '980', '468', '399', '875', '969', '314']
['203']
['511', '523', '752', '296', '843', '585', '552', '125', '704', '233', '555', '394', '929']
['21']
['925', '264', '996', '363', '311', '696', '933', '486', '798', '281', '946', '243']
['232']
['389', '73', '941', '67', '407', '74', '965', '700', '135', '415', '304', '728', '598']
['705', '348', '739', '688', '665', '780', '924', '729', '712', '971', '561', '747', '159']
['239']
['498', '745', '877', '195', '151', '494', '926', '777', '418', '432', '289', '94', '446']
['779', '579', '299', '837', '816', '37', '896', '673', '672', '285', '667', '922', '664']
['60', '934', '443', '72', '856', '352', '986', '32', '458', '440', '145', '5', '358']
['901', '643', '110', '942', '754', '762', '590', '512', '300', '738', '870', '63', '631']
['101', '864', '888', '711', '773']
['872', '869', '708', '105', '522', '944', '11', '456', '838', '478', '447', '794', '889']
['919', '62', '146', '31', '644', '378', '359', '614', '655', '120', '583', '526', '414']
['209', '979', '51', '381', '177', '466', '880', '542', '252', '520', '532', '723', '372']
['290', '106', '301', '295', '539', '638', '576', '315', '78', '66', '201', '121']
['808', '662', '977', '460', '192', '223', '545', '268', '198', '624', '46', '211']
['41', '600', '43', '637', '312', '403', '765', '197']
['778', '846', '730', '174', '629', '710', '117', '23', '288', '154', '52', '743', '489']
['959', '693', '423', '840', '975', '140', '368', '844', '344', '634', '477', '97', '735']
['354', '860', '138', '751', '537', '390', '471', '596', '483', '272', '98', '702', '909']
['832', '764', '740', '599', '791', '756', '713', '671', '237', '488', '161', '845', '970']
['316', '940', '805', '964', '123', '445', '994', '852', '273', '678', '470', '3', '220']
['266', '649', '660', '182', '13', '951', '405', '758', '148', '398', '566', '636', '334']
['954', '517', '196', '968', '109', '898', '108', '385', '92', '297', '981', '103', '783']
['890', '973', '800', '171', '559', '242', '396', '433', '113', '2', '622', '150', '718']
['6', '967', '987', '714', '10', '86', '515', '388', '356', '495', '774', '908', '681']
['601', '584', '133', '262', '499', '349', '646', '377', '274', '118', '246', '917', '749']
['139', '694', '553', '206', '683', '992', '308', '928', '424', '176', '391', '695', '441']
['757', '577', '811', '984', '913', '736', '280', '536', '219', '393', '29', '554', '734']
['367', '71', '323', '819', '699', '766', '430', '943', '258', '4', '487', '586']
['178', '436', '815', '306', '307', '955', '746', '543', '16', '38', '830', '58', '39']
['574', '172', '785', '997', '639', '68', '500', '216', '716', '88', '337', '921', '630']
['245']
['670', '737', '874', '362', '595', '588', '697', '347', '855', '448', '529', '569']
['215', '464', '8', '351', '65', '168', '309', '974', '884', '524', '899', '698', '164']
['83', '829', '910', '329', '20', '876', '945', '602', '726', '793', '609', '506']
['250']
['652', '563', '327', '496', '972', '335', '806', '277', '400', '461', '162', '339']
['416', '64', '608', '87', '492', '99', '960', '40', '202', '44', '384', '49', '70']
['513', '534', '606', '185', '814', '267', '905', '212', '449', '47', '607', '472', '379']
['141', '213', '226', '155', '776', '474', '953', '412', '190', '748', '204', '998', '188']
['208', '558', '136', '753', '627', '91', '95', '911', '767', '153', '995', '353', '76']
['755', '674', '89', '556', '592', '276', '503', '450', '240', '866', '330', '648', '82']
['635', '34', '891', '703', '180', '810', '435', '502', '107', '949', '364', '345', '775']
['480', '77', '225', '59', '473', '259', '409', '626', '857', '194', '26', '420']
['886', '570', '205', '158', '9', '114', '269', '508', '439', '878', '24', '115', '656']
['260']
['904', '286', '706', '581', '935', '952', '505', '937', '836', '978', '557', '807', '575']
['227', '741', '686', '382', '366', '538', '157', '831', '376', '865', '501', '332', '490']
['270']
['795', '22', '983', '410', '453', '571', '666', '383', '625', '12', '750', '947', '692']
['769', '181', '386', '956', '318', '324', '881', '930', '419', '618']
['294', '547', '402', '915', '253', '284', '990', '50', '15', '540', '80', '528', '799']
['28']
['454', '27', '183', '313', '175', '801', '682', '525', '790', '894', '325', '124', '605']
