['174', '191', '409', '956', '838', '108', '413', '856', '370', '704', '442', '995', '749', '595', '618', '816', '768', '686', '766', '472', '566', '789', '33', '290', '49', '728', '647', '248', '357', '865', '72', '104', '831', '776', '574', '255', '15', '543', '443', '286']
['936', '589', '133', '273', '154', '60', '695', '433', '406', '309', '886', '208', '858', '450', '371', '992', '254', '645', '660', '729', '819', '385', '336', '470', '341', '673', '282', '265', '339', '584', '244', '401', '773', '849', '521', '412', '997', '16', '198', '828']
['37']
['457']
['744']
['938', '157', '74', '182', '112', '469', '123', '117', '318', '642', '963', '826', '707', '919', '454', '525', '627', '209', '587', '367', '562', '716', '46', '483', '58', '794', '66', '316', '890', '62', '786', '824', '386', '54', '518', '625', '179', '89', '812', '201']
['65', '481', '390', '143', '588', '349', '596', '989', '781', '972', '378', '605', '358', '395', '374', '172', '257', '573', '299', '979', '814', '12', '186', '924', '197', '703', '770', '376', '150', '147', '970', '81', '465', '294', '100', '861', '346', '765', '415', '458']
['94', '971', '883', '233', '807', '628', '426', '202', '463', '928', '900', '333', '155', '504', '509', '204', '782', '101', '13', '36', '328', '939', '430', '151', '820', '118', '83', '193', '527', '242', '682', '683', '590', '287', '998', '567', '841', '640', '448', '644']
['917', '692']
['724', '708', '933', '261', '250', '908', '280', '623', '251', '76', '721', '25', '991', '903', '96', '35', '859', '615', '268', '901', '960', '39', '779', '243', '601', '383', '677', '289', '540', '698', '223', '102', '920', '959', '363', '90', '88', '86', '561', '73']
['579', '943', '608', '663', '530', '466', '9', '559', '529', '446', '306', '713', '687', '937', '633', '279', '51', '544', '718', '489', '701', '365', '535', '3', '445', '594', '7', '830', '488', '345', '146', '221', '132', '113', '368', '604', '967', '548', '926', '969']
['572']
['212', '915', '669', '944', '59', '526', '878', '220', '203', '880', '272', '987', '693', '752', '862', '531', '973', '227', '785', '432', '685', '226', '738', '833', '668', '503']
['616', '825', '758', '802', '78', '575', '360', '475', '259', '796', '610', '216', '884', '763', '637', '672', '373', '818', '621', '542', '225', '591', '185', '620', '159', '772', '619', '214', '121', '694', '42', '41', '614', '17', '167', '629', '666', '873', '148', '166']
['746']
['158', '144', '974', '305', '314', '187', '947', '292', '26', '300', '264', '429', '654', '965', '142', '384', '777', '725', '455', '8', '723', '337', '145', '702', '29', '760', '630', '875', '990', '840', '52', '355', '957', '262', '249', '491', '953', '839', '688', '946']
['837', '624', '189', '881', '175', '241', '502', '61', '134', '879', '815', '362', '391', '993', '681', '494', '653', '71', '712', '564', '958', '523', '983', '449', '832', '844', '691', '296', '791', '889', '699', '487', '846', '821', '664', '622', '149', '44', '675', '218']
['689', '731', '393', '237', '382', '727', '678', '534', '578', '774', '631', '892', '769', '941', '916', '918', '508', '888', '122', '885', '302', '555', '759', '667', '843', '638', '75', '24', '213', '338', '742', '613', '183', '726', '479', '798', '343', '419', '950']
['735', '478', '95', '127', '431', '246', '810', '536', '593', '609', '710', '513', '806', '5', '834', '706', '356', '139', '321', '392', '98', '761', '665', '387', '538', '124', '737', '327', '23', '4', '872', '407', '515', '229', '606', '380', '364', '736', '153', '105']
['234', '438', '11', '808', '662', '563', '1', '537', '235', '258', '868', '354', '754', '793', '800', '53', '389', '599', '411', '291', '852', '422', '801', '64', '569', '169', '690', '342', '705', '501', '984', '330', '67', '68', '549', '424', '823', '21', '467', '860']
['923', '137', '399', '435']
['271', '2', '165', '955', '444', '565', '603', '85', '253', '468', '375', '893', '745', '626', '636', '369', '910', '925', '329', '611', '452', '799', '817', '511', '111', '404', '119', '554', '560', '553', '510', '897', '906', '194', '756', '775', '643', '755', '323', '988']
['556', '568', '784', '929', '176', '156', '297', '659', '848', '217', '552', '87', '811', '295', '278', '863', '952', '322', '968', '495', '222', '252', '864', '822', '632', '47', '298', '200', '114', '434', '340', '962', '512', '476', '138', '106', '125', '641', '715', '656']
['921', '899', '464', '215', '827', '787', '894', '684', '97', '514', '232', '732', '79', '405', '635', '546', '909', '951', '577', '195', '835', '228', '771', '107', '780', '485', '110', '853', '18', '484', '275', '545', '891', '480', '932', '867', '945', '473', '34', '307']
['177', '486', '797', '397', '344', '857', '607', '741', '56', '163', '887', '462', '582', '496', '437', '417', '188', '170', '27', '497', '184', '270', '69', '63', '717', '427', '224', '650', '855', '676', '533', '247', '281', '131', '22', '898', '50', '320', '263', '747']
['809', '274', '762', '353']
['748', '128', '48', '539', '651', '423', '180', '57', '43', '803', '757', '671', '871', '896', '161', '456', '103', '136', '230', '994', '93', '696', '231', '461', '617', '634', '592', '326', '19', '240', '126', '303', '334', '414', '519', '961', '10', '30', '978', '474']
['981', '505', '178', '140', '680', '975', '377', '245', '851', '697', '196', '709', '996', '109', '130', '845', '99', '388', '500', '982', '517', '999', '836', '141', '980', '506', '135', '447', '269', '714', '219', '260', '934', '813', '639', '657', '711', '976', '649', '986']
['492', '28', '722', '670', '551', '211', '6', '129', '325', '173', '436', '778', '425', '585', '847', '911', '439', '790', '942', '351', '648', '84', '267', '402', '239', '14', '207', '904', '907', '91', '301', '347', '398', '168', '954', '396', '661', '459', '895', '312']
['927', '507', '276', '940', '795', '877', '381', '115', '652', '788', '912', '238', '359', '477', '985', '719', '532', '966', '581', '949', '854', '586', '597', '658', '876', '792', '598', '366', '547', '882', '317', '288', '730', '743', '679', '332', '45', '277', '602', '931']
['160', '583', '152', '335', '767', '451', '55', '428', '92', '739', '403', '293', '930', '80', '612', '764', '77', '750', '935', '805', '400', '40', '120', '482', '453', '655', '550', '922', '171', '181', '905', '0', '964', '116', '674', '498', '842', '372', '164']
['210']
['199']
['284', '524', '236', '70', '410', '20', '408', '850', '361', '206', '285', '516', '571', '914', '379', '751', '557', '570', '352', '324', '499', '874', '311', '493', '829', '31', '266', '304', '804', '38', '308', '471', '416', '948', '720', '256', '460', '205', '315']
['783', '902', '576', '441', '870', '733', '869', '348', '913', '490', '331', '528', '977', '421', '190', '520', '580', '310', '32', '418', '192', '753', '740', '350', '420', '313', '700', '734', '394', '541', '522', '600', '646', '558', '440', '162', '866', '283', '319', '82']
