['12']
['405', '482', '15', '600', '596', '625', '254', '387', '155', '195', '391', '358', '384', '469', '506', '123', '192', '439', '441', '34', '406', '125', '401', '455', '224', '425', '574', '459', '412', '215', '347', '464', '245', '277', '513', '235', '82', '103', '606', '37', '496', '591', '471', '124', '416', '137', '21', '64', '22', '160']
['634']
['203', '314', '558', '75', '333', '213', '549', '361', '23', '478', '433', '592', '285', '320', '317', '240', '616', '229', '644', '325', '623', '427', '246', '104', '230', '151', '563', '330', '65', '78', '249', '170', '273', '588', '428', '327', '376', '202', '420', '575', '645', '411', '116', '127', '331', '167', '543', '210', '510', '602']
['207', '576', '45', '594', '4', '161', '88', '528', '89', '304', '633', '589', '46', '243', '145', '444', '118', '150', '67', '393', '503', '396', '256', '138', '233', '535', '0', '400', '101', '371', '611', '604', '253', '58', '72', '275', '615', '238', '417', '641', '76', '487', '475', '465']
['100']
['198']
['220']
['184', '484', '269', '169', '622', '92', '223', '359', '560', '189', '429', '306', '61', '286', '480', '263', '525', '553', '266', '97', '544', '71', '163', '131', '555', '443', '24', '437', '505', '404', '310', '292', '115', '11', '436', '342', '533', '79', '605', '546', '379', '334', '318', '177', '407', '534', '183', '473', '156', '41']
['301', '121', '93', '536', '293', '494', '348', '19', '193', '468', '216', '562', '32', '511', '386', '26', '547', '578', '204', '297', '98', '375', '244', '319', '63', '173', '148', '516', '629', '637', '232', '267', '526', '309', '187', '518', '130', '446', '35', '143', '105', '639', '521', '31', '109', '431', '451', '250', '413']
['134', '527', '632', '524', '491', '337', '584', '335', '367', '593', '133', '172', '601', '257', '586', '385', '642', '349', '140', '200', '582', '312', '442', '295', '234', '68', '614', '36', '630', '205', '489', '326', '556', '5', '508', '17', '108', '287', '136', '448', '638', '382', '621', '154', '414', '142', '1', '520', '362', '231']
['175', '54', '467', '378', '500', '86', '485', '147', '617', '389', '171', '542', '288', '298', '479', '264', '47', '372', '394', '146', '221', '554', '43', '383', '512', '454', '624', '581', '84', '583', '6', '272', '483', '191', '50', '545', '80', '252', '139', '227', '344', '62', '498', '346', '159', '608', '52', '119', '44', '453']
['176', '332', '279', '296', '626', '373', '580', '579', '69', '313', '307', '426', '350', '499', '340', '305', '282', '452', '153', '559', '9', '370', '351', '185', '569', '628', '323', '472', '537', '106', '294', '599', '410', '495', '390', '564', '399', '355', '283', '328', '460', '214', '18', '165', '497', '585', '302', '321', '290', '237']
['466']
['531']
['135', '595', '486', '514', '462', '421', '450', '456', '343', '529', '128', '260', '209', '419', '262', '635', '447', '8', '540', '208', '178', '56', '179', '166', '111', '352', '196', '311', '397', '59', '402', '141', '432', '570', '303', '265', '458', '598', '281', '415', '248', '239', '14', '457', '95', '57', '112', '81']
['25', '74', '571', '461', '7', '418', '40', '501', '87', '48', '381', '557', '132', '590', '162', '612', '276', '55', '523', '408', '463', '627', '363', '619', '551', '73', '251', '435', '199', '241', '3', '268', '258', '42', '219', '51', '548', '212', '66', '158', '338', '643', '567', '572', '117', '493', '222', '247', '83']
['280', '38', '99', '552', '566', '90', '201', '28', '180', '291', '392', '20', '339', '164', '620', '409', '403', '336', '182', '284', '315', '360', '492', '434', '609', '217', '289', '70', '476', '561', '587', '354', '488', '190', '278', '636', '77', '356', '504', '218', '114', '449', '477', '168', '597', '365', '29', '366', '324', '186']
['144']
['120', '368', '502', '152', '507', '353', '618', '300', '122', '610', '16', '423', '107', '27', '530', '517', '541', '110', '345', '538', '274', '149', '388', '102', '211', '577', '369', '126', '271', '490', '270', '228', '39', '96', '438', '440', '539', '2', '603', '631', '395', '188', '509', '13']
['474']
['157', '377', '261', '91', '33', '329', '380', '481', '225', '445', '565', '85', '470', '206', '322', '10', '299', '607', '430', '522', '341', '94', '357', '374', '640', '519', '398', '181', '515', '129', '255', '242', '316', '550', '568', '308', '422', '364', '613', '60', '49', '532', '197', '113', '573', '226', '236', '53', '30', '424']
['174']
['194']
['259']
