['562', '850', '200', '79', '470', '123', '209', '944', '633', '699', '195', '130', '361', '973', '395', '688', '360', '691', '326', '162', '640', '92', '717', '382', '568', '586', '841', '746', '379', '734', '556', '245', '987', '677', '122']
['260', '532', '7', '649', '448', '708', '489', '581', '920', '4', '289', '924', '782', '288', '141', '801', '616', '351', '88', '482', '660', '259', '133', '578', '207', '808', '424', '726', '683', '480', '447', '181', '652', '451', '800']
['240']
['612', '184', '668', '891', '813', '643', '338', '143', '397', '189', '419', '975', '167', '533', '818', '870', '319', '981', '476', '478', '645', '310', '666', '85', '433', '268', '781', '857', '493', '622', '559', '723', '115']
['449', '913', '381', '249', '396', '430', '91', '947', '262', '769', '69', '716', '859', '959', '169', '529', '604', '297', '508', '196', '177', '967', '948', '762', '943', '125', '804', '116', '631', '224', '662', '406', '889', '362', '928']
['657', '387', '915', '128', '977', '13', '521', '884', '513', '89', '755', '337', '863', '349', '498', '641', '887', '43', '157', '620', '156', '610', '817', '954', '824', '550', '172', '516', '911', '577', '962', '705', '806', '332', '253']
['599']
['383', '429', '205', '80', '317', '100', '630', '204', '523', '671', '729', '152', '885', '333', '623', '427', '22', '613', '917', '73', '367', '530', '869', '212', '271', '822', '980', '475', '355', '423', '502', '279', '507', '549', '576']
['272', '104', '336', '823', '830', '295', '861', '147', '965', '220', '276', '847', '728', '290', '940', '636', '694', '265', '656', '316', '974', '77', '477', '461', '291', '26', '146', '487', '221', '582', '413', '201', '328', '188']
['112']
['852', '827', '242', '946', '676', '258', '340', '565', '407', '743', '432', '710', '313', '614', '864', '446', '675', '976', '488', '682', '742', '856', '592', '38', '228', '606', '697', '14', '531', '35', '825', '960', '566', '358', '436']
['175']
['462', '437', '724', '875', '571', '353', '678', '844', '39', '324', '234', '213', '105', '483', '284', '650', '669', '600', '794', '956', '773', '254', '736', '474', '719', '603', '467', '15', '1', '241', '60', '526', '56', '412', '261']
['44', '57', '308', '473', '232', '819', '690', '774', '46', '984', '409', '970', '322', '942', '937', '110', '339', '904', '428', '939', '542', '547', '41', '202', '543', '113', '66', '494', '899', '812', '557', '539', '868', '733', '593']
['219', '511', '692', '442', '574', '117', '191', '390', '538', '858', '285', '369', '816', '865', '908', '966', '972', '740', '176', '845', '314', '321', '458', '833', '655', '348', '145', '42', '214', '281', '791', '545', '47', '320', '82']
['256', '701', '109', '303', '438', '922', '370', '517', '65', '165', '949', '18', '210', '786', '894', '230', '273', '770', '23', '302', '637', '520', '32', '952', '385', '277', '553', '389', '378', '76', '727', '667', '735', '835', '515']
['2']
['450', '74', '912', '846', '377', '466', '619', '797', '907', '767', '405', '497', '544', '236', '768', '131', '617', '252', '107', '345', '49', '931', '309', '615', '772', '53', '686', '78', '481', '883', '415', '518', '468', '3', '611']
['752', '217', '896', '36', '469', '834', '441', '343', '886', '501', '658', '408', '836', '783', '425', '121', '898', '318', '400', '136', '635', '187', '160', '696', '124', '528', '278', '647', '37', '988', '996', '916', '496', '807', '878']
['679', '334', '138', '910', '393', '695', '748', '838', '500', '796', '986', '17', '484', '282', '158', '28', '182', '434', '267', '503', '757', '951', '765', '416', '684', '968', '294', '354', '777', '178', '810', '293', '402', '45', '698']
['509', '609', '90', '534', '335', '248', '837', '714', '758', '134', '759', '444', '936', '989', '206', '739', '464', '788', '504', '795', '231', '589', '567', '431', '414', '670', '269', '373', '10', '749', '537', '558', '815', '103', '81']
['799', '486', '173', '570', '969', '198', '280', '251', '394', '955', '958', '634', '941', '881', '96', '40', '709', '58', '331', '839', '62', '102', '918', '235', '403', '625', '638', '919', '327', '83', '287', '27', '323', '380', '900']
['514', '366', '137', '506', '905', '94', '909', '961', '266', '300', '149', '821', '250', '208', '199', '840', '890', '713', '296', '848', '866', '376', '52', '689', '872', '388', '20', '311', '148', '527', '24', '642', '552', '646', '591']
['315', '932', '585', '257', '386', '564', '59', '711', '754', '930', '391', '978', '140', '560', '760', '151', '737', '274', '753', '893', '399', '440', '644', '882', '98', '8', '453', '971', '305', '364', '263', '659', '744', '463', '998']
['211']
['86', '522', '420', '12', '174', '849', '751', '29', '456', '811', '672', '997', '953', '422', '627', '352', '771', '499', '292', '693', '775', '6', '573', '809', '979', '829', '831', '873', '700', '490', '371', '286', '495', '702', '342']
['569', '329', '225', '602', '874', '575', '119', '680', '648', '194', '222', '264', '842', '64', '168', '843', '584']
['925', '862', '0', '685', '492', '756', '68', '93', '853', '929', '524', '439', '661', '426', '999', '97', '307', '906', '357', '664', '185', '51', '601', '687', '639', '897', '411', '597', '5', '778', '454']
['30', '270', '927', '964', '304', '203', '750', '525', '681', '70', '673', '247', '218', '227', '704', '888', '48', '445', '590', '372', '238', '738', '443', '215', '561', '607', '223', '745', '725', '459', '243', '180', '779', '730', '991']
['108', '761', '346', '580', '479', '99', '632', '820', '455', '452', '34', '663', '583', '161', '787', '239', '596', '535', '398', '61', '347', '127', '826', '803', '510', '325', '87', '855', '350', '579', '665', '283', '935', '244', '417']
['901', '401', '654', '21', '159', '828', '344', '914', '465', '25', '471', '63', '519', '880', '892', '67', '11', '963', '895', '154', '101', '982', '784', '54', '192', '790', '330', '275', '410', '993', '626', '721', '435', '186', '457']
['718', '995', '71', '605', '374', '548', '990', '624', '72', '985', '832', '356', '31', '512', '491', '106', '150', '933', '879', '789', '798', '375', '720', '135', '359', '731', '945', '164', '780', '851', '163', '306', '588', '706', '229']
['233']
['741', '814', '299', '902', '551', '404', '555', '193', '747', '118', '587', '142', '867', '994', '16', '132', '871', '421', '472', '301', '55', '216', '111', '854', '983', '126', '921', '540', '712', '785', '766', '144', '114', '190', '485']
['19', '793', '363', '460', '876', '732', '703', '84', '298', '802', '629', '183', '877', '75', '341', '628', '255', '934', '246', '155', '179', '595', '957', '536', '153', '237', '674', '653', '541', '572', '950', '9', '129', '992', '860']
['368']
['563']
['764', '392', '621', '120', '776', '226', '608', '926', '938', '33', '618', '365', '418', '763', '384', '923', '792', '170', '166', '505', '50', '312', '546', '715', '722', '197', '598', '903', '651', '171', '139', '805', '554', '707']
['594']
['95']
