['266', '318', '922', '530', '120', '178', '244', '140', '732', '124', '204', '125', '796', '585', '144', '675', '388', '709', '775', '864', '752', '286', '555', '501', '214', '551', '831', '360', '203', '181', '382', '255', '786', '414', '625', '776', '557', '762', '900', '401']
['837', '974', '337', '465', '815', '618', '946', '341', '398', '582', '902', '524', '441', '251', '797', '51', '519', '860', '428', '809', '160', '899', '810', '176', '580', '239', '862', '192', '770', '278', '233', '332', '260', '845', '455', '637', '726', '817', '906', '162']
['749', '687', '397', '564', '84', '758', '163', '63', '109', '330', '447', '686', '522', '668', '660', '466', '535', '832', '187', '410', '172', '46', '461', '683', '478', '352', '648', '279', '33', '487', '343', '794', '222', '210', '727', '774', '321', '152', '197', '802']
['218', '429', '682', '559', '430', '706', '307', '792', '182', '170', '186', '593', '228', '372', '394', '17', '489', '719', '750', '167', '923', '631', '908', '858', '159', '40', '264', '929', '925', '717', '213', '300', '135', '828', '209', '247', '878', '827', '269', '37']
['91', '105', '547', '248', '198', '177', '505', '272', '267', '384', '644', '724', '592', '308', '252', '790', '959', '241', '38', '473', '147', '165', '150', '116', '512', '502', '884', '516', '291', '669', '496', '659', '155', '472', '527', '288', '667', '274', '967', '21']
['245', '415', '480', '539', '851', '662', '801', '11', '603', '714', '500', '692', '146', '320', '41', '433', '986', '836', '587', '68', '720', '945', '725', '261', '843', '703', '722', '754', '71', '50', '558', '873', '746', '10', '728', '910', '930', '81', '61', '611']
['498', '605', '769', '67', '892', '446', '690', '47', '78', '206', '994', '448', '44', '632', '531', '536', '723', '954', '639', '825', '54', '191', '915', '95', '628', '495', '819', '581', '463', '996', '532', '688', '911', '507', '403', '119', '523', '161', '184', '826']
['59', '897', '771', '751', '311', '972', '12', '548', '357', '641', '173', '601', '196', '935', '312', '674', '215', '55', '193', '679', '606', '317', '877', '389', '870', '219', '820', '422', '578', '651', '576', '914', '616', '117', '351', '297', '464', '363', '620', '919']
['733', '989', '451', '77', '748', '231', '460', '624', '988', '283', '458', '938', '891', '256', '934', '383', '391', '888', '976', '20', '889', '993', '273', '743', '780', '647', '671', '29', '444', '629', '80', '305', '93', '646', '110', '294', '933', '31', '104', '830']
['107', '87', '521', '292', '566', '180', '943', '488', '550', '25', '636', '757', '928', '542', '533', '201', '661', '589', '355', '156', '821', '729', '812', '259', '406', '968', '931', '909', '538', '567', '951', '370', '28', '435', '997', '15', '322', '901', '83', '735']
['545', '335', '865', '298', '970', '920', '960', '730', '740', '534', '275', '718', '626', '759', '698', '265', '511', '987', '824', '520', '916', '652', '588', '424', '253', '6', '411', '503', '449', '835', '544', '513', '353', '336', '296', '554', '131', '227', '995', '681']
['617', '344', '123', '126', '574', '479', '62', '395', '595', '654', '70', '48', '678', '917', '608', '386', '115', '912', '440', '100', '944', '30', '499', '710', '563', '249', '952', '230', '861', '977', '886', '924', '619', '257', '366', '477', '484', '627', '890', '612']
['310', '874', '957', '481', '199', '701', '596', '839', '880', '486', '980', '543', '950', '787', '345', '842']
['705', '782', '791', '833', '848', '392', '7', '590', '402', '984', '302']
['425', '306', '598', '263', '961', '586', '868', '375', '445', '766', '676', '745', '4', '673', '217', '90', '118', '457', '69', '734', '96', '134', '712', '82', '871', '49', '367', '426', '882', '799', '238', '282', '609', '926', '442', '293', '27', '713', '284', '58']
['981', '492', '806', '108', '695', '562', '645', '939', '202', '834', '599', '684', '528', '277', '1', '459', '785', '423', '998', '807', '114', '166', '610', '8', '808', '854', '98', '334', '111', '347', '594', '700', '941', '66', '680', '153', '32', '127', '844', '885']
['903', '416', '964', '649', '602', '368', '876', '34', '918', '623', '454', '657', '765', '546', '348', '856', '242', '767', '223', '350', '777', '64', '708', '529', '376', '331', '823', '85', '869', '556', '565', '393', '268', '390', '947', '614', '407', '857', '711', '553']
['224', '164', '418', '16', '73', '304', '138', '475', '349', '314', '26', '975', '183', '847', '369', '549', '515', '246', '913', '508', '221', '408', '303', '316', '45', '43', '494', '474', '340', '262', '5', '226', '483', '171', '504', '937', '689', '52', '99', '621']
['940', '991', '756']
['866', '94', '379', '840', '664', '936', '342', '672', '309', '128', '853', '154', '816', '9', '174', '56', '280', '106', '188', '235', '112', '600', '493', '955', '784', '573', '859', '490', '800', '569', '741', '2', '216', '148', '881', '151', '380', '101', '894', '57']
['240', '949', '103', '254', '969', '509', '185', '561', '747', '258', '634', '476', '0', '315', '572', '158', '13', '431', '932', '438', '157', '514', '772', '642', '795', '541', '872', '491', '373', '145', '739', '205', '419', '973', '704', '129', '978', '818', '356', '633']
['232', '405', '905', '295', '412', '378', '804', '400', '841', '971', '849', '250', '387', '887', '699', '413', '927', '517', '838', '982', '737', '3', '879', '443', '329', '736', '130', '14', '211', '301', '121', '290', '814', '613', '470', '702', '285', '793', '615']
['396', '338', '89', '640', '354', '656', '324', '365', '323', '462', '811', '289', '339', '966', '552', '755', '469', '229', '420', '670', '234', '97', '179', '568', '822', '992', '607', '136', '237', '990', '313', '452', '742', '738', '693', '665', '510', '19', '122', '579']
['139', '597', '658', '677', '276', '570', '883', '65', '18', '691', '86', '855', '525', '421', '371', '404', '36', '653', '763', '482', '813', '696', '417', '220', '281', '962', '243', '942', '895', '212', '979', '850', '102', '875', '137', '468', '39', '575', '798', '325']
['175', '583', '953', '778', '23', '42', '731', '783', '346', '22', '803', '326', '364', '434', '963', '773', '208', '427', '142', '761', '359', '744', '453', '35', '907', '456', '72', '781', '921', '999', '622', '207', '506', '200', '965', '377', '195', '635', '53', '518']
['450']
['271', '779', '577', '24', '270', '846', '694', '432']
['591']
['287', '666', '299', '437', '189', '571', '436', '721', '471', '560', '768', '497', '789', '753', '74', '358', '983', '149', '663', '904', '328', '852', '409', '985', '655', '788', '863', '630', '143', '439', '650', '333', '948', '236', '133', '604', '327', '643', '760', '225']
['75', '764', '958', '485', '896', '526', '898', '141', '169', '92', '540', '60', '685', '76', '113', '829', '194', '697', '467', '805', '88', '584', '132', '638', '385', '362', '381', '374', '361', '867', '707', '893', '715', '716', '319', '399', '537', '956', '79', '190']
['168']
