['471', '981', '814', '561', '269', '15', '306', '350', '990', '791']
['803', '630', '231', '141', '66', '146', '240', '2', '893', '743']
['711', '896', '813', '911', '319', '942', '749', '496', '20', '165']
['854', '179', '516', '876', '643', '927']
['151', '35', '499', '90', '553', '8', '98', '440', '502', '767']
['328', '285', '592', '707', '43', '788', '262', '42', '924', '102']
['585', '401', '385', '420', '872', '476', '640', '199', '274', '268']
['474', '763', '730', '135', '555', '860', '757', '211', '296', '676']
['467', '16', '946', '59', '647', '222', '524', '197', '610']
['518', '873', '717', '201', '232', '537', '334', '811', '460', '590']
['761', '472', '189', '531', '367', '852', '697', '202', '598', '370']
['210', '941', '105', '353', '546', '687', '681', '116', '734', '751']
['112']
['600', '833', '417', '672', '705', '886', '300', '649', '831', '137']
['142', '303', '863', '765', '507', '336', '38', '551', '742', '177']
['696', '967', '783', '596', '409', '890', '96', '864', '508']
['609', '769', '143', '244', '32', '91', '239', '277', '447', '878']
['762', '388', '392', '938', '779', '591', '905', '377', '599', '963']
['176']
['212', '703', '283', '214']
['810', '956', '949', '635', '191', '415', '986', '804', '891', '637']
['525', '515', '206', '22', '187', '275', '324', '556', '582', '920']
['487', '642', '243', '724', '111', '654', '510', '153', '19']
['688', '744', '298', '785', '475', '560', '738', '768', '44', '689']
['338', '494', '497', '166', '866', '718', '454', '233', '558', '965']
['83', '806', '960', '3', '422', '503', '446', '715', '931']
['812', '234', '736', '820', '733', '188', '789', '706', '492', '120']
['883', '107', '124', '805', '226', '512', '829']
['513', '918', '998', '100', '192', '616', '980', '129', '86']
['684', '667', '215', '772', '917', '847', '827', '488', '428', '563']
['178']
['541', '245', '344', '115', '6', '265', '331', '544', '101']
['580', '557', '453', '252']
['971', '565', '904', '118', '299', '61', '325', '727', '538', '970']
['133', '470', '81', '976', '250', '898', '10', '673', '229', '900']
['414', '255', '517', '913', '837', '371', '272', '604', '608', '88']
['183']
['521', '739', '982', '714', '836', '571', '95', '899', '951', '493']
['740', '167', '500', '228', '781', '844', '675', '478', '851', '848']
['52', '895', '49', '968', '109', '574', '60', '797', '327', '287']
['79', '778', '576', '606', '463', '656', '908', '750', '746', '559']
['237', '954', '535', '450', '280', '912', '436', '310', '168', '17']
['533', '721', '868', '308', '279', '529', '839', '669', '123', '530']
['910', '534', '748', '983', '458', '247', '144', '755', '978', '754']
['438', '18', '257', '219', '448', '859', '808', '773', '362', '842']
['959', '425', '489', '532', '342', '664', '625', '301', '987', '867']
['901', '645', '339', '366', '423', '291', '577', '289', '937', '406']
['506', '405', '720']
['819', '945', '881', '572', '99', '170', '12', '887', '410']
['125', '4', '29', '792', '190', '843', '484', '465', '756', '121']
['127', '122', '916', '728', '846', '58', '235', '809', '30', '307']
['28', '509', '130', '73', '271', '875', '477', '393', '775', '147']
['379', '648', '381', '24', '988', '343', '186', '266']
['692', '251']
['948', '459', '380', '943', '341', '217', '53', '966', '589', '358']
['435', '940', '282', '26', '953', '67', '85', '70', '884', '889']
['345', '413', '570', '830', '424', '104', '33', '919', '160', '935']
['699', '248', '411', '224', '782', '136', '65', '974', '63', '456']
['490', '134', '587', '519', '747', '25', '686', '321', '48', '89']
['455', '468', '203']
['50', '158', '195', '427', '432', '514', '543', '683']
['994', '554', '550', '443', '173', '208', '661', '709']
['636', '952', '426', '293', '246', '384', '14', '567', '349', '216']
['152', '871', '372']
['185']
['335', '930', '172', '47', '94', '828', '996', '103', '701', '581']
['722', '157', '457', '523', '726', '131', '520', '113', '223', '295']
['305', '389', '39', '921']
['964', '351', '644', '832', '281', '548', '818', '638', '802', '752']
['511', '278', '74', '249', '376', '333', '138', '441', '634', '452']
['72', '326', '304', '429', '944', '68', '741', '395', '961', '241']
['204']
['631', '526', '148', '668', '712', '735', '182', '993', '522', '758']
['284', '659', '578', '407', '650', '323', '897', '698', '230', '64']
['934', '419', '391', '501', '704', '273']
['207', '368', '671', '480', '504', '620', '973', '485', '815']
['193', '365', '51', '196', '646', '732', '205', '302', '798', '613']
['655', '430', '498', '451', '869', '823', '439', '254', '612', '618']
['218', '694', '184', '695', '169', '702', '862', '777', '139', '390']
['870', '412', '928', '799', '54', '82', '481', '316', '713', '461']
['261', '619', '957', '800', '421', '449', '462', '662', '40', '542']
['745', '975', '950', '355', '845', '902', '593', '294', '76', '885']
['816', '822', '874', '972', '159', '708', '549', '540', '108', '795']
['719', '479', '929', '547', '209', '914', '437', '632', '399', '140']
['314', '433', '27', '685', '999', '361', '834', '622', '87', '825']
['817', '445', '903', '97', '106', '400', '150', '680', '651', '658']
['45', '629', '156', '793', '995', '221', '841', '760', '69', '989']
['784', '835', '1', '623', '128', '292', '693', '569', '880', '164']
['979', '155', '894', '731', '369', '602', '564', '764', '605', '348']
['346', '340', '332', '23', '260', '674', '796', '442', '992']
['826', '356', '562', '991', '922', '679', '311', '753', '787', '80']
['213']
['258']
['286']
['364', '225', '403', '482', '181', '977', '21', '933', '396', '626']
['318', '527', '584', '849', '386', '263', '0', '865', '373', '375']
['383', '75', '397', '840', '639', '853', '690', '329', '774', '907']
['877', '786', '132', '145', '923', '588', '92', '7', '354', '776']
['677', '9', '984', '171', '434', '915', '801', '242', '759', '259']
['290', '382']
['925', '628', '568', '678', '807', '888', '56', '505', '723']
['663', '601', '200', '939', '892', '603', '850', '357', '737']
['594', '464', '552', '682', '633', '55', '657', '320', '175', '253']
['163']
['36']
['404', '947', '770', '710', '666', '149', '359', '270', '483', '41']
['288']
['34']
['360']
['387', '539', '398', '617', '824', '114', '790', '766', '154', '624']
['473', '838', '691', '322', '641', '627', '119', '194', '161', '969']
['716', '958', '861', '936', '879', '573', '5', '13', '652', '31']
['597', '729', '614', '794', '653', '418', '545', '771', '469', '126']
['855', '236', '495', '11']
['110', '162', '906', '466', '932', '962', '374', '180', '579', '93']
['615', '955', '309', '330', '37', '416', '267', '670', '347', '586']
['363']
['536', '431', '408', '276', '84', '595', '607', '71', '312', '337']
['909']
['352', '486', '313', '46']
['402', '57', '378', '317', '660', '566', '220', '444', '117', '926']
['858', '62', '264', '725', '997', '528', '174', '780', '491', '856']
['583', '227', '700', '78', '77', '882', '985', '256', '611', '297']
['394']
['575', '621', '198', '665', '821', '315', '857', '238']
