['199', '382', '74', '524', '136', '84', '716', '702', '539', '905', '72', '246', '37', '915', '662', '145', '879', '150', '739', '227', '889', '901', '441', '464', '119', '407', '868', '656', '117']
['688', '886', '614', '821', '66', '369', '724', '519', '404', '126', '891', '898', '499', '284', '586', '740', '341', '589', '167', '570', '800', '795', '47', '128', '906', '350', '186', '116', '575', '485', '526', '221', '693', '784']
['865', '922', '256', '818', '473', '339', '28', '64', '85', '133', '723', '323', '578', '165', '129', '135', '307', '505', '179']
['391', '565', '96', '181', '885', '282', '80', '850', '95', '253', '748', '317', '200', '356', '785', '244', '747', '580', '598', '603', '649', '311', '123', '616', '327', '185', '797', '721', '251', '677', '846', '269', '131']
['435', '909', '418', '574', '195', '219', '258', '752', '399', '916', '592', '274', '202', '254', '194', '283', '387', '725', '789', '248', '625', '103', '549', '122', '207', '189', '871', '619', '793', '159', '201', '480', '170', '209', '78', '864', '604', '533', '783', '727', '343', '324', '695', '110', '373', '764', '903', '228', '336', '121', '528', '70', '320', '60', '396', '704', '69', '627', '334', '359', '423', '23', '198', '517', '597', '767', '895', '220', '469', '847']
['609', '331', '919', '344', '104', '875', '761', '114', '19', '607', '366']
['706', '222', '564', '395', '348', '587', '286', '711', '899', '378', '132', '774', '841', '7', '579', '552', '440', '445', '874', '913']
['576', '112', '642', '513', '71', '835', '162', '225', '637', '615', '920', '501', '629', '623', '191', '2']
['411', '787', '428', '29', '665', '839', '214', '645', '102', '728', '243', '436', '342', '65', '790', '264', '171', '292', '496', '540', '99', '211', '902', '820', '371', '844', '762', '250']
['742', '644', '314', '400', '386', '352', '33', '431', '478', '756', '489', '590', '153', '86', '149', '731', '515', '43', '439', '883', '892', '332', '231', '801', '893', '921', '591', '647', '507', '345', '163', '101', '290', '476', '663', '259']
['414', '470', '265', '438', '434', '836', '520', '306', '393', '234', '340', '829', '595', '794', '746', '669', '355', '543', '726', '651', '328', '699', '888', '560', '775', '326', '183', '744', '368', '249', '779']
['203', '158', '444', '823', '156', '412', '833', '585', '297', '134', '848', '372', '34', '788', '16', '882', '594', '827', '705', '0', '490', '927', '237', '732', '4', '403', '419', '925', '474', '773', '720', '828', '62', '316', '771', '240', '376', '481', '425', '712', '252', '694', '151', '456', '6', '781', '424', '550', '567', '12', '172', '551', '860', '39', '173', '809', '628', '884']
['73', '208', '51', '15', '81', '310', '213', '217', '461', '536', '658', '130', '736', '296', '238', '94', '635', '375', '394', '421', '741', '766', '872', '652', '858', '413', '305', '548', '631', '729']
['877', '814', '869', '655', '41', '878', '792', '144', '698', '696', '298', '887', '54', '811', '257', '44', '42']
['83', '152', '255', '803', '497', '824', '118', '75', '491', '531', '709', '917', '380', '484', '544', '561', '735', '385', '907', '312', '245']
['689', '622', '333', '154', '467', '817', '247', '210', '442', '107', '555', '611', '475', '855', '608', '630', '676', '124', '169', '593', '40', '667', '671', '337', '347', '643', '146', '313', '804', '867', '498', '22', '810', '715', '737', '640', '571', '93', '325', '840', '26', '266', '680', '718']
['928', '743', '239', '437', '912', '125', '278', '263', '174', '602', '547', '812', '433', '796', '685', '757', '370', '511', '226', '717']
['760', '701', '495', '204', '106', '641', '714', '289', '754', '31', '546', '516', '365', '50', '862', '638', '408', '900', '466', '390', '430', '184', '108', '335', '358', '569', '48']
['825', '807', '401', '262', '68', '798', '805', '776', '432', '308', '58', '175', '707', '52', '415', '504', '755', '397', '493', '780', '120', '351', '488', '276', '212', '816', '911', '494', '56', '300', '97', '261', '45', '681', '357', '1', '448', '535', '281', '388', '856', '53', '866', '521', '896', '819', '620', '164', '88', '648', '462']
['288', '293', '541', '215', '443', '624', '582', '897', '708', '634', '703', '36']
['670', '77', '852', '17', '621', '161', '188', '409', '837', '291', '537', '926', '924', '838', '268']
['8', '610', '270', '661', '678', '710', '322', '686', '692', '24', '831', '510', '142', '751', '562', '599', '392', '224', '605', '654', '363', '20', '881', '719', '177', '618', '500', '361', '109', '566', '166', '518', '338', '636', '422', '487', '280', '554', '483', '613', '140', '176']
['808', '453', '447', '668', '506', '377', '791', '206', '583', '782', '32', '14', '21', '349', '675', '230', '830', '272', '287', '465', '914', '904', '426', '319', '98']
['57', '750', '890', '100', '49', '242', '853', '859', '452', '405', '857', '362', '691', '534', '806', '427', '273', '55', '463', '446', '271', '115', '196', '260', '778', '479', '679', '38', '482']
['650', '532', '205', '460', '429', '137', '758', '160', '353', '138', '759', '832', '601']
['749', '477', '851', '223', '542', '666', '722', '596', '5', '303', '509', '472', '232', '672', '573', '90', '398', '455', '141', '813', '91', '190', '910', '660', '639', '769', '617', '581', '389', '92', '379', '87', '753', '870', '730', '508', '687', '383', '786', '11', '556', '457', '275', '923', '713', '606', '626', '772']
['229', '849', '79', '558', '360', '449', '381', '763', '63', '27', '168', '770', '777', '299', '127', '697', '46', '236', '527', '514', '30', '612', '374', '557', '600', '155', '584', '683', '197', '180', '143', '105', '768', '384', '364', '529', '468']
['876', '682', '111', '139', '633', '346', '330', '588', '235', '894', '577', '512', '450', '367', '417']
['420', '9', '218', '13', '113', '845', '402', '321', '684', '834', '843', '802', '294', '267', '301', '690', '89', '673', '568', '657', '929', '700', '563', '147', '646', '799', '880', '59', '653', '406', '674', '863', '354', '329', '241', '157', '277', '285', '530', '664', '315', '815']
['826', '416', '842', '861', '304', '318', '458', '553', '522', '18', '745', '279', '486', '765', '216', '502', '187', '410', '10']
['192', '302', '659', '178', '193', '873', '908', '572', '25', '451', '233', '503', '523']
['61', '918', '525', '632', '148', '734', '309', '738', '854', '76', '733', '471', '459', '35', '559', '492', '67', '538', '822', '295', '182', '454', '3', '545', '82']
