['685', '402', '689', '832', '653', '799', '244', '148', '566', '119', '473', '599', '530', '446', '744', '784', '445', '234', '367', '512', '823', '450', '642', '495', '212', '120', '173', '359', '732', '676', '424', '560', '432', '113', '436']
['203', '189', '755', '836', '100', '279', '1', '4', '517', '131', '373', '478', '793', '513', '104', '716', '646', '791', '261', '416', '15', '344', '494', '438', '372', '740', '12', '155', '571', '333', '42', '797', '217', '591', '845']
['661', '171', '555', '36', '514', '672', '476', '389', '143', '51', '830', '121', '127', '188', '369', '410', '680', '274', '27', '437', '177', '854', '88', '193', '455', '776', '202', '375', '122', '20', '749', '759', '222', '629']
['63', '425', '611', '116', '462', '808', '403', '652', '312', '183', '559', '724', '114', '579', '293', '65', '21', '43', '266', '390', '835', '280', '380', '318']
['141', '447', '144', '467', '841', '553', '308', '290', '207', '803', '580', '518', '567', '229', '817', '770', '29', '701', '463', '214', '248', '134', '364', '568', '811', '129', '727', '265', '428', '49', '368', '677', '305', '843', '162']
['273', '481', '600', '499', '790', '474', '38', '283', '783', '671', '578', '761', '590', '128', '675', '465', '130', '413', '39', '722', '350', '94', '303', '557', '118', '264', '698', '609', '826', '401', '471', '821', '289', '497', '625']
['552', '205', '310', '211', '348', '623', '838', '621', '309', '78', '387', '532', '80', '763', '242', '597', '666', '521', '663', '334', '507', '147', '31', '253', '13', '458', '110', '620', '96', '360', '434', '26']
['355', '69', '105', '519', '723', '550', '737', '35', '297', '442', '276', '506', '71', '52', '28', '72', '746', '270', '358', '200', '490', '711', '341', '678', '99', '277', '393', '220', '245', '405', '93', '595', '321', '59', '564']
['778', '448', '777', '543', '742', '285', '717', '233', '24', '736', '278', '231', '246', '340', '780', '639', '785', '319', '466', '102', '738', '684', '3', '715', '527', '754', '726', '772', '168', '720', '792', '547', '6', '510', '670']
['74', '351', '756', '697', '486', '576', '581', '352', '460', '493', '158', '187', '586', '206', '686', '294', '828', '789', '655', '485', '218', '249', '343', '323', '719', '855', '604', '378', '370', '605', '706', '491', '475', '395', '126']
['696', '291', '824', '805', '834', '330', '614', '582', '757', '820', '238', '660', '191', '160', '275', '729', '226', '699', '299', '151', '304', '16', '734', '482', '427', '439', '766', '159', '184', '8', '562', '693', '457', '786', '469']
['251', '239', '254', '150', '326', '659', '708', '142', '782', '136', '34', '415', '483', '561', '492', '526', '255', '692', '787', '324', '295', '152', '68', '61', '396', '700', '240', '411', '741', '850', '753', '800', '848', '464', '224']
['356', '847', '287', '301', '730', '391', '302', '758', '533', '76', '345', '818', '109', '694', '444', '338', '633', '479', '164', '363', '362', '85', '524', '638', '5', '346', '569', '419', '70', '286', '551', '186', '650', '575', '529']
['454', '347', '196', '81', '683', '813', '111', '314', '767', '801', '453', '163', '267', '281', '839', '48', '837', '549', '2', '241', '311', '354', '32', '125', '703', '831', '377', '587', '643', '484', '779', '577', '480', '648', '658']
['422', '320', '404', '259', '195', '606', '433', '819', '798', '135', '98', '236', '628', '235', '388', '153', '215', '769', '47', '376', '751', '40', '503', '673', '584', '704', '213', '197', '263', '431', '317', '709', '690', '140', '771']
['176', '827', '271', '366', '682', '82', '418', '668', '665', '25', '541', '825', '764', '22', '9', '645', '272', '649', '315', '216', '408', '17', '300', '822', '705', '204', '525', '429', '190', '307', '357']
['282', '332', '398', '548', '256', '752', '54', '747', '662', '443', '91', '225', '539', '383', '634', '165', '381', '365', '18', '137', '588', '456', '624', '107', '430', '608', '718', '745', '565', '335', '635', '795', '654', '674', '407']
['815', '149', '327', '269', '209', '528', '115', '842', '62', '657', '178', '679', '504', '630', '531', '488', '695', '11', '46', '554', '573', '516', '87', '7', '361', '511', '331', '175', '53', '382', '435', '812', '601', '844', '194']
['57', '201', '563', '84', '156', '667', '509', '45', '714', '508', '199', '710', '252', '10', '243', '60', '92', '829', '414', '461', '14', '615', '132', '538', '379', '612', '384', '223', '167', '852', '515', '232', '83', '374', '257']
['775', '328', '750', '37', '210', '537', '542', '0', '123', '616', '182', '117', '412', '487', '316', '449', '651', '853', '329', '459', '833', '441', '67', '594', '139', '237', '325', '636', '179', '101', '545', '583', '748', '768', '681']
['108', '230', '420', '44', '394', '298', '794', '339', '322', '192', '585', '505', '400', '607', '154', '496', '284', '773', '627', '536', '75', '626', '386', '58', '602', '23', '739', '145', '632', '146', '814', '535', '731', '851', '288']
['593', '86', '399', '760', '810', '707', '522', '806', '112', '574', '540', '451', '556', '501', '124', '687', '55', '268', '166', '468', '169', '647', '816', '342', '170', '589', '258', '409', '618', '641', '619', '796', '79', '157', '570']
['337', '260', '520', '33', '669', '688', '180', '774', '500', '56', '336', '592', '219', '762', '185', '713', '95', '228', '423', '452', '296', '809', '691', '90', '426', '198', '103', '73', '30', '50', '172', '133', '664', '66', '849']
['656', '472', '313', '640', '840', '41', '617', '622', '349', '181', '353', '477', '572', '523', '292', '733', '846', '489', '221', '765', '250', '174', '64', '788', '498', '371', '208', '702', '306', '470', '534', '596', '712', '138', '417']
['106', '735', '227', '421', '721', '598', '807', '544', '247', '97', '725', '603', '397', '743', '262', '631', '728', '558', '440', '546', '77', '637', '406', '89', '385', '161', '781', '804', '644', '613', '802', '502', '610', '19', '392']
