['762', '790', '459', '775', '411', '353', '845', '688', '434', '383', '942', '774', '395', '977', '667', '337', '880', '533', '641', '149', '742', '410', '192', '541']
['96', '108', '400', '340', '456', '821', '528', '751', '439', '209', '482', '974', '318', '922', '745', '620', '60', '924', '502', '79', '11', '644', '473', '4', '613']
['733', '476', '853', '576', '268', '939', '931', '208', '965', '382', '669', '37', '938', '440', '884', '963', '394', '322', '692', '674', '709', '799', '639', '14', '204']
['860', '15', '479', '363', '784', '493', '792', '463', '515', '61', '895', '506', '626', '254', '661', '878', '607', '557', '94', '564', '374', '960', '33', '861', '313']
['326', '140', '281', '419', '207', '193', '414', '563', '483', '618', '143', '741', '462', '201', '311', '584', '739', '136', '447', '87', '695', '748', '403', '345', '481']
['819', '888', '668', '391', '999', '82', '566', '451', '653', '215', '782', '495', '223', '559', '20', '503', '870', '6', '930', '468', '771', '504', '507', '78', '823']
['573', '184', '99', '698', '496', '838', '74', '159']
['588', '947', '651', '868', '824', '897', '547', '633', '732', '39', '172', '243', '989', '194', '550', '373', '230', '227', '632', '360', '914']
['386', '89', '28', '997', '505', '809', '561', '634', '903', '534', '27', '174', '761', '121', '783', '556', '549', '677', '480', '568', '578', '778', '90', '80', '912']
['734', '150', '375', '759', '488', '361', '255', '221', '808', '625', '205', '886', '211', '832', '151', '325', '851', '811', '76', '349', '475', '412', '499', '187', '370']
['171', '600', '296', '587', '500', '900', '178', '251', '423', '295', '358', '409', '981', '369', '164', '1', '293', '297', '959', '68', '766', '750', '737', '64', '169']
['806', '356', '522', '264', '583', '332', '548', '630', '188', '45', '716', '791', '553', '256']
['154', '315', '262', '623', '489', '352', '648', '516', '779', '458', '753', '302', '627', '857', '455', '700', '812', '110', '722', '200', '666', '932', '163', '437', '968']
['92', '42', '71', '595', '225', '237', '875', '747', '570', '67', '197', '712']
['226', '544', '294', '786', '122', '0', '893', '519', '203', '555', '928', '413', '198', '769', '973', '540', '376', '309']
['364', '238']
['284', '678', '305', '905', '491', '330', '996', '697', '980', '344', '531', '335', '329', '655', '991', '418', '273', '660', '816', '31', '65', '81', '562', '797', '448']
['441', '871', '611', '545', '477', '554', '57', '926', '258', '235', '567', '380', '277', '317', '538', '552', '862', '53', '719', '137', '572', '859', '993', '814', '720']
['292']
['731', '724', '162', '431', '825', '663', '526', '52', '393', '232', '250', '465', '128', '252', '916', '266', '856', '371', '951', '147', '571']
['142', '846', '270', '88', '173', '244', '148', '249', '306', '746', '685']
['93', '265', '763', '881', '213', '777', '874', '5', '435', '840', '343', '773', '767', '813', '867', '744', '333', '629', '442', '381', '699', '389', '675', '953', '341']
['132', '72', '242', '752', '460', '707', '817']
['236', '177', '490', '580', '269', '75', '511', '399', '320', '866', '956', '165', '319', '693', '606', '279', '346', '141', '397', '124', '592', '954', '659', '253', '359']
['638', '513', '415', '40', '129', '830', '890', '101', '604', '702', '450', '21', '795', '120', '520', '937', '444', '807', '321', '847', '86', '206', '542', '560', '849']
['484', '59', '338', '43', '708', '798', '291', '934', '191', '972', '906', '754', '978', '565', '987', '357', '586', '743', '738', '257', '199', '855', '877', '601', '182']
['135', '432', '635', '976', '390', '690', '127', '310', '26', '218', '280', '449', '643', '539', '609', '175', '398', '574', '134', '224', '907', '17', '168', '457', '70']
['546', '231', '590', '575', '307', '558', '844', '891', '2', '485', '854', '510', '683', '896', '104', '943', '529', '569', '443', '331', '436', '686']
['214', '234', '664', '787']
['267', '10', '167', '946', '760', '835', '152', '260', '617', '347', '793', '196', '842', '710', '909', '327', '486', '657', '492', '368', '694', '581', '828', '876', '986']
['13', '776', '385', '50', '701', '392', '599', '350', '944', '3', '379', '472', '517', '48', '95', '453', '56', '29', '300', '248', '336', '982', '46', '935', '736']
['487', '271', '186', '138', '44', '952', '682', '283', '36', '714', '918', '723', '512', '113', '971', '328', '145', '647', '114']
['636', '106', '656', '452', '160', '536', '705', '274', '925', '190', '185', '596', '804', '100', '377', '929', '579', '848', '30', '405', '240', '153', '863', '772', '285']
['765', '247', '726', '608', '984', '228', '796', '299', '220', '530', '755', '454', '902', '420', '19', '303', '84', '885', '425', '983', '670', '158']
['992', '73', '161', '157', '725', '312', '408', '826', '681', '126', '713', '85', '47', '961', '658', '585', '672', '446', '469', '195', '628', '514', '794', '624', '706']
['183', '615', '610', '920', '112', '180', '532', '16', '612', '822', '923', '166', '384', '696', '591', '524', '649', '98', '523', '711', '170', '287', '9', '945', '749']
['25']
['527', '957', '948', '850', '63', '156', '189', '802', '740', '176']
['474', '433', '146', '424', '654', '32', '704', '246', '764', '421', '130', '498', '950', '551', '97', '212', '35', '366', '662']
['543', '233']
['640', '367', '892', '426', '83', '998', '780', '290', '718', '730', '272', '781', '118', '372', '631', '428', '858', '501', '894', '889', '735', '470', '115', '650', '969']
['407', '837', '852', '915', '949', '464', '908', '687', '12', '77', '887', '478', '314', '955', '55', '616', '577', '843', '144', '518', '275', '278', '222', '994', '497']
['24', '598', '286', '416', '785', '834', '831', '879', '703', '471', '927', '676', '721', '869', '289', '537', '873', '261', '913', '125', '91', '864', '51', '58', '619']
['396', '921', '133', '22', '525', '803', '69', '646', '38', '990', '642', '919', '605', '680', '833', '494', '975', '839', '351', '334', '107', '756', '324', '729', '62']
['388', '865', '339', '899', '684', '354', '827', '995', '263', '958', '671', '387', '119', '508', '758', '933', '941', '66', '179', '800', '49', '789', '288', '7']
['467', '54', '123', '810', '665', '820', '316', '365', '298', '109', '967', '910', '621', '461', '23', '241', '882', '940', '911', '355', '962', '691', '829', '429', '770']
['898', '689', '970', '966', '282', '111', '841', '715', '979', '805', '41', '788', '8', '622', '757', '210', '323', '597', '304', '673', '430', '445', '308']
['727', '985', '509', '582', '301', '202', '964', '404', '131', '245', '139', '815', '406', '904', '216', '836', '872', '276', '594', '637']
['117', '614', '362', '427', '652', '417', '103', '102', '917', '181', '603', '728', '229', '936', '593', '818', '239', '116', '438', '105']
['768', '259', '602', '466', '521', '342', '901', '645', '422', '589', '679', '801', '348', '217', '34', '18', '535', '401', '402', '219', '378', '717', '988', '883', '155']
