['797', '48', '401', '251', '65', '748', '781', '110', '729', '210', '637', '200', '482', '720', '706', '566', '62', '755', '669', '54', '310', '620', '676', '73', '268', '549', '533', '221', '228', '378', '816', '358', '220', '455', '642', '42', '723', '683', '394', '69', '545', '825', '32', '100', '679', '315', '648']
['272']
['484']
['57']
['711']
['203']
['305', '262', '115', '196', '29', '400', '635', '259', '573', '435', '670', '629', '638', '741', '772', '339', '511', '113', '613', '40', '775', '247', '681', '490', '412', '451', '346', '60', '576', '432', '241', '155', '477', '750', '289', '623', '335', '150', '101', '250', '169', '569', '594', '207', '730', '146', '445', '410', '530', '301']
['87', '456', '544', '424', '147', '285', '364', '565', '596', '85', '89', '665', '198', '810', '223', '708', '736', '790', '19', '188', '555', '380', '434', '136', '832', '249', '151', '308', '309', '598', '224', '600', '631', '824', '142', '27', '698', '438', '716', '126', '334', '767', '437', '21', '500', '185', '651', '258']
['295']
['357']
['458']
['699', '491', '727', '392', '129', '157', '143', '621', '587', '499', '539', '460', '811', '616', '14', '738', '619', '7', '557', '540', '416', '253', '180', '585', '351', '701', '442', '333', '639', '695', '494', '197', '502', '546', '322', '199', '104', '578', '399', '367', '508', '714', '384', '375', '687', '686', '109', '472', '276', '183']
['602']
['700', '58', '190', '467', '227', '614', '283', '609', '839', '654', '403', '433', '343', '77', '84', '770', '703', '50', '152', '243', '551', '362', '36', '737', '486', '617', '273', '413', '51', '649', '3', '134', '783', '829', '520', '449', '205', '338', '320', '808', '80', '117', '509', '591', '752', '67', '518', '16', '95', '278']
['672']
['789']
['246']
['99', '53', '441', '725', '281', '764', '406', '751', '23', '239', '374', '740', '733', '297', '168', '329', '96', '801', '105', '612', '803', '501', '317', '474', '294', '535', '807', '575', '547', '92', '564', '245', '425', '284', '523', '582', '345', '574', '235', '515', '537', '813', '702', '347', '722', '156', '10', '743', '257', '489']
['459']
['496']
['519']
['795']
['774', '815', '5', '516', '256', '584', '218', '290', '497', '398', '506', '652', '709', '682', '233', '705', '118', '61', '492', '597', '145', '390', '263', '624', '640', '673', '426', '379', '217', '340', '116', '835', '225', '33', '377', '316', '186', '25', '747', '328', '802', '806', '742', '820', '567', '471', '534', '581', '204', '140']
['526']
['610']
['108']
['219', '536', '524', '158', '371', '8', '242', '238', '130', '475', '427', '359', '717', '282', '822', '344', '608', '461', '234', '354', '255', '393', '541', '365', '784', '174', '553', '632', '415', '159', '360', '132', '232', '1', '323', '622', '26', '627', '559', '510', '505', '662', '121', '191', '601', '794', '588']
['119']
['655', '226', '485', '123', '90', '483', '215', '350', '838', '244', '0', '586', '70', '300', '543', '149', '385', '2', '274', '666', '353', '572', '30', '563', '812', '137', '260', '814', '765', '236', '319', '195', '9', '603', '512', '372', '689', '330', '605', '17', '277', '206', '745', '645', '503', '641', '356', '828', '178', '22']
['182']
['189']
['231']
['568', '538', '542', '74', '331', '311', '423', '550', '325', '796', '834', '630', '187', '154', '389', '201', '306', '49', '675', '791', '46', '55', '376', '303', '646', '818', '476', '580', '760', '757', '644', '44', '370', '71', '411', '35', '634', '327', '457', '170', '141', '680', '721', '52', '521', '97', '529', '759', '823', '697']
['336', '799', '532', '138', '172', '735', '570', '68', '15', '11', '167', '728', '230', '28', '726', '659', '420', '593', '556', '779', '671', '20', '269', '63', '611', '279', '302', '444', '615', '657', '800', '626', '318', '267', '668', '504', '696', '713', '404', '606', '124', '436', '453', '462', '18', '176', '133', '106']
['715', '409', '139', '756', '194', '793', '579', '525', '76', '719', '739', '798', '164', '422', '386', '768', '788', '391', '414', '439', '135', '548', '341', '830', '128', '75', '746', '514', '690', '41', '833', '382', '478', '324', '337', '184', '120', '710', '704', '817', '785', '270', '160', '348', '229', '595', '691', '763', '264']
['34']
['429']
['47']
['470']
['481']
['837', '94', '265', '261', '153', '473', '13', '209', '707', '495', '355', '731', '692', '447', '407', '352', '827', '165', '83', '464']
['527']
['658']
['685', '480', '161', '677', '332', '561', '114', '127', '782', '387', '761', '288', '280', '368', '766', '773', '604', '202', '446', '466', '625', '528', '684', '792', '107', '693', '778', '450', '293', '304', '771', '749', '443', '661', '388', '291', '298', '38', '214', '558', '171', '469', '777', '664', '177', '647', '431', '254', '111', '769']
['452', '712', '402', '312', '571', '513', '786', '397', '419', '314', '599', '418', '103', '417', '366', '43', '836', '248', '91', '144', '577', '369', '349', '643', '175', '292', '192', '531', '428', '517', '361', '313', '809', '463', '633', '216', '618', '72', '650', '45', '653', '112', '674', '440', '222', '383', '656', '12', '628', '287']
['39', '734', '37', '395', '776', '78', '754', '266', '193', '213', '762', '636', '125', '59', '554', '166', '82', '660', '688', '667', '56', '592', '296', '179', '373', '408', '212', '173', '275', '465', '405', '744', '805', '552', '724', '4', '819', '430', '299', '562', '240', '589', '24', '522', '831', '694', '498', '718', '98']
['804']
['821', '663', '286', '148', '79', '479', '560', '787', '507', '607', '81', '732', '396', '487', '208', '493', '93', '6', '780', '122', '468', '758', '583', '131', '326', '31', '590', '64', '271', '102', '421', '237', '342', '381', '678', '454', '826', '211', '307', '88', '448', '181', '363', '321', '753', '252', '162', '488', '66']
['86']
['163']
