['35']
['354']
['358']
['557']
['905', '706', '900', '796', '554', '703', '853', '303', '143', '786', '698', '895', '43', '385', '466', '748', '488', '477', '941', '563', '46', '210', '873', '723', '164', '778', '306', '266', '866', '683', '414', '716', '346', '531', '4', '312']
['890', '499', '376', '749', '773', '632', '610', '322', '835', '11', '579', '892', '117', '648', '814', '21', '622', '175', '624', '916', '837', '118', '25', '797', '243', '572', '822', '943', '205', '0', '483', '263', '630', '930', '509', '412', '110', '470', '50']
['191']
['387', '167', '36', '907', '170', '725', '184', '710', '356', '594', '565', '101', '10', '503', '87', '507', '49', '122', '535', '875', '712', '272', '740', '343', '124', '463', '769', '681', '245', '590', '352', '826', '89', '169', '415', '290', '945', '680', '532', '78', '268', '521', '613', '881', '573', '181', '416', '694', '917', '819', '486', '495', '311', '566', '34', '556', '580', '960', '30', '125']
['429', '676', '97', '74', '601', '550', '792', '669', '138', '405', '855', '339', '451', '68', '485', '791', '218', '307', '63', '468', '863', '787', '84', '953', '394', '711', '237', '850', '836', '606', '56', '922', '48', '584', '730', '715', '644', '433', '864', '646', '705', '321', '366', '335', '536', '918', '62', '897', '726', '802', '838', '309', '305', '915', '199', '273', '40', '938', '696', '144', '927']
['14']
['115', '577', '651', '42', '200', '66', '82', '775', '608', '896', '843', '912', '652', '619', '868', '174', '482', '265', '126', '546', '398', '721', '781', '160', '316', '259', '325', '462', '234', '874', '395', '662', '527', '479', '704', '481', '808', '340', '79', '714', '257', '5', '197', '528', '148', '72', '185', '684', '351', '67', '956', '38', '519', '231', '670', '880', '274', '388', '215', '955', '456']
['362']
['159', '267', '469', '304', '658']
['718']
['178']
['813', '383', '449', '919', '914', '248', '782', '221', '12', '96', '779', '673', '832', '882', '498', '795', '493', '538', '327', '133', '140', '261', '833', '17', '934', '877', '226', '491', '204', '872', '281', '270', '291', '821', '807', '511', '227', '856', '422', '393', '824', '552', '190', '759', '220', '437', '708', '397', '168', '776', '657', '763', '192', '440', '756', '177', '925', '251', '783', '60', '298']
['146', '516', '409', '153', '575', '100', '942', '434', '222', '179', '33', '840', '41', '230', '264', '674', '134', '505', '812', '296', '598', '20', '549', '909', '931', '250', '607', '645', '871', '367', '583', '18', '85', '244', '760', '472', '578', '382', '2', '460', '605', '455', '884', '457', '297', '119', '109', '375', '6', '883', '523', '801', '152', '93', '123', '194', '211', '699', '534', '116']
['26', '697', '525', '380', '379', '701', '150', '524', '149', '158', '8', '793', '22', '196', '489', '614', '94', '447', '643', '926', '364', '275', '1', '735', '313', '345', '849', '329', '588', '758', '526', '839', '365', '299', '239', '944', '845', '129', '592', '331', '650', '660', '743', '254', '799', '600', '417', '921', '809', '586', '438', '396', '392', '861', '161', '761', '348', '764', '193', '418', '381']
['213', '899', '283', '330', '810', '476', '61', '668', '478', '441', '206', '727', '798', '859', '774', '823', '597', '581', '51', '603']
['784', '817', '391', '445', '903', '209', '344', '443', '862', '95', '924', '693', '625', '678', '731', '171', '891', '623', '474', '165', '163', '448', '616', '136', '459', '145', '424', '729', '189', '260', '831', '687', '933', '947', '289', '959', '585', '492', '154', '276', '857', '870', '431', '818', '954', '513', '719', '27', '709', '241', '141', '490', '255', '540', '378', '620', '294', '420', '333', '112']
['548', '724', '508', '370', '102', '374', '780', '626', '950', '183', '400', '410', '794', '225', '952', '790', '280', '436', '656', '722', '591', '820', '544', '649', '803', '904', '571', '842', '828', '762', '825', '685', '733', '755', '399', '567', '695', '249', '54', '737', '207', '147', '569', '940', '444', '672', '413', '334', '70', '889', '666', '450', '172', '320', '484', '317', '442', '106', '635', '852', '293']
['198']
['888']
['754', '285', '728', '928', '389', '336', '120', '88', '627', '435', '130', '173', '561', '71', '236', '913', '295', '529', '846', '286', '653', '937', '127', '689', '848', '246', '636', '471', '135', '338', '188', '465', '599', '957', '641', '510', '559', '452', '514', '747', '401', '373', '906', '506', '901', '139', '202', '568', '751', '618', '288', '738', '201', '811', '867', '453', '841', '806', '162', '768', '736']
['713']
['23']
['547', '885', '772', '929', '155', '3', '512', '384', '233', '732', '59', '609', '353', '166', '301', '679', '83', '58', '142', '132', '642', '576', '886', '898', '319', '99', '878', '182', '349', '717', '520', '854', '229', '629', '428', '766', '869', '502', '369', '360', '920', '47', '114', '279', '359', '663', '560', '665', '242', '936', '315', '232', '224', '269', '911', '65', '958', '634', '240', '638', '104']
['752', '113', '487', '355', '287', '73', '284', '208', '341', '692', '32', '902', '216', '659', '407', '76', '688', '767', '77', '92', '686', '464', '542', '541', '860', '238', '332', '408', '217', '151', '271', '517', '128', '277', '771', '946', '765', '633', '879', '543', '473', '80', '865', '411', '675', '402', '744', '258', '682', '700', '887', '480', '530', '253', '98', '741', '262', '421', '386', '64']
['372', '432', '949', '553', '558', '347', '829', '368', '739', '750', '458', '195', '228', '671', '816', '574', '804', '637', '37', '256', '858', '300', '90', '834', '131', '105', '742', '157', '446', '661', '219', '734', '500', '13', '746', '16', '406', '932', '44', '9', '292', '156', '426', '323', '350', '602', '621', '923', '282', '212', '515', '176', '655', '86', '31', '501', '419', '615', '587', '876', '611']
['186', '75', '537', '223', '439', '555', '539', '753', '187', '57', '691', '203', '19', '103', '667', '361', '844', '28', '518', '595', '55', '496', '111', '504', '789', '830', '404', '677', '214', '342', '425', '647', '15', '707', '337', '235', '847', '357', '302', '815', '107', '314', '893', '777', '827', '570', '628', '121', '497', '454', '785', '805', '81', '800', '45', '612', '403', '467', '69', '91', '7']
['475', '522', '690', '252', '461', '894', '180', '430', '788', '377', '593', '604', '39', '939', '326', '390', '770', '371', '324', '328', '631', '29', '108', '664', '308', '363', '582', '24', '278', '654', '494', '310', '617', '423', '545', '247', '910', '702', '935', '562', '596', '53', '640', '427', '52', '720', '757', '318', '745', '851', '589', '551', '951', '564', '137', '948', '908', '639', '533']
