['675', '166', '427', '705', '116', '417', '985', '439', '524', '333', '791', '431', '786', '46', '221']
['718', '767', '190', '588', '473', '150', '384', '266', '834', '863', '728', '558', '672', '810', '32']
['787', '114', '282', '925', '552', '435', '341', '866', '55', '78', '237', '43', '814', '426', '764']
['195']
['936', '525', '714']
['81', '470', '400', '66', '821', '262', '403', '983', '527', '472', '273', '804', '205', '429']
['646', '980', '93', '344', '487', '334', '175', '27', '476', '553', '632', '408', '322', '23', '609']
['365', '321', '776', '780', '783', '682', '200', '664', '122', '143', '488', '915', '887', '759']
['460', '404', '246', '70', '28', '343', '187', '803', '753', '207', '516']
['432']
['712']
['481', '572', '56', '959', '539', '666', '899', '707', '774', '225', '71', '878']
['811', '449', '726', '965', '60', '21', '517', '600', '769', '156', '806', '644', '927', '765', '889']
['696', '339', '463', '560', '226', '796', '849', '871', '242', '316', '375', '74', '565', '747', '792']
['708', '869', '917', '272', '870', '185', '372', '576', '514', '843', '96', '385', '256', '568', '76']
['768', '686', '826', '409', '757', '428', '118', '138', '482', '148', '252', '906', '410', '125', '57']
['314']
['82', '359', '799', '249', '390', '24', '468', '29', '547', '817', '635', '601', '699', '680', '709']
['332', '989', '530', '812', '0', '990', '842', '111', '461', '217', '518', '693', '19', '679', '326']
['730']
['851', '243', '617', '673', '157', '505', '38', '163', '727', '85', '716', '571', '364', '586']
['271', '690', '496', '13', '469', '795']
['896', '802']
['577', '144', '254', '815', '523', '267']
['751', '255', '123', '493', '450', '335', '537', '793', '852', '73', '606', '396', '602', '290']
['275', '48', '551', '211', '353', '832', '903', '197', '362', '61', '733', '841', '430', '574']
['136', '206', '307', '151', '754', '231', '510', '583', '548', '652', '319', '301', '687', '213', '347']
['749', '63', '877', '155', '545', '240', '387', '532', '489', '891', '982', '929', '393', '556', '701']
['746']
['907']
['313', '762', '585', '380', '720', '162', '598', '610', '543', '603', '912', '833', '856', '392', '477']
['597', '633', '79', '37', '860']
['745', '305', '829', '337', '65', '345', '218', '921', '883', '862', '67', '667', '378', '465', '914']
['566', '847', '224', '861', '475', '68', '232', '386', '613', '383', '634', '885', '471', '511', '329']
['908']
['100']
['101']
['214', '210', '424', '467', '954', '41', '247', '306', '942', '668', '605', '447', '785', '612', '580']
['103']
['104']
['106']
['107']
['222', '872', '620', '789', '452', '770', '555', '90']
['778', '2', '540', '956', '182', '678', '649', '165', '550', '91', '80', '742', '234', '369', '188']
['110']
['149', '203', '161', '462', '534', '922', '124', '837', '840', '158', '83', '54', '391', '3', '741']
['618', '351', '992', '94', '732', '446', '99', '671', '127', '995', '8', '835', '495', '582', '880']
['974', '962', '484', '331', '913', '798', '748', '892', '154', '248', '338', '189', '998', '325']
['520', '846', '433', '790', '542', '264', '905', '743', '327', '167', '935', '773', '312', '648', '628']
['113']
['342', '875', '986', '340', '944', '920', '363', '436', '738', '857', '168', '5', '289', '937', '6']
['858', '638', '458', '955', '407', '283', '349', '919', '14', '382', '389', '216', '499', '160', '180']
['7', '204']
['47', '971', '996', '697', '760', '371', '993', '194', '357', '904', '31', '456', '501', '850', '299']
['219', '199', '966', '295', '657', '616', '766', '423', '308', '902', '656', '310', '292', '483', '784']
['238', '328', '683', '108', '978', '934', '973', '933', '975', '958', '781', '595', '596', '910', '529']
['117']
['500', '479', '130', '724', '676', '230', '358', '515', '569', '22', '645', '809', '630', '926']
['867', '739', '95', '879', '198', '977', '173', '636', '641', '45', '761', '808', '831', '589', '969']
['665', '397', '4', '418', '519', '546', '689', '535', '702', '654', '303', '777', '120', '677', '729']
['608', '758', '133', '291', '587', '170', '554', '508', '442', '949', '350', '269', '939']
['119']
['388', '710', '828', '84', '58', '220', '615', '997', '999', '102', '402', '486', '503', '376', '592']
['531', '797', '581', '121', '97', '142', '528', '976', '604', '619']
['650', '881', '964', '53', '348', '178', '853', '268', '280', '40', '647', '274', '538', '52', '655']
['945', '279', '250', '474', '64', '241', '62', '513', '734', '723', '373', '177', '744', '360', '115']
['12']
['191', '967', '352', '623', '700', '584', '614', '637', '674', '36', '763', '184', '890', '950']
['88', '549', '963', '988', '15', '297', '174', '86', '639', '448', '559', '153', '361', '459', '740']
['126', '943', '30', '660', '909', '661', '370', '202', '563', '805', '455', '298', '146', '69']
['498', '16', '750', '737', '819', '381', '590', '368', '317', '270', '848', '236', '72', '259', '533']
['721', '947', '951', '807', '25', '346', '320', '703', '816', '245', '957', '440', '564', '960']
['855', '284']
['395', '33', '924', '413', '276', '874', '557', '627', '662', '736', '684', '991', '916', '147']
['128']
['752', '98']
['611', '562', '406', '987', '367', '159', '304', '669', '300', '445', '507', '437', '651', '315', '512']
['928', '895', '223', '443', '265', '181', '131', '898', '771', '685', '893', '278', '593', '888', '599']
['794', '215', '141', '692', '17', '1', '251', '900', '688', '411', '26', '309']
['948', '704', '356', '541', '192', '492', '886', '694', '398']
['260', '434', '294', '629', '172', '75', '663', '868', '77', '444', '931', '494', '416', '441']
['984', '691', '698', '227', '253', '485', '788', '229', '419', '706', '323', '171', '658', '719', '622']
['145', '932', '681', '169', '49', '994', '621', '521', '263', '865', '968', '233', '725', '594', '509']
['873', '176', '105', '845', '823', '296', '522', '772', '239', '186', '39', '490', '570', '717', '722']
['129']
['480', '504', '897', '497', '414', '526', '731', '838', '59', '453', '979', '946', '355', '813']
['711', '854', '399', '820', '354', '257', '457', '11', '631', '183', '34', '374', '818', '830', '35']
['286', '293', '302', '44', '972', '318', '938', '454', '285', '10', '464', '164', '152', '89', '336']
['438', '653', '643', '502', '466', '366', '779', '801', '137', '394', '579', '324', '421', '567', '607']
['544', '695', '140', '478', '864', '970', '451', '775', '420', '258', '901', '930', '277', '981']
['506', '952', '92', '201', '626', '288', '824', '415', '659', '715', '670', '825', '228', '425', '412']
['822', '782', '859', '9', '42', '87', '755', '923', '918', '961', '244', '209', '836', '735']
['405', '953', '422', '51', '940', '287', '756', '894', '625', '882', '281', '377', '491', '330', '876']
['132']
['134']
['135']
['139']
['573', '401', '642', '179', '50', '193', '941', '208', '713', '800', '844', '884', '311', '536', '839']
['578', '20', '911', '212', '640', '112', '109', '827', '591', '624', '575', '379', '261', '18', '561']
['196', '235']
