['308', '472', '777', '410', '33', '48', '640', '579', '227', '705', '452', '460', '690', '136', '808', '731', '92', '224', '852', '157', '489', '709', '170', '593', '316', '650', '298', '168', '98', '978', '580', '406', '426', '313', '599', '602', '689', '207', '318', '161', '885', '294', '16', '766', '627', '888', '874', '614', '68', '870', '162', '181', '175', '570', '569', '60', '309', '673', '658', '499', '940', '735', '654', '476']
['165']
['333', '393', '502', '214', '872', '741', '695', '110', '373', '21', '921', '275', '45', '811', '505', '285', '439', '987', '841', '43', '591', '99', '755', '562', '365', '670', '929', '427', '669', '604', '961', '0', '391', '943', '229', '628', '862', '881', '941', '781', '440', '112', '954', '267', '758', '418', '672', '995', '297', '67', '301', '596', '256', '428', '97', '762', '403', '22', '416', '880', '380', '382', '801', '513']
['203', '771', '189', '979', '392', '590', '715', '838', '484', '374', '100', '675', '278', '831', '573', '288', '671', '517', '793', '174', '737', '497', '58', '492', '869', '128', '42', '481', '283', '572', '348', '81', '193', '76', '944', '913', '119', '163', '926', '680', '12', '28', '385', '866', '364', '213', '350', '652', '84', '479', '372', '568', '404', '775', '461', '681', '796', '121', '268', '626', '211', '49', '421', '305']
['396']
['34', '423', '27', '865', '977', '183', '919', '134', '287', '477', '340', '803', '522', '840', '967', '90', '156', '726', '724', '188', '91', '129', '160', '904', '332', '989', '414', '394', '687', '622', '792', '231', '899', '601', '111', '19', '282', '733', '857', '917', '176', '621', '131', '850', '74', '311', '143', '750', '291', '314', '436', '595', '185', '969', '299', '82', '703', '262', '721', '889', '326', '87', '356']
['935', '319', '445', '449', '581', '10', '144', '200', '936', '466', '173', '986', '534', '740', '3', '471', '718', '890', '485', '713', '790', '25', '443', '583', '514', '228', '826', '931', '613', '142', '773', '962', '693', '723', '729', '52', '678', '631', '700', '343', '623', '765', '842', '281', '375', '196', '495', '306', '953', '195', '910', '968', '519', '980', '845', '219', '973', '357', '632', '998', '347', '361', '559', '789']
['488']
['354']
['532', '88', '55', '105', '444', '959', '911', '395', '355', '837', '760', '900', '896', '526', '221', '377', '552', '378', '447', '300', '381', '412', '322', '149', '820', '325', '101', '696', '937', '655', '470', '496', '664', '948', '884', '458', '827', '242', '438', '273', '712', '742', '636', '32', '295', '543', '266', '524', '255', '957', '433', '955', '506', '317', '108', '886', '462', '342', '782', '260', '39', '509', '608']
['220', '120', '797', '975', '791', '754', '11', '807', '408', '109', '151', '991', '269', '117', '271', '710', '802', '759', '728', '571', '774', '222', '293', '154', '503', '918', '216', '738', '61', '307']
['963']
['939']
['720']
['202']
['997', '429', '72', '535', '858', '179', '46', '451', '277', '132', '217', '400', '966', '677', '279', '490', '859', '388', '585', '541', '676', '180', '413', '197', '31', '215', '399', '902', '556', '783', '981', '557', '166', '824', '528', '240', '245', '707', '867', '767', '619', '836', '555', '253', '716', '895', '625', '78', '785', '286', '434', '250', '419', '454', '649', '133', '73', '691', '648', '511', '284', '970', '118', '637']
['103', '694', '96', '746', '818', '906', '54', '748', '276', '538', '116', '23', '972', '417', '450', '280', '843', '956', '13', '106', '686', '14', '238', '976', '152', '563', '786', '409', '747', '201', '367', '247', '29', '515', '127', '851', '638', '226', '883', '612', '996', '992', '815', '942', '257', '420', '633', '617', '674', '947', '816', '366', '435', '252', '587', '849', '467', '494', '788', '539', '235', '855']
['387', '606', '138', '643', '425', '744', '139', '206', '80', '487', '75', '560', '823', '561', '928', '26', '589', '769', '194', '605', '114', '667', '20', '927', '530', '239', '856', '993', '352', '455', '24', '861', '483', '711', '558', '994', '846', '218', '544', '708', '147', '876', '501', '520', '745', '946', '523', '493', '465', '244', '158', '205', '546', '854', '600', '914', '486', '629', '77', '102', '338', '140', '498', '516']
['334']
['274']
['37', '474', '2', '18', '909', '668', '384', '565', '363', '259', '934', '641', '199', '898', '233', '263', '646', '135', '594', '184', '292', '830', '960', '187', '787', '415', '719', '897', '261', '359', '582', '351', '150', '527', '901', '459', '264', '651', '422', '525', '763', '146', '685', '432', '554', '358', '30', '542', '692', '549', '47', '171', '258', '4', '688', '251', '853', '89', '779', '873', '730', '141', '618']
['772', '727', '362', '41', '734', '925', '974', '296', '85', '662', '376', '574', '137', '882', '335', '50', '464', '949', '148', '920', '533', '757', '584', '94', '821', '386', '545', '59', '657', '17', '310', '752', '453', '9', '249', '644', '879', '588', '204', '597', '984', '722', '553', '469', '442', '38', '800', '480', '647', '864', '903', '844', '225', '607', '159', '371', '353', '79', '508', '8', '126', '191', '504', '912']
['346']
['368']
['248', '411', '510', '182', '331', '847', '473', '290', '706', '463', '341', '739', '860', '704', '398', '814', '905', '697', '829', '95', '609', '397', '234', '679', '832', '806', '537', '540', '878', '237', '804', '916', '124', '660', '153', '784', '871', '988', '907', '656', '938', '6', '529', '35', '985', '401', '66', '167', '768', '345', '833', '172', '653', '894', '983', '566', '952', '701', '405', '642', '893', '265', '456', '624']
['825', '512', '383', '7', '592', '714', '645', '547', '794', '241', '848', '198', '64', '761', '635', '702', '44', '320', '567', '63', '770', '337', '339', '813', '491', '53', '323', '329', '817', '964', '922', '223', '634', '598', '950', '336', '999', '330', '448', '930', '212', '798', '776', '749', '272', '289', '663', '661', '908', '834', '531', '603', '610', '951', '324', '835', '125', '923', '424', '430', '122', '575', '819', '107']
['915', '468', '145', '578', '178', '210', '868', '402', '586', '518', '971', '113', '437', '877', '230', '611', '887', '576', '536', '732', '70', '65', '360', '327', '551', '303', '932', '799', '958', '71', '550', '370', '390', '246', '933', '630', '457', '965', '441', '805', '123', '863', '577', '639', '169', '446', '780', '736', '828', '349', '548', '945', '5', '69', '192', '83', '809', '892', '990', '982', '764', '751', '659', '208']
['304', '717', '778', '164', '232', '254', '795', '699', '186', '482', '36', '666', '620', '839', '56', '478', '86', '500', '321', '57', '743', '115', '130', '616', '40', '369', '684', '209', '822', '312', '812', '407', '698', '155', '756', '379', '521', '564', '615', '753', '93', '236', '875', '725', '1', '389', '344', '104', '810', '243', '62', '665', '15', '891', '431', '683', '315', '507', '302', '190', '270', '924', '328', '177']
['475']
['51']
['682']
