['616']
['865', '55', '482', '866', '39', '97', '534', '322', '948', '493', '942', '100', '501', '982', '519', '558', '890', '579', '98', '353', '754', '7', '404', '299', '701', '426', '643', '380', '339']
['445', '774', '940', '938', '820', '458', '572', '21', '128', '85', '131', '305', '983', '213', '6', '139', '439', '27', '687', '910', '252', '103', '220', '886', '947', '801', '308']
['611', '724', '673', '137', '958', '580', '725', '663', '116', '491', '662', '342', '369', '759', '887', '791']
['294', '639', '517', '488']
['878', '480', '395', '609', '463', '481', '210', '450', '893', '257', '823', '586', '637', '370', '909', '511', '486', '594', '640', '125', '891', '174', '337', '518', '80', '75', '384', '648', '110', '679', '170', '657', '968', '946', '400', '635', '720', '896', '270', '265', '554', '391', '81', '431', '954', '328', '620', '472', '487', '794', '552', '262', '916', '703', '197', '911']
['274', '873', '56', '418', '86', '834', '269', '416', '555', '307', '10', '613', '869', '140', '314', '770', '119', '889', '415', '331', '166', '132', '992', '899', '636', '731']
['561', '945', '702', '858', '549', '470', '583', '44', '469', '986', '551', '832', '951', '972', '566', '36', '155', '680', '272', '704', '504', '461', '433', '362', '315', '189', '874', '514']
['647', '67', '0', '576', '907']
['144']
['77', '88', '303', '787', '627', '856', '543', '69', '773', '474', '807', '964', '672', '379', '780', '245', '282', '769', '778', '935', '465', '226', '51', '719', '397', '965', '429', '624', '943', '800', '419', '427', '59', '434', '368', '242', '606', '752', '768', '728', '881', '62', '710', '240', '568', '661', '971', '414', '805', '50', '997', '828', '697', '40', '821', '494', '351', '247', '437', '156', '927', '557', '641', '541', '345', '182', '455', '815', '962', '906', '803', '854', '476', '827', '871', '355', '975', '383']
['153']
['727', '408', '173', '884']
['167']
['425', '108', '276', '448', '228', '430', '921', '515', '41', '676', '904', '151', '749', '976', '133', '714', '35', '548', '814', '76', '267', '670', '42', '25', '176', '979', '733', '219', '717', '3', '134', '776', '479', '317', '203', '991', '324', '510', '877', '168', '378', '320', '957', '792', '505']
['831', '306', '513', '209', '280', '876', '325', '214', '256', '388', '438', '633', '466', '231', '447', '200', '581', '459', '20', '605', '900', '628', '765', '441', '981', '381', '597', '91', '329', '939', '93', '585', '817', '199', '271', '923', '229', '738', '158', '216', '852', '851', '24', '785', '223', '161', '990', '387', '255', '698', '669', '565', '19', '847', '696', '352', '577', '96', '788', '358', '618', '601', '309', '243', '126', '941', '988']
['205', '251', '588', '915', '495', '9', '819', '424', '159', '650', '284', '589', '208', '730', '499', '538', '171', '953', '475', '218', '523', '149', '836', '45', '332', '619', '521', '124', '726', '665', '79', '880', '190', '509', '925', '266', '929', '295', '357', '855', '249']
['364']
['241', '793', '766', '349', '630']
['313', '111', '840', '809', '853', '934', '292', '46', '323', '428', '786', '631', '530', '592', '781', '656', '533', '615', '674']
['928', '937']
['82', '573', '761', '163', '372', '763', '535', '70', '782', '347', '924', '442', '944', '120', '4', '542', '563', '490', '335', '591', '835', '655', '462', '862', '683', '783', '716', '969', '413', '440', '217', '918', '875', '291', '29', '933', '607', '248', '73', '297', '707', '261', '861', '389', '1', '146', '811', '653', '18', '293', '682', '693']
['244', '302', '919', '58', '596', '72', '755', '398', '456', '863', '281', '286', '751', '386', '310', '191', '584', '26', '562', '667']
['895', '894', '196', '300', '239', '435', '145', '799', '467', '917', '169', '53', '393', '65', '478', '646', '105', '143', '529', '405', '659', '178', '181', '382', '263', '721', '5', '333', '980', '204', '57', '974', '966', '407', '202', '912', '810', '234', '860', '666', '54', '544', '273', '235', '654', '421', '316', '250', '688']
['22', '460', '857', '560', '371', '8', '920', '162', '106', '567', '536', '762', '48', '34', '60', '985', '350', '312', '443', '527', '956', '285', '959', '931', '492', '771', '13', '453', '254', '198', '531', '824', '926', '32', '507']
['399', '961', '826', '28', '987', '321', '330', '598', '154', '113', '993', '867', '23', '179', '772', '264', '17', '343', '129', '259', '392', '645', '582', '500', '570', '224', '237', '374', '175', '222', '452', '136', '818', '184', '61', '746', '508', '90', '327', '808', '930', '409', '796', '963', '846', '278', '117', '614', '722', '757']
['740']
['955', '246', '84', '326', '745', '559', '675', '16', '298', '850', '798', '30', '11', '289', '446']
['66', '660']
['715', '436', '338', '734', '872', '376', '747', '432', '621', '743', '604', '689', '528', '359', '870', '629', '748', '101', '15', '553', '668', '367', '574', '830', '632', '520']
['192']
['634', '68', '569', '546', '366', '600', '524', '444', '885', '195', '602', '729', '71', '775', '806', '473', '301', '822', '677', '537', '147']
['789', '760', '833', '268', '230', '201', '365', '522', '227', '859', '844', '897', '348', '750', '484', '837', '595', '642', '879', '658', '121', '735', '14']
['215']
['503', '498', '253', '94']
['977', '932', '999', '998', '913', '784', '78', '43', '739', '516', '402', '506', '883', '89', '412', '83', '736', '225', '625', '238', '882', '260', '813', '532', '547', '539', '356', '304', '183', '33', '804', '694', '375', '753', '695', '346', '186', '160', '344', '540', '165', '449', '152', '148', '422', '107', '829', '102', '603', '649', '118', '713', '742', '967', '207', '737', '984', '275', '212', '114', '188', '949', '767', '390', '777', '905', '341', '47', '690', '193', '394', '612', '497', '403', '277', '31', '38', '2']
['795', '914', '401', '712', '135', '901', '732', '211', '319', '685', '334', '138', '104', '758', '678', '684', '816', '868', '590', '373', '420', '638', '526', '691', '922', '411', '671', '622', '180', '12', '686', '571', '164', '354', '385', '464', '744', '575', '978', '185', '279', '556', '406', '825', '711', '898', '843', '838', '842', '92', '52', '122', '802', '545', '797', '115', '485', '187', '258', '706', '996', '451', '232', '550', '377', '892', '141', '841', '908', '970', '296', '845']
['417', '64', '864', '692', '194', '109', '664', '564', '287', '502', '483', '361', '705', '888', '936', '903', '74', '626', '290', '410', '709', '336', '496', '471', '902', '960']
['848', '130', '812', '681', '172', '177', '849', '779', '63', '233', '123', '127', '525', '318', '142', '973', '221', '995', '699', '599', '363', '457', '764', '157', '587', '593', '360', '489', '477', '150', '288', '610', '790', '617', '396', '623', '756', '99', '839', '652', '708', '236', '49']
['512', '989', '87', '741', '952', '994', '644', '112', '468', '723', '578', '700', '423', '950', '454', '311', '37', '340', '608', '718', '283', '651', '95', '206']
