['217', '731', '416', '533', '494', '650', '464', '413', '178', '880', '724', '397', '575', '157', '603', '171', '905', '78', '173', '440', '829', '143']
['127', '659', '557', '579', '258', '98', '922', '739', '952']
['860']
['71', '550', '177', '604', '176', '9', '220', '706', '893', '807', '815', '696', '580', '778', '184', '872', '81', '969', '392', '538', '661', '249']
['502', '344', '764', '493', '648']
['295', '426', '703', '793', '581', '436', '68', '24', '547', '431', '274', '215', '912', '36', '941', '82', '384', '925', '473', '974', '834', '851']
['368', '960', '222', '484', '434', '107', '111', '450', '225', '159', '849', '309', '399', '256', '555', '46', '830', '825', '680', '223', '926', '705']
['487', '246', '447', '939', '951', '822', '572', '261', '888', '932', '101', '49', '315', '361', '340', '742', '448', '237', '595', '296', '356', '691']
['468', '69', '686', '738', '779', '321', '756', '610', '792', '776', '391', '976', '128', '900', '85', '652', '198', '881', '147', '41', '583', '134']
['725', '599', '896', '25', '831', '869', '135', '364', '26', '948', '963', '351', '472', '858', '405', '713', '884', '781', '886', '194', '840', '767']
['567', '810', '267', '812', '843', '645', '375', '839', '663', '232', '513', '141', '553', '59', '559', '782', '63', '33', '754', '163', '138', '307']
['901', '488', '477', '373', '216', '242', '44', '66', '827', '761', '689', '412', '152', '675', '744', '544', '275', '92', '545', '836', '707', '535']
['701', '124', '638', '558', '729', '322', '155', '654', '325', '419', '235', '105', '573', '570', '643', '841', '96', '290', '466', '285', '428', '137']
['318', '113', '270', '209', '735', '239', '783', '788', '950', '337', '644', '913', '828', '527', '390', '388', '772', '485', '894', '29']
['568', '403', '612', '529', '444', '186', '763', '432', '214', '54', '771', '563', '266', '608', '585', '930', '250', '537', '635', '119', '62', '418']
['404', '632', '600', '314', '734', '766', '824', '74', '308', '774', '108', '461', '360', '283', '298', '409', '84', '23', '248', '185', '673', '139']
['506', '35', '867', '21', '562', '402', '543', '962', '621', '526', '698', '681', '745', '854', '300', '422', '443', '606', '381', '302', '400', '117']
['516', '647', '953', '718', '190', '238', '885', '657', '590', '863', '60', '339', '889', '169', '633', '99', '352', '401', '803', '56', '280', '110']
['345', '985', '727', '601', '940', '736', '933', '333', '31', '755', '877', '297', '874', '540', '797', '97', '853', '982', '133', '684', '768', '288']
['284', '271', '993', '17', '640', '19', '983', '672', '838', '990', '228', '83', '94', '619', '712', '112', '452', '936', '850', '577', '442', '757']
['376', '304', '453', '646', '131', '868', '942', '751', '196', '548', '231']
['329', '714', '421', '343', '349', '777', '459', '826', '317', '206', '584', '726', '964', '752', '816', '597', '938', '55', '257', '695', '991', '382']
['811', '956', '924', '355', '801', '125', '864', '359', '530', '805', '546', '931', '556', '775']
['832', '866', '195', '120', '146', '806', '651', '150', '999', '507', '591', '320', '732', '802', '704', '564', '996', '740', '132', '887', '346', '130']
['719', '975', '670', '122']
['301', '665', '254', '844', '319', '898', '438', '637', '808', '294', '660', '149', '172', '252', '45', '490', '262', '263', '380', '188', '978', '455']
['0', '955', '109', '539', '7', '8', '458', '743', '229', '30', '347', '227', '576', '642', '787', '531', '457', '334']
['89', '870', '711', '720', '293', '482', '510', '160', '679', '722', '77', '750', '73', '166', '504', '441', '733', '28', '162', '653', '602', '628']
['833', '717', '622', '126', '72', '53', '762', '954', '915', '500', '512', '264', '369', '710', '348', '904', '697', '594', '281', '626', '91', '921']
['511', '789', '499', '588', '50', '746', '463', '873', '845', '18']
['541', '749', '332', '518', '655', '957', '88', '324', '944', '820', '617', '669', '891', '542', '890', '496', '183', '958', '439', '630', '310', '165']
['289', '13', '899', '243', '667', '791', '688', '627', '837', '175', '363', '935', '902', '414', '156', '861', '366', '38', '478', '605', '598', '182']
['613', '236', '862', '741', '916', '503', '790', '522', '467', '210', '244', '3', '809', '253', '692', '204', '923', '219', '549', '883', '189', '623']
['534', '920', '723', '847', '918', '350', '848', '255', '269', '326', '80', '949', '268', '505', '37', '282', '154', '694', '561', '784', '218', '907']
['814', '586']
['624', '721', '430', '276', '180', '316', '748', '607', '780', '51', '709', '79', '798', '398', '532', '554', '474', '625', '973', '509', '354', '497']
['234', '342', '90', '994', '203', '460', '207', '449', '202', '753', '641', '323', '273', '683', '773', '372', '895', '5', '129', '794', '560', '233']
['170', '118', '378', '551', '908', '121', '259', '86', '52', '193', '618', '574', '992', '191', '6', '286', '846', '961', '48', '892', '34', '420']
['674', '386', '197', '328', '76', '174', '658', '424', '336', '987', '593', '145', '986', '303', '897', '715', '187', '795', '947', '64', '200', '636']
['817', '495', '103', '425', '102', '639', '387', '338', '379', '362', '909', '292', '70', '95', '747', '427', '943', '981', '878', '514', '151', '589']
['429', '980', '971', '136', '371', '716', '855', '417', '224', '470', '299', '241', '515', '192', '39', '968', '662', '919', '437', '75', '313', '491']
['995', '20', '528', '10', '265', '685', '456', '27', '205', '212', '42', '213']
['201', '959', '759', '489', '737', '32', '311', '415', '383', '395', '582', '353', '476', '523', '687', '977', '114', '61', '823', '58', '104', '903']
['106', '87', '664', '181', '93', '435', '859', '835', '988', '620', '451', '785', '479', '161', '385', '728', '423', '394', '917', '634', '179', '702']
['914', '700', '331', '306', '911', '396', '377', '335', '693', '937', '934', '43', '552', '115', '291', '251', '565', '272', '587', '221', '501']
['984', '796', '357']
['144', '989', '226', '525', '14', '678', '871', '804', '374', '979', '520', '445', '142', '614', '260', '611', '240', '875', '519', '671', '656', '245']
['11', '666', '998', '578', '649', '365', '676', '327', '57', '592', '819', '769', '966', '852', '411', '690', '100', '164', '389', '393', '123', '475']
['946', '498', '40', '821', '997', '929', '153', '2', '786', '406', '668', '211', '330', '15', '842', '278', '433', '616', '758', '462', '483', '609']
['799', '927', '629', '615', '631', '517', '879', '945', '770', '910', '906', '230', '168', '167', '481', '408', '279', '856', '972', '12', '358', '312']
['208', '341', '596', '277', '708', '730', '370', '410', '158', '199', '469', '760', '407', '465']
['967', '965', '305', '480', '882', '287', '699', '970', '765', '116', '536', '566', '857', '140', '67', '928', '813', '521', '508', '4']
['682', '818', '454', '1', '524', '865', '677', '492', '65', '367', '876', '471', '486', '22', '446', '148', '569', '16', '247', '47', '571', '800']
