['0']
['100']
['104']
['108']
['748']
['113']
['313', '992']
['259', '636']
['115']
['120']
['124']
['13']
['130']
['19']
['884', '879']
['136']
['870', '658']
['137']
['141']
['142']
['817', '261']
['145']
['148']
['15']
['151']
['16']
['18']
['180']
['188']
['298']
['363', '588']
['196']
['2']
['284']
['206']
['976', '624', '374']
['319', '464']
['866', '42']
['21']
['212']
['372', '936']
['240']
['241']
['245']
['254']
['256']
['257']
['268']
['269']
['292']
['296']
['302']
['304']
['307']
['31']
['316']
['951', '349', '661', '472', '562', '82', '675', '283', '898', '570', '50', '664', '411', '423', '609', '646', '476', '449', '892', '919', '434', '49', '954', '973', '232', '225', '837', '500', '784', '901', '86', '911', '222', '419', '711', '93', '669', '262', '32', '239', '447', '504', '826', '220', '303', '717', '529', '785', '989', '649', '533', '415', '714', '764', '98', '397', '576', '779', '546', '456', '88', '752', '652', '642', '224', '474', '713', '498', '35', '830', '854', '770', '776', '725', '486', '414', '978', '389', '781', '627', '377', '908', '970', '638', '657', '238', '836', '395', '22', '963', '382', '26', '340', '928', '956', '593', '823', '426', '438', '40', '96', '883', '358', '62', '620', '289', '587', '660', '997', '746', '216', '5', '906', '525', '305', '38', '387', '695', '952', '278', '643', '868', '491', '267', '628', '891', '285', '295', '516', '421', '457', '828', '392', '611', '34', '881', '441', '519', '429', '947', '867', '859', '463', '962', '249', '539', '367', '484', '554', '78', '937', '931', '71', '668', '544', '662', '950', '979', '932', '508', '736', '592', '352', '930', '541', '967', '640', '253', '343', '545', '260', '311', '759', '66', '899', '683', '91', '9', '958', '685', '381', '378', '676', '572', '882', '510', '912', '273', '275', '775', '655', '672', '574', '602', '720', '315', '584', '860', '454', '3', '568', '709', '630', '639', '435', '72', '217', '43', '625', '37', '422', '799', '346', '380', '366', '535', '251', '69', '68', '342', '686', '299', '586', '215', '23', '353', '726', '681', '887', '857', '863', '227', '996', '341', '965', '320', '889', '910', '8', '477', '734', '512', '618', '542', '805', '729', '939', '452', '916', '918', '754', '824', '847', '89', '862', '948', '561', '751', '354', '433', '379', '633', '443', '589', '218', '408', '73', '917', '765', '981', '872', '64', '578', '757', '234', '955', '815', '850', '871', '745', '312', '207', '942', '560', '70', '430', '739', '442', '727']
['894', '960', '322']
['317']
['335']
['336']
['902', '731', '637']
['339']
['608', '459']
['356']
['359']
['36']
['360']
['368']
['386']
['39']
['403']
['834', '223', '350', '444', '351']
['807', '699']
['409']
['513', '466', '703', '598', '851']
['774', '233']
['417']
['427']
['445']
['460']
['33', '495']
['465']
['55']
['467']
['470']
['478']
['479']
['67', '949']
['481']
['321', '833']
['482']
['485']
['490']
['493']
['521']
['528']
['538']
['547']
['390', '907']
['553']
['557']
['558']
['559']
['565']
['573']
['577']
['58']
['388', '679']
['580']
['581']
['582']
['585']
['591']
['595']
['597']
['599']
['79']
['30', '413']
['603']
['607']
['623']
['629']
['632']
['913', '416', '63', '407']
['645']
['651']
['680']
['688']
['690']
['692']
['693']
['7']
['700']
['701']
['702']
['705']
['710']
['722']
['728']
['732']
['735']
['741']
['75']
['755']
['76']
['761']
['762']
['766']
['769']
['771']
['773']
['777']
['778']
['786']
['788']
['791']
['80']
['219', '371']
['806']
['808']
['328', '255']
['809']
['827']
['835']
['838']
['841']
['844']
['812', '964']
['845']
['848']
['852']
['878', '250']
['861']
['864']
['564']
['865']
['874']
['877']
['886']
['920', '47', '431']
['905']
['921']
['925']
['927']
['398', '297']
['929']
['933']
['940']
['944']
['945']
['946']
['957']
['391', '453']
['974']
['982']
['440']
['798']
['983']
['984']
['986']
['987']
['988']
['994']
['399', '270']
['740', '522']
['1']
['647']
['718']
['10']
['101']
['102']
['103']
['105']
['106']
['509', '85']
['107']
['109']
['11']
['993', '330', '621']
['605', '733']
['110']
['468', '333']
['111']
['112']
['114']
['116']
['117']
['418']
['118']
['246', '291']
['119']
['12']
['708', '696']
['782', '263', '448', '966', '84', '524', '210', '653', '822']
['121']
['122']
['123']
['125']
['126']
['127']
['128']
['129']
['46', '855']
['131']
['617']
['211']
['132']
['133']
['888']
['134']
['135']
['138']
['139']
['14']
['94', '909']
['687', '555', '575']
['941', '846', '280', '631', '53', '446', '856', '756', '614', '77', '706', '619', '494', '281', '712', '551', '214', '626', '659', '873', '971', '323', '968', '373', '226', '505', '300', '405', '205', '719', '820', '301', '797', '721', '365', '876', '274', '980', '507', '376', '819', '601', '704', '276', '552', '858', '282', '402', '972', '556', '213', '926', '45', '758', '361', '801', '716', '74', '331', '288', '60', '327', '604', '65', '890', '461', '244', '644', '242', '869', '279', '230', '221', '401', '530', '853', '743', '818', '571', '511', '737', '258', '590', '286', '802', '29', '648', '293', '385', '903', '228', '829', '811', '893', '969', '550', '266', '6', '543', '995', '287', '41', '410', '396', '428', '792', '780', '436', '772', '606', '938', '635', '483', '682', '4', '318', '654', '518', '306', '92', '922', '375', '334', '814', '953', '923', '915', '767', '677', '673', '943', '744', '57', '25', '803', '566', '329', '432', '698', '61', '229', '310', '567', '59', '462', '783', '671', '689', '252', '959', '272', '383', '531', '325', '437', '616', '600', '362', '503', '497', '243', '345', '355', '480', '742', '83', '369', '209', '831', '264', '523', '314', '97', '843', '794', '424', '412', '458', '471', '610', '641', '787', '324', '247', '420', '840', '487', '501', '880', '248', '730', '749', '816', '897', '404', '231', '839', '622', '914', '790', '439', '796', '499', '489', '87', '393', '723', '760', '895', '515', '990', '634', '492', '338', '991', '56', '526', '208', '534', '594', '753', '473', '832', '935', '875', '569', '332', '235', '95', '348', '738', '514', '536', '900', '666', '308', '715', '27', '789', '347', '691', '549', '357', '934', '527', '44', '825', '290', '684', '455', '277', '370', '54', '583', '532', '977', '406', '670', '650', '52', '665', '28', '656', '337', '904', '985', '800', '384', '271', '364', '885', '236', '674', '804', '502', '51', '520', '707', '810', '667', '795', '750', '596', '475', '451', '265', '821', '540', '517', '548', '663', '975', '309', '613', '612', '768']
['24', '849', '400']
['140']
['184']
['143']
['144']
['146']
['147']
['149']
['150']
['48', '896', '496', '488', '961', '747']
['152']
['153']
['167']
['154']
['155']
['156']
['157']
['158']
['159']
['160']
['161']
['162']
['579']
['163']
['164']
['165']
['793', '81', '697']
['166']
['168']
['169']
['17']
['170']
['171']
['172']
['173']
['174']
['99', '694']
['90']
['175']
['176']
['425', '563']
['177']
['178']
['179']
['181']
['182']
['183']
['678', '344']
['185']
['186']
['842', '394']
['187']
['326', '469']
['189']
['190']
['191']
['192']
['193']
['194']
['195']
['237', '813']
['197']
['198']
['294']
['450']
['199']
['20']
['200']
['924', '506', '724']
['537', '615', '763']
['201']
['202']
['203']
['204']
