['875', '655', '524', '499', '267', '559', '501', '384', '667', '549', '715', '643', '786', '333', '516', '329', '594', '902', '378', '895', '219', '929', '484', '91', '466', '960', '855', '60', '621']
['711', '264', '649', '963', '465', '206', '774', '152', '562', '597', '26', '829', '629', '41', '221', '738', '921', '532', '505', '973', '977', '796', '550', '196', '870', '915', '168', '40', '766']
['330', '504', '37', '57', '807', '632', '316', '45', '11', '867', '596', '954', '578', '281', '680', '944', '822', '694', '598', '318', '251', '802', '2', '896', '543', '605', '468', '904', '309']
['893', '627', '216', '17', '287', '208', '721', '637', '218', '776', '869', '305', '604', '704', '369', '836', '573', '884', '280', '835', '803', '396', '364', '683', '450', '620', '554', '367', '754']
['820', '823', '538', '742', '892', '395', '73', '117', '639', '131', '925', '797', '881', '600', '215', '109', '507', '941', '222', '684', '245', '839', '270', '33', '861', '202', '344', '488', '744']
['849', '246', '903', '475', '959', '392', '299', '539', '928', '966', '407', '752', '125', '647', '481', '907', '811', '700', '873', '365', '630', '418', '736', '926', '447', '255', '342', '170', '113']
['827', '55', '425', '253', '93', '167', '725', '689', '290', '429', '217', '448', '174', '111', '664', '49', '231', '189', '130', '119', '718', '360', '337', '89', '46', '58', '399', '972', '194']
['110', '105', '658', '387', '212', '908', '486', '298', '710', '828', '84', '624', '542', '339', '416', '188', '912', '198', '61', '411', '859', '422', '127', '432', '566', '862', '746', '456', '650']
['644', '640', '945', '953', '857', '59', '666', '244', '47', '444', '405', '176', '230', '276', '431', '607', '791', '199', '370', '153', '453', '564', '461', '808', '28', '69', '34', '455', '169']
['402', '831', '477', '917', '101', '419', '273', '100', '603', '513', '520', '72', '32', '675', '535', '489', '157', '790', '225', '296', '825', '731', '479', '386', '476', '874', '533', '964', '561']
['6', '719', '663', '883', '876', '662', '980', '612', '195', '383', '909', '462', '583', '68', '606', '590', '529', '21', '358', '487', '877', '580', '688', '745', '670', '560', '932', '214']
['129']
['106']
['43', '911', '140', '652', '816', '15', '237', '880', '923', '626', '361', '537', '722', '635', '732', '951', '135', '300', '547', '335', '805', '353', '948', '348', '799', '338', '373', '617', '781']
['739', '256', '191', '254', '186', '858', '446', '976', '379', '784', '133', '90', '87', '492', '343', '854', '676', '582', '579', '114', '770', '659', '924', '426', '687', '454', '181', '64', '22']
['268']
['62', '12', '795', '394', '16', '380', '546', '356', '528', '534', '257', '701', '357', '288', '937', '410', '947', '164', '503', '82', '636', '735', '755', '956', '193', '139', '160', '939', '771']
['457', '74', '962', '986', '363', '757', '88', '773', '918', '424', '482', '434', '99', '697', '717', '173', '734', '145', '81', '209', '283', '716', '826', '898', '428', '767', '430', '319', '459']
['233', '642', '96', '545', '107', '853', '121', '166', '634', '124', '315', '782', '226', '421', '809', '952', '291', '374', '686', '266', '80', '136', '433', '821', '142', '442', '541', '984', '423']
['445', '833', '555', '294', '412', '71', '137', '894', '514', '303', '813', '591', '293', '496', '495', '156', '602', '86', '638', '646', '366', '415', '756', '872', '258', '665', '435', '556', '930']
['9', '690', '783', '24', '592', '327', '323', '179', '576', '841', '10', '94', '648', '733', '362', '723', '967', '102', '970', '726', '743', '703', '509', '525', '801', '53', '810', '955', '192']
['205', '698', '614', '978', '789', '548', '128', '673', '780', '185', '359', '239', '460', '227', '712', '852', '78', '36', '729', '458', '842', '310', '679', '77', '200', '172', '224', '850', '599']
['494', '511', '277', '714', '51', '452', '261']
['491', '702', '933', '815', '285', '464', '865', '961', '708', '331', '707', '228', '935', '618', '800', '30', '581', '126', '585', '931', '508', '263', '888', '760', '619', '480', '572', '775', '115']
['674', '204', '611', '838', '65']
['341']
['95', '553', '122', '571', '307', '48', '661', '304', '500', '297', '878', '162', '531', '864', '439', '844', '748', '497', '506', '3', '7', '613', '518', '388', '0', '788', '400', '171', '846']
['678', '837', '234', '242', '685', '695', '913', '720', '42', '116', '806', '241', '306', '794', '151', '138', '749', '910', '347', '203', '406', '340', '248', '35', '906', '207', '848', '441', '769']
['313', '250', '403', '260', '470', '990', '709', '974', '104', '764', '654', '741', '728', '498', '451']
['817', '469', '785', '763', '295', '201', '761', '284', '965', '474', '920', '777', '334', '13', '682', '523', '120', '699', '272', '657', '177', '18', '706', '840', '565', '540', '350', '866', '983']
['97', '519', '427', '322', '213', '779', '992', '351', '385', '949', '693', '27', '269', '641', '958', '517', '544', '577', '376', '187', '818', '863', '50', '847', '765', '879', '919', '778']
['916', '633', '991', '798', '905', '985', '885', '220', '161', '625', '595', '568', '740', '56', '154', '443', '368', '557', '390', '938', '696', '628', '175', '265', '527', '889', '382', '536', '182']
['512', '713', '747', '521', '149', '490', '437', '753', '672', '891', '575', '927', '942', '724', '314', '982', '25', '610']
['414']
['289', '887', '856', '23', '317', '391', '349', '83', '851', '483', '243', '210', '409', '478']
['971', '134', '727', '522', '502', '271', '882', '389', '463', '132', '567', '381', '39', '975', '681', '812', '178', '112', '123', '155', '63', '473', '118', '814', '5', '354', '98', '969', '326']
['184', '563', '989', '936', '165', '834', '146', '988', '860', '279', '762', '440', '75', '493', '987', '336', '345', '804', '668', '76', '979', '282', '485', '66', '301', '355', '772', '552', '759']
['787', '510', '274', '677', '375', '587', '275', '321', '393', '615', '671', '371', '398', '92', '197', '38', '515', '656', '691', '79', '29', '793', '586', '52', '832', '871', '54', '238', '70']
['551', '623', '669', '692', '584', '141']
['44', '328', '85', '472', '601', '946', '413']
['558', '163', '311', '981', '235', '653', '467', '147', '332', '730', '922', '645', '943', '651', '968', '103', '236', '471', '408', '278', '436', '190', '750', '845', '824', '622', '401', '211', '229']
['312', '608', '843', '320', '259', '247', '148', '569', '183', '950', '957', '302', '897', '570', '530', '830', '262', '449', '660', '324']
['232', '143', '792', '180', '705', '420', '890', '240', '934', '1', '325', '159', '31', '14', '574', '8', '249', '899', '868', '589', '737', '397', '588', '526', '819', '417', '751', '758', '900']
['768', '144', '108', '616', '286', '372', '223', '914', '438', '886', '404', '940', '67', '308', '252', '377', '150', '19', '292', '631', '609', '352', '593', '20', '901', '4', '158', '346']
