['107']
['458']
['558', '486', '339', '401', '230', '340', '248', '48', '37', '204', '435', '478', '234', '363', '306', '513', '226', '54', '35', '456', '369', '395', '205', '427', '457', '28', '520', '496', '477', '303', '302', '552', '95', '548', '423', '25', '232', '262', '39', '287', '66', '549', '500', '31', '282', '390', '571', '365', '352', '598', '449', '74', '293', '45', '377', '5', '259', '376', '397', '578', '354', '366', '351', '577', '273', '533', '356', '258', '55', '469', '375', '570', '584', '400', '388', '539', '227', '367']
['244']
['269']
['271']
['286']
['100']
['108']
['114']
['68', '436', '479', '589', '566', '556', '267', '501', '285', '485', '71', '218', '576', '463', '83', '87', '460', '89', '326', '562', '430', '52', '344', '332', '550', '336', '572', '264', '84', '382', '473', '284', '559', '81', '523', '350', '455', '73', '23', '34', '407', '544', '86', '364', '579', '57', '329', '56', '403', '263', '389', '235', '511', '546', '516', '88', '467', '451', '65', '256', '98', '417', '368', '275', '424', '246', '41', '225', '297', '392', '47', '220', '22', '299', '526', '78', '241', '94', '231', '327', '320', '323', '216']
['115']
['355', '462', '342', '58', '240', '324', '236', '443', '411', '280', '560', '593', '453', '347', '283', '483', '391', '521', '316', '555', '311', '313', '475', '528', '595', '507', '419', '214', '505', '439', '371', '504', '476', '222', '96', '541', '491', '531', '253', '532', '304', '229', '524', '446', '408', '209', '30', '433', '385', '38', '237', '447', '292', '567', '295', '288', '582', '574', '294', '224', '393', '85', '64', '321', '348', '545', '564', '383', '522', '448', '373', '70', '418', '527', '63', '75', '51', '358', '335', '410']
['116']
['118']
['121']
['134']
['139']
['141']
['148']
['149']
['153']
['154']
['163']
['164']
['166']
['181']
['182']
['194']
['196']
['197']
['203']
['207']
['208']
['215']
['219']
['238']
['243']
['249']
['254']
['255']
['260']
['261']
['266']
['27']
['276']
['279']
['281']
['3']
['300']
['308']
['310']
['312']
['317']
['328']
['338']
['343']
['345']
['346']
['349']
['360']
['370']
['384']
['394']
['40']
['402']
['404']
['409']
['414']
['428']
['43']
['432']
['441']
['450']
['459']
['464']
['468']
['482']
['489']
['490']
['495']
['497']
['499']
['50']
['503']
['506']
['508']
['510']
['512']
['517']
['525']
['53']
['535']
['290', '217', '440', '301', '474', '413', '268', '29', '466', '509', '379', '529', '452', '471', '588', '551', '334', '597', '221', '372', '573', '242', '80', '314', '202', '599', '374', '33', '90', '44', '592', '278', '480', '4', '438', '444', '396', '62', '429', '77', '445', '72', '420', '359', '543', '387', '250', '298', '36', '470', '21', '319', '213', '67', '251', '580', '515', '322', '353', '272', '24', '61', '434', '425', '534', '93', '315', '333', '274', '422', '341', '331', '561', '6', '426', '596', '309', '542', '32', '536', '554']
['537']
['557']
['568']
['575']
['583']
['591']
['60']
['82']
['92']
['99']
['296', '325', '357']
['0']
['1']
['10']
['101']
['102']
['103']
['104']
['105']
['106']
['109']
['11']
['110']
['111']
['112']
['113']
['117']
['119']
['42', '415', '277', '492', '406', '586', '530', '502', '398', '270', '9', '7', '257', '405', '289', '461', '362', '442', '481', '291', '487', '46', '381', '97', '247', '212', '484', '565', '540', '594', '493', '318', '79', '553', '416', '239', '49', '569', '590', '245', '431', '519', '472', '91', '581', '307', '233', '518', '465', '305', '386', '514', '454', '265', '547', '412', '563', '252', '228', '330', '421', '380', '223', '494', '585', '488', '337', '8', '538', '437', '378', '587', '26', '59', '76', '498', '211', '69', '399', '361', '210']
['12']
['120']
['122']
['123']
['124']
['125']
['126']
['127']
['128']
['129']
['13']
['130']
['131']
['132']
['133']
['135']
['136']
['137']
['138']
['14']
['140']
['142']
['143']
['144']
['145']
['146']
['147']
['15']
['150']
['151']
['152']
['155']
['156']
['157']
['158']
['159']
['16']
['160']
['161']
['162']
['165']
['206']
['167']
['168']
['169']
['17']
['170']
['171']
['172']
['173']
['174']
['175']
['176']
['177']
['178']
['179']
['18']
['180']
['183']
['184']
['185']
['186']
['187']
['188']
['189']
['19']
['190']
['191']
['192']
['193']
['195']
['198']
['199']
['2']
['20']
['200']
['201']
