['695', '877']
['539', '531', '38']
['582', '701', '756']
['432', '62', '248', '323']
['86', '780', '306', '448', '356']
['581', '78', '249', '399', '87', '426', '518', '687', '360', '46', '844', '462']
['59', '494', '586', '502', '554', '853', '104', '944', '440', '753', '860', '791', '435']
['767', '691', '438', '822', '384', '486', '760', '424', '245', '806']
['271', '580', '766', '411']
['105']
['165', '195', '455', '341']
['796', '619', '872']
['106']
['703']
['121']
['178', '269']
['130']
['186', '925', '172', '556', '460', '602']
['458', '829', '328', '20', '253']
['973']
['527', '919', '0', '137', '603']
['199', '56', '878', '662', '193']
['133']
['372', '5']
['144']
['692', '110', '910', '594', '54', '108']
['16']
['219', '283', '478']
['84', '783', '935', '160', '158', '443']
['9', '205', '828', '64', '429', '520', '256', '749', '83', '633', '31']
['173']
['600', '566', '682', '915']
['730', '615', '775']
['176']
['914', '827', '428', '639', '333', '823', '740']
['14', '583', '39', '188', '47', '679', '637']
['295', '235', '419']
['225']
['918', '58']
['957', '280', '654']
['81', '517', '782', '320', '924', '82', '814', '699', '947', '542']
['430', '659', '787']
['979', '259']
['457']
['848', '6', '402', '920', '627', '793', '778', '290', '812', '541', '350']
['99', '678', '544']
['888', '808', '635', '263']
['620', '526', '390', '768', '830', '614']
['229']
['817', '397', '41', '731']
['25']
['26']
['781', '60', '521', '785', '890', '902', '591', '207', '978', '251', '28', '789', '214', '634', '474', '378', '667', '76', '338', '135']
['997', '707', '412', '816', '300']
['895', '993', '220', '790', '75', '706', '956', '621', '628']
['131', '955']
['974', '70', '217', '880', '743', '966', '738']
['241', '210', '809', '379', '293', '152', '922', '967', '268', '874']
['96']
['771', '361', '995', '332', '936', '896', '418', '507', '277', '441']
['777', '29', '213', '912', '454', '198', '95', '4', '564', '98', '719', '665', '647']
['648', '689', '308', '243']
['48', '119', '616', '276', '891', '660', '97', '463']
['376', '551', '322', '561', '200', '500', '69']
['512', '489', '141', '354', '477', '865', '208']
['774', '496', '246']
['343', '866', '801', '324']
['202', '247', '237', '938', '917', '181', '943']
['852', '568', '230', '976', '759', '236', '307']
['666', '709', '626', '746', '138', '747', '221', '216', '393', '8']
['985', '596']
['963', '758', '164', '977']
['272', '71', '72', '893', '585', '664', '483', '675', '303', '282']
['291']
['937', '514']
['901', '305', '573', '318', '960', '2', '177', '368', '12', '741']
['803', '657']
['831', '335', '331', '576', '643']
['911', '179', '909', '523', '733']
['296']
['453', '185', '543', '721']
['864', '732', '797', '751', '244', '632', '929', '55']
['163', '414', '867', '622', '274']
['267', '928', '501', '987', '624', '363', '969']
['297']
['942', '52', '907', '571']
['140', '597', '395', '134', '807', '926', '319', '684', '34', '446']
['584', '611', '608', '66', '396', '182', '593']
['729', '101', '118']
['281', '986']
['226', '717', '945', '347', '975', '636', '641']
['151']
['450', '818', '534', '847', '68', '861']
['705', '862', '509']
['242', '113', '431', '560']
['992', '536', '819', '562', '403', '413', '680', '532', '22', '166', '548', '737']
['932', '754', '33', '769', '708', '321', '416', '970', '492']
['537', '484', '598', '289', '971', '389', '838', '575', '718', '959']
['310']
['10', '445', '623', '693', '755', '114']
['609', '948', '90', '587']
['116', '958', '370', '128']
['209', '262', '821', '149', '383', '681', '800']
['150', '239', '260', '92', '988', '234']
['313']
['73', '203', '563', '716', '434', '391', '889']
['836', '7', '233']
['317']
['344']
['569', '535']
['470', '374']
['127', '420', '834', '694', '285', '190', '18', '739', '314', '311', '646']
['191', '565']
['345']
['23', '3', '63', '885', '939']
['757', '231', '515']
['227', '270', '795', '168']
['352']
['607', '43', '382', '336', '499', '288', '876', '886', '408']
['663']
['513', '652', '129', '415', '37', '870', '284']
['369']
['423', '656', '612', '934', '387', '677', '845', '481', '125', '278']
['32', '772', '171']
['380']
['488', '287']
['606', '325', '107', '669', '704']
['143', '422', '980', '485', '401', '327', '61']
['668', '961', '786', '882']
['273', '123', '45', '547']
['727', '126', '439', '670', '826']
['57', '406', '904', '546', '444', '425', '206', '13']
['981', '744', '552', '559', '115', '367', '983']
['405', '375', '851', '67']
['154', '698', '842', '292', '555', '298']
['132', '640', '524', '567', '984']
['577', '850', '881', '833', '714', '892', '159', '638', '835', '371']
['631', '724', '887', '590', '427', '805', '487', '745', '849', '843', '279', '103']
['750', '365', '982', '683', '954']
['779', '722', '710', '618']
['187', '856', '266', '480', '762', '715', '655', '804', '136', '933', '89', '505', '525', '112', '254', '447', '476', '456']
['51', '353', '906']
['122', '549', '972']
['362', '170', '720', '255', '725', '545', '316', '686', '196']
['407']
['417']
['873']
['824', '894', '773', '358', '649']
['734', '30', '309', '286', '650', '497', '212']
['385']
['908', '949', '810', '11', '951', '558', '215', '516', '366', '788', '841', '592']
['451', '145']
['91', '989', '994', '742', '326', '156']
['661']
['799', '519', '815', '832', '386', '736', '167', '840', '625', '346']
['798', '763', '529', '340', '257', '931', '553', '854', '998']
['794', '504']
['855', '946', '752', '711', '192', '17', '162']
['726', '40', '146', '222', '189', '204']
['109']
['265', '409', '863', '510', '373', '916', '950', '770', '175', '301', '557']
['696', '349', '117', '595', '77', '702', '351', '897', '671', '464', '339', '24', '111', '921', '968', '613', '44', '820', '381']
['466']
['53', '651', '495', '528', '792', '952', '735', '299', '334', '574']
['218', '153', '776', '940', '157']
['330', '197', '348', '644', '629', '642', '461']
['102', '630', '410']
['21', '449', '258', '905', '472', '588', '442', '570']
['490', '589', '965', '252', '941']
['479', '839', '813', '148', '459', '712', '88']
['467', '764', '964', '355', '364', '468', '871']
['94', '859']
['124', '765', '673', '377', '530', '155']
['913', '991', '473', '261', '676', '404', '315']
['617', '19', '697', '357', '15']
['436']
['264', '421', '93', '169', '201', '398']
['392', '400', '883', '723', '147', '139', '452']
['672', '923', '996']
['228', '900', '962', '506', '511', '825', '275', '120', '174', '999']
['811', '540', '302', '342']
['471']
['74', '899']
['211', '674', '85', '533']
['36', '80', '879', '898', '610', '224', '312', '690', '508', '232', '685', '465', '180', '572', '748', '433', '868', '482', '601']
['329', '498', '550', '161', '605', '493']
['100', '784', '142']
['183', '503', '728', '869', '857']
['837', '240', '538', '990', '688', '802']
['475']
['359', '223']
['49']
['578', '645', '1', '65', '250', '491', '194', '304']
['388', '930', '761', '700', '79', '604']
['50']
['522', '846', '653', '469', '658']
['713', '238', '858']
['184', '579', '35']
['927', '875', '394', '903']
['953', '27', '437', '884', '599', '337', '42', '294']
