['381', '319', '221', '365', '539', '36', '379', '321', '581', '164', '47', '172', '155', '217', '273', '77', '216', '150', '512', '359']
['102', '487', '148', '479', '349', '38', '572', '245', '68', '248', '598', '276', '252', '561', '186', '51', '407', '540', '486', '184']
['69', '174', '364', '97', '157', '416', '18', '89', '277', '459', '280', '55', '170', '584', '543', '429', '571', '544', '12', '552', '44', '437', '587', '91', '496']
['57', '474', '339', '137', '30', '419', '242', '575', '190', '129', '384', '333', '115', '295']
['503', '577', '53', '548', '26', '168', '502', '341', '533', '441', '405', '54', '29', '263', '426', '98', '204', '288', '48', '527', '498', '173', '449', '212', '50', '1', '152', '236', '208', '501']
['58', '521', '39', '398', '399', '373', '532', '262', '278', '125', '318']
['574', '290', '352', '128', '461', '330', '265', '298', '141', '555', '374', '237', '269', '9', '175', '228', '75', '335', '46', '525', '580']
['594', '121', '138', '477', '292', '207', '466', '439', '425', '95', '360', '442', '61', '241', '550', '475', '401', '499', '19', '17', '126', '93', '457', '324', '560', '73', '595', '391', '500', '446']
['397', '119', '230', '516', '530', '303', '302', '22', '567', '402', '86', '71', '546', '260', '361', '65', '32', '256', '219', '27', '392', '554', '140', '203']
['101', '424', '114', '167', '191', '246', '564', '15', '588', '386', '519', '8', '169', '133', '368', '306', '147', '258', '220', '188', '4', '60', '28', '312', '11', '350', '464', '413', '108', '291']
['338', '136', '578', '107', '568', '467', '388', '545', '35', '205', '122', '520', '357', '320', '56', '20', '213']
['509', '187', '428', '198', '84', '403', '161', '113', '80', '476', '326', '591', '151', '431', '367', '505', '458', '332', '275', '313', '583', '346', '279', '201', '34', '192', '417', '78', '5', '42']
['421', '249', '197', '331', '300', '488', '409', '124', '366', '94', '154', '523', '372', '408', '375', '430', '238', '59', '281', '506', '311', '473', '183', '462', '162']
['455', '418', '570', '304', '596', '239', '13', '66', '156', '285', '166', '453', '553', '194', '432', '103', '504', '559', '250', '440', '470', '76', '492', '244', '308', '142', '390', '485', '422', '3']
['227', '286', '233', '272', '206', '132', '109', '293', '337', '547', '143', '301', '582', '537', '282', '491', '515', '438', '195', '343', '529']
['79', '118', '406', '130', '483', '193', '393', '0', '340', '369', '289', '196', '163', '16', '231', '573', '347', '287', '334', '240', '110', '218', '189', '81', '329', '454', '10', '389', '385', '404']
['25', '24', '411', '569', '200', '112', '513', '210', '307', '354', '510', '376', '450', '557', '33', '534']
['116', '447', '131', '517', '395', '270', '158', '562', '177', '412', '165', '444', '259', '427', '243', '348', '182', '463', '443', '497', '451', '296', '181', '465']
['139', '106', '88', '435', '41', '261', '345', '253', '72', '52', '211', '394', '317', '579', '100', '37', '96', '495', '377', '247', '224']
['420', '104', '268', '305', '433', '490', '127', '2', '471', '414', '7', '387', '120', '180', '524', '21', '434', '382', '528', '99', '105', '92', '309', '585', '383', '358', '294', '541', '40', '254']
['597', '83', '90', '297', '310', '370', '179', '508', '563', '31', '342', '144', '199', '316', '436', '222', '480', '478', '67', '590', '283', '592', '336', '558', '299', '356', '315', '85', '551', '160']
['576', '23', '135', '62', '146', '456', '363', '266', '215', '593', '202', '14', '460', '225', '74', '452', '111', '344', '149', '314', '518', '589', '178', '267', '159', '362']
['549', '322', '355', '378', '176', '6', '351', '482', '469', '145', '257', '542', '538', '514', '214']
['380', '235', '70', '325', '64', '468', '209', '396', '185', '223', '264', '327', '484', '87', '445', '448', '229', '323', '328', '400', '565', '251', '117', '43', '415', '153', '123', '507', '353', '232']
['423', '274', '566', '49', '531', '489', '134', '586', '535', '526', '45', '284', '226', '536', '271', '410', '472', '556', '599', '255', '511', '82', '522', '493', '63', '171', '371', '494', '234', '481']
