['794', '84', '279', '206', '918', '228', '130', '717', '488', '756', '248', '560', '808', '670', '963', '494', '821', '585']
['745', '851', '959', '605', '375', '629', '182', '519', '499', '41', '187', '98', '759', '743', '879', '37']
['15']
['155']
['177']
['470', '45', '53', '32', '835', '60', '583', '481', '31', '54', '786', '870', '802', '486', '577', '329', '113']
['388', '555', '620', '497', '558', '65', '59', '908', '156', '564', '982', '236', '684', '245', '275', '226', '136', '36']
['949', '950', '561', '352', '294', '339', '904', '110', '304', '625', '239', '63', '209', '578', '712', '909', '889']
['523', '389', '615', '19', '243', '720', '467', '81', '501', '429', '871', '350', '665', '49', '323', '958', '479', '198']
['188']
['192']
['30', '722', '176', '942', '730', '993', '374', '902', '46', '859', '588', '518', '127', '12', '653', '57', '840', '347']
['277']
['537', '298', '126', '559', '702', '715', '612', '75', '286', '154', '341', '703', '292', '732', '317', '105', '346', '455']
['28']
['655', '451', '660', '249', '417', '639', '928', '124', '247', '598', '406', '815', '658', '952', '117', '962', '246']
['706', '343', '916', '229', '93', '973', '573', '989', '210', '592', '827', '436', '244', '691', '415', '587']
['932', '739', '456', '66', '195', '525', '823', '976']
['296']
['630', '953', '452', '432', '820', '547', '148', '713', '887', '683', '915', '966', '166', '0', '178', '2', '316', '172']
['309', '199', '502', '307', '686', '801', '807', '990', '778', '297', '937', '693', '475', '595', '921', '405', '961']
['572', '50', '659', '531', '285', '892', '552', '960', '395', '153', '516', '987', '541', '843', '83', '570', '777', '361']
['621', '504', '853', '883', '133', '845', '785', '938', '858', '218', '7', '839', '13', '158', '718', '728']
['44', '906', '250', '725', '376', '70', '344', '48', '263', '88', '231', '972', '237', '816', '173', '554', '991', '888']
['38', '9', '425', '257', '171', '674', '863', '535', '312', '295', '980', '112', '359', '565', '293', '335', '424', '602']
['354']
['946', '884', '397', '100', '373', '637', '895', '787', '814', '917', '480', '191', '913', '268', '469', '682', '546']
['360']
['366']
['433', '931', '842', '977', '856', '640', '267', '726', '14', '896', '269', '705', '353', '468', '284', '411', '142', '740']
['386']
['391']
['399']
['26', '11', '348', '719', '994', '877', '751', '163', '974', '299', '599', '849', '134', '213', '975', '575', '20', '729']
['407']
['181', '423', '222', '875', '734', '143', '121', '414', '56', '933', '271', '107', '306', '310', '981', '761', '152', '520']
['898', '788', '216', '984', '628', '638', '957', '782', '131', '833', '390', '757', '230', '132', '362', '695', '85', '831']
['419']
['548', '512', '872', '876', '106', '657', '364', '384', '604', '760', '914', '733', '394', '508', '767', '698', '700', '398']
['426']
['924', '357', '183', '288', '874', '197', '737', '998', '25', '878', '731', '689', '986']
['652', '101', '775', '315', '955', '86', '372', '137', '597', '707', '532', '159', '763', '941', '196', '727']
['947', '765', '233', '848', '34', '278', '806', '721', '232', '123', '935', '322', '262', '581', '768', '23', '642', '762']
['428']
['430']
['449']
['453']
['485']
['503']
['505']
['510']
['515']
['551']
['460', '539', '669', '606', '328', '157', '934', '162', '146', '434', '363', '463', '644', '690', '903', '677', '964']
['610', '631', '227', '557', '473', '418', '87', '89', '443', '169', '4', '517', '76', '459', '280', '55', '533', '79']
['256', '160', '910', '69', '861', '667', '220', '747', '21', '355', '270', '650', '382', '748', '441', '454', '540', '764']
['327', '649', '381', '190', '392', '635', '996', '735', '818', '809', '568', '410', '711', '623', '477', '71', '699']
['613', '175', '482', '393', '663', '431', '444', '238', '445', '383', '103', '886', '869', '500', '403', '522', '817', '416']
['586']
['614']
['632']
['694', '260', '308', '67', '466', '590', '27', '813', '122', '409', '636', '150', '215', '10', '6', '95', '33']
['662']
['319', '438', '880', '616', '104', '536', '582', '472', '507', '476', '951', '114', '509', '338', '437', '576', '673']
['671']
['108', '661', '242', '812', '283', '115', '967', '334', '201', '925', '427', '521', '193', '836', '594', '492', '619', '919']
['893', '102', '194', '212', '367', '837', '223', '866', '829', '211', '264', '538', '165', '214', '797']
['710']
['714']
['992', '378', '96', '825', '64', '668', '799', '675', '970', '995', '723', '773', '92', '217', '506', '868', '923']
['834', '685', '571', '965', '556', '291', '204', '311', '73', '795', '412', '633', '864', '22', '514', '97', '567', '448']
['696', '483', '819', '545', '450', '129', '186', '978', '907', '464', '611', '58', '251', '796', '330', '999', '860']
['746']
['738', '111', '724', '447', '224', '979', '370', '766', '664', '830', '77', '478', '988', '948', '401', '387', '676']
['758']
['603', '332', '900', '358', '202', '899', '920', '24', '91', '645', '679', '742', '462', '803', '422', '333', '241', '800']
['495', '320', '40', '161', '51', '149', '790', '617', '254', '826', '471', '828', '342', '956', '400', '926', '634', '385']
['62', '265', '379', '496', '203', '207', '435', '524', '321', '774', '678', '850', '289', '569', '396', '885', '912', '365']
['78']
['273', '221', '897', '145', '47', '484', '784', '8', '846', '562', '672', '287', '593', '461', '18', '852', '274', '687']
['125', '781', '151', '647', '750', '553', '465', '109', '94', '985', '749', '627', '511', '5', '609', '474', '266']
['351', '654', '601', '798', '530', '929', '940', '865', '498', '811', '643', '17', '534', '1', '550']
['844', '901', '337', '526', '29', '697', '769', '622', '205', '371', '240', '252', '847', '140', '255', '258', '744', '276']
['890', '607', '72', '119', '983', '905', '141', '544', '805', '314', '345', '779', '219']
['225', '579', '491', '74', '855', '752', '968', '404', '753', '42', '930', '234', '589', '164', '189', '200', '527', '318']
['68', '261', '43', '253', '688', '457', '369', '709', '326', '439', '446', '543', '408', '331', '340', '421', '701', '596']
['793']
['680', '783', '442', '90', '841', '971', '574', '490', '666', '440', '857', '692', '997', '420', '116', '120', '580', '300']
['804']
['402', '882', '52', '927', '282', '208', '939', '867', '542', '780', '789', '894', '128', '854', '487', '349', '922', '336']
['313', '944', '184', '969', '641', '513', '608', '862', '566', '791', '82', '302', '235', '656', '118', '646', '489']
['356', '736', '61', '651', '39', '16', '167', '776', '563', '303', '954', '708', '528', '259', '135', '458', '290', '755']
['624', '770', '281', '549', '891', '35', '792', '147', '704', '179', '3', '584', '139', '741', '272', '772', '80', '832']
['529', '413', '681', '377', '99', '168', '180', '138', '325', '380', '170', '174', '368', '936', '648', '493', '600', '945']
['810']
['824']
['881']
['305', '626', '911', '771', '185', '618', '943', '822', '838', '301', '591', '324', '144', '754', '716', '873']
