['455', '754', '223', '507', '935', '133', '422', '120', '793', '819', '627', '733', '791', '555', '618', '697', '372', '27', '174', '598', '20', '148', '8', '370', '756', '789', '945', '94', '682', '962', '580', '938', '517', '970', '313', '389', '640', '441', '904', '269']
['348', '456', '65', '469', '270', '848', '201', '233', '532', '277', '476', '866', '72', '910', '658', '500', '849', '230', '443', '619', '880', '293', '6', '879', '204', '827', '155', '246', '964', '638', '26', '568', '587', '612', '923', '918', '862', '180', '909', '534']
['944', '501', '651', '116', '264', '378', '298', '415', '799', '49', '280', '674', '227', '382', '718', '127', '734', '86', '190', '991', '790', '360', '874', '833', '514', '912', '753', '117', '485', '179', '824', '728', '335', '134', '287', '474', '839', '834', '661', '284']
['151', '907', '398', '229', '496', '74', '829', '187', '939', '934', '856', '182', '324', '396', '53', '852', '329', '942', '840', '408', '159', '531', '881', '736', '952', '741', '623', '91', '599', '826', '823', '602', '14', '302', '794', '323', '79', '727', '395', '160']
['453', '288', '492', '445', '941', '878', '235', '782', '386', '583', '84', '245', '278', '258', '132', '553', '593', '22', '417', '998', '920', '729', '330', '519', '391', '750', '446', '260', '915', '379', '780', '459', '773', '183', '982', '621', '900', '499', '109', '515']
['535', '351', '238', '380', '673', '210', '202', '774', '231', '350', '525', '464', '865', '854', '11', '428', '482', '171', '798', '693', '4', '44', '717', '556', '85', '16', '394', '597', '562', '671', '222', '636', '67', '928', '162', '400', '488', '193', '863', '577']
['886', '846', '115']
['196']
['248']
['801', '215', '709', '877', '66', '899', '792', '702', '955', '401', '688', '884', '574', '334', '787', '663', '393', '291', '432', '483', '994', '764', '259', '163', '868', '929', '685', '649', '217', '543', '893', '256', '438', '844', '237', '481', '303', '263', '646', '930']
['385']
['917']
['505']
['56']
['659']
['205', '60', '508', '42', '176', '803', '869', '765', '392', '450', '895', '413', '411', '41', '784', '913', '316', '704', '559', '974', '486', '308', '921', '536', '177', '581', '418', '3', '502', '402', '901', '542', '527', '18', '295', '595', '95', '192', '143', '677']
['512', '825', '666', '75', '963', '130', '209', '80', '922', '851', '747', '390', '566', '297', '898', '768', '760', '475', '653', '144', '477', '836', '273', '7', '465', '576', '244', '150', '140', '365', '254', '976', '564', '775', '434', '327', '62', '529', '802', '656']
['221', '239', '252', '812', '822', '989', '289', '124', '153', '48', '984', '766', '345', '977', '584', '199', '307', '495', '742', '643', '604', '213', '299', '608', '547', '966', '442', '545', '52', '13', '609', '322', '34', '763', '850', '300', '172', '629', '762', '735']
['835', '932', '847', '695', '883', '797', '218', '940', '294', '234', '470', '122', '494', '409', '800', '38', '590', '32', '341', '969', '58', '605', '743', '82', '660', '701', '664', '548', '700', '771', '419', '616', '462', '64', '100', '435', '121', '460', '591']
['102', '838', '113', '106', '146', '657', '528', '699', '461', '896', '279', '655', '43', '541', '21', '166', '195', '369', '186', '15', '859', '778', '625', '404', '197', '805', '551', '61', '965', '781', '88', '467', '698', '981', '249', '55', '490', '274', '870', '522']
['296', '953', '588', '423', '12', '958', '720', '892', '785', '761', '484', '845', '447', '592', '687', '855', '679', '356', '639', '807', '539', '692', '214', '972', '767', '457', '224', '478', '338', '737']
['19', '306', '384', '943', '361', '479', '90', '946', '497', '416', '154', '557', '779', '516', '315', '349', '54', '843', '565', '152', '424', '10', '723', '225', '560', '860', '164', '175', '430', '173', '637', '572', '129', '359', '498', '746', '104', '647', '142', '937']
['29', '544', '232', '76', '813', '672', '161', '493', '405', '511', '487', '526', '725', '97', '9', '783', '714', '344', '208', '864', '642', '957', '331', '399', '681', '705', '5', '540', '366', '99', '92', '125', '882', '670', '285', '466', '821', '301', '2', '412']
['814']
['919', '25', '275', '135', '371', '340', '168', '156', '524', '795', '906', '410', '871', '30', '362', '68', '669', '375', '169', '691', '744', '832', '357', '579', '326', '992', '980', '141', '108', '444', '449', '530', '951', '713', '752', '987', '319', '439', '897', '452']
['471', '397', '241', '891', '480', '265', '996', '857', '228', '509', '339', '194', '425', '87', '820', '567', '853', '111', '722', '995', '388', '118', '491', '96', '740', '35', '675', '772', '610', '924', '831', '770', '979', '78', '472', '37', '650', '558', '521', '575']
['710']
['421', '352', '139', '69', '894', '138', '292', '272', '960', '71', '320', '381', '185', '730', '304', '751', '986', '513', '165', '858', '51', '973', '732', '887', '745', '975', '644', '721', '267', '368', '570', '437', '978', '28', '158', '573', '311', '212', '276', '926']
['748', '451', '903', '578', '947', '873', '626', '816', '796', '902', '131', '383', '178', '607', '630', '678', '184', '367', '46', '908', '662', '601', '815', '708', '119', '463', '373', '971', '997', '332', '387', '694', '888', '872', '510', '788', '842', '936', '645']
['712', '615', '420', '23', '769', '549', '290', '468', '954', '310', '927', '617', '63', '861', '342', '676', '107', '305', '136', '318', '569', '961', '167', '633', '283', '948', '689', '624', '220', '473', '250', '112', '317', '0', '652', '110', '59', '281', '641', '622']
['594', '40', '403', '309', '582', '354', '808', '810', '489', '546', '563', '707', '73', '312', '811', '123', '550', '993', '149', '804', '603', '933', '538', '98', '255', '207', '585', '333', '343', '726', '925', '336', '431', '414', '355', '875', '377', '786', '261', '191']
['667', '200', '628', '635', '128', '706', '81', '268', '956', '806', '759', '105', '703', '830', '240', '189', '83', '711', '253', '226', '374', '376', '613', '39', '198', '440', '286', '632', '716', '914', '596', '776', '247', '684', '266', '203', '620', '236', '715', '837']
['433', '999', '611', '211', '950', '686', '506', '257', '282', '589', '170', '321', '314', '809', '757', '889', '600', '967', '586', '719', '31', '949', '17', '436', '24', '828', '690', '755', '454', '523', '426', '552', '985', '739', '114', '614', '680', '665', '448', '36']
['890', '337', '683', '93', '262', '364', '818', '503', '905', '911', '561', '325', '990', '631', '916', '219', '406', '571', '89', '147', '554', '242', '841', '959', '537', '520', '988', '504', '1', '50', '126', '606', '867', '968', '57', '724', '363', '738', '346', '103']
['45', '696', '885', '101', '358', '243', '47', '634', '206', '429', '271', '33', '251', '648', '427', '777', '77', '758', '817', '181', '407', '731', '668', '347', '328', '157', '518', '654', '749', '533', '188', '876', '137', '458', '216', '70', '931', '353', '145', '983']
