['103']
['114']
['146']
['149']
['305']
['32']
['354']
['359']
['364']
['389']
['706', '25', '318', '297', '722', '413', '610', '765', '662', '797', '347', '658', '618', '553']
['424']
['713', '779', '818', '261', '337', '808', '696', '442', '597', '438', '575', '787', '502', '471', '26', '666', '746']
['52']
['520']
['532']
['815', '579', '629', '684', '319', '392', '584', '314', '564', '257', '308', '450', '680', '246', '29', '355', '763', '350', '788', '806']
['606']
['703']
['381', '428', '69', '426', '595', '473', '801', '406', '377', '401', '594', '503', '268', '802', '556', '414', '539']
['76']
['755', '657', '709', '566', '769', '80', '475', '349', '449', '332', '250', '561', '62', '394', '536']
['773']
['0']
['752', '75', '439', '669', '786', '521', '544', '611', '290', '84', '699', '54', '86', '770', '87']
['1']
['10']
['100']
['101']
['77', '673', '53', '47', '41', '271', '590', '525', '344', '585', '376', '470', '460', '378', '631']
['102']
['104']
['105']
['106']
['107']
['108']
['771', '758', '712', '748', '342', '395', '638', '587', '652', '276', '284', '249', '357', '659', '567', '60', '288', '296']
['109']
['489', '519', '366', '315', '538', '97', '367', '739', '425', '695', '345', '615', '526', '362', '707', '67', '407']
['11']
['110']
['111']
['112']
['113']
['81', '61', '560', '399', '754', '608', '774', '316', '351', '30', '522', '427', '626', '340']
['115']
['116']
['117']
['118']
['119']
['12']
['120']
['121']
['122']
['123']
['124']
['125']
['126']
['127']
['128']
['715', '505', '785', '375', '353', '541', '656', '245', '240', '643', '299', '685', '358', '530', '352']
['129']
['13']
['130']
['637', '387', '447', '454', '510', '711', '550', '309', '693', '742', '372', '369', '445', '689', '660']
['336', '540', '55', '714', '48', '578', '718', '320', '446', '633', '663', '735', '480', '463', '33', '476', '419']
['131']
['132']
['133']
['481', '601', '583', '648', '91', '51', '537', '716', '90', '762', '596', '490', '766', '66', '745', '37']
['134']
['135']
['136']
['137']
['138']
['653', '365', '253', '348', '386', '260', '468', '641', '574', '496', '811', '404', '501', '554', '294', '363', '9']
['139']
['14']
['784']
['140']
['141']
['142']
['143']
['144']
['527', '803', '635', '642', '498', '281', '483', '548', '649', '524', '529', '31', '508', '523', '89', '287', '258']
['145']
['147']
['95', '668', '555', '324', '434', '88', '512', '737', '493', '744', '617', '453', '4', '517', '814', '757', '96', '467']
['148']
['15']
['150']
['151']
['152']
['153']
['154']
['809', '280', '323', '311', '768', '670', '535', '717', '795', '285', '589', '486', '793', '373', '515', '708', '591']
['155']
['156']
['157']
['158']
['416', '494', '92', '417', '8', '600', '437', '804', '694', '549', '422', '687', '604', '451', '792', '306', '241', '778']
['159']
['16']
['160']
['161']
['162']
['163']
['164']
['165']
['166']
['167']
['168']
['783', '632', '289', '57', '647', '391', '513', '620', '303', '791', '300', '293', '322', '5']
['671', '630', '356', '725', '729', '672', '776', '56', '385', '321', '733', '472', '291', '282', '384', '634']
['42', '38', '462', '542', '664', '619', '6', '370', '433', '639', '279', '732', '651', '586', '412']
['169']
['691', '528', '747', '374', '674', '603', '782', '581', '94', '571', '495', '700', '269', '568', '70', '599', '420']
['17']
['170']
['171']
['172']
['173']
['174']
['175']
['761', '756', '252', '675', '683', '402', '588', '533', '602', '531', '254', '411', '307', '676', '741', '7', '622', '582', '516']
['176']
['177']
['178']
['179']
['18']
['180']
['181']
['506', '623', '760', '605', '609', '728', '681', '327', '410', '262', '312', '749', '274', '686', '710', '99', '466', '613', '612']
['418', '265', '807', '812', '736', '817', '621', '93', '28', '607', '478', '456', '295']
['182']
['183']
['465', '679', '58', '259', '388', '405', '740', '390', '665', '469', '734', '690', '654', '275', '692']
['184']
['559', '477', '343', '616', '592', '398', '799', '789', '3', '563', '50', '79', '562', '645', '444', '35', '264']
['185']
['186']
['514', '436', '543', '380', '83', '730', '331', '244', '677', '552', '482', '697', '576', '267', '800', '796']
['640', '499', '273', '397', '457', '790', '484', '452', '458', '701', '743', '646', '65']
['187']
['188']
['189']
['19']
['190']
['191']
['192']
['193']
['194']
['360', '251', '310', '724', '72', '759', '292', '767', '775', '518', '408', '805', '68', '661', '667', '764']
['195']
['196']
['197']
['198']
['199']
['2']
['20']
['200']
['201']
['202']
['85', '719', '547', '816', '546', '628', '627', '702', '723', '278', '430', '731', '361', '335', '302', '272', '479', '263']
['203']
['204']
['205']
['206']
['207']
['208']
['209']
['21']
['328', '73', '492', '798', '507', '625', '810', '325', '580', '403', '751', '726', '39', '593', '330', '474', '727', '485', '283']
['210']
['211']
['212']
['213']
['214']
['215']
['573', '429', '382', '27', '504', '655', '329', '753', '440', '44', '415', '270', '266', '688']
['772', '487', '409', '794', '256', '393', '423', '45', '704', '46', '534', '339', '341', '777', '63', '813', '738', '500']
['216']
['248', '636', '333', '441', '570', '400', '565', '464', '277', '242', '82', '781', '750']
['217']
['218']
['219']
['22']
['569', '383', '624', '36', '64', '326', '98', '40', '78', '317', '509', '497', '59', '577', '247', '313']
['220']
['396', '34', '614', '255', '682', '443', '721', '780', '491', '379', '286', '346', '421', '598', '432', '678', '71', '338']
['221']
['222']
['223']
['224']
['225']
['226']
['227']
['228']
['229']
['558', '488', '334', '431', '551', '511', '572', '455', '301', '720', '545', '650', '49', '461', '557']
['23']
['230']
['231']
['232']
['233']
['234']
['235']
['236']
['237']
['238']
['239']
['43', '243', '459', '371', '298', '74', '304', '644', '368', '698', '435', '448', '705']
['24']
