['271', '28', '443', '35', '437', '481']
['32', '426']
['147', '422', '184', '282', '295', '264']
['122', '424', '219', '286', '288', '207']
['486', '299', '325', '60', '14', '105']
['18', '274', '423', '157', '51']
['209', '143', '261', '474', '23', '221']
['42', '383', '466']
['488', '467', '174', '492', '456', '33']
['265', '123', '145', '154', '224', '482']
['10']
['306', '404', '236', '225', '138', '31']
['245', '196', '397', '164', '107', '120']
['43', '162', '266', '497', '392', '62']
['413', '175', '189', '351', '267']
['365', '350', '363', '109', '85', '373']
['172', '52', '81', '129', '199', '343']
['284', '117', '465', '446', '297', '425']
['378', '78', '179', '471', '434', '231']
['186', '450', '278', '253', '388', '317']
['279', '336', '419', '374', '302', '44']
['490', '304', '418', '464', '239', '46']
['257', '270']
['67', '139', '168', '281', '1', '40']
['216', '118', '49', '158', '215', '438']
['429', '53', '411', '192', '447', '387']
['146', '327']
['368', '167', '37', '338']
['377', '160', '177', '248', '181', '212']
['76']
['313', '353', '451', '17']
['462', '211', '337', '114', '354', '54']
['476', '401', '202', '479', '468', '361']
['149', '92', '244']
['421', '310', '178', '233']
['227', '342', '48', '228', '97', '431']
['165', '39', '396', '348', '238', '477']
['495']
['16', '208', '454', '293', '50', '382']
['362', '292', '96', '68', '0', '87']
['126', '36', '440', '218', '367', '235']
['95', '301', '469', '252', '110', '344']
['232', '403', '91', '205', '402', '381']
['101', '142', '371', '340', '242', '280']
['433', '230', '246', '137', '398', '251']
['386', '349', '307', '370', '121', '470']
['100']
['2', '240', '359', '309', '324', '448']
['483', '472', '115', '322', '200', '415']
['22', '112', '94', '409', '180', '328']
['372', '72']
['345', '376', '319', '355', '494', '98']
['163', '198', '161', '384', '489', '326']
['29', '83', '305', '201']
['285', '64', '339', '356', '193']
['82', '385', '473', '9', '255', '104']
['75', '20', '458', '406', '260', '291']
['59', '237', '455', '432']
['341', '170']
['296', '226', '229']
['417', '111', '484', '268', '206', '84']
['250', '457', '300', '127', '176', '217']
['220', '276', '197', '460', '375']
['7', '463', '389', '277', '441', '399']
['150', '204', '243', '323', '183']
['89', '70', '187', '171', '400', '414']
['13', '331', '124', '273']
['308', '69', '79', '335', '223', '369']
['134', '135', '119', '364']
['439']
['408', '416', '203', '442', '213', '393']
['332', '108', '30', '47']
['156', '90', '379', '407', '480', '102']
['125', '258', '405', '132', '496']
['5', '321', '394', '3', '173']
['444', '234', '410']
['222', '148', '128', '65', '357', '133']
['4', '141', '88', '113', '316', '38']
['131', '25', '360', '283', '275', '259']
['55', '214', '347', '263', '15']
['144']
['333', '445', '152']
['330']
['169', '346', '420', '80', '395', '153']
['103', '334', '155', '74', '151', '191']
['210', '428', '315', '99', '427', '461']
['8', '63', '254', '272', '436']
['19', '412', '182', '190', '289', '71']
['453', '294', '314', '34', '116', '56']
['390', '493', '435', '194', '303', '130']
['256', '298', '449', '140', '66', '430']
['475', '86', '269', '391']
['318', '45', '366', '26', '452', '6']
['106', '93', '478', '312']
['185', '73', '21', '358', '58', '24']
['77', '487', '41', '498', '136', '262']
['166', '249', '459', '247', '188', '195']
['290', '11', '27', '159', '352']
['287', '320', '57', '12', '61', '380']
['241', '311', '499', '329', '491', '485']
