['615']
['647']
['931', '326', '698', '934', '603', '460', '942', '885', '809', '553', '388', '144', '879', '475', '695', '251', '754', '928', '208', '30', '42', '33', '168', '268', '838', '859', '262', '566', '240', '797', '174', '873', '581', '785', '383', '523', '634', '143', '824', '390', '622', '674', '410', '0', '362', '791', '173', '817', '294', '35', '621', '565', '520', '301', '935', '96', '871', '559', '159', '78', '640', '813', '769', '618', '331', '367', '518', '591', '806', '489', '764', '302', '741', '260', '128', '176', '132', '483', '568', '286', '270', '124', '509', '236', '91', '349', '105', '24', '869', '449', '613', '162', '457', '409', '103', '116', '552', '519', '528', '831', '930', '792', '499', '550', '98', '497', '230', '49', '245', '393', '887', '862', '664', '751', '234', '589', '36', '109', '844', '617', '908', '420', '944', '277', '675', '156', '11', '94', '526', '481', '639', '65', '611', '136', '729', '319', '303', '610', '312', '1', '425', '946', '851', '441', '238', '385', '343', '777', '127', '505', '706']
['929']
['360']
['432']
['733']
['906']
['439']
['861']
['186']
['247']
['307']
['401']
['728']
['742']
['753']
['429']
['826']
['910']
['154']
['192']
['266']
['288']
['783']
['918']
['939']
['118']
['334']
['34']
['369']
['496']
['524']
['535']
['545']
['579']
['768']
['919']
['126']
['198']
['285']
['452']
['642']
['661']
['685']
['720']
['727']
['778']
['914']
['229']
['244']
['256']
['287']
['317']
['329']
['479']
['486']
['502']
['521']
['662']
['700']
['713']
['721']
['762']
['803']
['855']
['237']
['267']
['278']
['323']
['359']
['377']
['413']
['446']
['462']
['498']
['625']
['631']
['68']
['683']
['703']
['746']
['893']
['916']
['857', '678', '556', '3', '10', '832', '790', '670', '373', '155', '225', '673', '500', '616', '308', '551', '41', '428', '137', '646', '72', '795', '702', '667', '259', '232', '833', '381', '134', '276', '644', '81', '837', '684', '895', '541', '537', '458', '249', '175', '19', '20', '122', '843', '69', '466', '212', '345', '540', '656', '414', '841', '107', '847', '202', '374', '508', '445', '135', '672', '513', '209', '542', '167', '172', '442', '215', '884', '130', '623', '235', '305', '380', '864', '812', '239', '140', '184', '280', '699', '292', '938', '585', '75', '801', '775', '79', '348', '836', '933', '27', '314', '324', '732', '90', '690', '599', '561', '749', '560', '655', '923', '471', '771', '774', '677', '371', '912', '56', '389', '863', '21', '352', '487', '469', '714', '547', '194', '104', '834', '421', '218', '309', '940', '395', '379', '892', '804', '676', '219', '77', '164', '53', '430', '735', '738', '451', '953', '562', '465', '102', '145', '538', '2', '125', '927', '31', '180', '627', '705', '945', '459', '582', '949', '654', '320', '823', '84', '633', '888', '444', '800', '512', '263', '856', '210', '76', '734', '23', '403', '490', '846', '704', '594', '917', '153', '650', '586', '321', '365', '745', '658', '890', '438', '925', '724', '572', '880', '473', '386', '412', '789', '712', '25', '99', '643', '752', '860', '716', '71', '368', '384', '248', '67', '217', '205', '273', '423', '257', '437', '418', '152', '191', '101', '580', '450', '628', '61', '397', '351', '472', '922', '476', '74', '936', '411', '157']
['941']
['106']
['131']
['197']
['222']
['223']
['261']
['272']
['293']
['467']
['54']
['567']
['598']
['679']
['682']
['710']
['743']
['782']
['788']
['915']
['133']
['183']
['195']
['327', '376', '52', '85', '950', '45', '316', '370', '543', '482', '110', '645', '554', '570', '544', '730', '901', '707', '88', '59', '206', '692', '165', '148', '798', '407', '680', '600', '590', '688', '736', '894', '780', '404', '649', '40', '340', '170', '39', '765', '495', '353', '361', '207', '163', '709', '875', '330', '652', '178', '493', '907', '478', '557', '883', '686', '28', '468', '415', '687', '387', '779', '592', '299', '433', '577', '701', '463', '891', '723', '759', '58', '112', '204', '886', '22', '587', '290', '394', '233', '435', '4', '947', '607', '399', '882', '905', '484', '605', '766', '731', '254', '279', '188', '182', '569', '932', '364']
['253']
['29']
['392']
['426']
['464']
['470']
['532']
['534']
['608']
['691']
['722']
['747']
['794']
['840']
['956']
['97']
['15']
['161']
['269']
['284']
['311']
['350']
['440']
['447']
['454']
['531']
['555']
['66']
['719']
['740']
['750']
['784']
['8']
['810']
['814']
['874']
['913']
['95']
['111']
['166']
['17']
['171']
['18']
['220']
['304']
['32']
['335']
['342']
['347']
['354']
['422']
['488']
['501']
['571']
['593']
['614']
['638']
['669']
['802']
['819']
['820']
['830']
['845']
['854']
['877']
['924']
['119']
['12']
['121']
['123']
['189']
['227']
['296']
['337']
['339']
['341']
['448']
['456']
['503']
['506']
['515']
['546']
['55']
['584']
['588']
['601']
['626']
['641']
['663']
['696']
['758']
['776']
['818']
['835']
['889']
['902']
['926']
['177']
['199']
['213']
['214']
['216']
['221']
['242']
['258']
['297']
['328']
['398']
['416']
['424']
['477']
['51']
['558']
['574']
['63']
['632']
['651']
['657']
['694']
['70']
['760']
['772']
['799']
['805']
['829']
['839']
['842']
['848']
['87']
['898', '363', '853', '867', '876', '602', '310', '573', '86', '400', '660', '117', '517', '196', '563', '637', '896', '355', '43', '597', '298', '203', '322', '808', '83', '954', '255', '648', '575', '609', '289', '129', '9', '708', '160', '911', '522', '313', '48', '828', '737', '146', '757', '904', '786', '474', '948', '811', '80', '114', '50', '852', '46', '461', '62', '250', '333', '668', '671', '725', '346', '139', '485', '434', '14', '382', '576', '755', '181', '604', '115', '264', '827', '689', '179', '246', '47', '529', '271', '455', '344', '636', '5', '767', '770', '306', '564', '920', '190', '200', '419', '872', '726', '693', '436', '427', '82', '211', '858', '417', '92', '201', '629', '37', '169', '825', '527', '406', '787', '185', '372', '332', '951', '338', '620', '921', '900', '533', '865', '291', '715', '224', '630', '756', '241', '748', '903', '120', '336', '793', '356', '396', '596', '375', '870', '899', '275', '228', '821', '937', '282', '26', '231', '624', '681', '504', '113', '325', '295', '405', '357', '781', '73', '583', '761', '158', '514', '453', '717', '138', '849', '274', '265', '881', '739', '868', '391', '711', '539', '147', '13', '252', '16', '815', '151', '578', '402', '492', '510', '141', '612', '443', '511', '744', '635', '516', '318', '108', '431', '606', '281', '89', '408', '243', '64', '659', '822', '548', '866', '816', '57', '149', '525', '187', '100', '549', '315', '38', '536', '150', '378', '507', '943', '494', '44', '909', '530', '283', '226', '300', '763', '697', '796', '358', '952', '807', '7', '878', '60', '955', '6', '619', '665', '718', '850', '193', '491', '897', '653', '142', '480', '595', '93', '773', '366', '666']
