['0']
['106']
['11']
['231', '787', '279', '560', '51', '752', '593']
['138']
['15']
['155']
['658', '422', '603', '171', '242', '629', '581', '349', '69']
['160']
['616', '622', '429', '325', '330', '641', '698']
['820', '788', '796', '690', '773', '565', '758', '596']
['175']
['179']
['187']
['189']
['153']
['294', '479', '352', '400', '735', '172', '313', '678']
['205']
['23']
['233']
['235']
['243']
['524', '635', '163', '529', '402', '164', '502', '36']
['25']
['275']
['480', '645', '830', '316', '259', '501', '546']
['277']
['278']
['290']
['415', '836', '512', '464']
['303']
['310']
['32']
['227', '755', '141', '249', '351', '572', '693']
['326']
['336']
['544', '576', '791', '135', '299', '74', '783', '225', '680']
['338']
['339']
['345']
['358']
['362']
['372']
['305', '671', '127', '484', '829', '149']
['66', '375', '764', '696', '1', '672', '507']
['287', '722', '62', '472', '128', '558', '628', '256']
['361', '549', '538', '108', '828', '748', '657', '797']
['373']
['382']
['396']
['406']
['408']
['409']
['420']
['448']
['45']
['460']
['465']
['199', '117', '468', '41', '579', '427', '633', '99']
['47']
['470']
['634', '268', '282', '640', '556', '721', '504', '154']
['379', '100', '668', '753', '831', '497', '813', '14', '727']
['471']
['515']
['520']
['211', '720', '823', '453', '592', '537', '353', '166', '412']
['521']
['53']
['283', '654', '707', '50', '736', '39', '374', '740']
['54']
['554']
['567']
['57']
['601']
['574', '553', '29', '481', '300', '91', '660']
['609']
['610']
['547']
['625']
['630']
['632']
['647']
['691']
['692']
['695']
['63', '702', '116', '761', '395', '744', '582', '651']
['697']
['701']
['751']
['765']
['250', '774', '152', '322', '73', '232', '612', '662']
['779']
['214', '344', '92', '385', '219', '83', '7', '746']
['806']
['631', '532', '142', '666', '827', '486', '212', '785']
['810']
['837']
['90']
['93']
['98']
['10']
['104']
['483', '637', '644', '489', '552', '771', '467', '781']
['473']
['105']
['398', '421', '79', '586', '95', '835', '782', '738']
['107']
['370', '733', '739', '821', '711', '703', '463', '329', '65']
['112']
['113']
['198', '569', '161', '665', '34', '676', '46']
['683', '476', '737', '571', '85', '284', '776', '762']
['150', '64', '535', '795', '536', '425']
['371', '457', '499', '478', '790', '337', '369', '715', '262']
['598', '606', '800', '292', '202', '636', '84', '377', '809', '165']
['114']
['364', '403', '286', '608', '838', '411', '775', '433', '96']
['119']
['129']
['130']
['132']
['597', '749', '495', '682', '378', '267', '67']
['133']
['139']
['143']
['82', '816', '514', '320', '87', '667', '485', '677']
['146']
['151']
['17']
['575', '16', '494', '522', '366', '818', '562', '655', '307']
['173']
['174']
['332', '317', '346', '140', '526', '466']
['176']
['469', '757', '454', '444', '815', '490', '210', '713', '534', '169']
['18']
['181']
['184']
['75', '226', '523', '363', '440', '511', '148', '664']
['193']
['194']
['2']
['207']
['215']
['218']
['220']
['410', '681', '24', '22', '561', '763', '60', '716']
['222']
['230']
['234']
['237']
['414', '354', '844', '742', '122', '759']
['239']
['240']
['343', '491', '213', '264', '121']
['78', '510', '102', '423', '712', '642', '347', '56', '488', '704']
['110', '428', '276', '588', '158', '55', '718', '177']
['245']
['843', '525', '694', '296', '180', '650', '643', '778', '814']
['248']
['340', '183', '474', '799', '178', '777', '195', '59']
['241', '393', '842', '44', '802', '147', '304', '591']
['257']
['258']
['260']
['261']
['111', '68', '238', '253', '223', '649', '441', '724']
['263']
['516', '125', '318', '563', '723', '607', '706']
['265']
['266']
['417', '714', '808', '391', '760', '623', '583', '88']
['271']
['272']
['273']
['492', '624', '8', '144', '786', '506', '531']
['274']
['743', '48', '732', '328', '269', '477', '805', '390', '302']
['285']
['288']
['291']
['519', '750', '297', '659', '4', '496', '487', '446']
['298']
['280', '639', '599', '689', '462', '687', '49', '40']
['798', '600', '811', '72', '42', '673', '190', '71', '101']
['89', '94', '204', '840', '577', '841', '767']
['115', '228', '77', '832', '368', '397', '653', '430', '700']
['80', '435', '13', '186', '9', '769', '709', '6', '573']
['725', '822', '124', '35', '770', '76', '324', '97']
['3']
['30']
['306']
['557', '331', '20', '729', '293', '826']
['255', '289', '578', '670', '252', '518', '652', '710']
['308']
['136', '766', '206', '246', '27', '708', '244', '311', '424']
['309']
['314']
['254', '58', '734', '559', '360', '545', '611', '167']
['319']
['627']
['323']
['327']
['33']
['333']
['675', '413', '19', '208', '617', '170', '792', '321']
['341']
['342']
['61', '109', '604', '216', '182', '754', '312']
['348']
['686', '126', '438', '70', '162', '705', '614', '461', '517']
['350']
['355']
['528', '449', '772', '188', '684', '550', '621', '745', '726', '185']
['356']
['357']
['359']
['367']
['37']
['376']
['365', '548', '5', '229', '419']
['38']
['380']
['381']
['384']
['646', '28', '661', '825', '157', '103', '452']
['386']
['387']
['26', '493', '756', '587', '551']
['731', '123', '52', '585', '156', '399', '201', '590', '688']
['392']
['817', '555', '335', '663', '540', '648', '674', '443']
['209', '442', '819', '669', '200', '638', '498', '203', '389', '137']
['482', '301', '475', '589', '833', '134', '509', '541', '834']
['768', '21', '527', '602', '566', '224', '803', '388', '81']
['191', '456', '656', '503', '394', '747', '679', '118', '613', '801']
['404']
['789', '436', '31', '295', '315', '247', '595', '217']
['407']
['416']
['418']
['459', '251', '168', '570', '717', '807', '793', '197', '730']
['405', '784', '619', '794', '584', '543', '780', '12', '513']
['699', '192', '159', '626', '719', '824', '505', '685', '620']
['426']
['43']
['564', '508', '450', '86', '839', '804', '458', '281', '539']
['500', '728', '618', '196', '533', '594', '741', '334']
['431']
['432']
['434']
['437']
['270', '447', '812', '401', '568', '605', '131', '383']
['439']
['445']
['221', '236', '580', '615', '120', '530', '145', '542', '455']
['451']
