['328', '339', '424']
['25', '105', '85', '108', '453']
['375', '129', '707', '397', '41', '757', '588']
['726', '401', '561', '683', '343']
['307', '151', '24', '247']
['614', '419', '113', '318', '702', '609']
['201', '100', '421', '723', '89', '181', '160']
['283']
['312', '556', '77', '596']
['272', '336', '354', '133', '532', '64']
['570', '58', '657', '501', '719', '631', '471']
['128']
['145']
['470', '378', '703', '384', '692', '298', '716']
['724']
['223']
['207', '440', '752', '366', '740']
['425', '671', '359', '450']
['302', '705', '253', '98']
['553', '197', '31', '275']
['124', '36', '93', '656', '362', '309']
['22']
['167']
['79', '42', '778', '325', '621', '348', '44']
['245', '442', '404']
['209']
['274', '417', '485', '760', '310', '511', '517']
['222']
['736', '174', '483', '649', '441', '214']
['792', '288', '290', '663', '713']
['779', '14', '323', '646', '296', '418']
['625', '682', '27', '674', '46', '712']
['282', '204', '305', '289']
['232']
['251']
['797', '383', '407', '773']
['303']
['654', '605', '622', '479', '352', '620', '218']
['647', '284', '687', '28', '688', '230', '9']
['544', '492', '156', '698', '536', '459']
['38', '642', '699', '427']
['210']
['645', '694']
['593', '132', '769', '600', '493', '238', '405']
['732', '81', '768', '109']
['376', '316', '200', '606', '186', '547', '196']
['358', '756', '141', '644']
['252', '391', '20', '429']
['324', '21', '320', '742']
['762', '580', '102', '665', '56', '675']
['119', '330', '184', '3', '164', '241']
['55', '484', '790', '415', '346']
['799', '306', '134', '264', '341', '634']
['370']
['304', '522', '539']
['482', '569', '481', '161', '461']
['640', '503', '629', '8']
['387']
['402']
['76', '591', '388', '408']
['775', '6', '327', '340', '610']
['63', '774', '315', '190', '382', '396']
['443', '531', '180', '715', '361', '623', '497']
['246', '107', '466', '564', '372', '434', '618']
['18', '130', '420', '475']
['788', '741', '242', '514', '676', '158']
['630', '747', '693', '153']
['499', '345', '29', '560', '75', '47', '357']
['297', '379', '619', '170']
['311', '636', '714', '510']
['413']
['120', '512', '506', '451', '94', '566', '696']
['604', '7', '540', '487', '589', '784', '191']
['294', '666', '70', '686']
['458']
['33', '472', '199', '350', '398', '679', '395']
['173', '691', '90', '126', '516', '555', '84']
['781', '500', '231', '337']
['490', '710', '140', '360', '639', '12', '227']
['460']
['220', '695', '131', '753', '293', '574', '782']
['565', '777', '333', '106', '364']
['146', '185', '576', '4']
['54', '754', '684', '259', '40']
['759', '633', '239', '74', '96', '116', '765']
['735', '794', '276', '166', '168', '452', '758']
['668', '435', '224']
['480']
['300']
['447']
['488', '188', '16', '353']
['518']
['52']
['535']
['550']
['317', '322', '219', '114', '228', '338']
['445', '211', '78', '730']
['552']
['557']
['169', '165', '761', '248', '546', '534']
['410', '739', '530', '406']
['558']
['59', '60', '335', '178', '1', '582']
['734', '403', '509', '393', '601', '746', '212']
['390', '263', '280', '581', '787']
['438', '329', '48', '104', '672', '194', '202']
['192', '244', '585', '67']
['573']
['267', '61', '123', '468']
['308', '567', '428', '65']
['125', '208', '617', '139', '627', '221', '182']
['798', '198', '548', '575', '385', '254', '545']
['602']
['91']
['554', '579', '143', '334']
['612']
['733', '342', '137', '377']
['637']
['266', '57', '19', '268', '677', '195', '17']
['411', '233', '439', '521', '519']
['690', '796', '655', '50', '287']
['648', '577', '583', '572', '603', '578']
['568', '15', '344', '489', '43', '154', '136']
['638']
['463', '584', '215', '281', '412', '49']
['673']
['680']
['508', '771', '68', '88', '80']
['473', '527', '626', '537', '110', '718', '651']
['717', '250', '87', '127', '486', '236']
['664', '149', '689', '66', '10', '454']
['592', '449', '498', '147', '464', '270', '549']
['607', '5', '285', '226', '369', '504']
['701']
['469']
['477', '446', '142', '355', '45', '611', '205']
['744', '286', '400', '332', '635', '409', '399']
['660', '69', '628', '786', '34', '562']
['678', '159', '277', '526']
['72']
['95']
['706', '243', '763', '121']
['599', '206', '262', '496']
['780', '613', '437', '26']
['374', '571', '368', '163', '795']
['103']
['658', '789', '138', '37', '436', '750', '697']
['11']
['478', '249', '291', '520', '523']
['13']
['189', '737', '299', '725', '255', '365', '122']
['32', '349', '157', '502']
['150']
['172', '587', '301', '543', '661', '292', '71']
['721', '135', '542', '729']
['563', '273', '505', '616']
['171']
['279', '234', '770', '748']
['51', '92', '433', '743', '652', '767', '776']
['529', '431', '394', '380', '785']
['179']
['97', '86', '118', '240', '99', '653']
['373', '82', '115', '30', '271', '203', '643']
['183']
['187']
['745', '444', '772', '586', '700', '722', '727']
['422', '731', '667', '595', '685', '313', '144']
['35', '261', '728', '590', '73', '319', '495']
['62', '783', '515', '423', '764']
['193']
['356', '392', '148', '112']
['155', '476', '162', '314', '426', '491']
['216', '533', '381', '507']
['260', '662', '624', '513']
['538', '598', '766', '615']
['2']
['111', '720', '793', '669', '430', '363']
['213']
['225']
['23']
['738', '650', '367', '389', '456', '217', '594']
['176', '525', '39', '414']
['235']
['386', '551', '0', '229']
['237']
['465', '278', '541', '83', '670', '265']
['494', '632', '53', '681', '467', '751', '462']
['416', '448', '269', '597', '528', '432', '347']
['474', '749', '455', '641', '457', '791', '331']
['351', '711', '704', '371']
['256']
['608', '152', '559']
['117']
['257']
['755', '708', '175', '177']
['258']
['295']
['321']
['326']
['709', '101', '659', '524']
