['133']
['344', '157', '90', '632', '522', '419', '273', '604', '737', '94', '668', '189', '647', '580', '396', '356', '410', '97', '174', '935', '350', '898', '676', '874', '883', '704', '721', '271', '516', '197', '893', '818', '213', '670', '297', '788']
['823', '223', '434', '637', '990', '290', '111', '863', '810', '555', '548', '524', '585', '399', '395', '445', '596', '644', '871', '920', '657', '333', '360', '267', '354', '64', '567', '305', '811', '519', '130', '611', '392', '553', '597', '645']
['140']
['165']
['199']
['4', '226', '103', '186', '693', '876', '541', '78', '962', '943', '538', '623', '840', '175', '324', '329', '866', '795', '451', '181', '603', '231', '952', '9', '942', '361', '901', '379', '287', '925', '564', '915', '2', '59', '618']
['319', '488', '646', '456', '162', '160', '598', '50', '465', '606', '398', '96', '8', '985', '293', '443', '851', '639', '81', '194', '864', '25', '592', '634', '85', '57', '153', '794', '109', '659', '209', '755', '913', '291', '688', '641']
['583', '723', '753', '188', '964', '930', '44', '491', '554', '772', '315', '155', '263', '537', '362', '785', '79', '450', '599', '989', '951', '865', '726', '543', '221', '284', '692', '728', '200', '207', '478', '16', '51', '66', '323', '313']
['994', '769', '312', '449', '924', '681', '572', '236', '558', '172', '105', '937', '894', '268', '595', '708', '479', '102', '735', '367', '955', '437', '779', '694', '664', '212', '513', '206', '168', '28', '625', '332', '581', '608', '817', '978']
['238']
['831', '509', '148', '946', '142', '714', '260', '128', '830', '336', '783', '970', '467', '875', '574', '45', '673', '855', '411', '532', '587', '756', '725', '841', '316', '420', '421', '375', '892', '245', '560', '184', '407', '413', '713', '23']
['91', '496', '719', '30', '409', '501', '374', '665', '796', '296', '447', '377', '999', '602', '974', '760', '339', '508', '289', '388', '114', '294', '326', '718', '19', '405', '3', '674', '88', '944', '471', '954', '761', '671', '432']
['262', '559', '969', '229', '996', '149', '791', '797', '382', '972', '947', '355', '173', '911', '129', '215', '204', '976', '881', '494', '805', '429', '453', '358', '819', '77', '936', '185', '607', '292', '483', '685', '423', '502', '371']
['116', '500', '918', '550', '240', '986', '108', '163', '624', '959', '701', '62', '124', '334', '211', '786', '351', '489', '482', '650', '115', '751', '495', '372', '552', '733', '82', '427', '474', '619', '60', '678', '202', '166', '518']
['252']
['338', '857', '884', '394', '177', '357', '318', '998', '255', '402', '228', '889', '820', '815', '822', '784', '953', '533', '904', '971', '573', '569', '461', '442', '846', '167', '878', '233', '556', '32', '939', '539', '201', '368', '549']
['225', '933', '666', '979', '460', '14', '222', '35', '42', '847', '507', '455', '799', '640', '299', '832', '960', '775', '154', '480', '235', '123', '862', '655', '858', '73', '773', '803', '880', '417', '679', '926', '43', '259', '577']
['859', '995', '191', '106', '804', '802', '164', '237', '629', '385', '401', '568', '821', '743', '702', '352', '61', '346', '961', '414', '965', '364', '861', '757', '842']
['770', '698', '879', '601', '198', '307', '612', '80', '69', '144', '631', '311', '151', '922', '343', '279', '369', '251', '121', '800', '686', '724', '992', '570', '511', '38', '56', '716', '980', '158', '295', '667', '703', '139', '373', '867']
['89', '912', '107', '812', '275', '934', '691', '341', '932', '845', '232', '731', '776', '680', '187', '654', '195', '975', '621', '54', '98', '584', '452', '835', '520', '628', '269', '839', '446', '304', '131', '21', '517', '347', '566', '870']
['462']
['459', '92', '485', '578', '579', '669', '709', '706', '510', '331', '214', '887', '919', '227', '872', '582', '70', '5', '22', '643', '134', '112', '182', '12', '83', '386', '758', '956', '74', '117', '807', '256', '438', '605', '738']
['633', '711', '609', '950', '614', '100', '444', '376', '390', '472', '110', '205', '241', '126', '441', '337', '649', '707', '325', '529', '497', '65', '528', '314', '301', '826', '833', '766', '138', '902', '366', '143', '890', '848', '535', '250']
['732', '363', '837', '838', '886', '927', '754', '767', '675', '917', '695', '882', '220', '93', '717', '208', '768', '789', '322', '308', '747', '759', '727', '545', '948', '278', '492', '540', '987', '720', '161', '119', '403', '977', '790', '281']
['378']
['46']
['600']
['463', '896', '125', '406', '682', '219', '17', '521', '885', '844', '586', '689', '635', '24', '99', '242', '700', '280', '729', '909', '544', '895', '938', '152', '436', '353', '656', '328', '95', '705', '806', '303', '829', '903', '393', '687']
['72']
['285', '778', '10', '345', '916', '809', '588', '945', '266', '67', '41', '967', '763', '458', '824', '484', '503', '828', '193', '340', '39', '389', '546', '736', '771', '907', '697', '426', '418', '551', '1', '47', '156', '744', '243']
['856', '264', '84', '40', '658', '321', '254', '739', '257', '239', '534', '749', '298', '940', '277', '52', '283', '617', '662', '248', '636', '827', '477', '320', '973', '746', '626', '542', '988', '774', '699', '196', '748', '68', '400', '391']
['7', '931', '120', '777', '661', '473', '722', '762', '330', '53', '897', '13', '531', '982', '247', '87', '15', '6', '136', '430', '428', '147', '270', '348', '258', '968', '899', '37', '983', '527', '146', '234', '813', '565', '20', '137']
['816', '306', '764', '176', '512', '740', '48', '836', '370', '906', '183', '439', '712', '244', '380', '397', '18', '486', '435', '300', '630', '782', '652', '286', '672', '615', '505', '159', '171', '475', '745', '457', '127', '506']
['981', '642', '217', '891', '498', '470', '923', '504', '327', '425', '404', '561', '384', '466', '408', '288', '854', '627', '29', '118', '741', '224', '302', '34', '808', '317', '440', '663', '993', '850', '710', '75', '801', '150', '593', '309']
['272', '949', '141', '433', '27', '26', '515', '963', '469', '265', '957', '49', '616', '888', '381', '424', '55', '696', '216', '765', '966', '383', '648', '342', '869', '203', '591', '36', '487', '11', '468', '589', '798', '481', '415', '563']
['210', '792', '530', '752', '464', '690', '547', '750', '122', '349', '684', '997', '571', '873', '677', '230', '590', '575', '613', '868', '169', '576', '448', '860', '780', '422', '76', '928', '734', '536', '525', '249', '941', '365', '180', '849']
['499', '246', '557', '132', '929', '113', '476', '0', '190', '192', '274', '514', '416', '683', '431', '900', '218', '412', '454', '610', '135', '834', '145', '33', '825', '490', '261', '651', '910', '104', '991', '179', '562', '58', '170', '730']
['63', '253']
['178', '742', '814', '276', '914', '594', '877', '86', '921', '908', '958', '526', '843', '359', '853', '310', '387', '781', '620', '493', '905', '660', '31', '282', '101', '653', '793', '715', '984', '523', '852', '335', '787', '71', '638', '622']
