['227', '614', '887', '556', '85', '716', '290', '566', '629', '834', '284', '378', '904', '547', '685', '12', '976', '494', '828', '459', '234', '628', '872', '400', '888', '565', '155', '45', '429', '635', '59', '889', '299', '882', '17', '28']
['336', '305', '22', '678', '583', '288', '605', '983', '609', '832', '666', '33', '191', '113', '134', '511', '115', '917', '161', '76', '261', '385', '710', '942', '242', '14', '149', '988', '159', '435', '354', '960', '561', '544', '356', '959', '504', '651', '151', '262']
['817', '422', '364', '62', '321', '979', '627', '915', '6', '402', '989', '754', '122', '410', '563', '966', '968', '297', '694', '722', '263', '388', '442', '268', '417', '363', '973', '713', '13', '555', '141', '709', '658', '173', '668', '497', '325', '780', '894', '573']
['215', '369', '241', '109', '412', '922', '415', '437', '187', '464', '340', '690', '557', '467', '653', '84', '326', '265', '296', '202', '322', '20', '121', '52', '331', '840', '864', '120', '956', '338', '869', '79', '67', '218', '695', '939', '789', '730', '219', '576']
['460', '831', '935', '29', '58', '846', '683', '540', '481', '778', '61', '712', '81', '341', '962', '881', '906', '178', '596', '294', '570', '3', '371', '403', '965', '574', '971', '18', '366', '640', '861', '514', '339', '945', '300', '816', '414', '60', '693', '907']
['953']
['897', '282', '182', '124', '768', '432', '553']
['723', '589', '368', '546', '105', '938', '841', '69', '39', '607', '216', '633', '550', '623', '936', '170', '232', '520', '477', '190', '221', '757', '948', '72', '298', '346', '533', '843', '970', '478', '273', '782', '893', '777', '642', '344', '541', '977', '428', '796']
['162', '940', '699', '974', '230', '857', '647', '426', '586', '313', '407', '269', '833', '416', '672', '902', '696', '248', '278', '537', '569', '37', '786', '908', '280', '54', '603', '449', '752', '617', '283', '318', '114', '377', '898', '456', '118', '172', '451', '448']
['42', '619', '445', '674', '98', '923', '438', '870', '661', '293', '868', '773', '819', '931', '77', '409', '728', '984', '972', '112', '166', '743', '48', '505', '11', '231', '176', '684', '963', '662', '513', '374', '123', '772', '127', '591', '164', '165', '622', '905']
['937', '147', '687', '125', '866', '593', '214', '104', '74', '612', '720', '543', '650', '480', '8', '802', '615', '913', '82', '473', '492', '919', '103', '376', '944', '370', '5', '954', '508', '731', '702', '199', '212', '567', '703', '274', '493', '978', '883', '677']
['584', '765', '10', '32', '818', '837', '484', '255', '15', '630', '439', '558', '490', '57', '488', '814', '740', '419', '680', '475', '389', '525', '425', '140', '135', '715', '527', '704', '43', '110', '733', '93', '450', '117', '205', '487', '9', '137', '406', '580']
['65', '411', '373', '150', '957', '616', '822', '779', '862', '927', '781', '328', '167', '767', '116', '41', '946', '608', '585', '859', '517', '665', '479', '330', '604', '138', '826', '785', '688', '671', '362', '25', '914', '207', '981', '711', '189', '874', '549', '319']
['891', '762', '644', '538', '286', '632', '771', '462', '804', '68', '775', '698', '431', '89', '587', '107', '398', '143', '92', '878', '289', '470', '204', '70', '94', '643', '100', '995', '249', '588', '532', '811', '529', '430', '423', '391', '111', '424', '345']
['595', '921', '26', '233', '890', '909', '721', '967', '156', '516', '705', '97', '830', '257', '146', '360', '746', '66', '821', '185', '755', '941', '856', '708', '353', '645', '955', '747', '725', '56', '863', '99', '871', '251', '243', '474', '659', '575', '798', '126']
['568', '413', '524', '943', '302', '875', '825', '600', '306', '985', '753', '736', '787', '31', '287', '211', '884', '380', '254', '47', '631', '701']
['774', '848', '700', '441', '75', '759', '795', '405', '49', '850', '847', '23', '253', '579', '272', '236', '458', '152', '223', '468', '349', '531', '879', '916', '545', '502', '314', '279', '852', '175', '800', '7', '542', '495', '952', '408', '900', '119', '153', '145']
['63', '855', '267', '324', '675', '877', '40', '920', '192', '526', '929', '554', '168', '320', '933', '311', '390', '183', '220', '491', '53', '367', '760', '880', '132', '420', '247', '611', '598', '682', '744', '594', '932', '534', '454', '669', '686', '222', '761', '158']
['912', '169', '626', '808', '994', '745', '208', '515', '444', '652', '203', '801', '213', '38', '337', '396', '792', '509', '776', '352', '949', '876', '512', '252', '64', '259', '379', '535', '812', '24', '323', '673', '46', '836', '210', '443', '404', '197', '482']
['500']
['71', '469', '741', '418', '128', '86', '184', '436', '106', '452', '27', '854', '539', '624', '895', '198', '707', '899', '332', '2', '860', '394', '737', '788', '95', '886', '195', '365', '726', '724', '317', '275', '719', '239', '636', '281', '791', '803', '108', '706']
['355', '799', '142', '679', '729', '401', '839', '238', '742', '764', '892', '392', '751', '530', '697', '896', '851', '522', '562', '421', '455', '842', '30', '610', '718', '649', '301', '87', '55', '225', '714', '528', '348', '36', '592', '980', '245', '982', '986', '80']
['853', '476', '1', '333', '393', '264', '784', '858', '903', '307', '844', '797', '676', '552', '581', '258', '618', '911', '749', '179', '83', '181', '681', '925', '472', '78', '453', '21', '582', '381', '304', '794', '521', '738', '739', '226', '217', '790', '601', '139']
['924', '930', '835', '309', '620', '503', '717', '506', '163', '177', '277', '295', '810', '359', '654', '910', '572', '991', '564', '483', '312', '664', '805', '961', '260', '206', '397', '292', '382', '4', '395', '756', '433', '656', '660', '990', '285', '732', '291', '90']
['639', '440', '91', '958', '606', '748', '734', '824', '350', '769', '507', '0', '399', '536', '250', '829', '510', '335', '993', '655', '271', '303', '160', '361', '270', '88', '244', '548', '310', '102', '446', '229', '551', '174', '136', '634', '447', '358', '471', '951']
['316', '577', '434', '763', '578', '641', '334', '44', '827']
['201', '386', '486', '228', '463', '646', '964', '689', '96', '235', '375', '157', '918', '351', '692', '625', '663', '560', '224', '975', '597', '838', '133', '849', '489', '256', '813', '750', '193', '485', '823', '559', '845', '783', '987', '50', '992', '427', '194', '180']
['384', '758']
['950', '928', '383', '188', '667', '947', '657', '237', '727', '372', '186', '501', '867', '865', '101', '735', '240', '465', '51', '815', '969', '637', '770', '590', '73', '200', '461', '129', '154', '457', '276', '308', '926', '793', '357', '613', '266', '648', '599', '131']
['934', '498', '34', '144', '873', '19', '670', '148', '343', '885', '342', '691', '499', '901', '130', '638', '387', '809', '807', '820', '766', '16', '806', '518', '571', '347', '519', '35', '171', '327', '496', '246', '523', '329', '209', '621', '315', '466', '602', '196']
