['158', '540', '464', '218', '82', '655', '460', '350', '445', '430', '81', '444', '8', '275', '165', '146', '126', '589', '508', '45', '653', '140', '603', '468', '203', '544', '348', '41', '101', '119']
['674', '580', '492', '612']
['133', '626', '256', '60', '221', '232', '555', '463', '267', '498', '43', '436', '379', '481', '466', '640', '443', '30', '556', '189', '325']
['531', '279', '283', '369', '17', '380', '583', '266', '128', '311', '582', '366', '552']
['14', '59', '214', '97']
['699', '527', '435', '176', '322', '130', '687', '572', '265', '261', '672', '565', '506', '191', '63', '269', '230', '586', '300', '117', '46', '172', '185', '670', '666', '593', '517', '212', '235', '135']
['244', '104', '58', '473', '495', '224', '381', '646', '665', '272', '53', '559', '563']
['148', '70', '208', '210', '28', '397', '622', '457', '147', '42', '202', '295', '19', '258', '187', '534', '562', '520', '195', '31', '391', '644', '196', '398', '38']
['631', '138', '611', '393', '573', '205', '441', '595', '321', '521', '675', '36', '594', '545', '370', '314', '9', '400', '254']
['180', '454', '493', '688', '632', '116', '581', '190', '35', '585', '171', '169', '86', '693', '600', '440', '154', '541', '282', '557', '344', '374', '419', '677', '550', '317', '209', '327', '651', '533']
['434', '513', '633', '241', '403', '184', '219', '489', '617', '364', '606', '336', '659', '299', '619', '152', '530', '259', '249', '144', '40', '636', '161', '432', '477', '199', '64', '284', '394', '10']
['48', '487', '301', '316', '85', '330', '418', '449', '500', '150', '68', '616', '451', '474', '342']
['52', '433', '179', '695', '401', '236', '25', '294', '505', '108', '515', '426', '319', '5', '182', '549', '352', '217', '359']
['183', '371', '673', '79', '194', '335', '479', '358', '123', '518', '337', '88', '22', '660', '78', '620', '387', '491', '569', '623', '250', '113', '233', '404', '598', '2', '546', '698', '206']
['605', '112', '682', '516', '237', '634', '80', '459', '346', '483', '308', '478', '242', '607', '561', '367', '662', '422', '320', '470', '528', '588', '524', '4', '353', '223', '406', '601', '621']
['174', '21', '538', '635', '96', '57', '446', '656', '526', '476', '207', '173', '302', '215', '377', '49', '591', '539', '529', '363', '590', '437', '323', '288', '547', '548', '456', '396', '27', '225']
['29', '168', '389', '264', '395', '103', '47', '497', '413', '408', '243', '642', '303', '227', '439', '373', '349', '645', '297', '338', '131', '260', '490', '162', '576', '16', '571', '458', '67', '504']
['641', '178', '12', '15', '347', '399', '137', '382', '228', '285', '290', '18', '372', '375', '111', '305', '667', '333', '160', '360', '122', '423', '414', '615', '73', '480', '551', '624', '62']
['482', '281', '417', '584', '231', '164', '564', '627', '575', '177', '75', '421', '420', '312', '56', '222', '402', '650', '484', '289', '211', '356']
['197', '121', '23', '307', '450', '465', '98', '560', '509', '345', '181', '442', '106', '186']
['341', '629', '107', '630', '671', '639', '692']
['415', '494', '273', '55', '268', '447', '638', '33', '486', '246', '247', '453', '654', '416', '570', '488', '343', '496', '691', '216', '410', '276', '26', '120', '618', '574', '647', '649', '658', '694']
['110', '663', '425', '542', '385', '378', '340', '507', '109', '151', '543', '313', '512', '50', '424', '263', '558', '291', '220', '280', '676', '188', '681', '361', '226', '683', '93', '84', '20']
['65', '592', '532', '83', '537', '628', '324', '475', '170', '514', '240', '6', '34', '625', '637', '587', '472', '141', '455', '362', '159', '318', '351', '669', '310', '257', '690', '332', '238', '309']
['684', '129', '255', '368', '252', '567', '54', '553', '602', '376', '125', '163', '461', '609', '596', '139', '175', '315', '610', '115', '383', '262', '409', '7', '685', '90', '278', '100', '1', '519']
['95', '143', '535', '578', '69', '499', '431', '648', '102', '689', '274', '271', '92', '501', '536', '328', '153', '134', '467', '523', '357', '145', '386', '597', '696', '304', '198', '510', '652', '99']
['331', '568', '11', '37', '392', '428', '253', '61', '124', '503', '239', '554', '462', '679', '245', '429', '452', '13']
['66', '277', '599', '438', '87', '32', '697', '384', '334', '24', '339', '661', '292', '0', '469', '91', '525', '105', '51', '579', '287', '142', '326', '411', '149', '71', '678', '388', '234', '306']
['657', '132', '668', '270', '248', '296', '157', '114', '94', '201', '204', '427', '3', '293', '193', '613', '405', '118', '412', '192', '213', '136', '522', '355', '251', '365', '156', '298', '511', '166']
['39', '485', '89', '471', '664', '76', '127', '608', '167', '643', '614', '354', '566', '286', '680', '390', '686', '44', '448', '502', '72', '77', '200', '229', '329', '74', '577', '155', '407', '604']
