['367', '449', '404', '120', '839', '396', '243', '674', '135', '654', '591', '562', '785', '226', '304', '700', '681', '3', '84', '148', '634', '781', '433', '825', '887', '615']
['515', '54', '585', '188', '64', '539', '59', '282', '0', '233', '127', '740', '190', '83', '364', '117', '300', '203', '38', '231', '795', '809', '437']
['56', '57', '617', '789', '162', '555', '8', '285', '77', '578', '424', '250', '529', '851', '922', '811', '876', '814', '620', '847', '222', '838', '723']
['292', '774', '505', '791', '2', '885', '338', '184', '554', '177', '482', '927', '528', '368', '561', '327', '991', '380', '755', '61', '557', '319', '353', '499', '317']
['134', '19', '301', '967', '503', '211', '609', '888', '815', '918', '255', '457', '828', '556', '175', '128', '46', '610', '936', '80', '448', '549', '228', '962', '829', '241']
['483', '721', '385', '547', '28', '205', '377', '845', '382', '201', '786', '147', '389', '925', '803', '568', '801', '212', '408', '734', '400', '308', '979', '579']
['261', '290', '262', '992', '532', '369', '45', '321', '940', '900', '737', '813', '360', '410', '713', '325', '295', '440', '252', '793', '531', '659', '397', '376', '932', '417']
['855', '946', '294', '220', '445', '332', '438', '130', '112', '624', '232', '409', '933', '658', '265', '872', '264', '25', '844', '886', '58', '378', '893', '17', '235', '47', '118']
['670', '923', '164', '644', '322', '796', '889', '450', '217', '667', '144', '536', '495', '606', '15', '836', '441', '12', '535', '122', '841', '361', '689', '33']
['196', '741', '866', '307', '522', '214', '229', '461', '166', '246', '287', '907', '34', '599', '407', '463', '695', '22', '129', '274', '98', '953', '878', '669']
['320', '635', '93', '403', '961', '762', '1', '183', '657', '697', '71', '193', '626', '699', '725', '406', '344', '921', '748', '113', '680', '213', '90']
['221', '958', '40', '199', '99', '690', '146', '998', '167', '857', '966', '744', '70', '372', '179', '794', '895', '392', '336', '526', '757', '575', '985', '818', '62', '605']
['488', '950', '348', '101', '401', '474', '976', '485', '573', '249', '55', '780', '521', '993', '276', '875', '374', '645', '882', '879', '29', '589', '354', '88', '870', '343', '709', '977']
['501', '623', '877', '691', '283', '937', '192', '109', '914', '955', '865', '931', '812', '289', '840', '209', '174', '989', '185', '986', '929', '115', '583', '236', '880', '362']
['983', '563', '223', '971', '750', '411', '39', '524', '722', '754', '679', '730', '717', '651', '473', '254', '81', '849', '478', '799', '771', '708', '601', '701', '137']
['863', '507', '647', '906', '980', '728', '152', '642', '773', '580', '413', '257', '176', '97', '964', '170', '996', '988', '862', '959', '673', '819', '50', '919', '777', '339']
['248', '67', '874', '172', '884', '625', '915', '534', '594', '498', '540', '835', '451', '470', '399', '543', '156', '149', '602', '286', '684', '551', '952']
['648', '759', '26', '95', '138', '756', '306', '247', '86', '852', '565', '502', '7', '621', '490', '89', '234', '260', '957', '10', '854', '475', '479', '230', '125']
['541', '487', '698', '832', '87', '423', '182', '938', '827', '587', '279', '347', '820', '386', '997', '973', '597', '719', '731', '802', '632', '173', '743', '525', '790', '394']
['443', '994', '834', '897', '187', '630', '716', '418', '267', '622', '766', '281', '559', '351', '259', '945', '11', '911', '412', '447', '703', '195', '905', '452', '79', '542']
['545', '388', '85', '726', '312', '219', '268', '727', '242', '160', '163', '678', '656', '778', '896', '677', '44', '492', '131', '808', '366', '420', '636', '13', '18']
['42', '291', '963', '611', '111', '208', '859', '598', '108', '256', '373', '439', '288', '788', '904', '916', '569', '718', '391', '746', '371', '913', '23', '381']
['881', '383', '735', '693', '935', '646', '72', '500', '52', '293', '739', '477', '464', '309', '136', '822', '207', '140', '263', '422', '393', '665', '340']
['335', '313', '682', '102', '666', '511', '194', '868', '349', '692', '527', '311', '315', '705', '864', '668', '784', '928', '21', '899', '24', '738', '643', '909', '421']
['272', '227', '523', '576', '96', '119', '614', '567', '581', '258', '995', '956', '506', '341', '732', '419', '817', '537', '767', '512', '720', '965', '76', '189', '520']
['36', '224', '181', '544', '414', '91', '509', '94', '302', '867', '972', '151', '314', '607', '455', '944', '619', '987', '823', '330', '75', '104', '245', '571', '711', '942', '538']
['861', '949', '74', '124', '239', '687', '970', '930', '161', '168', '724', '660', '432', '704', '661', '752', '856', '159', '560', '453', '574', '489', '318', '43', '150']
['216', '772', '390', '273', '270', '153', '253', '275', '901', '603', '428', '577', '552', '334', '902', '333', '981', '35', '435', '920', '860', '402', '513', '676', '761', '787', '837']
['917', '51', '765', '27', '710', '816', '672', '198', '824', '329', '978', '73', '110', '903', '436', '947', '548', '496', '191', '466', '375', '516', '753', '180']
['456', '894', '586', '323', '123', '934', '546', '296', '749', '853', '103', '982', '398', '106', '480', '459', '444', '821', '53', '975', '429', '280', '504', '590']
['652', '566', '593', '497', '655', '618', '873', '763', '858', '612', '460', '782', '951', '826', '225', '649', '355', '5', '305', '954', '640', '342', '650', '69', '92']
['426', '345', '186', '797', '908', '171', '638', '358', '760', '564', '628', '442', '883', '999', '331', '430', '32', '637', '284', '675', '592', '365', '595', '48', '871']
['969', '65', '553', '4', '16', '941', '14', '519', '299', '350', '736', '30', '357', '631', '831', '984', '326', '352', '63', '454', '363', '158', '712', '653']
['633', '356', '696', '446', '82', '530', '715', '468', '570', '514', '415', '476', '215', '518', '776', '60', '974', '960', '833', '427', '431', '533', '629', '379', '558']
['154', '775', '685', '779', '600', '240', '510', '939', '751', '800', '604', '764', '662', '458', '584', '686', '572', '169', '948', '139', '271', '891', '204']
['471', '627', '924', '121', '197', '141', '613', '508', '310', '846', '202', '126', '387', '742', '462', '142', '359', '324', '266', '910', '68', '116', '100', '706', '49', '588', '481']
['20', '683', '486', '157', '702', '494', '641', '869', '238', '467', '769', '384', '484', '472', '596', '277', '132', '616', '714', '251', '297', '842', '745', '912', '145']
['850', '346', '395', '41', '747', '688', '316', '269', '707', '806', '783', '694', '206', '434', '143', '608', '210', '582', '237', '898', '990', '671', '165', '491', '804']
['107', '807', '733', '469', '405', '664', '890', '943', '114', '843', '298', '848', '729', '37', '78', '926', '337', '303', '9', '328', '968', '517', '810', '6']
['792', '550', '768', '155', '178', '798', '663', '133', '66', '425', '830', '370', '639', '278', '218', '416', '105', '758', '892', '493', '200', '244', '31', '465', '805']
['770']
