['471', '100']
['233', '341', '235', '23', '348', '342', '340', '349', '278']
['162']
['479']
['336']
['10']
['101']
['113']
['145']
['119', '110', '61', '196', '312', '329', '481', '33', '34', '35', '111', '112', '399', '408', '441', '62', '63', '122', '230', '480', '60', '96', '98', '259', '320', '328', '398', '473', '474', '261', '357', '416', '462', '489', '67', '130', '141', '142', '305', '322', '359', '411', '417', '438', '472', '118', '214', '316', '366', '382']
['177', '134', '176', '239', '227', '44', '207', '182', '103', '135', '178', '324', '440', '226', '19', '229', '391', '179', '46', '48', '452', '136', '228', '153', '43', '47', '133', '172', '66', '202', '367', '353', '478']
['143']
['109', '311', '424', '236', '80']
['149']
['6']
['157', '30', '186', '39', '185', '187', '298', '302', '303', '358', '448', '455', '37', '102', '159', '291', '293', '458', '31', '94', '156', '310', '461', '36', '188', '299', '381', '290', '104', '175', '332', '373', '232', '280', '297', '419', '423', '459', '144', '283', '350', '372', '414', '484', '164', '284', '319', '5', '121', '285']
['151']
['288', '370', '287', '77', '281', '78', '146', '161', '355', '388', '24', '321', '386', '477', '483', '25', '87', '173', '260', '269', '326', '387', '421', '485', '26', '200', '268', '282', '325', '369', '444', '463', '86', '289', '304', '343', '404', '443', '470', '0', '9', '32', '65', '193', '195', '243', '294', '395', '406', '407']
['165']
['446']
['171']
['174']
['183']
['99', '466']
['184']
['14', '138', '125', '198', '105', '273', '363', '199', '427', '445', '126', '362', '476', '16', '13', '124', '190', '191', '272', '429', '437', '79', '12', '15', '114', '132', '258', '286', '337', '422', '442', '76', '116', '276', '296', '451', '123', '167', '169', '277', '295', '356', '52', '69', '115', '194', '3', '18', '292', '428']
['197']
['213']
['129', '218', '127', '374', '266', '375', '376', '431', '264', '410', '158', '267', '333', '377', '379', '390', '412', '107', '270', '378', '150', '148', '265', '234', '436', '83', '120', '400', '68', '51', '88', '347', '430', '334', '439', '344', '84', '327', '346', '434', '53']
['274']
['220', '315', '306', '192', '384', '383', '425', '486', '147', '313', '330', '338', '392', '394', '90', '393', '40', '166', '402', '360', '426', '42', '137', '385', '403', '475', '351', '487', '468', '488', '108', '209', '318', '467', '7', '317', '457', '401']
['28']
['335']
['64']
['309', '301', '307', '396', '308', '314', '397', '415', '432', '300']
['345']
['245', '247', '21', '29', '447', '73', '246', '262', '154', '203', '449', '72', '74', '482', '131', '248', '4', '20', '201', '205', '224', '249', '75', '225', '361', '1', '70', '223', '256', '389', '22', '89', '331', '97', '240', '95', '323', '368', '2', '8', '38', '409', '155', '263', '464', '418']
['352']
['45', '271', '450']
['380']
['152']
['257', '85', '454', '17', '456']
['168', '208', '49', '59', '221', '460', '50', '252', '222', '160']
['55', '54', '253', '27', '92', '180', '212', '251', '163', '210', '237', '238', '254', '57', '206', '231', '56', '216', '219', '250', '354', '91', '93', '170', '215', '217', '279', '189', '244', '255', '139', '453', '117', '204', '211', '242', '339', '181', '106', '364', '128', '365', '241']
['11', '41', '81']
['275']
['420']
['405', '413', '435', '58', '140', '433', '82']
['465', '371', '469']
['71']
