['232', '187', '283', '72', '245', '117', '183', '188']
['180', '270']
['235', '352', '286', '166']
['209', '179', '151', '202', '199', '150', '342', '81', '38', '306', '346', '4', '298', '219', '155', '362', '18', '64', '297', '257', '178', '182', '353', '198', '98', '105', '258', '66', '138', '75', '127', '226', '87', '54', '214', '118', '287']
['73', '267', '223']
['310', '85', '234', '58', '158', '356', '200']
['256', '348']
['100', '79', '93']
['201', '145', '255', '293', '228', '354', '148', '341', '328', '238', '296', '244', '211', '291', '61', '17', '357', '141', '275', '338', '196', '363', '193', '355', '33']
['266', '262', '42', '208', '49', '65', '277', '347', '340', '36', '15', '96', '322', '295', '47', '153', '154']
['222', '67']
['124', '167', '271', '221', '103', '94', '144', '239', '46', '156', '10', '285', '225', '282', '171', '53', '163', '205', '344', '300', '119', '39', '218', '31', '63', '164', '246', '122', '19', '301', '189', '97', '324', '299', '114', '86', '133', '9', '34', '195', '102', '28', '101', '303', '136', '48']
['7', '250', '56', '70', '27', '336', '217', '237', '220']
['304', '273']
['112', '181', '265', '192', '52', '212', '302', '45', '146', '135', '168', '268', '315', '14', '325', '147', '13', '104', '321', '313', '290', '274', '12']
['350', '288', '337', '351', '229', '82', '312', '319', '177', '92', '68', '272', '0', '314', '60', '240', '132', '278', '116', '207', '227', '335', '170', '43', '343', '76', '137', '326', '263', '210', '152', '186', '77', '139', '318', '307']
['194', '22', '125']
['281', '44', '360', '330', '129', '162', '252', '169', '247', '50', '20', '190', '206', '361', '253', '107', '95', '345', '2', '5', '264', '41', '289', '26', '59']
['172', '176', '316', '23', '130', '106', '358', '74', '327', '78', '99', '128', '30', '149', '55', '249', '40', '292', '143', '109', '259', '120', '329', '123', '339', '216', '224', '276', '254', '80', '90', '126', '311', '279', '203', '134', '89', '8', '317', '332', '197', '121', '110', '185', '204', '261', '191', '333', '35', '91', '21', '69', '184', '294', '248']
['305', '16', '243', '161', '309', '3', '175', '6', '29', '57']
['159', '88', '113', '140', '83', '260', '157', '131']
['108']
['269', '331', '160', '165', '242', '213', '173', '215', '24', '349', '115', '231', '323', '280', '359', '233', '308', '334']
['51', '251', '1', '71', '230', '11', '111', '241', '174', '25', '236', '62', '284', '142', '320', '37', '84', '32']
