['105', '345', '369', '475', '442', '180', '449', '28', '246', '175', '275', '280', '489', '210', '223']
['251', '182', '3', '188', '495', '155', '93', '309', '68', '484', '63', '74', '355', '199', '39', '181']
['61', '207', '292', '109', '308', '439', '184', '297', '422', '114', '316', '143', '62', '224', '48', '290', '78', '169']
['384', '488', '336', '9', '156', '20', '110', '429', '296', '319', '164', '410']
['371', '21', '50', '312', '204', '447', '252', '242', '200', '197', '70', '459', '382', '378', '352', '106', '196', '122', '238', '457']
['285', '92', '230', '186', '80', '412', '67', '361', '11', '209', '66']
['153', '483', '499', '17', '42', '52', '120', '14', '451', '386', '424', '87', '448', '167', '328']
['469', '485', '446', '158', '359', '152', '455', '99', '300', '95', '372', '194', '368', '179']
['73', '403', '229', '379', '315', '0', '218', '31', '271', '160', '37', '183', '299', '236', '496', '256', '244', '468', '377', '326', '282', '141', '281', '190', '479', '128']
['121', '185', '473', '351', '220', '25', '464', '322', '149', '222', '327', '373', '12', '32', '334', '474', '265']
['53', '389', '203', '472', '79', '83', '305', '452', '476', '44', '13', '287', '348', '323', '273', '192', '16', '239', '202']
['216', '411', '213', '339', '170', '385', '138', '405', '325', '303', '471']
['195', '493', '107', '399', '118', '434', '444', '125', '404', '111', '333']
['347', '131', '263', '176', '208', '486', '402', '294', '51', '306', '113', '151', '174', '261', '307', '441']
['392', '65', '425', '97', '177', '267', '421', '331', '335', '2', '463', '420', '47']
['148', '398', '26', '374', '482', '198', '81', '254', '46']
['56', '298', '380', '132', '142', '227', '391', '414', '329', '388', '440', '390', '415', '288']
['43', '381', '338', '45', '480', '494', '370', '272', '212', '491', '27', '59', '133', '387', '344']
['350', '240', '57', '349', '35', '408', '324', '260']
['60', '94', '400', '470', '144', '147', '89', '187', '460', '55', '84', '416', '367', '159', '492', '228', '461', '341', '317', '108', '354', '365', '409', '418', '321']
['277', '397', '7', '49', '383', '248', '36', '201', '268', '54', '438', '104', '428']
['161', '235', '396', '191', '171', '217', '454', '419', '241', '417', '139', '289', '145', '435', '237', '134', '117', '249', '431']
['291', '278', '86', '234', '226', '146', '453', '129', '247', '342', '58', '433', '436', '116', '270', '467', '206', '437', '426', '293', '150', '332']
['193', '255', '140', '450', '98', '69', '154', '375', '157', '318', '311', '477']
['304', '320', '481', '24', '41', '112', '310', '462', '458', '82', '168', '72', '23', '233', '211', '96', '357', '364']
['1', '269', '4', '101', '166', '30', '443', '276', '376', '85', '64', '136', '279', '75', '362', '258', '225', '478']
['71', '250', '88', '76', '497', '245', '366', '124', '356', '301', '215', '173', '393', '40', '407', '18', '123', '262', '214']
['394', '231', '22', '90', '343', '8', '456', '406', '19', '165', '253', '103', '430', '126', '423', '189', '5']
['358', '302', '340', '445', '115', '432', '91', '15', '266', '346', '102', '360', '232', '257', '330', '6', '34', '38', '163', '286', '313', '337', '401', '490', '221', '465']
['178', '314', '274', '172', '100', '10', '259', '219', '77', '427', '137', '413', '295', '466', '283', '130', '284', '135']
['33', '498', '363', '487', '205', '29', '127', '353', '264', '243', '119', '162', '395']
