['aas']
['alc']
['amo']
['aps', 'alu', 'aes', 'akh', 'ars', 'afb', 'asu', 'ahi', 'anz', 'ahn', 'afw', 'ajt', 'akl', 'akm', 'acd', 'ajs', 'aop', 'arc', 'afm', 'asm', 'ald', 'alh', 'aos', 'apc', 'apu', 'aqo', 'adr', 'ajc', 'arr', 'ask', 'akw', 'amc', 'apm', 'ads', 'afy', 'akv', 'aqn', 'ahk']
['aql']
['aad']
['asa']
['aam']
['abq']
['adt']
['alt']
['anp']
['apk']
['aqc']
['aqd']
['arz']
['aap', 'aee', 'anc', 'aks', 'ara', 'aeh', 'aig', 'ahs', 'ant', 'asq', 'adc', 'afa', 'age', 'aal', 'abg', 'aem', 'are', 'abt', 'aco', 'aju', 'amz', 'asj', 'abl', 'acl', 'akk', 'aqv', 'amh', 'apj', 'aat', 'abv', 'ams', 'aoc', 'aay', 'ahc', 'akr', 'aft', 'ajx', 'aew']
['asz']
['atb']
['akt', 'aab', 'aor', 'aey', 'aqe', 'aev', 'als', 'ahr', 'aib', 'asp', 'abe', 'anl', 'app', 'aao', 'ada', 'art', 'agf', 'aii', 'adf', 'adi', 'ahb', 'abx', 'abc', 'acw', 'aqu', 'aaz', 'agy', 'abb', 'ana', 'ajf', 'akj', 'apy', 'ajr', 'aky', 'aau', 'apf', 'aqa', 'aqh']
['aku', 'aok', 'ahg', 'aje', 'agr', 'alr', 'anr', 'acb', 'akq', 'amn', 'ags', 'ajm', 'aca', 'aoz', 'ari', 'acf', 'acp', 'agq', 'aqx', 'adx', 'alz', 'alf', 'amy', 'aoo', 'apg', 'ach', 'adn', 'agh', 'ash', 'afv', 'agz', 'agg', 'aep', 'agj', 'arg', 'aei', 'adl', 'aek']
['ael', 'aot', 'ane', 'aqy', 'akn', 'aou', 'arh', 'aej', 'asv', 'acy', 'ait', 'alk', 'ary', 'anb', 'ajy', 'all', 'asg', 'ass', 'aaf', 'alg', 'aia', 'aeq', 'aae', 'abs', 'adg', 'aiq', 'agc', 'ami', 'ahw', 'ais', 'ark', 'aea', 'acs', 'ajb', 'abz', 'aiv', 'anu', 'aci']
['abi']
['arn', 'aix', 'aru', 'anq', 'amg', 'aiw', 'ahm', 'ajw', 'anj', 'abp', 'amb', 'aqs', 'asr', 'afe', 'aji', 'ajq', 'amj', 'amu', 'aoe', 'aqt', 'abf', 'ajj', 'apq', 'adw', 'aim', 'alj', 'aqz', 'acx', 'ank', 'afg', 'ale', 'aba', 'ado', 'aiu', 'aki', 'alv', 'atf', 'aqk']
['ain']
['ajd']
['ake']
['apn']
['apx']
['arp']
['abd']
['ard', 'ann', 'aoj', 'afk', 'aeo', 'aqw', 'any', 'ago', 'apl', 'aez', 'aeg', 'aff', 'aho', 'ahx', 'asn']
['agm']
['ahf']
['ahu']
['ajo']
['ajk', 'arf', 'arl', 'aac', 'aro', 'aax', 'aex', 'agl', 'aha', 'ahz', 'agi', 'anm', 'atd', 'adz', 'aip', 'aod', 'afh', 'akb', 'abo', 'ahv', 'aic', 'asd', 'aiz', 'asw', 'acz', 'apa', 'adk', 'aiy', 'amf', 'abn', 'aij', 'agt', 'ace', 'arj', 'agw', 'ahy', 'aof', 'aol']
['ajp']
['akx']
['aoi']
['ahh', 'agu', 'aah', 'api', 'abm', 'apv', 'aml', 'apr', 'aar', 'acm', 'ast', 'aqr', 'arv', 'arw', 'aov', 'ahq', 'aqj', 'agd', 'adh', 'aak', 'afs', 'ahe', 'alw', 'aob', 'ase', 'acv', 'amw', 'apd', 'aan', 'asb', 'aby', 'acn', 'aja', 'akg', 'alo', 'abu', 'add', 'anf']
['aoy']
['acj', 'acg', 'aio', 'aeb', 'aef', 'amd', 'arb', 'asf', 'aid', 'adj', 'anh', 'arx', 'ako', 'and', 'aag', 'acc', 'ady', 'amp', 'afi', 'amr', 'apb', 'aqf', 'ang', 'afj', 'amk', 'atc', 'ajh', 'abw', 'arm', 'ate', 'aka', 'ahj', 'ajl', 'alp', 'aph', 'acq', 'agx', 'air']
['asx']
['aaa']
['acr']
['afu', 'agv', 'ali', 'agb', 'ajg', 'aog', 'aqg', 'akd', 'amq', 'ail', 'aly', 'aom', 'aox', 'aqb', 'aqp', 'aai', 'ani', 'asl', 'adm', 'akc', 'asy', 'aed', 'afp', 'ahd', 'ajv', 'anx', 'abh', 'aie', 'ajz', 'akf', 'asc', 'ade', 'aif', 'aln', 'ata', 'afz', 'alb', 'act']
['aso', 'ans', 'aaw', 'amv', 'arq', 'aqq', 'aon', 'ala', 'aaj', 'abk', 'afx', 'alx', 'ape', 'aav', 'afd', 'anv', 'aoq', 'adu', 'afq', 'aht', 'aih', 'akp', 'aoa', 'asi', 'aga', 'ahl', 'amt', 'aqi', 'ame', 'aet', 'agn', 'akz', 'ama', 'aqm', 'ack', 'apt', 'adq', 'afr']
['adb']
['ano', 'apw', 'agp', 'aoh', 'abr', 'aik', 'anw', 'adp', 'alm', 'aen', 'aow', 'afo', 'alq', 'aeu', 'adv', 'amx', 'apo', 'acu', 'aec', 'aaq', 'afc', 'abj', 'afn', 'agk', 'amm', 'aer', 'afl', 'apz', 'ahp', 'ajn']
