['60', '62', '21', '223', '158', '197', '171', '240', '160', '257']
['96', '238']
['174']
['2']
['52']
['84']
['36']
['130', '254', '228', '110', '50', '100', '77', '44']
['70', '124', '267', '247']
['190', '179']
['46']
['47']
['7', '211', '145', '184', '172', '140', '156']
['64']
['215']
['67']
['71', '157', '42', '29', '32', '48', '259', '138']
['0']
['41']
['188', '210', '61', '234', '90', '149', '107', '216', '262']
['186', '31', '232', '236', '249', '86']
['248', '66', '203', '91', '102', '147', '214', '9']
['1']
['10']
['105']
['108']
['22', '24']
['109']
['39', '69', '118', '182', '116']
['11']
['111']
['49', '33']
['220', '5']
['112']
['30', '241', '245', '119', '268', '55', '250']
['114']
['17']
['115']
['152', '196', '204', '261', '154', '189', '45', '150', '167', '209']
['3', '180', '225', '207', '183']
['260', '128', '170', '195', '94', '218', '244', '40', '43', '253']
['206']
['59', '217', '264', '173', '233', '26', '148', '181']
['212', '129', '51', '113', '162', '99', '178']
['104', '251', '155', '252', '14', '131', '92']
['89', '76', '79']
['221', '27', '168', '237', '34', '82', '121', '192', '235']
['117']
['222', '4', '95']
['38', '205', '227', '198', '226', '165', '136', '219', '256']
['23', '125', '191', '106', '161', '255', '73']
['137', '103', '266', '78']
['63', '135']
['12']
['243', '239']
['193', '93']
['269', '187', '141', '265', '20', '146', '75']
['120']
['213', '88', '98', '72', '15', '231']
['122']
['68']
['123']
['126']
['85', '159', '263', '57', '199', '54']
['246', '230', '6', '80', '97', '8', '144', '175']
['127']
['132']
['133']
['25', '28', '200', '35', '13']
['142']
['242', '37', '194', '202', '258', '18', '139', '58', '74']
['229', '177', '208', '83']
['201', '65']
['153']
['16']
['87', '81', '185', '56']
['163']
['164']
['166']
['143', '19', '134', '151', '53', '224', '101', '176']
['169']
