['10']
['108']
['115']
['122']
['129']
['130']
['30']
['133']
['139']
['281']
['142']
['146']
['85', '151', '137', '169', '261', '84', '217', '230', '231', '288', '317', '31', '111', '148', '160']
['166']
['180']
['184']
['196']
['198']
['203']
['212']
['248']
['258']
['271']
['323', '237']
['275']
['46', '396', '106', '177', '202', '262', '78', '210', '352']
['277']
['377', '362', '358', '204', '26', '195', '42']
['283']
['292']
['297']
['32']
['325']
['331']
['55']
['338']
['351']
['37']
['45']
['379']
['399']
['329', '187', '295', '357', '225', '299', '301', '211', '216', '260', '278', '179', '257', '268', '374']
['4']
['172']
['7']
['76']
['80']
['38', '12', '219', '264', '35', '175', '385', '71', '159', '247', '395']
['105']
['107']
['11']
['110']
['308']
['112']
['218']
['120']
['124']
['125']
['126']
['140']
['143']
['144']
['145']
['155']
['161']
['164']
['165']
['17']
['173']
['356', '114', '274']
['178']
['181']
['183']
['185']
['186']
['188']
['192']
['193']
['205']
['208']
['209']
['282', '77', '93', '128', '149', '375', '40', '223', '318', '79', '127', '6', '9', '163', '121', '174']
['21']
['364']
['215']
['117']
['75', '393', '19', '227', '13', '57', '1', '263', '18', '64', '132', '176', '27']
['190', '349', '0', '355', '234', '197', '242', '116', '182', '367', '229', '324', '341', '330']
['220']
['221']
['222']
['332', '253', '49', '69', '168', '259', '267', '194']
['101', '14', '233']
['224']
['23']
['238']
['24']
['226']
['240']
['241']
['244']
['245']
['25']
['250']
['251']
['256']
['270']
['272']
['109']
['273']
['276']
['298']
['279']
['28']
['280']
['285']
['289']
['291']
['294']
['266']
['296']
['354', '154', '213', '340', '191', '170', '118', '48', '60', '200', '239', '73']
['300']
['302']
['305']
['307']
['62', '368', '119', '286', '337', '206', '201', '47']
['326']
['309']
['162', '92', '51', '56', '99', '98', '3', '8', '255', '131', '138', '150', '335', '392', '87']
['311']
['91']
['312']
['313']
['316']
['287', '123', '147', '236', '189', '246', '83']
['319']
['269']
['320']
['322']
['327']
['333']
['336']
['339']
['34']
['232', '100', '104', '207', '249', '310', '380', '265', '328', '303', '158', '290', '390', '113']
['387', '67', '306', '53', '63', '72', '252', '321', '345', '156', '157', '214', '284', '254', '304', '373', '33']
['342']
['343']
['344']
['347']
['348']
['152', '243', '315', '334', '153', '376', '39', '235', '20', '134']
['353']
['359']
['36']
['360']
['361']
['366']
['369']
['136', '96', '141', '171', '228', '2', '314']
['370']
['371']
['372']
['16', '94', '68', '167', '95', '394']
['378']
['381']
['382']
['22', '293']
['383']
['384']
['386']
['388']
['389']
['391']
['397']
['398']
['43']
['44']
['15', '346', '58', '135', '363', '199', '365', '97']
['5']
['50']
['350', '29']
['52']
['54']
['59']
['61']
['65']
['66']
['70']
['74']
['81']
['82']
['86']
['88']
['89']
['90']
['102']
['103']
['41']
