['101']
['220', '68', '86', '223', '46', '248', '180', '47', '97', '59', '66', '6', '51', '167', '62', '80']
['214']
['139']
['141']
['56']
['156']
['21']
['43']
['31']
['133']
['196']
['210']
['230']
['239']
['243']
['60']
['125']
['129']
['149']
['17']
['217']
['24']
['40']
['54']
['71']
['111']
['124']
['131']
['137']
['145']
['16']
['164']
['173']
['18']
['187']
['197']
['211']
['4', '93', '216', '63', '176', '236', '222', '110', '134', '114', '83', '78', '91', '153', '221', '103', '127']
['27']
['41']
['48']
['58']
['75']
['0']
['105']
['154', '70', '89', '151', '123', '102', '3', '159', '69', '7', '215', '99', '39', '45', '237', '225', '208', '77', '104', '219', '88', '118', '207']
['11']
['112']
['115']
['119']
['130']
['136']
['142']
['147']
['150']
['160']
['161']
['165']
['171']
['178']
['188']
['218']
['229']
['242']
['244']
['249']
['35']
['25']
['30']
['42']
['44']
['52']
['53']
['61']
['76']
['98']
['10']
['108']
['113']
['121']
['87', '162', '132', '84', '240', '175', '235', '32']
['135']
['144']
['158']
['169']
['172']
['181']
['183']
['19']
['227', '185', '109', '155', '33', '122', '65', '5', '246', '49', '8', '95', '232', '228', '26', '50', '182', '194', '37', '82', '152', '55', '163', '245', '179', '224', '189', '174', '29', '168']
['190']
['191']
['192']
['198']
['199']
['2']
['201']
['202']
['205']
['212']
['231']
['234']
['28']
['34']
['57']
['81']
['85']
['9']
['92']
['96']
['100']
['106']
['72', '94', '128', '20', '74', '67', '233', '247', '213', '22', '107', '120', '79', '238', '226', '200', '166', '126', '140', '204', '64', '146', '90', '206', '184', '23', '241']
['116']
['117']
['13']
['138']
['14']
['143']
['148']
['15']
['38', '203', '36', '186', '73', '195', '1', '12', '177', '209']
['157']
['170']
['193']
