['337', '441', '361', '7', '351', '404', '282', '239', '49', '143', '194']
['85', '474', '150', '187', '445']
['82', '146', '262', '32']
['280', '48', '302', '477', '191']
['398', '30', '145', '371', '456', '240']
['433', '94', '493', '448', '460']
['63', '131', '93', '71', '230', '374', '436']
['468', '166', '326', '321', '482', '104', '294', '327', '238', '365']
['400', '471', '50', '6', '144', '295']
['344', '3', '186', '375', '51', '224', '77']
['425', '435', '397', '106']
['168']
['74', '293']
['378', '466', '234', '229', '175', '31', '443']
['290', '55', '469', '1']
['127']
['314', '289', '142', '258', '16', '348', '36', '161', '137']
['406', '423', '193', '401', '226', '381', '451', '135', '291', '402', '394', '331', '420', '140', '182', '53', '132', '254', '380']
['318', '421', '90', '334', '218', '95', '279']
['23', '13', '9']
['267', '339', '341', '457', '265', '156', '359', '296', '373', '362', '133', '392', '192', '248', '169', '444', '431', '171', '399', '64']
['45', '345', '176']
['213']
['246', '415', '409', '177']
['418', '269', '110', '395', '446', '8', '393', '174']
['259']
['188', '178']
['197', '101', '411', '315', '167']
['489', '424', '228', '225', '217', '496']
['329', '330', '484', '261']
['256', '370']
['129']
['109', '478', '408']
['141']
['308']
['159']
['452', '383', '115', '164', '310', '369', '160', '367', '464', '499', '207', '190', '434']
['368', '500', '495', '461', '491', '389', '338']
['96', '123', '323', '189']
['384', '47', '244', '428', '20', '212', '255', '342', '139', '57']
['442', '480', '12', '286', '124']
['58']
['458', '328', '249', '358', '385', '103']
['422', '324', '198', '158']
['454']
['180', '322', '195']
['299', '54', '149', '352', '350', '285']
['165']
['357', '426', '475']
['427', '70', '111', '430', '210', '366', '377']
['155', '86', '98', '438', '231', '52']
['59', '497', '105', '349', '447']
['236', '25', '470', '459', '303']
['21']
['170']
['488', '414', '134', '223']
['354', '313']
['11', '147']
['439', '467', '465', '487', '271']
['102', '28', '114', '336', '232', '476', '205', '333', '206', '297']
['183']
['14', '46', '251', '382', '241', '305', '80', '278', '277', '157']
['257', '253', '17', '268', '473', '62', '128', '201', '490', '283', '5', '492', '242', '355']
['403', '179', '22']
['19']
['340', '275', '33', '108', '449']
['481', '284', '215', '219', '396']
['26', '66', '281', '320', '260', '43', '34', '2', '252', '10', '486', '84', '199', '152', '120', '413', '81', '312', '353', '437']
['202']
['347', '304', '319', '72', '203', '125']
['332', '136', '483', '266', '126', '274', '309']
['68', '300', '67', '216']
['235']
['376', '263']
['410']
['343']
['91', '196', '209', '153']
['356']
['162', '107', '35', '472', '245', '306', '264', '463']
['222']
['363', '185', '387', '407', '412', '69', '184']
['220', '432']
['92', '298', '494', '325', '372', '44', '138']
['75']
['4', '76', '56', '360', '97', '307', '405', '24', '204', '311', '292', '498', '172', '117', '148', '122', '200']
['42', '211', '116']
['227']
['181', '208']
['276', '73', '118', '112', '287', '121', '450', '29', '429', '65', '485', '99', '37', '163', '18', '419']
['237']
['40', '88', '27']
['89', '60', '78', '39', '379', '221', '173', '455']
['243']
['317', '316', '273', '288', '15', '462', '119', '453', '130', '391', '440', '417', '233', '479', '214', '250']
['247']
['113', '79']
['272', '364', '386', '151', '87', '100', '61', '38', '416', '346']
['335', '388']
['41', '301', '83', '154', '390']
['270']
