['du', 'jz', 'ad', 'fa', 'de', 'gg', 'jg', 'cn', 'ay', 'kf']
['bs', 'ac', 'fp', 'es', 'u', 'co', 'jt', 'ja', 'ce', 'cv']
['cp', 'gf', 'hq', 'ie', 's', 'i', 'ip', 'm', 'x', 'cs']
['jf', 'cr', 'cb', 'kc', 'hh', 'il', 'gb', 'iw', 'jc', 'ai']
['bj', 'jb', 'cj', 'f', 'v', 'dr', 'ju', 'ba', 'je', 'iv']
['gj', 'iu', 'fm', 'ch', 'in', 'iz', 'fq', 'eh', 'ds', 'ep']
['jy', 'ea', 'ez', 'cm', 'dl', 'az', 'dw', 'kg', 'ex', 'bp']
['ix', 'bg', 'ij', 'gv', 'is', 'hf', 'aw', 'kd', 'g', 'ca']
['hz', 'ek', 'do', 'bn', 'hi', 'hm', 'kb', 'gi', 'ak', 'gw']
['ge', 'am', 'kh', 'ee', 'n', 'kl', 'ha', 'he', 'dc', 'p']
['cl', 'fx', 'hx', 'an', 'cw', 'hb', 'r', 'au', 'fl', 'ke']
['ia', 'bh', 'cf', 'br', 'dm', 'b', 'zz', 'dy', 'l', 'eq']
['dj', 'k', 'ii', 'eg', 'hg', 'gc', 'jw', 'ig', 'cy', 'if']
['hd', 'jj', 'e', 'em', 'ed', 'bk', 'jm', 'ec', 'bl', 'bo']
['a', 'bq', 'ew', 'bv', 'dq', 'en', 'ap', 'gr', 'fz', 'fg']
['bd', 'ab', 'fc', 'ei', 'ka', 'ag', 'gs', 'dp', 'el', 'w']
['jr', 'eu', 'dg', 'bu', 'ib', 'jo', 'jh', 'q', 'gn', 'dz']
['it', 'eb', 'c', 'gh', 'by', 'ih', 'ax', 'gy', 'di', 'd']
['ev', 'dx', 'hw', 'hc', 'gd', 'gm', 'bw', 'ji', 'ck', 'hs']
['gt', 'im', 'dt', 'hu', 'gl', 'cz', 'ey', 'hp', 'as', 'ar']
['fo', 'cg', 'fj', 'kn', 'bc', 'jd', 'fd', 'jx', 'z', 'o']
['hl', 'dh', 'ct', 'ao', 'gz', 'gk', 'bf', 'aq', 'da', 'ef']
['be', 'km', 'ah', 'fb', 'bz', 'cc', 'jk', 'al', 'gx', 'jp']
['kk', 'ir', 'ht', 'gu', 'bm', 'bi', 'bt', 'h', 'bx', 'jl']
['af', 'js', 'fk', 'cd', 'iq', 'ff', 'y', 'dd', 'er', 'jv']
['fr', 'fi', 'dn', 'aj', 'fu', 'db', 'ci', 'ho', 'j', 'eo']
['cx', 'ej', 'jn', 'cu', 'hv', 'hj', 'at', 'ft', 'gq', 'gp']
['io', 'hr', 'dv', 'fv', 'fw', 'fy', 'go', 'df', 'fh', 'fn']
['bb', 'hy', 'ic', 'kj', 't', 'hk', 'ik', 'av', 'et', 'cq']
['jq', 'hn', 'fs', 'ki', 'ae', 'ga', 'dk', 'iy', 'aa', 'fe']
