['J8r', 'I2S', 'HWv', 'kte', 'VCH', '27J', 'iba', 'Itn', 'W8n', '00m', 'EJD', 'oZQ']
['F9o', 'yLV', 'X5a', 'YBr', 'eGG', 'UDc', 'cEk', 'SmS', 'EoI', 'ZFU', 'zEh', '6pB']
['8uz', 'gfv', 'wGp', '3kn', '5jv', '4KN', 'tK7', '6Hl', 'emD', 'wwD', 'Hi0', '5i6']
['PiG', 'nf5', 'vJC', 'qLD', 'zfD', 'euj', 'xxJ', 'PlJ', 'JfN', 'VAV', 'Y2z', 'dLc']
['mUL', 'hdp', 'VZ7', '0ID', 'uGP', 'B99', 'b9f', 'klv', 'hQH', 'cFa', 'TUB', 'Qti']
['NXP', 'nkl', 'ZNv', 'NyP', 'hYw', 'SMj', 'fFJ', '0oy', 'L1u', 'iW8', 'FbA', 'rC8']
['gWT', 'gEU', 'fKV', '17Q', 'Qtt', 'rXN', '28R', 'W2Z', '5qS', 'mLL', 'zgJ', 'JcP']
['Hxo', 'Ns3', 'Fmb', 'Ql9', 'AJT', 'jFu', 'rGT', 'fFE', 'nQv', 'Hyj', 'cmd', '70K']
['Fws']
['v6U', 'gkI', 'lsG', 'bLd', 'j3s', 'qDy', 'gVV', 'nRH', 'c3v', 'OCL', 'hHB', 'slQ']
['b7z', 'AcJ', 'b99', 'BPL', 'jEj', 'Bfu', 'Epk', 'Wmv', '5zB', 'ziA', 'ptf', 'nc0']
['PoH', 'jWX', '5U2', 'ttO', 'SV9', 'YFC', 'ewc', 'D40', 'AHs', 'bA6', 'i9C', 'oSw']
['4gy', 'qPq', 's6M', 'e6S', 'ZY3', '6na', '81k', 'zfK', 'sfk', 'U4K', 'YEe', 'Gu6']
['qkE', 'nqI', 'EJa', 'bDO', 'm5j', 'ISX', 'bAf', 'YUZ', 'X5J', '19T', 'vca', '1RB']
['8VG', 'P8b', 'Jla', '1QY', 'xLA', 'KZy', 'mIe', 'x8V', 'I2i', 'hiF', 'CU9', 'GRw']
['ZQL', 'gTC', 'QhQ', 'xz4', 'jGk', 'Pas', 'gE4', 'VVW', 'e8d', '5Li', 'kYz']
['stN', 'Ihb', 'YMC', 'AKr', 'hct', 'Swe', 'WLk', 'pTi', 'YNK', 'dlb', 'mRG', 'z1H']
['IJ1', 'rmu', 'e8H', '6Ip', 'DoC', 'xqY', '1xS', 'upV', 'D5B', 'USE', 'LiP', 'XMr']
['blA', 'PqY', 'Mvm', 'CYA', '5n5', 'dSZ', 'tEu', 'NGB', 'NqO', 'tfQ', 'Kn8', 'nQj']
['i4H', 'uii', 'aTI', 'KGR', 'JLF', 'N08', 'u1N', 'iiE', 'X9s', 'FzE', 'CwC', 'pf5']
['s3z', 'h3r', 'UPL', 'Z7b', 'H9O', 'tFU', 'Xim', 'Afe', '6ro', 'mFO', '9F9', '2vJ']
['JVP', '1aX', 'cDc', 'a55', 'rMd', 'aLB', 'kT2', 'etm', 'uH4', 'gEp', 'aZv', '8uu']
['1uW', 'lKO', '0RD', 'd60', '0Qs', 'BDE', '0gI', 'dvU', 'x86', '4p5', 'mGb', 'IZQ']
['2UA']
['iS6', 'zTH', 'yAp', 'IU6', '1gc', 'f9z', 'iFt', 'Ke0', 'mcI', 'PJa', 'ULj', 'xx7']
['qmj', 'U0P', 'VPb', 'vyM', 'a4K', 'wqW', 'dNX', 'Jgp', 'iGU', 'h6l', 'G2k', 'JWV']
['LTB', 'uQL', 'rz4', 'oUs', 'ux2']
['kiK', 'PQT', 'SFn', 'H68', 'QEF', 'U0Z', 'VoJ', 'Qa3', '4nb', '69w', 'WXJ', 'n99']
['HkK', 'oSh', 'MQT', 'xpw', 'GpL', 'AK4', 'tKI', 'Ot9', 'rgC', '4Nd', '4fp', 'tm4']
['9NA']
['BV4', 'PPi', 'uZt', 'iTo', 'Tn8', 'ZVF', 'NiX', 'UmG', 'WB2', 'fQ3', 'xRH', 'wgA']
['WLo', 'rYU', 'JYa', 'E2A', '8nm', '9ug', 'txp', '8j5', 'czy', '96X', 'Qyh', 'mLF']
['HvR', 'KS2', 'Eou', 'psG', 'sKX', 'ZxX', 'kZ0', 'btz', 'oPH', '4LY', 'FEQ', 'FkC']
['2mv', 'SiL', 'JyM', 'O2z', 'g08', 's1n', 'XlR', 'Twl', 'XHa', 'GUX', '3QX']
['MrD', 'Zc5', 'QDa', 'uVg', 'oak', 'Hbr', 'KRy', 'MNb', 'tpP', 'u9Q', '6sH', 'W4L']
