['15', '276', '110', '206', '278', '36', '118', '128', '144', '42', '97', '141', '289']
['153', '200', '111', '9', '210', '297', '11', '74', '249', '270', '8', '39', '82', '89', '103']
['102']
['275', '179', '22', '100', '207', '120', '272', '178', '208', '252', '293', '43', '135', '233', '37']
['71', '115', '92', '291', '76', '88', '201', '218', '221', '282', '296', '58', '105', '130', '150']
['183', '17', '31', '47', '113', '197', '7', '40', '109', '265', '273', '298', '59', '64']
['119']
['274', '230', '258', '87', '134', '177', '192', '237', '12', '18', '49', '57', '72', '81']
['124']
['205', '251', '46', '151', '182', '185', '4', '52', '69', '70', '94', '121', '146', '190', '223']
['35', '75', '33', '38', '56', '180', '195', '204', '215', '227', '284', '288', '2', '27', '60']
['132']
['222', '176', '112', '66', '172', '19', '29', '45', '164', '268', '285', '13', '53', '93', '101']
['86', '199', '243', '248', '264', '16', '51', '67', '85', '90', '91', '98', '160', '170', '175']
['143']
['140', '189', '235', '247', '260', '44', '65', '156', '194', '211', '263', '32', '48', '96']
['147']
['245', '131', '161', '238', '139', '290', '25', '202', '24', '41', '73', '83', '257', '20']
['21']
['191', '187', '127', '174', '198', '226', '30', '63', '116', '125', '138', '145', '213', '232', '261']
['254', '154', '216', '61', '80', '148', '152', '169', '188', '228', '240', '287', '295', '1', '3']
['165', '114', '126', '209', '95', '99', '137', '262', '292', '55', '142', '217', '220', '0', '104']
['225', '26', '181', '23', '299']
['242']
['163', '171', '212', '241', '259', '54', '62', '117', '123', '129', '219', '234', '267', '281', '10']
['280', '68', '184', '231', '6', '107', '133', '136', '159', '162', '173', '239', '277', '286', '294']
['158', '250', '253', '271', '168', '155', '157', '50', '78', '149', '106', '196', '244', '246', '28']
['79', '77', '167', '186', '229', '269', '14', '34', '84', '122', '193', '203', '236', '283']
['166', '256', '108', '224', '255', '214', '279', '5']
['266']
