['Caryl', 'Annabela', 'David', 'Chiquia', 'Babs', 'Berri', 'Bobbie', 'Alikee', 'Carri', 'Charleen']
['Aeriel', 'Auroora', 'Betty', 'Annelise', 'Celestine', 'Angela', 'Candra', 'Anabal', 'Charin', 'Carolyn']
['Anastassia', 'Beverie', 'Angil', 'Cammy', 'Caren', 'Berta', 'Bernadine', 'Bamby', 'Binni', 'Bunni']
['Blinnie', 'Alisun', 'Anica', 'Alanah', 'Ardeen', 'Cherrita', 'Aveline', 'Chelsy', 'Anne', 'Caron']
['Abby', 'Carmelita', 'Adorne', 'Caryn', 'Brandie', 'Audy', 'Cassondra', 'Athene', 'Chelsey', 'Barbra']
['Benita', 'Carole', 'Ara', 'Ambur', 'Alejandra', 'Blanche', 'Billie', 'Charmion', 'Alys', 'Blancha']
['Aurore', 'Bibbie', 'Andrea', 'Bobbee', 'Alix', 'Cami', 'Brandy', 'Cheslie', 'Christabella', 'Cassy']
['Avis', 'Aurelea', 'Barbaraanne', 'Calla', 'Arlene', 'Aubrette', 'Anjela', 'Cherilyn', 'Alicea', 'Bridgette']
['Belva', 'Bernardina', 'Belita', 'Christel', 'Ariela', 'Barbey', 'Almeda', 'Aimil', 'Benetta', 'Angelina']
['Casandra', 'Alverta', 'Chanda', 'Carmine', 'Anni', 'Barbabra', 'Caralie', 'Ashlie', 'Beatrice', 'Catherine']
['Arlie', 'Bethany', 'Bunny', 'Asia', 'Arlina', 'Calli', 'Aili', 'Berna', 'Babara']
['Alayne', 'Catlee', 'Allix', 'Cacilia', 'Celestyn', 'Bliss', 'Carina', 'Bill', 'Betti', 'Annamaria']
['Andriana', 'Carrissa', 'Ardene', 'Bobby', 'Annora', 'Bobbye', 'Ashli', 'Alice', 'Brigid', 'Berty']
['Agace', 'Carolina', 'Astrix', 'Annadiane', 'Abra', 'Christye', 'Adoree', 'Berni', 'Austina', 'Anthiathia']
['Brandi']
['Bessy', 'Camel', 'Agatha', 'Candis', 'Brigida', 'Christyna', 'Charlot', 'Angie', 'Cele', 'Bertine']
['Bren', 'Amabel', 'Ada', 'Cal', 'Penny', 'Babbie', 'Ali', 'Alexandrina', 'Cammi', 'Anabelle']
['Bobinette', 'Carena', 'Carlye', 'April', 'Ailene', 'Bert', 'Alyda', 'Catie', 'Charity', 'Bonnee']
['Babette', 'Casie', 'Catriona', 'Brandea', 'Bride', 'Alexi', 'Babita', 'Alexia', 'Betteann', 'Arliene']
['Catharine', 'Andree', 'Bellanca', 'Adelheid', 'Caril', 'Addi', 'Celie', 'Andi', 'Analiese', 'Alvira']
['Bobette', 'Cherye', 'Brier', 'Anallese', 'Bryna', 'Brittaney', 'Caroljean', 'Cathrine', 'Billy', 'Ashlen']
['Angel', 'Bernardine', 'Charyl', 'Annabelle', 'Amanda', 'Babbette', 'Allissa', 'Ardella', 'Ardra', 'Bettine']
['Aubine', 'Cesya', 'Carmel', 'Caro', 'Carlee', 'Cherise', 'Anet', 'Camella', 'Antoinette', 'Christan']
['Anastasia', 'Billi', 'Carlynn', 'Brandise', 'Cody', 'Adelice', 'Augusta', 'Agnola', 'Aile', 'Aliza']
['Anatola', 'Annabel', 'Alie', 'Callida', 'Carlyn', 'Bess', 'Cariotta', 'Amy', 'Athena', 'Catlaina']
['Alysa', 'Christal', 'Chiarra', 'Blythe', 'Bernete', 'Aaren', 'Amargo', 'Alissa', 'Calida', 'Allegra']
