['289', '5', '54', '161', '21', '46', '86', '130', '254', '365', '366', '370', '14', '41', '56', '95', '175', '182', '230', '264', '291', '324', '384', '64', '78', '92', '104', '110', '159', '168']
['142', '268', '152', '311', '79', '153', '277', '302', '385', '399', '419', '1', '16', '39', '73', '119', '131', '150', '187', '203', '218', '249', '258', '272', '279', '300', '343', '348', '376', '409']
['257']
['233', '243', '7', '253', '356', '91', '185', '316', '354', '360', '362', '2', '50', '111', '138', '226', '246', '274', '301', '312', '368', '25', '77', '307', '391', '295', '327', '389', '417', '165']
['139']
['217']
['282']
['371', '196', '193', '197', '303', '313', '325', '344', '357', '361', '369', '387', '406', '44', '61', '76', '97', '171', '204', '213', '256', '317', '321', '329', '45', '135', '136', '154', '208', '229']
['393']
['148']
['306', '262', '33', '127', '358', '108', '237', '340', '386', '71', '346', '404', '407', '9', '186', '222', '261', '12', '43', '69', '284', '309', '11', '57', '94', '190', '209', '51']
['118', '288', '412', '103', '6', '40', '102', '18', '240', '259', '125', '160', '15', '192', '129', '210', '28', '37', '83', '287']
['347', '115', '245', '98', '352', '239', '114', '178', '211', '241', '285', '363', '232', '349', '367', '31', '87', '101', '141', '181', '183', '255', '273', '296', '364', '17', '80', '132', '144']
['42', '35', '247', '276', '297', '304', '398', '411', '413', '416', '20', '137', '170', '188', '191', '242', '283', '310', '319', '410', '100', '128', '140', '151', '173', '199', '212', '216', '224', '238']
['134', '266', '394', '8', '122', '126', '281', '318', '331', '332', '345', '67', '93', '155', '219', '248', '402', '405', '85', '157', '207', '214', '280', '351', '380', '415', '34', '106', '206', '223']
['194']
['236']
['339']
['323']
['353']
['121']
['334', '286', '55', '202', '146', '378', '29', '200', '336', '355', '383', '388', '408', '26', '59', '65', '75', '84', '96', '107', '163', '195', '235', '275', '299', '396', '27', '32', '227']
['13']
['74', '189', '221', '167', '271', '395', '53', '116', '166', '269', '326', '373', '89', '145', '169', '251', '308', '315', '382', '62', '68', '47', '292', '294', '3', '88', '177', '228', '260']
['267', '418', '70', '335', '30', '60', '123', '147', '244', '250', '265', '270', '290', '305', '372', '48', '49', '58', '63', '66', '72', '105', '143', '149', '198', '201', '225', '328', '359']
['381']
['205']
['176', '184', '220', '320', '338', '90', '263', '375', '414', '22', '36', '38', '133', '162', '174', '252', '330', '350', '390', '392', '403', '0', '4', '24', '81', '82', '109', '113', '156', '164']
['215']
['179', '180', '337', '231', '234', '278', '298', '333', '341', '377', '401', '23', '99', '117', '124', '172', '293', '314', '322', '342', '374', '379', '397', '400', '10', '19', '52', '112', '120', '158']
