['105', '120', '194', '200', '237', '356', '121', '122', '123', '124', '125', '126', '195', '196', '197', '198', '199', '236', '355']
['93', '186', '216', '232', '245', '257', '327', '403', '94', '95', '96', '97', '185', '233', '234', '235', '246', '247', '248', '249', '328', '329', '330', '331', '332', '333', '402', '435', '436', '437', '438']
['47', '177', '357', '432', '468', '482', '431', '469', '470', '471', '472', '483', '484', '485', '486', '487']
['63', '209', '258', '287', '380', '395', '460', '64', '65', '66', '67', '68', '69', '259', '260', '261', '262', '263', '381', '382', '383', '384', '385', '386', '387', '394']
['56', '77', '187', '295', '388', '57', '58', '59', '60', '61', '76', '188', '189', '190', '191', '192']
['24', '127', '149', '231', '266', '280', '404', '473', '25', '26', '27', '28', '29', '30', '31', '148', '267', '268', '269', '270', '271', '279', '405', '406', '407', '408', '409', '410', '490', '491', '492', '493', '494']
['8', '32', '92', '114', '141', '170', '319', '7', '115', '116', '117', '140', '169', '184', '358', '359', '360', '361', '362']
['1', '9', '85', '178', '272', '433', '440', '447', '489', '2', '3', '4', '5', '6', '10', '11', '12', '13', '14', '15', '179', '180', '181', '182', '183', '305', '306', '307', '308', '309', '434', '441', '442', '443', '444', '448', '449', '450', '451', '452']
['48', '71', '157', '341', '418', '453', '49', '50', '51', '52', '53', '54', '72', '73', '74', '75', '156', '417']
['17', '98', '158', '164', '320', '349', '363', '379', '461', '18', '19', '20', '21', '159', '160', '161', '162', '163', '321', '322', '323', '324', '325', '348', '378', '462', '463', '464', '465']
['499', '41', '150', '342', '425', '42', '43', '44', '45', '46', '151', '152', '153', '154', '155', '343', '344', '345', '346', '347']
['40', '62', '78', '135', '446', '454', '467', '79', '80', '81', '82', '83', '84', '136', '137', '138', '139', '445', '455', '456', '457', '458', '459', '466']
['106', '201', '251', '296', '364', '389', '107', '108', '109', '110', '111', '202', '203', '204', '205', '206', '207', '208', '250', '297', '298', '299', '300', '301', '302', '365', '366', '367', '368', '369', '390', '391', '392', '393']
['134', '142', '165', '210', '223', '281', '288', '411', '439', '133', '143', '144', '145', '146', '147', '166', '167', '168', '211', '212', '213', '214', '215', '282', '283', '284', '285', '286', '289', '290', '291', '292', '293', '294']
['33', '86', '99', '303', '311', '372', '496', '34', '35', '87', '88', '89', '90', '91', '100', '101', '102', '103', '104', '312', '313', '314', '315', '316', '317', '318', '373', '374', '375', '376', '377', '397', '398', '399', '400', '401', '495']
['113', '310', '326', '335', '419', '112', '336', '337', '338', '339', '340', '420', '421', '422', '423', '424']
['55', '70', '119', '244', '334', '371', '412', '474', '118', '370', '413', '414', '415', '416', '475', '476', '477', '478', '479']
['16', '224', '350', '426', '481', '498', '497', '36', '37', '38', '39', '225', '226', '227', '228', '229', '230', '351', '352', '353', '354', '427', '428', '429', '430', '480']
['0', '23', '128', '171', '217', '238', '252', '273', '304', '396', '488', '22', '129', '130', '131', '132', '172', '173', '174', '175', '176', '218', '219', '220', '221', '222', '239', '240', '241', '242', '243', '253', '254', '255', '256', '274', '275', '276', '277', '278']
['193', '265', '264']
