['364', '34', '80', '81', '78']
['308', '109', '407']
['181']
['7', '259', '423', '424', '421']
['66', '67', '64']
['0']
['191', '310', '190']
['182', '6']
['30', '145', '342', '206', '207']
['224', '62', '96', '233']
['76', '330']
['41', '411', '419']
['395', '396', '393']
['42', '175', '203', '247', '292']
['123', '199', '200', '241', '242']
['107', '275', '278', '106']
['75', '334', '262', '263', '260']
['72', '153', '205', '408', '204']
['231', '349', '283', '284', '388']
['163', '162']
['329']
['56', '167']
['245', '336', '222', '285', '296']
['91', '111']
['23', '146', '251', '302']
['188', '143', '144', '141']
['121', '195', '250', '178', '179']
['112', '257', '409', '410', '281']
['120']
['100']
['370', '288']
['252', '343', '13', '338', '341']
['97']
['147', '26', '37', '219', '293']
['5', '79', '159', '236', '317']
['119', '212', '87', '88', '85']
['306']
['45', '46', '43']
['84', '406', '93', '173', '220']
['300']
['187', '297', '298', '295']
['294', '55', '327', '136', '137']
['322', '19', '331', '390', '122']
['280', '268', '17', '18', '15']
['226', '254', '218', '225', '253']
['44', '82']
['94', '95', '255', '256', '92']
['28', '189', '54', '221']
['125', '209', '383']
['266', '316']
['339', '340', '337']
['208', '264', '129', '130', '127']
['47', '124', '216', '164', '165']
['89', '114', '377', '113']
['27', '369', '290', '291', '134']
['229']
['58', '132', '289', '307']
['150', '151', '374', '375', '148']
['103']
['160', '157', '158', '155', '197']
['63', '315', '371', '115', '116']
['3', '4', '304', '305', '1']
['223', '404']
['161', '313']
['273', '174', '184', '183', '239']
['69', '24', '25', '22']
['420', '131']
['110', '258', '367', '368', '365']
['49', '287', '356']
['380', '379']
['286', '384', '323']
['126', '138', '244', '38', '39']
['360', '361', '358']
['301', '314', '311', '312', '309']
['68', '271', '376', '391', '318']
['154', '16', '202', '389', '386']
['51', '118', '10', '11', '8']
['104']
['21', '48', '135', '152', '198']
['405', '213', '214', '36', '211']
['363', '234', '235', '232', '400']
['385', '279', '303', '185', '186']
['149']
['40']
['33', '215', '422', '192', '193']
['35', '142', '299', '325', '326']
['156']
['65', '335', '387']
['166']
['140', '357', '348', '171', '172']
['168', '128']
['346', '347', '353', '354', '344']
['397', '276', '277', '274']
['272', '101', '102', '99']
['117', '394', '426', '227', '228']
['70', '170', '169']
['2', '31', '32', '270', '29']
['350', '9']
['362']
['14', '321', '52', '53', '50']
['105']
['238', '139', '355', '248', '249']
['196', '86', '90', '324', '269']
['20']
['194', '240', '73', '74', '71']
['399', '413', '61', '416', '417']
['57']
['352', '351']
['83', '401', '412', '59', '60']
['415', '246', '414']
['98']
['392', '373', '382', '267', '372']
['108']
['177', '180', '332', '333', '176']
['378']
['261']
['133', '210', '217', '243', '282']
['320', '398', '418']
['230', '265']
['12', '328', '345', '359', '381']
['77', '237', '366']
['201', '425', '319', '402', '403']
