['380']
['401', '400', '100', '120', '140', '80', '121', '141', '142', '161', '162', '163', '182', '183', '184', '203', '204', '205', '224', '225', '226', '245', '246', '247', '266', '267', '268', '287', '288', '289', '308', '309', '310', '329', '330', '331', '350', '351', '352', '143', '202', '206', '223', '248', '269', '311', '332', '349']
['394', '395', '396', '375', '376', '377', '374']
['260', '280', '300', '240', '281', '301', '302', '320', '321', '322', '323', '342', '343', '344', '363', '364', '365', '261', '324', '341', '345', '362']
['13', '14', '15', '12', '16', '32', '34', '35', '36', '52', '53', '55', '56', '57', '72', '73', '74', '76', '77', '93', '94', '95', '97', '114', '115', '116', '135', '136', '137', '156', '157', '158', '177', '178', '33', '37', '54', '75', '96', '117', '134', '138']
['382', '383', '384']
['418', '419']
['199', '219', '239', '279', '299', '319', '198', '238', '278', '318', '218', '298']
['410', '411']
['180', '200', '220', '160', '201', '221', '222', '241', '242', '243', '262', '263', '264', '283', '284', '285', '304', '305', '306', '325', '326', '327', '346', '347', '348', '181', '244', '265', '282', '286', '303', '307', '328']
['398']
['402', '403', '390', '391', '392', '371', '372', '373', '370']
['408', '409', '39', '59', '79', '78', '98', '58', '19', '99', '179', '259', '339', '381', '385', '389', '393', '397']
['0', '1', '2', '3', '17', '18', '20', '40', '60', '4', '22', '23', '24', '38', '41', '43', '44', '45', '61', '62', '64', '65', '66', '81', '82', '83', '85', '86', '87', '102', '103', '104', '106', '107', '108', '123', '124', '125', '127', '128', '129', '144', '145', '146', '148', '149', '150', '165', '166', '167', '169', '170', '171', '186', '187', '188', '190', '191', '192', '207', '208', '209', '211', '212', '213', '228', '229', '230', '232', '233', '234', '249', '250', '251', '253', '254', '255', '270', '271', '272', '274', '275', '276', '291', '292', '293', '295', '296', '297', '312', '313', '314', '316', '317', '333', '334', '335', '337', '338', '354', '355', '356', '21', '25', '42', '46', '63', '67', '84', '101', '105', '109', '122', '126', '147', '164', '168', '172', '185', '189', '210', '227', '231', '235', '252', '256', '273', '277', '290', '294', '315', '336', '353', '357', '399']
['9', '10', '11', '30', '31', '51', '50']
['340', '360', '361']
['119', '139', '159', '386', '387', '388', '367', '368', '369', '366']
['416', '417', '5', '6', '7', '8', '26', '27', '28', '47', '48', '49', '68', '69', '70', '89', '90', '91', '110', '111', '112', '131', '132', '133', '152', '153', '154', '173', '174', '175', '194', '195', '196', '215', '216', '217', '236', '237', '257', '258', '29', '71', '88', '92', '113', '130', '151', '155', '176', '193', '197', '214']
['414', '415']
['118']
['412', '413', '359', '379', '358', '378']
['404', '405', '406', '407']
