['264', '222', '374', '61', '89', '161', '174', '88', '299', '391', '397', '16', '86', '287', '298', '303', '358', '381', '17', '93', '127', '150', '166', '178']
['290', '176', '210', '249', '260', '321', '324', '355', '389', '4', '8', '11', '26', '33', '109', '160', '194', '213', '217', '225', '232', '273', '275', '280', '311']
['393', '19', '32', '103', '118', '187', '63', '79', '108', '111', '128', '155', '157', '204', '215', '297', '313', '386', '396', '73', '163', '214', '244', '373', '383']
['156']
['181', '234', '253', '337']
['312', '188', '247', '310', '24', '137', '91', '331', '281', '241', '71', '336', '300', '151', '301', '1', '351', '51', '251', '101', '201']
['200', '339', '344', '376', '27', '39', '245', '320', '338', '350', '378', '341', '14', '38', '54', '76', '83', '85', '106', '107', '115', '121', '148', '209', '242']
['342']
['30', '305', '278', '133', '203', '110', '293', '226', '340', '365', '380', '10', '78', '139', '207', '335', '387', '47', '84', '122', '208', '390', '21', '25', '36']
['180', '196', '252', '257', '262', '349', '352', '366', '368', '377', '392', '56', '65', '96', '98', '100', '149', '154', '316', '395', '140', '183', '195', '197', '233']
['0']
['70', '219', '282', '295', '326', '356', '41', '95', '125', '130', '152', '168', '172', '190', '218', '231', '248', '276', '286', '306', '345', '360', '385', '394', '52']
['400', '170', '136', '314', '74', '99', '165', '265', '354', '135', '212', '333', '31', '45', '67', '123', '274', '343', '43', '53', '92', '94', '158', '164', '185']
['199', '81', '77', '113', '131', '169', '254', '258', '261', '294', '369', '388', '9', '120', '141', '144', '146', '193', '198', '272', '291', '296', '308', '362', '367']
['228', '256', '288', '319', '363', '104', '129', '202', '270', '277', '44', '117', '175', '238', '239', '205', '227', '285', '18', '80', '82', '206', '229', '382', '153']
['243', '50', '240', '284', '13', '40', '58', '126', '145', '179', '191', '211', '223', '250', '255', '266', '279', '289', '307', '317', '323', '329', '330', '3', '42']
['304', '332', '315', '348', '357', '29', '34', '48', '68', '75', '116', '134', '138', '142', '302', '309', '334', '361', '28', '46', '60', '72', '105', '292', '318']
['259', '221', '246', '371', '353', '384', '182', '327', '35', '177', '271', '347', '398', '22', '87', '220', '235', '237', '359', '364', '372', '23', '69', '124', '147']
['263', '269', '346', '2', '62', '64', '159', '162', '184', '230', '236', '268', '328', '5', '15', '37', '55', '102', '171', '173', '189', '216', '224', '322']
['192', '325', '143', '375', '59', '66', '132', '267', '370', '7', '12', '20', '57', '112', '119', '186', '283', '379', '399', '6', '49', '90', '97', '114', '167']
