['40', '217', '140', '146', '446', '401', '189', '190', '147', '152', '55', '14', '396', '397', '399', '386', '228', '149', '151', '398', '11123', '141', '1118', '54', '1113', '1114', '447']
['466', '390', '452', '393', '394', '361', '286', '287', '215', '39', '30', '17', '362', '239', '391', '392', '238', '243', '213', '214', '240', '31', '244', '4']
['11129', '461', '425', '395', '382', '264', '148', '122', '25', '456', '458', '460', '349', '346', '347', '150', '153', '121', '457', '269', '119', '123', '124', '343', '463', '120', '5']
['242', '459', '324', '68', '336', '327', '329', '241', '224', '226', '43', '45', '15', '325', '225', '211', '216', '126', '129', '125', '16', '227', '131', '1117', '42', '19', '18']
['191', '178', '116', '71', '63', '408', '342', '11118', '118', '65', '312', '11117', '113', '73', '75', '66', '315', '115', '76', '72', '74']
['341', '280', '205', '112', '84', '436', '379', '380', '117', '85', '381', '11122', '337', '277', '204', '208', '207', '114', '378']
['411', '298', '95', '20', '428', '429', '410', '282', '212', '169', '142', '110', '97', '58', '283', '284', '62', '295', '11127', '11128', '11111', '11112', '57', '285', '219', '109', '60']
['313', '292', '272', '174', '158', '22', '155', '156', '159', '67', '11116', '168', '64', '69', '21', '314', '170', '154', '160']
['273', '427', '430', '416', '419', '220', '221', '223', '181', '414', '415', '417', '418', '385', '389', '198', '201', '171', '173', '166', '270', '222', '218', '197', '200', '387']
['413', '333', '306', '309', '310', '206', '209', '88', '90', '81', '412', '335', '86', '87', '89', '409', '330', '11119', '11120', '332']
['354', '279', '435', '404', '406', '407', '288', '290', '275', '29', '443', '366', '367', '293', '271', '369', '370', '34', '368']
['444', '426', '268', '371', '300', '266', '196', '199', '304', '180', '177', '179', '1119', '11110', '431', '11124', '176']
['202', '441', '299', '132', '440', '103', '438', '439', '442', '11125', '11126', '297', '104', '11113', '11114', '46', '449']
['383', '48', '422', '254', '234', '44', '27', '424', '253', '255', '134', '138', '56', '59', '47', '35', '36', '257', '11115', '237', '135', '61', '232', '236', '136', '41', '37', '2']
['345', '305', '133', '32', '24', '344', '302', '245', '247', '137', '106', '111', '23', '105', '108', '301', '1']
['462', '334', '294', '38', '464', '467', '372', '323', '175', '376', '321', '465', '374', '319', '296']
['167', '107', '384', '365', '210', '402', '92', '388', '233', '91', '96', '93', '94', '1115', '1116', '1112', '26', '1111', '0']
['448', '139', '405', '317', '311', '289', '172', '52', '403', '364', '338', '340', '308', '291', '51', '360', '11121', '339', '363', '49']
['400', '348', '322', '351', '276', '281', '28', '33', '352', '331', '278', '230', '184', '145', '186', '188', '143', '229', '144', '182']
['307', '320', '260', '183', '130', '450', '453', '445', '267', '259', '454', '455', '262', '263', '235', '192', '193', '195', '185', '187', '451', '265', '231', '128', '318', '194', '258', '3']
['316', '157', '421', '357', '303', '248', '127', '79', '433', '434', '437', '423', '359', '246', '249', '82', '83', '432', '251', '77', '78', '420', '250', '80', '6']
['274', '377', '328', '203', '358', '261', '163', '70', '7', '373', '375', '355', '356', '50', '53', '8', '10', '11', '162', '9', '13', '165', '164', '12']
['326', '256', '353', '161', '98', '350', '252', '99', '100', '102', '101']
