['LLX', 'SUQ', 'HUN', 'YER', 'XHQ', 'JXZ', 'PTX', 'KLV', 'VRD', 'TBN', 'FKU', 'IUY', 'PAX', 'KJN', 'NDJ', 'PON', 'VMW', 'RYE', 'JKL', 'CGQ', 'MMS', 'IDO', 'BIN', 'YSM', 'GGA']
['NDB', 'GXJ', 'IAM', 'KSW', 'RIX', 'YSP', 'DFW', 'RYA', 'FQC', 'IKB', 'WIF', 'HHK', 'ELJ', 'HZF', 'ROL', 'KZQ', 'JII', 'PGO', 'TDJ', 'JME', 'QAM', 'NHA', 'IFU', 'RZW', 'FTI']
['JMO', 'SCK', 'YAR', 'HPV', 'QZB', 'OON', 'WSD', 'MSE', 'SYQ', 'RNM', 'ALL', 'MUL', 'QNG', 'XVF', 'NXU', 'NFI', 'UOM', 'QDB', 'QBJ', 'EEA', 'JZY', 'MAC', 'BFH', 'KLZ', 'CEY']
['LXJ', 'ZPA', 'POJ', 'JMT', 'DRX', 'GUT', 'KNO', 'VMJ', 'SQS', 'NQL', 'ACJ', 'SFD', 'SFJ', 'DCZ', 'SUP', 'JDC', 'LMU', 'KNZ', 'ZFU', 'DOT', 'ABC', 'WUI', 'KLS', 'JTZ', 'DYU']
['OVZ', 'TUK', 'XIY', 'PKK', 'MWQ', 'TFN', 'WYK', 'UHU', 'TQB', 'GPL', 'ZQN', 'XEN', 'JJB', 'XPW', 'YKR', 'EBY', 'CZB', 'SQR', 'ZKY', 'FPR', 'MBZ', 'LWH', 'DMP', 'WCB', 'YKH']
['WJS', 'BZI', 'EAA', 'YYU', 'WWL', 'QLI', 'BTJ', 'CHR', 'LZE', 'FHI', 'EKJ', 'PIL', 'HJA', 'OXU', 'QVI', 'YYC', 'ALG', 'GEF', 'HIG', 'YKF', 'CFP', 'DWU', 'AQN', 'RIA', 'QQN']
['FSW', 'FEV', 'VTH', 'SNS', 'AUL', 'LOQ', 'PZA', 'FXX', 'NWB', 'ESU', 'FPT', 'VXB', 'DHT', 'IKN', 'YOA', 'MCI', 'HCD', 'DNE', 'HYW', 'NUG', 'ZGL', 'FXI', 'TFT', 'DXK', 'ZFK']
['MJV', 'KDV', 'QTJ', 'CXP', 'GUN', 'UTL', 'IYH', 'DTW', 'EWG', 'EDD', 'NJD', 'MIE', 'OZT', 'WZL', 'EOF', 'LZI', 'TMR', 'RNU', 'FMU', 'ELO', 'RSG', 'SRP', 'UZU', 'CCY', 'EBB']
['YTQ', 'CRF', 'XXQ', 'SUT', 'EPR', 'IPK', 'BDX', 'YKQ', 'GGM', 'KUO', 'OEN', 'DAW', 'XJW', 'RDG', 'HBC', 'UGW', 'YVQ', 'GUQ', 'XQI', 'IYD', 'DAT', 'FWA', 'SNM', 'LBW', 'UKO']
['BCW', 'LWA', 'ZCF', 'YYG', 'PME', 'XDE', 'LTC', 'KVD', 'KMD', 'MYN', 'ZJU', 'KXZ', 'AYK', 'WLU', 'FWB', 'TBT', 'HXZ', 'FTE', 'TFQ', 'ZNQ', 'NOP', 'DZR', 'XVQ', 'TVY', 'AGI']
['WKY', 'ZRO', 'WHJ', 'ITN', 'LJA', 'RXD', 'YHX', 'LHQ', 'ZFO', 'DMN', 'MLH', 'YPX', 'GLR', 'HQB', 'WWT', 'YSD', 'WED', 'TGW', 'MSC', 'ZBU', 'GPH', 'ACP', 'NPS', 'OII', 'SGO']
['GYM', 'IIT', 'THJ', 'DMH', 'CIH', 'WER', 'MVB', 'TSS', 'NGH', 'KLM', 'JHO', 'XNY', 'ASO', 'PAS', 'MJR', 'BEQ', 'FWN', 'CAO', 'HNC', 'IPV', 'PYK', 'NLI', 'VZX', 'QRE', 'JZV']
['SDF', 'QIB', 'UIO', 'DJA', 'TGH', 'VFM', 'UCH', 'ARM', 'TVZ', 'UZY', 'SFK', 'CDZ', 'YWW', 'ALI', 'GSB', 'OHR', 'ARV', 'QTR', 'AWX', 'KAJ', 'FCJ', 'CYA', 'PDU', 'YDT', 'MIN']
['KVY', 'IUE', 'RBJ', 'XKQ', 'CNU', 'QLH', 'CGD', 'OLD', 'INO', 'JSL', 'RJS', 'CUZ', 'UKF', 'QFE', 'RKH', 'XEO', 'GFL', 'NXI', 'AMV', 'BBZ', 'GUR', 'IDJ', 'BCI', 'UMO', 'SDH']
['PAU', 'WGY', 'LHD', 'EUK', 'TLC', 'YEN', 'SNW', 'EZU', 'KMP', 'CFJ', 'PJW', 'WDF', 'HPH', 'QJK', 'AJB', 'NDI', 'MUO', 'GUE', 'WJI', 'HGD', 'QTQ', 'MOH', 'KEQ', 'SCS', 'OCI']
['YNR', 'NSI', 'IPG', 'ULP', 'RUR', 'POR', 'GBL', 'HXF', 'FJL', 'IPY', 'BHL', 'YUG', 'YLS', 'VWR', 'ONX', 'NGI', 'EBA', 'CHA', 'HTW', 'PVQ', 'JUQ', 'FTL', 'FJH', 'VWX', 'NTW']
['JVR', 'BJR', 'FDS', 'WCD', 'PBP', 'QMI', 'NNG', 'TKB', 'JOQ', 'DTU', 'TMD', 'IEK', 'IQJ', 'PGE', 'QIK', 'JXM', 'IKW', 'SCZ', 'AHE', 'EQX', 'SFB', 'WTX', 'SMM', 'YYJ', 'TWL']
['APD', 'QYA', 'BRY', 'AIM', 'IIY', 'UDD', 'ODG', 'SGT', 'POC', 'YDL', 'PCL', 'LUT', 'LGP', 'UNW', 'MUV', 'JWQ', 'SRB', 'XCX', 'WMY', 'UHE', 'MVS', 'GWT', 'ZBF', 'SCX', 'CJB']
['TQM', 'UEN', 'MZP', 'ECG', 'RKO', 'GMF', 'QCJ', 'HMT', 'LZP', 'OFJ', 'RYT', 'XRV', 'UFK', 'XFW', 'MLN', 'RUP', 'MED', 'FXH', 'CDW', 'AYJ', 'VYF', 'ZCY', 'JZA', 'AZD', 'SAQ']
['GGP', 'XOE', 'MNB', 'ZIT', 'JGS', 'IFO', 'QEP', 'YTR', 'FOW', 'RSJ', 'VCY', 'FUR', 'PVS', 'NLS', 'FOD', 'DTS', 'PMO', 'VAC', 'BLK', 'HGF', 'VQR', 'FCU', 'EDP', 'XWK', 'VFV']
