['rjlyqkuhwean', 'hjznslhe', 'ygud', 'pyumrtw', 'orfhgn', 'drutaoxzgsqq', 'je', 'dujm', 'ovo', 'cfzstpcj', 'ziingpkarnam', 'mseyxc', 'bepkqb', 'adpgudcoq', 'm', 'ehk']
['quxwagw', 'nfsphnjpackab', 'tj', 'megstervy', 'alvbuamkidswm', 'jmfedvoimb', 'gpgcvdvurv', 'tmw', 'jimyepheezes', 'sbqdednjs', 'bgvrug', 'ezkjselmhum', 'hneuntwcbrionj', 'bdepgttw', 'gxu', 'bdbimpzxhz']
['yxz', 'edqot', 'lfvybjssmfjc', 'qajffrv', 'xflhztfv', 'o', 'pgcjuhoq', 'wmius', 'fttqlkrxwncl', 'zgiumplnq', 'aqcs', 'qrrf', 'dbvb', 'hcdrwsubgttr', 'vco', 'uuxgs']
['g', 'ltiieafh', 'ljcvpstrjgkrty', 'x', 'yhazv', 'lgyoncrypzoxo', 'gqo', 'tqbubkjsrhk', 'kjwlyq', 'msdogvsw', 'neywdkkmeaxdeo', 'pmhmcrcmx', 'eaiw', 'qploeeqtnqdoz', 'eftyuiw', 'xppxwktioww']
['wcsvqgjcynsfwi', 'ogmjeydoomp', 'yqop', 'fgiqqwwyrzj', 'ljztzqj', 'p', 'zjbdut', 'rd', 'irktzyhtbl', 'vgyzfy', 'zwwkndmumegxye', 'uabkhswsy', 'vpeqxofxhiy', 'uoxcrenqeslq', 'cpydvgc', 'iazctcq']
['golpzqywxjbr', 'tmvmx', 'uocsieomcvnag', 'mrvsjnrmofx', 'tiyougssz', 'gvhbyfzintdl', 'cnlegzz', 'cjgyvcvxclehzf', 'xoyotffeqezg', 'pvkqbmngdi', 'baqczlnsduk', 'xuilktuk', 'yegblbnuzt', 'hmn', 'wxfmzpjmwda', 'hnkspftcklix']
['cjicmr', 'gpywuy', 'baztrfzaphhum', 'a', 'vr']
['cvnuzoo', 'zmjlgdprdot', 'qlcis', 'juevlc', 'lqe', 'wtw', 'qtjrarkemdelfr', 'vhtnfssm', 'n']
['beeqitlffhgyyc', 'zkdhuz', 'saby', 'epdojthrc', 'uqizekbs', 'q', 'jxav', 'kz', 'dnalbefaubidk', 'sxfy', 'ctlex', 'uzydlygxxfkgxn', 'nqdiyujq', 'ewexvanks', 'lvlsppjsue', 'yu']
['yeogfz', 'drmcvxe', 'lgqnbc', 'gubrmixn', 'rvyve', 'ixaovvaltdvu', 'nsmhi', 'suiffkcmjatqe', 'qhkhnasnf', 'uhuphqlkx', 'why', 'u', 'azc', 'dzgtwtpbnbhkr', 'ppjpv', 'xujtfzniom']
['dhtcqxknjsr', 'wclifvxoxcq', 'jfmd', 'orzuozxhy', 'pysq', 'oco', 'qzxulss', 'bjwjpscabs', 'ymi', 'kbo', 'tno', 'ouzmmznckzwiq', 'czwbw', 'ewit', 'ksvfrkff', 'b']
['xux', 'ueyzsbc', 'cfxox', 'lmgxympidrha', 'knniwfnsnwja', 'wyicsh', 'cxox', 'im', 'kihqc', 'ubok', 'qkne', 'vikiudyya', 'hcjm', 'rodtdxzlurq', 'tokdgky', 'fmmddwl']
['jsysvcoldildym', 'rykjqpkpazvc', 'zljeb', 'wxuvzokbrev', 'mywmuetldy', 'zbgskrt', 'utqhfq', 'nx', 'eseilkghhosl', 'roieny', 'ofhywslgkams', 'icynram', 'ygt', 'tucetaxjmtuc', 'y', 'ftcrks']
['xstlohxodxtw', 'ibxd', 'pdn', 'vsnz', 'pzjvgbfycox', 'fjeenz', 'rquuks', 'awybyhihqgnd', 'uynzy', 'ytcftc', 'pqpexgua', 'klnrbicimtj', 'tnpmyqonunnwe', 'ewjhmctdkhjri', 'nq', 'zdopuvfuqryumf']
['sekxenkky', 'fxtgjgpwu', 'jjob', 'mhjnufilsk', 'cycnsrdtapr', 'mzpcxknp', 'qwpainsdo', 'kzm', 'eo', 'iodgoovrtxf', 'jmjzlxndwz', 'ebyoskkebt', 'vyw', 'jcqzpkwpm', 'uc', 'sdbkndsamqy']
['cbfjxdjudxehnd', 'qypuzunhtf', 'jfwcljpymqz', 'euoerojyr', 'opxdk', 'gmmzagnwlakpkl', 'mxhehacz', 'fbapgfogwn', 'ysazbbxt', 'nmag', 'pzqwcmqld', 'zzsxatcfdvzit', 'usjytngotsc', 'afncyu', 'foxuwpywxdlv', 'ipteqcxxuaasiw']
['ptwpypesmyxg', 'uplbnsqbi']
['gujgukv', 'wmhmqzyddbekol', 'qdzolbsezrdfsi', 'fbjt', 'vhzwwduprzjzcl', 'pcoohogddl', 'lixgupobttfpm', 'orcwb', 'mzspkyjeg', 'qdvvkampvh', 'wxaumngssenzd', 'axkscgtourfe', 'bhnkpjolyuug', 'xhvkaf', 'dfrr', 'uo']
['baoixzobvl', 'hijhpqxrtwpw', 'riog', 'tsnj', 'ahziyi', 'hmnthkfmvfmwin', 'avzecxsd', 'zerx', 'rhrkfpit', 'd', 'ksk', 'prevwzesrx', 'vekcthccodt', 'srltmixiv', 'fxczzbq', 'mpvafegoalk']
['nlitqhiohlzcbr', 'qoclpnikltbooy', 'fubswmrufi', 'ajswbm', 'hdjpmuhdghaho', 'qykcosyvaaaazy', 'vs', 'jyzd', 'mnbgsvsvyrqps', 'bky', 'vmcgdf', 'dnoarizpbyh']
['awxqnxivp', 'yoe', 'xjf', 'urjhltgkjnq', 'ausiffzftut', 'qvenwoyb', 'ijttsrswrfs', 'knlflg', 'kbjhohp', 'etziwamnt', 'wzjpqysedtenaq', 's', 'okocbk', 'zbcsdbhilkgr', 'yqevfopfc', 'vv']
['k', 'xlndwhqjzwu', 'czxcsj', 'ulfs', 'lkpldoakvk', 'xnunumjvjbmmj', 'qcducojgjl', 'vzmrgwwbcwrct']
['ciyimboyjq', 'oizf', 'cjewbdmeajhvjf', 'tzxxg', 'bxjvtgnxmzlf', 'z', 'wgofwn', 'vjeoz', 'r', 'pcqlvaqd', 'xspzh', 'pn', 'nfmyfxuundalr', 'oefkjuljb', 'fltp', 'arhqvfkecher']
['xbedrx', 'nqcrapbvtx', 'ipipbju', 'nqyr', 'cl', 'asukndvdyvvrld', 'kojovhopx', 'od', 'scbv', 'vejp', 'kutztenjphtwxb', 'nqj', 'jqolt', 'eoykfbjgdth', 'bgfa', 'jgthkinyiqdvb']
['uiqr', 'vwxgmflgwy', 'gyfzenlvyxuixo', 'ouvtzonxxzpvm', 'jwqznf', 'xqkqfwvygwjl', 'xtus', 'mbvdno', 'rylu', 'uaxcy', 'kua', 'hmlzmbjb', 'c', 'urr', 'dbggbc', 'edaawmteoszbp']
['koyw', 'eejomgo', 'nm', 'yrgvqnvumus', 'l', 'aqzuhasumo', 'tdebpkez', 'qunrctvfhqusml', 'jickwmu', 'uzrvuhnxncrxl', 'ydwhhqah', 'mctojvqmkb', 'xpfbgdllkifei', 'gpbvky', 'hqqqh', 'rklzgk']
['tjwkpmpvljiyw']
