['43']
['155', '154', '90', '92', '91', '88', '156', '306', '175', '173', '172', '171', '170', '169', '168', '167', '166', '165', '164', '163', '162', '161', '160', '159', '158', '157', '109', '108', '107', '106', '105', '104', '103', '102', '101', '100', '99', '97', '96', '95', '94', '93', '89']
['440']
['396']
['221', '220', '222', '241', '240', '239', '238', '237', '236', '235', '234', '233', '232', '231', '230', '229', '228', '227', '226', '225', '224', '223', '130', '129', '128', '127', '126', '125', '124', '123', '122', '121', '120', '119', '118', '117', '116', '115', '114', '98', '87', '86']
['286', '330', '331', '287', '73', '461', '351', '350', '349', '348', '347', '346', '345', '344', '343', '342', '341', '340', '339', '338', '337', '336', '335', '334', '333', '332', '305', '304', '303', '302', '301', '300', '299', '298', '297', '296', '295', '294', '293', '292', '291', '290', '289']
['199', '198', '219', '218', '217', '216', '215', '214', '213', '212', '211', '210', '209', '208', '207', '206', '205', '204', '203', '202', '201', '200', '50', '49', '42', '41', '40', '39', '38', '37', '36', '35', '34', '33', '32', '27', '22', '18', '17', '16', '15', '13']
['374', '69', '375', '71', '66', '72', '70', '68', '67', '394', '393', '392', '391', '390', '389', '388', '387', '386', '385', '384', '383', '382', '381', '380', '379', '378', '377', '376', '372', '368', '367', '366', '365', '364', '363', '362', '361', '360', '359', '358', '357', '356', '355']
['418', '419', '438', '436', '435', '434', '433', '432', '431', '430', '429', '428', '427', '426', '425', '424', '423', '422', '421', '420', '417', '415', '414', '413', '412', '411', '409', '408', '407', '406', '405', '404', '403', '402', '401', '400', '399', '398', '373', '371', '370', '369']
['462']
['24']
['132', '134', '133', '135', '458', '454', '453', '452', '451', '450', '449', '448', '447', '446', '445', '444', '443', '442', '441', '439', '437', '416', '395', '329', '327', '326', '324', '257', '247', '244', '174', '153', '152', '151', '150', '149', '148', '147', '146', '144', '143', '142', '141']
['352']
['12', '11', '10', '9', '7', '6', '2', '1']
['176', '177', '29', '26', '23', '31', '28', '25', '30', '196', '195', '194', '193', '192', '191', '190', '189', '188', '187', '186', '185', '184', '183', '182', '181', '180', '179', '178', '140', '139', '85', '84', '82', '81', '80', '79', '78', '77', '76', '74', '65']
['243', '47', '44', '19', '353', '48', '46', '20', '5', '3', '45', '21', '14', '8', '4', '0', '482', '481', '480', '479', '478', '477', '476', '475', '474', '473', '472', '471', '470', '469', '468', '467', '466', '465', '464', '463', '460', '459', '457', '456', '455']
['75']
['242']
['354']
['308', '112', '309', '113', '110', '397', '111', '410', '328', '325', '323', '322', '321', '320', '319', '318', '317', '316', '315', '314', '313', '312', '311', '310', '307', '288', '263', '262', '261', '260', '259', '258', '256', '255', '254', '253', '252', '251', '250', '249', '248', '246', '245']
['483']
['264', '265', '266', '285', '284', '283', '282', '281', '280', '279', '278', '277', '276', '275', '274', '273', '272', '271', '270', '269', '268', '267', '197', '145', '138', '137', '136', '131', '83', '64', '63', '62', '61', '60', '59', '58', '57', '56', '55', '54', '53', '52', '51']
