['211']
['106', '131', '140', '303', '480', '478', '287', '321', '385', '438', '133', '160', '15', '17', '62', '487']
['249', '59', '165', '336']
['365']
['69', '238', '94', '128', '446', '497']
['376']
['467']
['70', '18', '269', '186', '355', '444', '302']
['26', '89', '383', '346', '293']
['48']
['50']
['298', '75', '380', '227', '386', '331', '266', '442', '310', '406']
['159', '55', '328', '341', '397', '132', '189', '258']
['171']
['10', '314', '31', '396', '399', '477', '229', '241', '381', '401', '285']
['177']
['351', '496', '286', '53', '64', '167', '253', '394', '485', '384']
['223']
['312', '22', '373', '275', '0', '138', '146', '228', '429', '463', '389', '196', '263', '371']
['297', '182', '270', '109', '176', '357']
['475', '493', '129', '208', '271', '491', '191', '42', '242', '96', '215', '327', '36', '311', '419', '466', '490', '188', '460', '455']
['45']
['155', '156', '452', '470']
['232']
['206', '120', '181', '281', '375', '486', '370', '410']
['414', '262', '267', '6', '39', '479', '34', '151', '317', '322', '105', '353', '28', '235', '482', '350', '400']
['358', '356', '402', '451', '291', '484']
['250', '37', '79', '243', '426', '465', '388', '456', '144', '213']
['170', '449', '1', '80', '161', '145', '237', '284', '84']
['244', '315', '124', '203', '61', '8', '308']
['279']
['7']
['329', '222', '260', '2', '197', '264', '415', '316', '210', '448', '481', '283', '342', '413']
['52', '78', '200', '468', '100', '23', '91', '472', '4', '74']
['103', '348', '278', '359', '445', '282', '403']
['424', '47', '81', '441', '121', '395', '3', '277', '30', '76']
['101', '41', '88', '38', '319', '378']
['292']
['364']
['194', '169', '219', '304', '251', '147', '307']
['115', '330', '457', '11']
['387']
['83', '431']
['473', '209', '398', '294', '172', '216', '305', '274', '391', '354', '272', '343']
['392']
['256']
['407']
['427']
['97']
['404']
['428']
['323', '333']
['125', '168', '205', '434', '21', '60', '246', '340']
['43']
['225', '231', '13', '119', '139', '199', '252', '19', '143', '469']
['432']
['498', '49', '476']
['46']
['65']
['12', '111', '366', '33', '492', '290']
['408']
['374', '453']
['461']
['148', '102', '247', '90', '202']
['127']
['136']
['14']
['104']
['190', '240', '166', '24', '344', '114', '224', '416', '66', '443']
['433']
['118', '459', '436', '58']
['141']
['180', '212', '261', '313', '113', '257', '134', '464', '417', '116', '363', '123']
['430', '352']
['157']
['158']
['163']
['273', '218', '187', '320', '425']
['54', '162', '56', '255', '40', '412', '423', '372', '440', '450', '5', '288', '254']
['183']
['185']
['221']
['226']
['149']
['51', '204', '107', '198', '393', '447', '220', '179', '458', '29', '152', '195', '268', '173', '68', '233', '309', '318', '362']
['77', '44', '489', '411', '86', '483']
['437', '85', '289', '345']
['137', '239', '117', '299', '35', '462', '338', '495', '82', '474', '135']
['409', '236', '325', '471', '207', '326', '349', '9', '16', '95', '347', '454', '214', '110', '420', '25', '301', '184', '126', '280', '72', '178', '377', '276']
['245']
['248']
['130', '175', '150', '361', '154', '360', '108', '435', '217', '422', '296']
['32', '63', '192', '367', '98', '122', '494', '439', '418', '339', '335']
['369', '174', '259', '112']
['67', '382', '390', '295', '488']
['265']
['193', '379', '421', '164', '306', '99', '300', '337', '20', '73', '405', '499']
['87']
['57', '142', '324', '332', '71', '153', '201', '334', '368', '92', '27', '230', '93', '234']
