['496', '483', '328', '296', '113', '316', '243', '252', '377', '245', '365', '44', '242', '255', '287', '38', '206', '212', '369', '86', '101', '225', '241', '285', '290', '370', '378', '40', '95', '121']
['467', '484', '292', '154', '3', '162', '226', '237', '228', '229', '60', '43', '58', '231', '300', '327', '42', '61', '159', '309', '317', '323', '373', '0', '12', '223', '234', '238', '269', '310']
['471', '489', '472', '481', '89', '132', '131', '88', '357', '148', '84', '108', '213', '353', '27', '112', '59', '248', '87', '114', '355', '356', '26', '73', '98', '203', '215', '288', '291']
['134']
['476', '24', '91', '17', '182', '339', '19', '14', '21', '176', '15', '18', '23', '92', '106', '7', '39', '45', '70', '85', '173', '174', '179', '194', '196', '200', '279', '351', '4', '37']
['276']
['492', '460', '469', '475', '479', '136', '123', '135', '57', '64', '128', '144', '326', '13', '169', '171', '240', '250', '30', '343', '137', '142', '170', '178', '197', '201', '249', '253', '319']
['468', '493', '247', '251', '244', '434', '426', '422', '385', '399', '405', '423', '433', '424', '432', '448', '421', '390', '441', '387', '456', '450', '455', '451', '435', '395', '392', '443', '382', '410']
['487']
['466']
['473']
['482', '314', '111', '260', '118', '342', '116', '367', '160', '259', '275', '360', '372', '187', '210', '211', '222', '236', '46', '205', '282', '324', '366', '195', '232', '375', '11', '214', '315', '221']
['499', '307', '183', '99', '199', '294', '340', '208', '220', '218', '389', '393', '418', '425', '429', '458', '452', '416', '420', '453', '436', '394', '401', '442', '388', '402', '383', '431', '454', '419']
['464', '490', '497', '289', '277', '298', '306', '299', '305', '313', '293', '302', '308', '346', '177', '227', '230', '233', '278', '283', '304', '311', '320', '371', '133', '156', '204', '209', '217', '284']
['498', '470', '32', '28', '379', '352', '82', '129', '273', '361', '8', '180', '341', '175', '185', '318', '368', '376', '165', '216', '239', '263', '325', '345', '6', '33', '36', '74', '184', '192']
['485']
['494', '465', '56', '51', '103', '50', '167', '49', '54', '168', '246', '100', '153', '161', '189', '286', '71', '94', '281', '93', '104', '76', '79', '297', '1', '2', '5', '10', '16', '75']
['462', '130', '152', '20', '126', '127', '181', '172', '190', '261', '301', '122', '268', '272', '155', '157', '124', '274', '68', '125', '158', '163', '193', '270', '337', '9', '77', '191', '303', '321']
['461', '202']
['257', '52', '403', '440', '459', '444', '412', '437', '384', '446', '457', '428', '439']
['477', '266', '53', '55', '267', '271', '414', '438', '447', '397', '391', '398', '400', '445', '427', '380', '413', '396', '449', '406', '407', '411', '381', '404', '415', '386', '408', '430', '409', '417']
['486']
['62', '138', '90', '166', '329', '198', '258', '262', '65', '109', '235', '335', '344', '34', '331', '97', '107', '186', '280', '312', '333', '63', '119', '120', '264', '350', '358', '359', '80', '117']
['495', '491', '480', '488', '478', '145', '22', '78', '139', '31', '363', '29', '150', '149', '146', '362', '102', '105', '140', '67', '147', '164', '374', '25', '83', '295', '66', '115', '207', '224']
['463', '474', '48', '69', '141', '35', '81', '96', '347', '110', '143', '334', '348', '72', '151', '188', '219', '265', '332', '338', '41', '47', '254', '256', '322', '330', '336', '349', '354', '364']
