['311', '403', '433', '446', '498', '41', '88', '140', '188', '199', '220']
['202', '471', '496', '58', '101', '122', '161', '195', '200', '244', '273']
['388', '398', '495', '154', '162', '182', '210', '284', '318', '357', '369']
['29', '42', '102', '109', '138', '207', '392', '22', '117', '171', '185']
['404', '442', '459', '110', '156', '213', '251', '275', '317', '341', '447']
['234', '3', '18', '24', '87', '115', '152', '215', '253', '269', '303']
['135', '221', '274', '326', '350', '358', '458', '462', '483', '36', '52']
['148', '425', '445', '235', '375', '9', '13', '65', '91', '93', '118']
['14']
['96', '337', '376', '492', '8', '111', '126', '129', '179', '310']
['35', '165', '405', '408', '415', '448', '484', '33', '48', '64', '69']
['472', '499', '10', '23', '81', '86', '136', '155', '172', '209', '233']
['361', '319', '352', '290', '380', '71', '258', '343', '466', '21', '82']
['267', '316', '127', '178', '212', '280', '323', '485', '85', '128', '133']
['306', '436', '407', '440', '454', '469', '7', '16', '47', '57', '146']
['187', '193', '217', '285', '292', '344', '366', '441', '28', '44', '78']
['19', '45', '112', '139', '218', '231', '381', '389', '391', '399', '417']
['378', '84', '5', '395', '422', '423', '301', '374', '46', '176', '186']
['359', '411', '464', '476', '70', '104', '211', '293', '307', '439', '463']
['76', '77', '99', '119', '131', '206', '219', '241', '264', '268', '335']
['437', '467', '1', '4', '68', '75', '141', '295', '478', '486', '56']
['51', '482', '11', '421', '430', '465', '477', '494', '27', '72', '74']
['203', '240', '340', '386', '396', '443', '123', '132', '142', '183', '249']
['79', '312', '314', '367', '169', '287', '332', '198', '204', '263', '55']
['144', '216', '227', '356', '189', '223', '242', '250', '276', '294', '313']
['480', '298', '334', '434', '73', '106', '125', '180', '222', '248', '362']
['382', '232', '238', '265', '320', '321', '351', '413', '414', '488', '493']
['50', '120', '229', '259', '261', '272', '278', '349', '355', '377', '400']
['15']
['457', '432', '61', '63', '107', '147', '158', '164', '192', '214', '224']
['228']
['243', '305', '328', '149', '252', '339', '410', '431', '438', '455', '497']
['412', '426', '449', '453', '473', '12', '25', '67', '105', '151', '174']
['387', '100', '288', '291', '368', '385', '26', '43', '184', '283', '330']
['124', '346', '406', '409', '487', '20', '201', '299', '347', '364', '379']
['266', '279', '325', '365', '31', '168', '225', '257', '262', '277']
['208', '236', '237', '282', '286', '354', '384', '429', '470', '474', '475']
['255', '300', '460', '226', '342', '370', '371', '372', '373', '394']
['401', '490', '173', '239', '336', '393', '49', '80', '315', '331', '333']
['103', '246', '452']
['17', '451', '30', '32', '59', '83', '89', '270', '271', '309', '329']
['205', '260', '297', '322', '345', '363', '397', '402', '419', '428', '461']
['113', '37', '39', '40', '53', '97', '114', '137', '143', '163', '167']
['390', '90', '481', '491', '6', '38', '62', '150', '160', '177', '281']
['66', '302']
['338', '353', '420', '54', '60', '94', '95', '121', '130', '196', '254']
['98', '134', '153', '157', '166', '190', '191', '197', '230', '245', '256']
['145', '247', '383', '456', '2', '92', '108', '159', '327', '427', '0']
['444', '116', '175', '289', '324', '416', '418', '424', '450', '468', '489']
['304', '348', '435', '479', '34', '170', '181', '194', '296', '308', '360']
