['166', '171', '172', '175', '50', '47', '49', '70', '53', '66', '173', '169', '69', '174', '46', '73', '170', '75', '55', '52']
['352', '350', '347', '353', '253', '186', '355', '349', '194', '251', '193', '187', '348', '351', '346', '354', '192', '341', '185', '197']
['206', '207', '214', '210', '212', '215', '209', '208', '213', '211', '220', '204', '218', '203', '200', '205', '202', '219', '181', '184']
['19']
['126', '189', '131', '250', '191', '72', '71', '255', '252', '246', '68', '188', '195', '247', '67', '127', '254', '248', '190', '249']
['309', '310', '314', '312', '313', '315', '308', '306', '307', '311', '317', '303', '304', '301', '319', '302', '320', '318', '296', '263']
['326', '334', '327', '328', '332', '335', '329', '331', '333', '330', '340', '321', '339', '323', '324', '337', '325', '316', '336']
['241', '258', '260', '245', '257', '240', '261', '236', '242', '145', '137', '125', '156', '140', '237', '262', '163', '243', '161', '144']
['391', '386', '388', '389', '390', '387', '135', '393', '394', '392', '132', '129', '133', '134', '128', '395', '130', '124', '385', '380']
['44', '136', '284', '36', '281', '123', '60', '37', '119', '24', '40', '278', '283', '20']
['31', '30', '35', '27', '28', '32', '26', '34', '29', '74', '33', '63', '78', '65', '22', '39', '79', '61', '76', '25']
['230', '226', '234', '232', '227', '168', '231', '229', '167', '233', '235', '228', '225', '224', '162', '239', '221', '176', '178', '222']
['106', '108', '113', '110', '115', '109', '114', '107', '111', '112', '99', '97', '82', '116', '117', '96', '84', '105', '121', '81']
['359', '358', '345', '342', '343', '360', '364', '365', '362', '361', '356', '238', '338', '322', '223', '344', '217']
['269', '272', '266', '271', '268', '274', '270', '275', '273', '267', '280', '198', '183', '265', '276', '279', '277', '264', '182', '179']
['290', '294', '289', '288', '295', '291', '287', '293', '292', '286', '299', '285', '282', '298', '297', '300', '305', '101', '100', '102']
['376', '384', '383', '399', '400', '396', '398', '379', '381', '98', '378', '4', '382', '377', '85', '104', '3', '158', '16', '157']
['147', '155', '153', '151', '150', '146', '148', '149', '154', '152', '159', '160', '141', '139', '122', '164', '180', '142', '143', '138']
['256', '357', '259', '244', '177', '363', '199', '196', '165']
['92', '369', '366', '95', '88', '94', '368', '91', '90', '86', '93', '372', '370', '373', '87', '367', '374', '375', '89', '371']
['48', '51', '54', '59', '57', '45', '42', '56', '43', '201', '62', '41', '38', '58', '216', '64', '80', '77', '83', '397']
['9', '6', '14', '8', '7', '15', '13', '12', '11', '10', '1', '5', '18', '17', '2', '118', '103', '120', '21', '23']
