['249', '325', '336', '337', '461', '462', '472', '476', '487', '489', '50', '60', '107', '126', '153', '169', '179', '186', '219']
['114', '122', '136', '188', '295', '297', '327', '330', '378', '129', '154', '163', '165', '223', '259', '296', '429', '482', '7']
['211', '477', '164', '451', '84', '200', '252', '445', '87', '217', '377', '91', '47']
['152', '209', '277', '307', '350', '370', '374', '368', '488', '14', '19', '26', '43', '58', '59', '128', '134', '150', '160']
['255']
['32']
['379', '410', '177', '390', '457', '468', '196', '231', '332', '385', '467', '34', '386', '446', '28', '29', '162', '204', '396']
['344']
['409', '444', '466', '86', '197', '254', '432', '23', '119', '121', '289', '463', '464', '496', '75', '80', '102', '113']
['264']
['308', '341', '357', '365', '42', '48', '208', '220', '290', '342', '389', '407', '428', '436', '448', '450', '474', '480', '486']
['292']
['149', '15', '427', '20', '269', '433', '430', '439', '497', '301', '352', '440', '479', '99', '470', '435', '63', '89', '123']
['320']
['106']
['275']
['199', '210', '251', '239', '286', '339', '391', '411', '6', '71', '98', '155', '161', '166', '185', '213', '270']
['358', '414', '109', '137', '142', '304', '312', '334', '398', '403', '404', '70', '108', '148', '349', '376', '384', '405', '68']
['323']
['400']
['447']
['93']
['194']
['180', '449', '144', '311', '316', '495', '300', '281', '298', '452', '453', '36', '475', '131', '198', '266', '280', '351']
['317', '118', '81', '132', '189', '418', '469', '13', '24', '44', '82', '151', '175', '202', '215', '218', '247', '288', '315']
['237', '285', '345', '367', '369', '371', '402', '425', '460', '33', '74', '135', '212', '236', '262', '279', '348']
['399', '498', '2', '25', '57', '190', '261', '309', '324', '340', '397', '455', '456', '483', '491', '85', '103', '110', '111']
['22']
['30']
['318', '322', '359', '413', '438', '481', '17', '21', '38', '77', '94', '117', '141', '170', '187', '201', '205', '240']
['124', '283', '310', '53', '65', '66', '79', '97', '133', '157', '172', '181', '195', '216', '243', '273', '328', '331', '347']
['361', '366', '387', '419', '12', '49', '104', '105', '130', '178', '192', '224', '234', '244', '299', '381', '458', '116', '125']
['492']
['321']
['346']
['363']
['256', '257', '263', '272', '287', '375', '380', '382', '416', '459', '1', '10', '67', '203', '260', '319', '354', '364', '395']
['158', '76', '329', '229', '245', '443', '484', '5', '27', '51', '78', '92', '173', '228', '230', '235', '314']
['383']
['362', '268', '294', '305', '115', '147', '485', '9', '100', '146', '191', '225', '233', '274', '291', '302', '408', '415']
['394', '417', '37', '64', '174', '182', '183', '207', '214', '221', '360', '388', '434', '493', '499', '31', '40', '46']
['18', '184', '168', '265', '393', '424', '478', '353', '372', '392', '420', '422', '423', '3', '45', '55', '56', '242', '253']
['39']
['338', '232', '246', '276', '303', '306', '326', '343', '406', '490', '4', '35', '69', '73', '127', '139', '156', '159', '227']
['120', '206', '241', '282', '313', '333', '355', '471', '473', '41', '62', '90', '96', '101', '112', '138', '176', '284']
['431']
['441']
['167', '278', '401', '442', '437', '454', '494', '11', '54', '83', '95', '222', '238', '248', '250', '293', '335', '356', '373']
['52']
['412', '421', '426', '465', '0', '8', '16', '61', '72', '88', '140', '143', '145', '171', '193', '226', '258', '267', '271']
