['18', '122', '213', '232', '210', '231']
['235', '447', '199']
['139', '38', '381']
['132', '368', '75', '87', '115', '227']
['128', '207', '347', '401', '496', '215', '348', '343']
['158', '170', '200', '389', '410', '12', '138', '164', '243', '271', '491', '154', '196', '385', '5']
['107', '275', '319', '337', '463']
['340', '234', '311', '402']
['51', '359', '66', '157', '428', '453', '495', '49']
['104', '321', '492', '92', '490']
['172', '249', '272', '134', '253', '367', '252']
['360', '421', '456', '472']
['81', '286', '22', '278', '467']
['62', '93', '237', '50', '180', '56']
['55', '298', '324', '445', '40', '169', '222', '407', '451', '484', '35', '294']
['37', '179', '188', '361', '101', '197', '297', '175', '182', '357']
['433', '19', '355', '14', '350']
['6', '116', '345', '85', '220', '430', '112']
['20', '225', '400', '224']
['83', '109', '457', '150', '299', '477', '105']
['121', '478', '26', '295', '119', '476']
['223', '29', '136', '178', '292', '313', '390', '409', '432', '133', '287', '308']
['296', '387', '386']
['16', '48', '72', '118', '438', '468', '344', '414', '439', '434']
['270', '431', '452', '124', '288', '448']
['32', '39', '44', '86', '114', '160', '202', '461', '61', '320', '446']
['2', '67', '123', '174', '473', '183', '190', '248', '423', '420', '469']
['293', '335', '15', '306', '369']
['25', '69', '88', '216', '349', '47', '54', '106', '388', '84']
['317', '229', '315']
['46', '8', '96', '206']
['102', '277', '57', '246', '425', '435', '98', '1']
['90', '408', '89', '141', '281', '304']
['34', '111', '68', '94', '28', '63']
['65', '209', '326', '31', '187', '379', '393']
['377', '59', '143', '260', '346', '486', '3']
['74', '142', '153', '494', '129', '208', '302', '493', '70']
['261', '429', '194', '189', '259', '427']
['212', '117', '276', '330', '404']
['11', '282', '352']
['255']
['219', '256', '300', '307', '480', '211', '217', '301']
['79', '247', '254', '36', '108', '479']
['60', '284', '310', '362', '372', '371']
['163', '221', '233', '257', '416', '458']
['130', '305', '487', '218', '290', '334', '483']
['27', '53', '100', '230', '356', '152', '176', '470']
['30', '103', '155']
['184', '415', '417', '99', '316', '442', '413', '441']
['205', '331', '110', '166', '383', '378']
['251', '279', '403', '78', '241', '77', '273', '399']
['97', '214', '265', '353', '365', '376', '437']
['146', '412', '24', '159', '274', '460', '488', '21', '140', '455']
['13', '95', '151', '228', '303', '370', '323', '395', '91', '364']
['244', '342', '366', '464', '309', '481', '238', '462']
['17', '80', '250', '374', '245']
['291', '314', '354', '466', '64', '339']
['191', '424', '443', '459']
['23', '405', '71', '236']
['363', '384', '422', '465']
['41', '167', '186', '52', '73', '162', '204', '341', '418', '161', '203']
['156', '193', '373', '426', '489', '131', '411', '444', '126', '406']
['181', '263', '268', '312', '185', '262']
['198', '289', '382', '391', '127', '145', '285']
['137', '333', '380', '398', '454', '120', '239', '329']
['149', '226', '242', '201', '147']
['192']
['177', '338', '113', '264', '267', '336']
['58', '165', '240', '394', '436', '475', '485', '10', '43', '318', '325', '397', '474', '392']
['125', '144', '328', '471', '482', '148', '358', '322']
['76', '195', '375', '396', '440', '45', '82', '171', '42', '168']
['450', '33', '269', '266']
['9', '351', '7']
['4', '135', '258', '419', '173', '283', '327', '332', '449', '0', '280']
