['242', '63', '114', '153', '161', '294', '335', '373', '22', '267']
['339', '314', '298', '276', '305', '323', '391', '224']
['77', '151', '285', '24', '129', '396', '302', '112', '234', '316']
['358']
['101', '89', '387', '318', '117', '213', '260', '392']
['76', '55', '388', '226', '332', '281', '325', '384']
['1']
['106']
['199', '197', '39', '227', '241', '44', '91', '272', '369']
['109']
['355']
['111']
['193', '286', '108', '394', '26', '170', '319', '54']
['113']
['239', '121', '159', '19', '381', '58', '363', '53']
['115']
['118']
['123']
['165', '51', '86', '67', '205', '312']
['132']
['133']
['134']
['137']
['138', '322', '354', '386', '320', '98', '167', '321', '78']
['141']
['207', '72', '327', '139', '266', '361', '94', '119', '229', '304']
['143']
['149']
['254', '350', '203', '342', '333', '103', '238', '32', '195']
['15']
['157']
['247', '5', '160', '291', '16', '104', '90', '171', '182']
['93', '223', '4', '154', '343', '130', '145', '177']
['189', '288', '110', '353', '398', '25', '186', '284']
['40', '28', '35', '240', '68', '346', '6', '36', '45']
['162']
['166']
['169']
['330', '271', '168', '144', '164', '183', '383', '29', '317', '359']
['176']
['251', '52', '362', '225', '300', '365']
['178']
['357', '173', '331', '116', '308', '370', '277', '191', '107']
['126', '324', '334', '340', '352', '367', '95', '259', '283', '371']
['309']
['179']
['83', '315', '11', '397', '200', '356', '379', '56', '92']
['218', '204', '10', '74', '366', '282', '306', '82', '253', '268']
['187']
['194']
['211']
['84', '147', '60', '393', '128', '158', '341', '46', '172', '338']
['188', '274', '140', '222', '265', '313', '142', '190', '232', '380']
['201']
['202']
['163', '71', '122', '66', '64', '310', '372']
['13', '303', '2', '70', '102', '131', '275', '34', '88']
['156', '215', '231', '57', '100', '329', '376', '14', '21']
['148', '360', '378', '42', '375', '382', '217', '17', '85']
['206']
['209']
['0', '124', '228', '297', '344', '9', '75', '389', '49']
['214']
['216']
['221']
['61', '175', '256', '12', '79', '105', '250', '48', '80']
['37', '96', '264', '81', '99', '336', '364', '150']
['23']
['233']
['243']
['244']
['245']
['33', '127', '38', '269', '219', '351', '390', '349', '97']
['263', '280', '208', '41', '212', '347', '374']
['246']
['248']
['69', '185', '152', '301', '237', '337', '385', '8']
['249']
['290']
['252']
['255']
['257']
['31', '20', '236']
['348']
['135', '395', '377']
['258']
['261']
['307', '50', '230', '59', '62', '368', '326', '73', '220']
['192', '198', '196', '235', '65', '3', '311']
['180', '287', '292', '7', '293', '345', '30']
['262']
['270']
['174', '27', '125', '210', '289', '399', '47', '136', '184', '18']
['273']
['181']
['278']
['295']
['155', '87', '146', '279', '43', '328', '120']
['296']
['299']
