['129', '155', '160', '493', '56', '327', '480', '200', '197', '202', '355', '151', '152', '195', '95', '204', '347', '264', '433', '27']
['203', '6', '267', '392', '61', '499', '209']
['82']
['48', '315', '337', '98', '5', '459', '226', '386', '406', '154', '248', '303', '368', '393', '131', '270', '476', '37', '158', '302']
['428', '379', '409', '282', '397', '496', '325', '483', '489', '341', '486', '235', '310', '286']
['280', '297', '436', '291', '191', '346', '378', '473', '54', '117', '177', '223', '382', '395', '462', '116', '490', '94', '354', '430']
['11', '236', '309', '210']
['1']
['413', '422', '472', '201']
['452', '45', '281', '345', '450', '451', '34', '352', '454', '103', '119', '57', '126', '219', '323', '377', '88', '208', '259']
['38', '130', '55', '243', '253', '438', '308', '28', '19', '321', '408', '230', '252', '279', '457', '261', '18', '217', '494']
['265', '233', '32', '125', '134', '75', '145', '251', '272', '385', '25', '188', '285', '334', '340', '359', '491', '254', '260', '284']
['477', '214', '108', '339']
['343', '67', '175', '224', '426', '441', '298', '322', '362', '497', '42', '193', '257', '344', '416', '49', '102', '262', '404', '425']
['53', '320', '396', '190']
['33', '389', '77', '460', '149', '167', '62', '148', '239', '470', '159', '141', '232', '292', '93', '161']
['435', '58', '366']
['96']
['85', '290', '40', '370', '184', '391', '440', '294', '247', '432', '76', '471', '36', '63', '250', '277', '278', '418', '274', '306']
['80', '439']
['330', '30', '176', '198', '447', '26', '263', '410', '110', '488', '78', '375', '10', '313', '365', '376', '443', '140', '182', '271']
['21', '52', '213', '349', '437', '143', '276', '399', '448', '461', '71', '173', '128', '124']
['412', '51', '421', '215', '449', '479', '2', '373', '383', '394', '162', '100', '289', '388', '87', '7', '90', '133', '287', '381']
['431']
['22', '212', '384', '8', '350']
['429', '114', '300', '342', '122', '174']
['31', '420', '187', '157', '135', '414', '445', '74', '138', '127', '269', '372', '423', '150', '317']
['360', '405', '123', '69', '249', '304', '113', '275', '357', '319']
['142']
['107']
['79', '301', '146', '192', '256', '351', '419', '273', '407', '59', '207', '299', '424', '35', '246', '14', '225', '364', '453', '466']
['244']
['369', '66', '484', '186', '338', '356', '295', '305', '307', '314', '398', '417', '475', '163', '266', '498', '183', '229']
['205', '60', '64', '68', '164', '333', '81', '316', '268', '371', '390', '43', '218', '444', '73', '463']
['136']
['293']
['137']
['361', '20', '99', '332', '446', '115', '17', '199', '336', '474', '97', '283', '326', '329', '455', '9', '121', '89', '156', '0']
['170']
['318']
['4']
['172', '427', '374', '185', '234', '46', '50', '169', '434', '206', '468', '492', '132']
['238', '111', '487', '242', '400', '211', '228', '65', '367', '44', '120', '196', '465', '13', '83']
['92', '348', '86', '70', '311', '139', '166', '482', '288', '401', '411', '380', '464', '245', '403', '72']
['220', '331', '387', '467', '227', '39', '112', '165', '222', '328', '3', '216', '15', '478', '240', '481', '16', '171', '189', '237']
['105']
['255']
['109']
['296', '358', '168', '178', '485', '495', '84', '221', '241', '12', '179', '363', '101', '147', '335', '353', '29', '106', '144', '442']
['402', '415', '91', '458', '47', '231', '324', '118', '153', '194', '258', '180', '41', '104', '181', '23', '469', '24', '456', '312']
