['9', '250', '265', '300', '11', '40', '261', '141', '171', '234', '33', '75', '185', '76', '100']
['49', '198', '272', '71', '170', '186', '285', '46', '242', '30', '119', '296', '68', '225', '258', '298']
['105', '173', '273', '108', '176', '252', '253', '254', '139', '155', '189', '266', '35', '233', '60', '86', '101', '147']
['166', '251', '28', '53', '55', '74', '87', '98', '109', '111', '136', '156', '168', '190', '38', '61', '267', '132', '137', '179', '180', '203', '210', '243', '283']
['81', '153', '157', '221', '295', '277', '20', '117', '130', '215', '269', '14', '51']
['59', '78', '48', '95', '142', '7', '150', '172', '29', '255', '222']
['64', '104', '47', '97', '205', '25', '128', '138', '178', '191', '230', '248', '21', '126', '160', '227', '245', '249', '44', '54', '62', '88', '124', '174', '229']
['194', '259', '120', '154', '31', '4', '12', '238', '294', '289', '187']
['149', '42']
['206', '218', '106', '121', '193', '231', '70', '165', '279', '123', '134']
['15', '77', '152', '164', '264', '93', '96', '299', '24', '118', '236', '246', '280', '18', '197', '3', '41', '92', '237', '177', '275']
['52', '58', '145', '79', '114', '240', '282', '80', '262', '202', '91', '175', '192', '235', '290']
['102', '129', '2', '72', '131', '163', '268', '10', '16', '32', '39', '94', '99', '135', '271', '287', '57', '84', '115', '144', '181', '204', '214', '216', '226']
['19', '85', '37', '34', '143', '5', '17', '63', '188', '241', '288', '43', '69', '281']
['257', '284', '113', '158', '270', '56', '169', '276', '291', '297', '90', '127', '133', '161', '183', '207', '211', '292', '220', '223', '278']
['65', '199', '27', '167', '50', '159', '217', '293']
['200', '82', '125', '146', '260', '8', '83', '219', '239', '45', '110', '196', '208', '213', '182', '151', '286', '212', '244', '140', '1']
['228', '107', '263', '184', '26', '89', '103', '274']
['6', '22', '209', '67', '112', '148', '23', '66', '256', '116', '201', '162', '224']
['247', '13', '122', '73', '195', '36', '232']
