['34', '56', '60', '83', '87', '88', '94', '100', '103', '107', '115', '116', '134', '142', '150', '153', '158', '183']
['290', '10', '28', '54', '55', '89', '101', '118', '125', '131', '170', '176', '230', '312']
['198', '214', '235', '247', '252', '258', '259', '265', '267', '270', '275', '276', '277', '289', '296', '298', '300', '309']
['4', '12', '32', '35', '72', '80', '124', '137', '141', '157', '196', '216', '266', '269', '273', '274', '279', '294']
['18', '43', '91', '138', '139', '167', '168', '220', '221', '240', '254', '278', '283', '285']
['0', '17', '73', '74', '77', '84', '129', '133', '161', '162', '184', '194', '200', '208', '218', '232', '238', '261']
['136']
['182', '199', '204', '207', '248', '251', '256', '281', '287']
['2', '52', '57', '119', '123', '127', '166', '179', '180', '193', '195', '197', '203', '210', '213', '215', '228', '229']
['243']
['6', '186', '192', '211', '224', '237', '249', '250', '253', '301', '302']
['272']
['3', '16', '30', '59', '76', '110', '175', '178', '188', '189', '212', '233', '239', '245', '282', '306', '310', '311']
['39', '41', '45', '66', '67', '69', '78', '81', '90', '102', '104', '106', '120', '145', '156', '159', '160', '174']
['292', '313']
['231', '255', '262', '271', '280', '288', '291', '295', '299', '303', '305', '308']
['9', '25', '38', '42', '49', '53', '58', '65', '75', '95', '97', '109', '112', '126', '130', '149', '151', '155']
['15', '37', '108', '113', '154', '165', '169', '187', '205', '236', '242', '257', '260', '264', '284', '307']
['8', '22', '24', '26', '27', '33', '44', '61', '92', '96', '121', '148', '163', '172', '177', '217', '225', '226']
['40', '7', '21', '62', '64', '79', '98', '105', '111', '146', '181', '191', '201', '219', '222', '223', '241', '244']
['5', '14', '82', '99', '117', '135', '171', '185', '190', '227', '234', '246', '263', '268', '286', '293', '297', '304']
['144', '1', '11', '19', '23', '29', '36', '46', '47', '51', '71', '85', '86', '93', '132', '147', '152']
['13', '20', '31', '48', '50', '63', '68', '70', '114', '122', '128', '140', '143', '164', '173', '202', '206', '209']
