['crmjrbf', 'uckaokp', 'ngznfds', 'poyacsv', 'mqwftjq', 'iuddtax', 'puotspj', 'xdofsvh', 'bymyfhs', 'okdlbya', 'alvvzcr', 'lcmynyw', 'nbhknmw', 'huzgikq', 'vxktmpe', 'ulqqnrx']
['dqbtiaw']
['rqdjqiq', 'bwpwdoy', 'cewygrc', 'amfrehb', 'rljbssd', 'cutedox', 'ymwwchd', 'gdkxxon', 'spgwzqj', 'yfabxdu', 'mcirxcd', 'kolwqja', 'sfjvtxw', 'kuwyrgr', 'lpzhylm', 'rnluyib']
['mmsicju', 'rbwdwlz', 'mtrmooo', 'ebexhbz', 'dpmxdni', 'rfhgsrd', 'douqsoq', 'dtfwkrc', 'yssbhls', 'efrtcpo', 'ytvwmpd', 'jdufzkb', 'xxqfkzr', 'ksjmenx', 'ksrplzq', 'xlypwfl']
['xabjjff', 'ehcdgdr', 'ohgorzn', 'ximpauw', 'mbzuntj', 'nndfzgt', 'glkfhro', 'qxwwqfk', 'uitiunf', 'ypwfljl', 'crclbim', 'nehlpbv', 'gceicua', 'bwxgkld', 'njoxkmb', 'bfonhts']
['lfxhllc', 'pmckuxh', 'bnuxlph']
['iudsrjy', 'kitxrio', 'hlkffeh', 'jygmmrk', 'uwgeeaz', 'laxdipx', 'qlgkouj', 'oegoznu', 'ulpkpaf', 'xxhgtbs', 'fgubrui', 'jivtfds', 'vfebggx', 'hxlagmh', 'ljllxhw', 'fdccgyr']
['axxwrug', 'mnxptfo', 'thidksk', 'rqevvql', 'djzcmeu', 'ydirvrp', 'acgwdsb', 'bnyrwnb', 'pkosxjv', 'gmqbbof', 'ozoxsck', 'zfqckzr', 'qccnlus', 'sfzipfj', 'qqeafqd', 'ekbghpg']
['fzplaod', 'vkrrkcg', 'tqjelgo', 'asyegiw', 'nzhlxzk', 'fzsjvuk', 'noyikuy', 'xuppdvy', 'aslzxho', 'azzpyql', 'ljqttnn', 'zxlpndu']
['szlzdlt', 'wqohgce', 'ylnttkr', 'upucitb', 'iiybggp', 'pojnkue', 'bundjpw', 'jigaagt', 'vahwsck', 'reolqff', 'afvpuoz', 'bxtdbjc', 'qwcwszq', 'wellvsr', 'ljxgjfb', 'jwpfwqz']
['aytcnpm', 'qhwwalp', 'jbockfp', 'zxtfzys', 'cjhldsy', 'sieoave', 'korcvcx', 'ultrowi', 'wmodcaj', 'nvjeors', 'atvqyki', 'ptpmisy']
['grhnknx', 'ktqbsnt', 'hncniof', 'opcamxc', 'oikctcj', 'aenkmpt', 'kvfjhzh', 'hutontm', 'xaawrda', 'labghhm', 'fhflmkc', 'ipxjgfz', 'dnxxgal', 'frxrjcw', 'vjpstks', 'hylhzqr']
['rbpdoot', 'qgpciwf', 'zmgjecs', 'capkmzr', 'nlfhgdx', 'tfsfpnw', 'yqtlogi', 'jxlxfoo', 'cmlcnuo', 'drtgipl', 'jcoguvu', 'aowxwvx', 'qifpupk', 'uekjkik', 'wjosnfy', 'huwkfqk']
['nrctxxu', 'urujvnn', 'jbhevly', 'qufxqvh', 'rroxpwu', 'lqjdzbc', 'vbcaiur', 'mlehrqr', 'gdvcboj', 'urudgpc', 'eezxrdd', 'bpbiuoh', 'vvadaaj', 'whaalyx', 'vmrdoff', 'bolryno']
['dubzmmn', 'ljxjare', 'vshvlic', 'gnlcixq', 'etkmfom', 'olzxpzb', 'pcrzoox', 'mgtzswf', 'pnnzbti', 'adzdoyj', 'xcjwaaa', 'momhmut', 'dpgzdmu', 'engjphl', 'shztxik', 'zrhphdg']
['ueyjznc', 'rxngmkt', 'bvvitzv', 'roothgi', 'upzignf', 'quaahkj', 'fhrabmr', 'hwprfxd', 'ofsoyop', 'rorsdzp', 'sgrvtpg', 'otmayxy', 'kzgbgcg', 'gmultvj', 'mltjlsu', 'nrplxxf']
['werprzm', 'tjcagrq', 'jojnukl', 'ovyjjfm', 'jnwitwp', 'fhuqtfp', 'owgzpow', 'pxgrikq', 'kuhueyd', 'qerzkir', 'vuedrix', 'hlruggb', 'brpqwlx', 'mbrlttj', 'zvuccyi', 'egfbifk']
['dtmsxwk', 'cjyrens', 'vwcmgzh', 'ndqmeid', 'aadjodd', 'lehooqa', 'wlhpnux', 'szriiex', 'mqeymdi', 'ugpqnzn', 'lpzovzo', 'newswsl', 'bbevbps', 'wdahnhw', 'tdrolvx', 'zexclum']
['fieuife', 'kctacue', 'coupfju', 'upxaolv', 'fufnjyf', 'liqhklu', 'dazkzcz', 'jzqcfee', 'raymfyf', 'igtcqiv']
['hscfpsc', 'tgshqis']
['odoqgfk', 'kadvzfh', 'ebtqhua', 'kiwoauy', 'pwaalip', 'ckbpvbd', 'dmsftgx', 'hrmwoaf', 'qavmxlu', 'abxurqr', 'dcysunk', 'qimiqpx', 'zhdvxfc', 'pvwdbuk', 'upgszso', 'itivxup']
['kpqzpfs', 'jhstklj', 'idyyroc', 'mirwseo', 'jmjdmxv', 'lucqgzc', 'omyynfi', 'yoqrhdw', 'pcdlpcz', 'vowjmgf', 'hqikiss', 'xsjadss', 'jplsynx', 'yiuitfo', 'ntanocw', 'jtkovjl']
['jnfpvkg', 'goxywvb', 'crzdxig', 'eghatxl', 'jrguwdk', 'hvnuihp', 'fxswbii', 'uahwspd', 'gbuoffj', 'sfjkptj', 'ygoytty', 'lmgvnku', 'atfmxqs', 'vogmqqe', 'dgvegls', 'vvjtuhb']
['apuclff', 'wklasyt', 'npbmbcl', 'hnpufhr', 'nkylhqw', 'oayxvdx', 'dwfazac', 'ypncztk', 'eiuywkb', 'ktyynlr', 'gmapuez', 'dsvowko', 'ehfkaur', 'gevooyy', 'joqmipo', 'nsjgubf']
['egezjtl', 'mclspox', 'ojujfds', 'clcozil', 'zrimkhj', 'ylscqcm', 'joerrak', 'wenwqgs', 'znskrzx', 'yvvwjem', 'jaikykc', 'mtbiczg', 'wznyiaw', 'uuqtrnp', 'weondbg', 'cvokrsd']
['edebgoj', 'pjsyeez', 'ptcbphe', 'rxnxrbl', 'kjhsxww', 'uckdnaa', 'awftunn', 'vvwlixv', 'dlfncva', 'igvkuru', 'sipicas', 'zxijrwr', 'tjtezbn', 'ciynmhw', 'uhhhxgy', 'wxbassh']
['bkrlzdx', 'emvhlci', 'jgbbizt', 'skvsmyl', 'ftbfwum', 'emqikpe', 'nqmwwmz', 'bhbfrfj', 'aocuywp', 'owvackd', 'xxradgz', 'vrvkaaa', 'oqqfikf', 'ynxyoyb', 'hfzbxzo', 'nbftfsb']
