['33', '18', '82', '250', '311', '14', '225', '240', '297', '487', '490', '491', '61', '93', '150', '171', '193', '379', '244', '313', '415', '495', '307', '330', '31', '166', '179', '308', '363', '482', '131', '334', '465', '481', '183', '325', '315', '271', '467', '105', '288', '60', '433']
['439', '5', '161', '117', '453', '314']
['26', '43', '121', '239', '147', '263', '349', '441', '229', '436', '485', '73', '154', '203', '8', '215', '217', '353', '403', '65', '218', '395', '398', '404', '21', '71', '79', '381', '123', '165', '201', '286', '346', '197', '320', '377', '148', '236', '483', '135', '208', '322', '189', '496', '216', '254', '318']
['22', '88', '295', '78', '69', '280', '310', '387', '454', '455', '44', '98', '115', '324', '452', '251', '305', '388', '27', '108', '113', '198', '359', '204', '235', '378', '335', '451', '383', '199', '226', '362', '84', '357']
['413', '446', '38', '368', '340', '382', '136', '468', '463']
['191', '164', '447', '122', '97', '83', '184', '4', '25', '46', '188', '412', '95', '176', '128', '185', '112', '278', '302', '11']
['230', '276', '20', '173', '187', '221', '109', '200', '336', '133', '104', '343', '361', '300', '296', '328', '332', '478', '329', '365', '299', '89', '168', '259', '304', '476']
['47', '151', '77', '423', '426', '440', '74', '443', '76', '87', '141', '159', '181', '345', '417', '429', '366', '435', '103']
['3', '114', '118', '249', '206', '283', '414', '272', '396', '474', '40', '81', '394', '424', '169', '486', '160', '389', '175']
['341', '23', '58', '484', '312', '306', '91', '17', '222', '42', '54', '246', '273', '228']
['298', '262', '24', '86', '317', '16', '1', '85', '339', '347', '68', '119', '356', '416', '434', '30', '70', '155', '157', '178', '301', '369', '373', '72', '202', '411', '432', '261', '380', '493', '29', '63', '75', '172', '374', '437', '49', '106', '248', '269', '393', '12', '408', '422', '442', '36', '177', '274', '285', '293', '427', '498', '355', '195', '264']
['7', '456', '364', '406', '265', '309', '51', '102', '253', '209', '401', '37', '402', '66', '284', '405', '281', '459', '450']
['2', '50', '464', '100', '371', '111', '186', '232', '458', '461', '6', '342', '444', '499', '418', '290', '407', '425', '457', '462', '466', '196', '258', '337', '449', '480', '142', '445', '392', '56', '220', '282', '348', '352', '145', '245', '303', '126', '53', '96', '180', '287', '367', '470', '354']
['101', '144', '431', '375', '241', '351', '338', '344', '32', '94', '358', '34', '242', '410', '153', '234', '477', '134']
['333', '170', '279', '132', '267', '59', '327', '9', '400']
['140', '146', '350', '167', '107']
['90', '15', '277', '0', '156', '257', '292', '163', '194', '182', '190', '275', '291']
['158', '162', '139', '13', '52', '124']
['212', '386', '10', '116', '55', '475', '331', '376', '488', '205', '247', '385', '438', '48', '67', '92', '384', '316', '289']
['472', '120', '469', '430', '41', '45', '238', '110', '143', '129', '57', '243', '323', '473', '152']
['138', '174', '213', '35', '39', '224', '214', '231', '428', '479', '127', '137', '192', '219', '270', '294', '260', '497', '99', '149', '227', '252', '370', '62', '207', '360', '19', '64', '409', '211', '233', '237', '266', '397', '489', '223', '125', '421', '130', '372', '210', '448', '494']
['268', '460', '319', '28', '321', '420', '390', '492', '80', '391', '419', '471', '326', '256', '255', '399']
