['Alexandria', 'Macy', 'Celeste', 'Clarissa', 'Abbey', 'Justine', 'Whitney', 'Paola', 'Susan', 'Kelsey']
['Eva', 'Ruth', 'Alyson', 'Kaley', 'Melody', 'Kali', 'Tania', 'Lorena', 'Destinee', 'Kamryn']
['Vanessa', 'Karen', 'Juliana', 'Tatiana', 'Kassidy', 'Joanna', 'Yesenia', 'Sandra', 'Haylee', 'Katrina']
['Elise', 'Shayla', 'Deja', 'Iris', 'Janelle', 'Felicia', 'Carrie', 'Esther', 'Carolyn', 'Josie']
['Abby', 'Ella', 'Hailee', 'Allie', 'Hunter', 'Kiera', 'Alma', 'Claudia', 'Ruby', 'Mikaela']
['Jacqueline', 'Rebekah', 'Miriam', 'Dakota', 'Teresa', 'Barbara', 'Miracle', 'Luz', 'Rylee', 'Marilyn']
['Martha', 'Cheyanne', 'Gisselle', 'Julissa', 'Virginia', 'Kierra', 'Kasey', 'Litzy', 'Tia', 'Theresa']
['Esmeralda', 'Kathleen', 'Monique', 'Julie', 'Kendra', 'Ashleigh', 'Cristina', 'Baylee', 'Tamara', 'Tatum']
['Kristen', 'Summer', 'April', 'Fatima', 'Jaclyn', 'Macey', 'Adrienne', 'Cristal', 'Chelsea', 'Regina']
['Christina', 'Isabelle', 'Alana', 'Eliza', 'Harley', 'Carissa', 'Kaleigh', 'Emilie', 'Paige', 'Talia']
['Sabrina', 'Riley', 'Alison', 'Lucy', 'Daniella', 'Francesca', 'Brandy', 'Arianna', 'Britney', 'Kennedy']
['Brittany', 'Lily', 'Desiree', 'Deanna', 'Liliana', 'Kimberly', 'Angel', 'Ashlyn', 'Hallie', 'Linda']
['Paris', 'Tiara', 'Krista', 'Jayda', 'Johanna', 'Brooklynn', 'Perla', 'Jordyn', 'Amaya', 'Delaney']
['Melissa', 'Alejandra', 'Nancy', 'Annika', 'Amari', 'Arielle', 'Lexi', 'Carly', 'Ashlynn', 'Precious']
['Kate', 'Meagan', 'Serenity', 'Nina', 'Marina', 'Christine', 'Denise', 'Tiana', 'Lesley', 'Tyra']
['Jamie', 'Kristin', 'Eleanor', 'Noelle', 'Tamia', 'Madyson', 'Evelyn', 'Brittney', 'Hayley', 'Kylee']
['Catherine', 'Kelly', 'Melanie', 'Giselle', 'Carmen', 'Mariana', 'Heidi', 'Nichole', 'Shelby', 'Makayla']
['Laura', 'Miranda', 'Maya', 'Marisa', 'Krystal', 'Alice', 'Kiersten', 'Tierra', 'Breanna', 'Heaven']
['Pamela', 'Charity', 'Mayra', 'Athena', 'Ana', 'Hope', 'Daniela', 'Joy', 'Julianne', 'Aileen']
['Mckenzie', 'Nora', 'Paulina', 'Zaria', 'Genevieve', 'Piper', 'Faith', 'Alayna', 'Maddison', 'Felicity']
['Briana', 'Valeria', 'Lacey', 'Madelynn', 'Kristina', 'Kaitlynn', 'Yasmine', 'Kelli', 'Raven', 'Clare']
['Skylar', 'Brenda', 'Ariel', 'Kendall', 'Alexus', 'Gillian', 'Raquel', 'Marie', 'Cora', 'Kiara']
['Kailey', 'Madisyn', 'Deborah', 'Lucia', 'Rose', 'Kaylin', 'Macie', 'Sage', 'Chyna', 'Esperanza']
['Caitlin', 'Diana', 'Sofia', 'Cameron', 'Sidney', 'Bridget', 'Kassandra', 'Kira', 'Meredith', 'Addison']
['Alicia', 'Heather', 'Clara', 'Rhiannon', 'Alina', 'Jillian', 'Fiona', 'Mikayla', 'Gabriela', 'Kayleigh']
['Kaylee', 'Erica', 'Adrianna', 'Ciara', 'Renee', 'Tyler', 'Savanna', 'Carley', 'Bailey', 'Amelia']
['Michelle', 'Haleigh', 'Aliyah', 'Charlotte', 'Regan', 'Angelique', 'Sasha', 'Tianna', 'Jayden', 'Sonia']
['Michaela', 'Mallory', 'Carla', 'Karissa', 'Jane', 'Halle', 'Brisa', 'Sylvia', 'Leilani', 'Lilly']
['Molly', 'Karla', 'Jenny', 'Leslie', 'Alexa', 'Makenzie', 'Gloria', 'Taryn', 'Eliana', 'Eve']
['Jenna', 'Shannon', 'Lauryn', 'Sharon', 'Mckayla', 'Phoebe', 'Marlene', 'Courtney', 'Nia', 'Anastasia']
['Mia', 'Kylie', 'Audrey', 'Chasity', 'Margaret', 'Cassidy', 'Ariana', 'Aurora', 'Helen', 'Gina']
['Cynthia', 'Callie', 'Viviana', 'Yasmin', 'Colleen', 'Annabelle', 'Ellen', 'Karina', 'Logan', 'Brandi']
['Andrea', 'Camryn', 'Jayla', 'Ann', 'Toni', 'Jordan', 'Carlie', 'Sydnee', 'Mary', 'Lindsay']
['Jada', 'Alexia', 'Naomi', 'Tayler', 'Sophie', 'Ava', 'Angelina', 'Brooklyn', 'Rachael', 'Jazmin']
['Zoe', 'Kyra', 'Kirsten', 'Priscilla', 'Skyler', 'Marissa', 'Maggie', 'Genesis', 'Julianna', 'Mariah']
['Aubrey', 'Cindy', 'Mercedes', 'Eden', 'Shyanne', 'Breana', 'Natasha', 'Asia', 'Makenna', 'Madeleine']
['Isabel', 'Kara', 'Ivy', 'Cassandra', 'Kathryn', 'Katie', 'Mckenna', 'Cassie', 'Layla', 'Zoey']
['Trinity', 'Alondra', 'Guadalupe', 'Nadia', 'Tessa', 'Kiana', 'Reagan', 'Lisa', 'Annie', 'Rosa']
['Tiffany', 'Lindsey', 'Tori', 'Jaden', 'Gabriella', 'Cheyenne', 'Dominique', 'Kaylie', 'Tatyana', 'Jessie']
['Gracie', 'Lizbeth', 'Kailee', 'Autumn', 'Angela', 'Wendy', 'Tabitha', 'Jacquelyn', 'Irene', 'Malia']
['Sierra', 'Meghan', 'Kyla', 'Imani', 'Cara', 'Kaila', 'Cierra', 'Patricia', 'Katelynn', 'Lesly']
['Brooke', 'Vivian', 'Bryanna', 'Ashton', 'Madalyn', 'Elaina', 'Danielle', 'Adriana', 'Lillian', 'Jaqueline']
['Katelyn', 'Diamond', 'Selena', 'Natalia', 'Sadie', 'Cecilia', 'Ashlee', 'Gianna', 'Gabrielle', 'Kaitlin']
['Erika', 'Aaliyah', 'Casey', 'Alanna', 'Angie', 'Claire', 'Leah', 'Amy', 'Jade', 'Madelyn']
['Shania', 'Emilee', 'India', 'Kiley', 'Elisabeth', 'Carolina', 'Camille', 'Josephine', 'Anne', 'Katlyn']
['Crystal', 'Daisy', 'Hanna', 'Marisol', 'Melina', 'Angelica', 'Peyton', 'Kenya', 'Amber', 'Madeline']
['Caroline', 'Jocelyn', 'Alisha', 'Janet', 'Erin', 'Sara', 'Caitlyn', 'Serena', 'Jazmine', 'Tara']
['Veronica', 'Payton', 'Mya', 'Ayanna', 'Bianca', 'Monica', 'Bailee', 'Kelsie', 'Valerie', 'Avery']
['Elena', 'Dana', 'Alaina', 'Georgia', 'Emely', 'Chelsey', 'Larissa', 'Brenna', 'Janae', 'Skye']
['Bethany', 'Jasmin', 'Allyson', 'Anahi', 'Devin', 'Ellie', 'Elisa', 'Lydia', 'Holly', 'Alissa']
