['34', '47', '169', '48', '147', '148', '170', '171', '192', '330', '336', '353', '359', '360', '361', '391', '35', '36', '89', '114', '245', '318', '392', '9', '10', '33', '268', '329', '362', '390']
['194', '71', '72', '135', '136', '165', '193', '281', '134', '137', '166', '195', '196', '280', '317', '93', '138', '276', '371', '372', '101', '240', '146']
['363', '18', '19', '20', '124', '125', '285', '332', '333', '340', '341', '342', '393', '394', '44', '59', '92', '126', '149', '150', '241', '257', '258', '259', '313', '334', '335', '339', '343', '345']
['57', '264', '263', '274', '262', '275', '354']
['62', '270', '271', '277', '365', '61', '133', '175', '176', '177', '178', '182', '183', '184', '185', '186', '269', '272', '278', '279', '288', '351', '364', '376', '377', '399', '12', '13', '91', '102']
['249', '239', '248', '1']
['209', '214', '287', '210', '211', '212', '213', '215', '397', '398', '11', '368', '386']
['14', '15', '29', '90', '283', '374', '16', '284', '30', '379', '52']
['180', '77', '78', '79', '80', '168', '179', '181', '216', '217', '218', '296', '352', '43']
['50', '113', '242', '243', '54', '55', '105', '106', '107', '108', '244', '294', '51', '53', '56', '220', '273', '303', '304', '305', '306', '307', '308', '309', '310', '316', '366', '49', '208', '298']
['255', '60', '221', '222', '223', '224', '349', '121', '225', '226', '227', '253', '254', '300', '348', '228', '256', '331', '115', '120', '322']
['325', '26', '205', '206', '319', '204', '0', '25']
['67', '68', '110', '144', '173', '260', '32', '66', '111', '145', '232', '233', '234', '235', '261', '311', '312', '369', '370', '380', '381', '382', '387', '388', '31', '65', '109', '112', '172', '174']
['167', '356', '162', '163', '302', '357', '161', '164', '207', '301', '355', '375', '389', '297', '28']
['7', '189', '291', '292', '64', '94', '95', '97', '98', '100', '155', '190', '8', '17', '63', '96', '99', '104', '154', '187', '188', '191', '282', '293', '299', '337', '383', '384', '385', '58']
['45', '130', '158', '129', '159', '346', '373', '131', '132', '157', '160', '324', '347', '295']
['200', '87', '103', '199', '237', '246', '247', '338', '88', '197', '198', '201', '202', '203', '236', '238', '252', '290', '323', '350', '396', '315']
['229', '141', '142', '230', '266', '267', '140', '231', '320', '358', '69', '70', '143', '289', '81', '156']
['84', '3', '4', '5', '38', '39', '40', '83', '116', '117', '119', '344', '2', '6', '37', '41', '42', '82', '85', '250', '251', '395', '73', '118', '128', '151', '219', '265', '314', '321']
['22', '23', '24', '75', '139', '327', '328', '21', '46', '74', '76', '122', '153', '326', '378', '27', '86', '127', '152', '286', '123', '367']
