['144']
['316', '317', '318', '319', '323']
['148', '149', '150', '288', '289', '290', '151']
['236', '237', '238', '239', '243']
['199']
['388', '389', '390', '299', '303']
['215']
['76', '77', '78', '172', '173', '174', '79']
['328', '329', '330', '331']
['27']
['92', '93', '94', '360', '361', '362', '95']
['279']
['60', '61', '62', '252', '253', '254', '63']
['52', '53', '54', '104', '105', '106', '55']
['96', '97', '98', '364', '365', '366', '99']
['16', '17', '18', '164', '165', '166', '19']
['291']
['48', '49', '50', '224', '225', '226', '51']
['240', '241', '242', '308', '309', '310']
['311']
['260', '261', '262', '348', '349', '350', '263']
['256', '257', '258', '276', '277', '278', '259']
['324']
['152', '153', '154', '160', '161', '162', '155']
['325']
['156', '157', '158', '159', '163']
['88', '89', '90', '91']
['356']
['372']
['67']
['83']
['220', '221', '222', '232', '233', '234', '223']
['212', '213', '214', '304', '305', '306']
['107']
['396', '397', '398', '399']
['128', '129', '130', '352', '353', '354']
['111']
['123']
['216', '217', '218', '392', '393', '394', '219']
['127']
['145', '146', '208', '209', '210', '147', '211']
['8', '9', '10', '11']
['56', '57', '58', '320', '321', '322', '59']
['200', '201', '202', '300', '301', '302', '203']
['131']
['116', '117', '118', '119']
['112', '113', '114', '368', '369', '370', '115']
['20', '21', '22', '228', '229', '230', '23']
['139']
['272', '273', '274', '275']
['384', '385', '386', '387', '391', '395']
['326']
['72', '73', '74', '264', '265', '266']
['15']
['231', '351', '355', '359']
['176', '177', '178', '296', '297', '298', '179']
['188', '189', '190', '196', '197', '198', '191']
['167']
['204', '205', '206', '207']
['376', '377', '378', '379']
['44', '45', '46', '244', '245', '246', '47']
['184', '185', '186', '187']
['267']
['380', '381', '382', '383']
['32', '33', '34', '136', '137', '138', '35']
['175']
['227']
['0', '1', '2', '344', '345', '346', '3']
['140', '141', '142', '143']
['268', '269', '270', '271']
['168', '169', '170', '171']
['180', '181', '182', '336', '337', '338', '183']
['340', '341', '342', '373', '374', '343', '375']
['235']
['280', '281', '282', '283']
['247']
['24', '25', '26', '292', '293', '294']
['312', '313', '314', '315']
['287']
['255']
['68', '69', '70', '71', '75']
['295']
['80', '81', '82', '284', '285', '286']
['40', '41', '42', '64', '65', '66', '43']
['28', '29', '30', '31']
['307']
['36', '37', '38', '124', '125', '126', '39']
['100', '101', '102', '103']
['12', '13', '14', '120', '121', '122']
['327']
['335']
['192', '193', '194', '332', '333', '334', '195']
['339']
['132', '133', '134', '135']
['347']
['84', '85', '86', '108', '109', '110', '87']
['248', '249', '250', '251', '363', '367', '371']
['4', '5', '6', '7']
['357']
['358']
