['22', '176', '242', '487', '356', '294', '380', '9', '99', '302', '326']
['199', '467', '117', '314', '316']
['243', '68', '224', '158', '291', '381', '55', '251', '494', '191', '229', '100', '122', '211', '127', '35', '307', '458', '213', '108', '131', '197', '285', '102', '126', '279', '281', '351', '481', '261']
['114', '26', '288', '2', '24', '138', '377', '27', '95', '401', '189', '432', '497', '364', '83', '411', '18', '367', '388', '21', '152', '304', '373', '416', '459', '478', '85', '174', '175', '301']
['0', '110', '132', '154', '244', '397', '419', '464', '23', '91', '137', '246', '315', '51', '451', '203', '468', '252', '341', '34', '449', '360', '363', '471', '79', '103', '209', '185', '62', '372']
['418', '155', '247', '423', '289', '228', '14', '259', '87', '216', '239', '417', '43', '439']
['308', '309', '484', '420', '463', '69', '181', '339', '476', '208', '256', '344', '204', '123', '57', '319', '346', '413', '455', '81', '477', '150', '234', '414', '107', '368', '393', '434', '124', '240']
['220', '462', '90', '134', '331', '116', '221', '488', '25', '157', '178', '179', '200', '376', '163', '403', '30', '145', '227', '342', '448', '490', '38', '142', '231', '101', '40', '77', '164', '232']
['352', '485', '245', '112', '424', '267', '98', '450', '408', '493', '140', '431', '129', '407', '454', '479', '151', '215', '217', '241', '280', '327', '391', '457', '36', '82', '172', '16', '20', '60']
['440', '177', '47', '383', '48', '384', '296', '389', '428', '15', '33', '64', '86', '284', '483', '39', '395']
['198', '265', '286', '353', '133', '223', '421', '156', '466', '115', '180', '248', '336', '379', '202', '313', '183', '236', '447', '76', '271', '426', '53', '206', '143', '188', '187', '278', '496', '65']
['44', '287', '396', '111', '486', '67', '249', '92', '382', '7', '118', '182', '225', '366', '144', '233', '474', '195', '437', '460', '237', '410', '456', '262', '347', '19', '104', '210', '276', '300']
['374', '166', '305']
['266', '4', '73', '443', '422', '465', '29', '135', '207', '332', '272', '139', '365', '80', '298', '10', '141', '165', '173', '255', '323', '409', '436', '56', '257', '369', '192', '61', '106', '148']
['88', '93', '71', '358', '470', '72', '159', '49', '404', '184', '273', '337', '320', '387', '12', '32', '359', '498', '282', '295', '328', '348', '430', '109', '169', '321', '147', '260', '324', '63']
['113', '201', '445', '268', '170', '8', '28', '168', '345', '11', '473', '167', '495', '171', '194', '37', '433', '461', '190', '130', '480', '59', '105', '128', '258', '349', '370', '412', '41', '415']
['89', '330', '1', '355', '3', '96', '446', '149', '186', '489', '405', '74', '297', '427', '17', '78', '275', '340', '406', '452', '469', '31', '121', '274', '75', '325', '196', '235', '350', '435']
['66', '354', '312', '442', '269', '491', '52', '400', '6', '250', '361', '50', '254', '162', '13', '472', '475', '425', '212', '402', '125', '338', '385', '277', '343', '97', '146', '283', '362', '499']
['264', '70', '333', '378', '310', '375', '94', '160', '398', '492', '5', '161', '290', '293', '317', '335', '386', '226', '318', '54', '205', '453', '230', '270', '58', '120', '299', '322', '390', '429']
['441', '46', '222', '399', '444', '311', '45', '292', '357', '136', '334', '253', '119', '303', '193', '42', '153', '218', '306', '84', '214', '482', '329', '371', '392', '438', '219', '263', '394', '238']
