['17', '215', '4', '26', '70', '167', '182', '257', '331', '339', '66', '177', '350', '376', '443', '229', '276', '292', '447', '337']
['37', '113', '193', '302', '120', '359', '226', '308', '334', '343', '367', '351', '372', '115']
['126', '187', '429', '5', '235', '252', '265', '313', '480', '315', '386', '409', '419', '141', '389', '390', '439', '490']
['125', '209', '278', '403', '23', '312', '332', '382', '269', '18', '358', '400', '416', '64']
['30', '273', '497', '15', '165', '166', '422', '27', '85', '132', '282', '88', '97', '369', '461', '303', '434']
['186', '373', '223', '268', '471', '304', '406', '178', '307', '352']
['78', '317', '108', '479', '499', '164', '173', '227', '311', '57', '91', '319', '374', '430', '152', '214', '472', '473', '248']
['199', '309', '325', '379', '24', '101', '380', '397', '425', '86', '89', '207', '289', '365', '404', '491', '36', '92', '203', '450']
['102', '3', '60', '100', '111', '119', '155', '200', '212', '338', '431', '448', '59', '90', '153', '236', '286', '360', '433', '457']
['29', '75', '285', '48', '151', '249', '250', '333', '412', '368', '424', '438', '478', '61', '93', '103', '195', '321', '375']
['11', '133', '140', '189', '233', '494', '354', '445', '432', '148', '296']
['12', '44', '62', '112', '234', '264', '274', '305', '391', '116', '162', '191', '225', '231', '330', '135', '168', '204', '255', '495']
['154', '38', '105', '306', '335', '446', '138', '224', '346', '242', '245', '449', '483', '81', '232', '260', '291', '378', '395', '410']
['465', '94', '118', '299', '328', '344', '417', '488', '46', '175', '181', '208', '441', '33', '156', '170', '143', '361', '462']
['217', '272', '436', '106', '247', '363', '388', '45', '184', '267', '496', '9', '25', '198', '239', '254', '384', '383', '459', '362']
['14', '387', '32', '110', '131', '205', '270', '281', '398', '452', '458', '114', '171', '230', '322', '356', '492', '185', '407', '474']
['206', '411', '172', '188', '228', '243', '320', '357', '2', '144', '149', '279', '324', '394', '487', '7', '72', '130', '323', '342']
['55', '136', '237', '385', '467', '396', '454', '470', '0', '22', '456', '489', '463', '13', '41', '290', '176']
['122', '16', '476', '117', '134', '219', '327', '210', '275', '381', '437', '451', '10', '220', '408', '498']
['196', '455', '469', '484', '49', '77', '146', '318', '341', '453', '50', '96', '294', '310', '107', '161', '347', '31']
['71', '336', '414', '80', '426', '468', '129', '183', '192', '263', '280', '377', '481', '259']
['35', '283', '440', '485', '47', '150', '201', '297', '221', '21', '39', '58', '271']
['202', '418', '427', '19', '82', '87', '475', '486', '293', '353', '65', '371', '402', '413']
['147', '246', '6', '34', '401', '56', '67', '316', '428', '256', '366']
['98', '287', '314', '349', '423', '477', '1', '157', '197', '211', '421', '159', '329', '53', '127', '364']
['420', '99', '109', '142', '251', '28', '76', '84', '405', '216', '253', '261', '298', '300', '393', '444', '460', '301', '137', '163']
['392', '399', '42', '174', '238', '295', '326', '464', '74', '124', '277', '348', '63', '179', '482', '145', '493']
['169', '266', '435', '466', '52', '83', '123', '139', '240', '241', '258', '288', '355', '370', '40', '158', '180', '340', '190', '194']
['51', '104', '128', '244', '262', '160', '213', '222', '69', '415', '345']
['43', '79', '284', '442', '20', '54', '68', '218', '8', '73', '95', '121']
