['84']
['16', '52', '53']
['11']
['13']
['15']
['2']
['21']
['40', '9960']
['249']
['25']
['250']
['31']
['39']
['41']
['43']
['48']
['27', '28']
['5']
['50']
['56']
['58']
['70', '71', '9929']
['62']
['68']
['72']
['29', '30', '9970']
['46', '47', '9953']
['42', '9958', '57', '9943', '9750']
['78']
['85']
['9998']
['9']
['9751']
['9915']
['9916']
['9918']
['9919']
['9920']
['9921']
['9922']
['9924']
['9925']
['9926']
['9986']
['9927']
['9928']
['9930']
['9931']
['33', '34', '66', '67', '9933']
['9932']
['9934']
['9935']
['9936']
['9937']
['9938']
['9940']
['9941']
['32', '54', '55', '9945']
['22', '9978']
['26']
['9942']
['9944']
['9946']
['9947']
['9948']
['73']
['59']
['9949']
['9950']
['9952']
['9954']
['9955']
['3', '9997', '4', '9996', '9995', '23', '24', '9976', '9975', '37', '9963', '38', '9962', '9961', '1', '9999']
['9956']
['9959']
['9964']
['9965']
['9966']
['9967']
['9968']
['9969']
['9971']
['9972']
['9973']
['9974']
['9977']
['9979']
['9981']
['9982']
['82', '83', '9917']
['9983']
['9984']
['9985']
['9987']
['9989']
['9991']
['9993']
['9994']
['49', '9951']
['9990']
['79']
['64', '65']
['10']
['100']
['101']
['35', '36']
['102']
['103']
['104']
['17', '18']
['63', '76', '77', '9923']
['105']
['106']
['107']
['108']
['7', '8', '9992']
['109']
['110']
['111']
['112']
['69']
['9957']
['113']
['74', '75']
['114']
['80', '81']
['115']
['86', '87', '88', '89', '90', '91', '92', '93', '94', '95', '96', '97', '98', '99', '145', '146', '147', '148', '149', '150', '151', '152', '153', '154', '155', '156', '157', '158', '159', '160', '161', '162', '163', '164', '165', '166', '167', '168', '169', '170', '171', '172', '173', '174', '175', '176', '177', '178', '179', '180', '181', '182', '183', '184', '185', '186', '187', '188', '189', '190', '191', '192', '193', '194', '195', '196', '197', '198', '199', '200', '201', '202', '203', '204', '205', '206', '207', '208', '209', '210', '211', '212', '213', '214', '215', '216', '217', '218', '219', '220', '221', '222', '223', '224', '225', '226', '227', '228', '229', '230', '231', '232', '233', '234', '235', '236', '237', '238', '239', '240', '241', '242', '243', '244', '245', '246', '247', '248']
['9914', '9913', '9912', '9911', '9910', '9909', '9908', '9907', '9906', '9905', '9904', '9903', '9902', '9901', '9900', '9899', '9898', '9897', '9896', '9895', '9894', '9893', '9892', '9891', '9890', '9889', '9888', '9887', '9886', '9885', '9884', '9883', '9882', '9881', '9880', '9879', '9878', '9877', '9876', '9875', '9874', '9873', '9872', '9871', '9870', '9869', '9868', '9867', '9866', '9865', '9864', '9863', '9862', '9861', '9860', '9859', '9858', '9857', '9856', '9855', '9854', '9853', '9852', '9851', '9850', '9849', '9848', '9847', '9846', '9845', '9844', '9843', '9842', '9841', '9840', '9839', '9838', '9837', '9836', '9835', '9834', '9833', '9832', '9831', '9830', '9829', '9828', '9827', '9826', '9825', '9824', '9823', '9822', '9821', '9820', '9819', '9818', '9817', '9816', '9815', '9814', '9813', '9812', '9811', '9810', '9809', '9808', '9807', '9806', '9805', '9804', '9803', '9802', '9801', '9800', '9799', '9798', '9797', '9796', '9795', '9794', '9793', '9792', '9791', '9790', '9789', '9788', '9787', '9786', '9785', '9784', '9783', '9782', '9781', '9780', '9779', '9778', '9777', '9776', '9775', '9774', '9773', '9772', '9771', '9770', '9769', '9768', '9767', '9766', '9765', '9764', '9763', '9762', '9761', '9760', '9759', '9758', '9757', '9756', '9755', '9754', '9753', '9752']
['116']
['117']
['118']
['119']
['12']
['120']
['6']
['19', '20', '9980']
['121']
['122']
['44', '45']
['123']
['124']
['125']
['60', '61', '9939']
['126']
['127']
['128']
['129']
['130']
['51']
['131']
['132']
['133']
['134']
['135']
['136']
['137']
['138']
['9988']
['139']
['14']
['140']
['141']
['142']
['143']
['144']
