['290', '394', '381', '220', '308', '67', '218', '371', '224', '7', '249', '174', '238', '283', '292', '356', '138', '333', '132', '194', '57', '336', '297', '42']
['266']
['370', '329', '326']
['149', '106', '209', '338', '321', '287', '40', '376', '393', '16', '137', '234', '161', '14', '382', '311', '32', '206', '20', '189', '81', '215', '180', '302']
['17', '124', '368', '354', '99', '309', '320', '46', '102', '270', '339', '332', '191', '126', '241', '395', '72', '69', '399', '145', '140', '61', '301', '359']
['350', '244', '28', '105', '299', '291', '0', '35', '310', '203', '221', '80', '6', '87', '306', '256', '163', '58', '97', '258', '155', '319', '86', '156']
['130', '25', '386', '217', '160', '104', '316', '101', '334', '171', '375', '389', '117', '63', '93', '85', '362', '154', '271', '181', '373', '279', '71', '164']
['192', '355', '387', '240', '133', '43', '123', '107', '110', '293', '134', '21', '397', '144', '348', '374', '83', '184', '285', '12', '68', '327', '242', '296']
['351', '120', '344', '253', '2', '178', '173', '44', '153', '50', '325', '298', '367', '196', '360', '219', '23', '143', '65', '398', '365', '385', '59', '103']
['380', '378', '213', '342', '284', '252', '114', '229', '108', '158', '263', '119', '170', '92', '37', '51', '223', '29', '232', '200', '369', '264', '352', '245']
['259', '100', '278', '142', '212', '276', '88', '257', '183', '269', '38', '254', '366', '90', '211', '30', '305', '91', '335', '289', '377', '55', '70', '195']
['236']
['94', '36', '315', '383', '73', '113', '45', '313', '111', '205', '60', '53', '96', '172', '237', '135', '210', '19', '225', '227', '323', '84', '361', '187']
['358', '82', '396', '139', '233', '300', '331', '166', '24', '304', '286', '18', '176', '388', '198', '272', '169', '11', '179', '64', '127', '337', '322', '239']
['303', '345', '22', '207', '268', '282', '162', '56', '265', '54', '141', '201']
['75', '255', '15', '47', '39', '324', '372', '95', '216', '328', '188', '251', '182', '1', '248', '307', '186', '280', '5', '391', '262', '165', '34']
['168', '131', '343', '193', '243', '77', '295', '353', '3', '281', '52', '288', '260', '129', '314', '10', '148', '247', '230', '312', '267', '204', '98', '190']
['357', '109', '13', '76', '116', '261', '364', '150', '8', '250', '228', '199', '26', '167', '33', '274', '363', '231', '152', '341', '128', '74', '235', '185']
['246', '89', '115', '390', '384', '146', '159', '125', '197', '208', '318', '379', '27', '147', '151', '277', '9', '222', '118', '330', '202', '41', '340', '273']
['121', '349', '122', '31', '4', '66', '317', '226', '49', '48', '392', '347', '136', '346', '177', '214', '78', '112', '62', '275', '157', '294', '79', '175']
