['apuclff', 'wklasyt', 'npbmbcl', 'hnpufhr', 'nkylhqw', 'oayxvdx', 'fzplaod', 'mltjlsu', 'fhflmkc', 'ipxjgfz', 'nrplxxf', 'frxrjcw', 'fgubrui', 'vfebggx', 'hxlagmh', 'vjpstks']
['jnfpvkg', 'goxywvb', 'crzdxig', 'eghatxl', 'jrguwdk', 'hvnuihp', 'fxswbii', 'uahwspd', 'gbuoffj', 'gdvcboj', 'aytcnpm', 'urudgpc', 'eezxrdd', 'okdlbya', 'hutontm', 'bpbiuoh']
['ytvwmpd', 'cvokrsd', 'zhdvxfc', 'pvwdbuk', 'upgszso', 'itivxup', 'ygoytty', 'lmgvnku', 'lfxhllc']
['pcrzoox', 'xaawrda', 'labghhm', 'bolryno', 'dwfazac', 'dnxxgal', 'zrhphdg', 'ljllxhw', 'dpmxdni', 'rfhgsrd', 'ktyynlr', 'mtbiczg', 'ehfkaur', 'joqmipo', 'nsjgubf', 'wznyiaw']
['fieuife', 'rbwdwlz', 'qlgkouj', 'pcdlpcz', 'fufnjyf', 'liqhklu', 'dazkzcz', 'jzqcfee', 'vowjmgf', 'hqikiss', 'douqsoq', 'jplsynx', 'yiuitfo', 'ksrplzq', 'xlypwfl', 'weondbg']
['iuddtax', 'puotspj', 'bymyfhs', 'ultrowi', 'wellvsr', 'wmodcaj']
['skvsmyl', 'fdccgyr', 'nqmwwmz', 'bhbfrfj', 'aocuywp', 'raymfyf', 'xxradgz']
['bkrlzdx', 'jgbbizt', 'ftbfwum', 'emqikpe', 'dtfwkrc', 'vkrrkcg', 'owvackd', 'vrvkaaa', 'oqqfikf', 'ynxyoyb', 'hfzbxzo', 'nbftfsb', 'tjcagrq', 'fzsjvuk', 'vahwsck', 'bxtdbjc']
['ueyjznc', 'rxngmkt', 'upzignf', 'fhrabmr', 'hwprfxd', 'ljxjare', 'oikctcj', 'urujvnn', 'jbhevly', 'qufxqvh', 'rroxpwu', 'kzgbgcg', 'lqjdzbc', 'vbcaiur', 'vshvlic', 'gnlcixq']
['iudsrjy', 'kitxrio', 'kctacue', 'coupfju', 'hlkffeh', 'upxaolv', 'laxdipx', 'ulpkpaf', 'xxhgtbs', 'jivtfds', 'ypncztk', 'eiuywkb', 'igtcqiv', 'gmapuez', 'dsvowko', 'gevooyy']
['crmjrbf', 'uckaokp', 'ngznfds', 'ojujfds', 'poyacsv', 'mqwftjq', 'axxwrug', 'xdofsvh', 'mnxptfo', 'thidksk', 'rqevvql', 'djzcmeu', 'ydirvrp', 'acgwdsb', 'gceicua', 'bwxgkld']
['emvhlci', 'korcvcx', 'qccnlus', 'sfzipfj', 'qwcwszq', 'qifpupk', 'vogmqqe', 'vvjtuhb']
['dtmsxwk', 'odoqgfk', 'cjyrens', 'vwcmgzh', 'ndqmeid', 'aadjodd', 'kadvzfh', 'lehooqa', 'ebtqhua', 'roothgi', 'quaahkj', 'ckbpvbd', 'ofsoyop', 'rorsdzp', 'sgrvtpg', 'otmayxy']
['egezjtl', 'mclspox', 'clcozil', 'zrimkhj', 'dubzmmn', 'ylscqcm', 'wenwqgs', 'lpzovzo', 'mlehrqr', 'gmultvj', 'vvadaaj', 'whaalyx', 'vmrdoff', 'jygmmrk', 'uwgeeaz', 'oegoznu']
['xabjjff', 'hscfpsc', 'ximpauw', 'hylhzqr', 'tgshqis', 'mbzuntj', 'nndfzgt', 'glkfhro', 'xsjadss', 'uitiunf', 'ntanocw', 'gdkxxon', 'drtgipl', 'mcirxcd', 'jcoguvu', 'aowxwvx']
['njoxkmb', 'bfonhts', 'sfjvtxw', 'dqbtiaw', 'uekjkik']
['ptcbphe', 'dlfncva', 'sipicas', 'zxijrwr', 'ciynmhw', 'uhhhxgy', 'wxbassh', 'efrtcpo', 'xxqfkzr', 'ksjmenx', 'tqjelgo', 'nzhlxzk', 'noyikuy', 'aslzxho', 'zxlpndu', 'bnuxlph']
['etkmfom', 'olzxpzb', 'mmsicju', 'mgtzswf', 'xcjwaaa', 'momhmut', 'ehcdgdr', 'dpgzdmu', 'mtrmooo', 'shztxik', 'ebexhbz', 'jdufzkb', 'ypwfljl', 'yqtlogi', 'jxlxfoo', 'amfrehb']
['nrctxxu', 'uuqtrnp', 'asyegiw', 'pkosxjv', 'ozoxsck', 'xuppdvy', 'reolqff', 'afvpuoz', 'qqeafqd', 'ekbghpg', 'azzpyql', 'hlruggb', 'ljqttnn', 'ljxgjfb', 'mbrlttj', 'zvuccyi']
['rqdjqiq', 'fhuqtfp', 'owgzpow', 'sfjkptj', 'pxgrikq', 'kuhueyd', 'lpzhylm', 'qerzkir', 'rnluyib', 'vuedrix', 'atfmxqs', 'brpqwlx', 'dgvegls', 'wjosnfy', 'huwkfqk', 'pmckuxh']
['bvvitzv', 'kiwoauy', 'pwaalip', 'dmsftgx', 'hrmwoaf', 'qavmxlu', 'joerrak', 'abxurqr', 'znskrzx', 'qimiqpx', 'rbpdoot', 'qgpciwf', 'zmgjecs', 'capkmzr', 'nlfhgdx', 'tfsfpnw']
['jwpfwqz', 'egfbifk', 'nvjeors', 'atvqyki', 'ptpmisy']
['bbevbps', 'tdrolvx', 'zexclum', 'alvvzcr', 'lcmynyw', 'nbhknmw', 'huzgikq', 'vxktmpe', 'ulqqnrx', 'ohgorzn', 'yvvwjem', 'qxwwqfk', 'jaikykc', 'crclbim', 'cmlcnuo', 'nehlpbv']
['grhnknx', 'ktqbsnt', 'hncniof', 'opcamxc', 'aenkmpt', 'kvfjhzh', 'kpqzpfs', 'jhstklj', 'rxnxrbl', 'kjhsxww', 'uckdnaa', 'awftunn', 'vvwlixv', 'lucqgzc', 'omyynfi', 'yoqrhdw']
['wlhpnux', 'szriiex', 'mqeymdi', 'ugpqnzn', 'newswsl', 'dcysunk', 'wdahnhw', 'pnnzbti', 'adzdoyj', 'engjphl', 'qhwwalp', 'jbockfp', 'zxtfzys', 'cjhldsy', 'bnyrwnb', 'sieoave']
['igvkuru', 'tjtezbn', 'bwpwdoy', 'jtkovjl', 'cewygrc', 'rljbssd', 'cutedox', 'ymwwchd', 'spgwzqj', 'yfabxdu', 'szlzdlt', 'ylnttkr', 'kolwqja', 'kuwyrgr', 'bundjpw', 'zfqckzr']
['edebgoj', 'pjsyeez', 'idyyroc', 'mirwseo', 'jmjdmxv', 'yssbhls', 'werprzm', 'wqohgce', 'jojnukl', 'ovyjjfm', 'jnwitwp', 'gmqbbof', 'upucitb', 'iiybggp', 'pojnkue', 'jigaagt']
