['152', '164', '88', '104', '208', '182', '254', '14']
['138', '185', '108', '48', '18']
['100', '124', '242', '143', '184', '259', '122', '220']
['263', '272', '71', '38', '218', '296', '32', '41', '191', '197', '251', '176', '266', '11', '26', '27']
['192', '61', '62', '70', '141', '255', '267', '45', '212', '250', '81', '291', '92', '171', '2', '21']
['115', '201', '145', '175', '194', '231', '286', '219', '295', '249', '265', '25']
['63', '243', '33', '118', '183', '273', '298', '58', '148', '178', '238', '3', '28']
['193', '159', '279', '39', '129', '189', '9']
['245', '55', '282', '163', '162', '223', '252', '43', '132', '103', '12', '13']
['49', '74', '196', '260', '76', '134', '169', '47', '167', '257', '77', '137', '227', '17']
['205', '262', '112', '172', '82', '202', '22']
['144', '36', '126', '246', '66', '156', '216', '186', '276', '6']
['161', '117', '80', '84', '87', '200', '146', '204', '234', '297', '54', '116', '177', '264', '57', '207', '237', '56', '114', '20']
['123', '51', '150', '181', '271', '151', '1']
['101']
['155', '235', '270', '107', '173', '179', '232', '239', '256', '85', '111', '119', '215', '50', '110', '230', '287', '290', '170', '140']
['95', '130', '133', '174', '283', '73', '190', '40', '65', '280', '10']
['275', '222', '35', '72', '5']
['149', '53', '59', '113', '293', '23']
['102']
['292', '206', '105', '142', '135', '285', '195', '75', '15']
['125', '221']
['68', '94', '79', '91', '131', '158', '214', '278', '281', '31', '64', '199', '248', '188', '4', '8']
['30', '127', '180', '253', '277', '60', '90', '0']
['160', '294', '24']
['261', '96', '165', '268', '147', '37', '97', '157', '217', '225', '247', '187', '67', '7']
['86', '224', '34', '42', '99', '121', '69', '198', '241', '244', '78', '154', '211', '228', '258', '274', '288', '168', '236']
['128', '120', '136', '299', '98', '166', '210', '46', '106', '226', '240', '269', '89', '16', '29']
['284', '44', '109', '139', '229', '289', '19']
['52', '209', '93', '233', '83', '213', '153', '203']
