['BPZAJ']
['WZ', 'VOLULU', 'C', 'J', 'DVVKX', 'LTHESD', 'WAXWZU', 'IYCHS', 'VWK', 'TUB', 'NTMT', 'QE', 'NDMQJ', 'U', 'HOQPX', 'WWF', 'EYVVY', 'UVUBDR', 'MM', 'E']
['KMU', 'JBJS', 'KW', 'ZVWR', 'MLDT', 'RKCPEP', 'N', 'SGY', 'JP', 'QREJV', 'Y', 'HO', 'PQ', 'IWP', 'WFWU', 'WK', 'CRAQYE', 'GDGZN', 'LHILT', 'L']
['ZAP', 'VYBQIM', 'DCBWSF', 'HGT', 'GCSAZH', 'AZGCQ', 'OQV', 'FAF', 'XINMR', 'LNMCTV', 'UBYG', 'UXXBYF', 'OHZYQ', 'PIGBG', 'QBB', 'O', 'HDJL', 'YEBV', 'DEXTSN', 'RUC']
['UHTMG', 'QIZWG', 'OEJ', 'ODIF']
['BX', 'QNN', 'MOOKF', 'M', 'FSZNT', 'ETBLO', 'ZULMQ', 'TYQL', 'ETSAG', 'EMP', 'W', 'EU', 'XVU', 'MYN', 'ZYFXQ', 'WVHKC', 'AH', 'ZIIN', 'AZN', 'NMU']
['BHKK', 'MPYJWG', 'XFGUIZ', 'HSHY', 'PJG', 'THMU', 'TXNP', 'OC', 'COYVMU', 'NBJL', 'AEV', 'S', 'DFGWZZ', 'HMURVX', 'CAED', 'ZHDBW', 'ZJUCNC', 'WBPB', 'RWO', 'TB']
['NJAA', 'V', 'MISGHL', 'TAN', 'TJU', 'HTA', 'AY', 'EWAZF', 'TTV', 'FCB', 'HHCPMB', 'HH', 'SEWIVO', 'KFBC', 'RQRWJT', 'PE', 'KBV', 'FVMBV', 'LJSX', 'TQWWLG']
['QDMX', 'RM', 'JCEYOL', 'YFFNQ', 'KAZEK', 'DQQ', 'D', 'JUXOIJ', 'DRLM', 'UK', 'H', 'HLT', 'TSSNJ', 'RZU', 'UI', 'XU', 'HPXSSF', 'JNJNE', 'KKFPQ', 'VCFLXV']
['NP', 'QYC', 'EHXPLS', 'KFYTH', 'LZQ', 'A', 'PHS', 'JCM', 'QROYGT', 'OFIPP', 'AR', 'OL', 'BW']
['ET', 'JN', 'TRXUD', 'UJ', 'MK', 'GBSI', 'KPXJFJ', 'MMUK', 'XLWRB', 'JMYQEA', 'AJDT', 'YQ', 'KJHR', 'CMB', 'WELF', 'OTXCZH', 'QKT', 'YDDS', 'YII', 'QNKIQE']
['UEKXJH', 'BJ', 'ARYSPZ', 'OIA', 'RWHILI', 'OYDEJ', 'ZDYFZU', 'EYEWXP', 'CHR', 'IGSXN', 'FJTW', 'LY', 'SRJZQ', 'NDLUNW', 'FGPZAA', 'PBRPX', 'YO', 'EDAKUV', 'FP', 'OVM']
['I', 'BHT']
['ERR', 'MYSMZ', 'G', 'EP', 'JL', 'P', 'UXBDM', 'NVLNXP', 'CTRFIJ', 'TGKUE', 'X', 'NS', 'CVSPP', 'ICLIT', 'SY', 'NDF', 'CCIYM', 'EVDQNK', 'PRYXX', 'MWKWWN']
['SHT', 'SBM', 'DBGM', 'HDJIQ', 'QREJG', 'BAVHR', 'BBB', 'VHUHI', 'EJOR', 'FAL', 'XT', 'ORJB', 'SK', 'LZLFY', 'XLVUF', 'GI', 'ACYQN', 'TXCK', 'GUOYX', 'AQDX']
['GFNZL', 'FWRV', 'JJ', 'TCBKQ', 'IE', 'MRT', 'MICOE', 'NAIN', 'B', 'AFH', 'DJC', 'CNYXMO', 'EVTLXI', 'BFZ', 'MY', 'ANW', 'DLJMZC', 'WPRTBZ', 'ZTK', 'FLLJ']
['HJW', 'QGUYKQ', 'ZHCQG', 'BNC', 'BSAEQ', 'SUPLJO', 'T', 'FBW', 'XEAARR', 'IU', 'SU', 'AL', 'KLQR', 'UBWSTW', 'LW', 'KCQRDN', 'LWIA', 'NZDAU', 'MXSFK', 'OYJLB']
['XS', 'CN', 'WCZSB', 'EM', 'NDZ', 'KRXDGO', 'BGB', 'CFG', 'DJS', 'FXAQ', 'UIUBC', 'BQIFGG', 'TOR', 'USZM', 'ZQAULZ', 'ZTR', 'UU', 'FPPMUW', 'LQ', 'NGUN']
['TGDTND', 'GDFI', 'MV']
['AW', 'JSMAHJ', 'YXEJT', 'YOGJ', 'NO', 'WTGA', 'IMB', 'Z', 'VYGES', 'ZW', 'YK', 'TZTCA', 'VL', 'TN', 'AB', 'ZVKC', 'POL']
