['182', '240', '209', '53', '170', '180', '188', '186', '187', '181', '183', '284']
['106', '43', '7', '260', '99', '100', '102', '252', '107', '255', '253', '258', '101', '104', '256', '278', '291', '294', '298']
['177', '30']
['129', '200', '280']
['1', '3', '259', '55', '69', '74', '125', '163', '0', '6', '117', '118', '119', '122', '162', '123', '165', '124', '168', '169', '120', '29', '166', '28', '273', '289', '297']
['4', '143', '135', '139', '142', '137', '140', '287']
['226', '231', '250', '59', '157', '184', '249', '153', '161', '225', '228', '243', '154', '155', '158', '246', '247', '248', '230', '244', '251', '159', '232', '233', '271']
['103', '167', '34', '285']
['203', '198', '204', '206', '202', '205', '199', '201']
['39', '57', '229', '36', '37', '40', '54', '62', '58', '56', '60', '41', '44', '42', '61', '272', '277', '279', '283']
['265', '33']
['47', '45', '48', '49', '50', '51', '52', '46', '274']
['149', '128', '105', '112', '126', '130', '133', '134', '132', '131', '276', '288', '290', '299']
['68', '220', '63', '216', '218', '219', '224', '66', '70', '71', '217', '221', '223', '65', '270', '281', '296']
['23', '32', '191', '18', '21', '22', '25', '20', '19', '24', '27', '35', '275']
['254', '93', '160', '185']
['111']
['210', '263', '207', '208', '214', '215', '261', '262', '212', '264', '267', '269', '268', '213', '266', '211']
['5', '11', '236', '9', '10', '17', '234', '241', '13', '238', '15', '16', '237', '12', '235', '239', '14']
['127']
['8', '257', '91', '156', '242', '282', '286']
['172', '31', '92', '97', '90', '171', '95', '175', '176', '94', '173', '96', '179', '98', '178', '295']
['138']
['115', '141', '174', '108', '114', '116', '109', '110', '113', '292']
['84', '152', '227', '2', '80', '151', '72', '75', '77', '78', '81', '83', '86', '144', '150', '73', '79', '87', '88', '89', '145', '148', '85', '146', '76', '147']
['190', '26', '222', '189', '192', '195', '197', '194', '196', '293']
['136']
['121']
['64', '164', '245']
['38', '193', '67', '82']
