['AlecBurks', 'EkpeUdoh']
['CJMcCollum', 'DamianLillard']
['RichaunHolmes', 'MarkieffMorris']
['GeraldGreen', 'NeneHilario']
['MarioChalmers', 'AndrewHarrison']
['RondaeHollisJefferson', 'QuincyAcy']
['DannyGreen', 'ManuGinobili']
['JaylenBrown', 'TerryRozier']
['StanleyJohnson', 'ReggieBullock']
['JonathonSimmons', 'AaronGordon']
['DevinHarris', 'SalahMejri']
['JeramiGrant', 'AlexAbrines']
['JeremyLamb', 'TreveonGraham']
['JamesHarden', 'PJTucker']
['GorguiDieng', 'ShabazzMuhammad']
['KlayThompson', 'KevinDurant']
['MarcusSmart', 'AronBaynes']
['AndreDrummond', 'IshSmith']
['LonzoBall', 'JordanClarkson']
['JamalCrawford', 'TyusJones']
['AnthonyTolliver', 'AveryBradley']
['EnesKanter', 'FrankNtilikina']
['SemiOjeleye', 'DanielTheis']
['NikolaVucevic', 'ShelvinMack']
['AndreIguodala', 'DavidWest']
['PascalSiakam', 'OGAnunoby']
['MarvinWilliams', 'NicolasBatum']
['TylerJohnson', 'WayneEllington']
['TobiasHarris', 'LouWilliams']
['KristapsPorzingis', 'JarrettJack']
['MichaelBeasley', 'KyleOQuinn']
['MilosTeodosic', 'SamDekker']
['KentBazemore', 'JohnCollins']
['JuliusRandle', 'BrandonIngram']
['MarcGasol', 'DillonBrooks']
['KellyOlynyk', 'JustiseWinslow']
['NickYoung', 'ShaunLivingston']
['MarcoBelinelli', 'ErsanIlyasova']
['MarioHezonja', 'BismackBiyombo']
['KhrisMiddleton', 'GiannisAntetokounmpo']
['GarrettTemple', 'KostaKoufos']
['EvanFournier', 'DJAugustin']
['JakobPoeltl', 'FredVanVleet']
['JeffGreen', 'KevinLove']
['KyleAnderson', 'PauGasol']
['DavidNwaba', 'BobbyPortis']
['SergeIbaka', 'JonasValanciunas']
['ReggieJackson', 'LangstonGalloway']
['LauriMarkkanen', 'RobinLopez']
['SpencerDinwiddie', 'AllenCrabbe']
['JoseCalderon', 'CediOsman']
['JodieMeeks']
['LaMarcusAldridge', 'PattyMills']
['JohnHenson', 'SterlingBrown']
['KellyOubre', 'MarcinGortat']
['DeMarreCarroll', 'JoeHarris']
['DonovanMitchell', 'JoeIngles']
['NikolaJokic', 'WilsonChandler']
['RudyGay', 'DavisBertans']
['EmmanuelMudiay', 'TorreyCraig']
['JimmyButler', 'NemanjaBjelica']
['EvanTurner', 'EdDavis']
['JaMychalGreen', 'BenMcLemore']
['DirkNowitzki', 'MaxiKleber']
['JameerNelson', 'NikolaMirotic']
['LanceStephenson', 'MylesTurner']
['RussellWestbrook', 'PaulGeorge']
['BenSimmons', 'RobertCovington']
['BrookLopez', 'JoshHart']
['MasonPlumlee', 'TreyLyles']
['JJRedick', 'JoelEmbiid']
['AndreRoberson', 'JoshHuestis']
['ElfridPayton', 'WesleyIwundu']
['ETwaunMoore', 'DariusMiller']
['TajGibson', 'JeffTeague']
['MikeMuscala', 'MalcolmDelaney']
['ClintCapela', 'LucMbahaMoute']
['RudyGobert', 'RodneyHood']
['JusufNurkic', 'AlFarouqAminu']
['LanceThomas', 'DougMcDermott']
['KembaWalker', 'DwightHoward']
['KyrieIrving', 'MarcusMorris']
['DejounteMurray', 'BrynForbes']
['CarisLeVert', 'JarrettAllen']
['ThonMaker', 'JasonTerry']
['JabariParker', 'DarioSaric']
['JamesEnnis', 'DeyontaDavis']
['DewayneDedmon', 'IsaiahTaylor']
['TaureanWallerPrince', 'DennisSchroder']
['JerianGrant', 'KrisDunn']
['CarmeloAnthony', 'StevenAdams']
['GaryHarris', 'PaulMillsap']
['ChrisPaul', 'RyanAnderson']
['BradleyBeal', 'OttoPorter']
['RaymondFelton', 'PatrickPatterson']
['CourtneyLee', 'TimHardaway']
['TJWarren', 'DraganBender']
['MontrezlHarrell', 'SindariusThornwell']
['WesleyJohnson', 'BlakeGriffin']
['JrueHoliday', 'AnthonyDavis']
['DeMarcusCousins', 'DanteCunningham']
['DeAndreJordan', 'AustinRivers']
['TylerUlis', 'AlexLen']
['JerrydBayless', 'TimotheLuwawuCabarrot']
['ZachRandolph', 'JustinJackson']
['BojanBogdanovic', 'CoryJoseph']
['JamesJohnson', 'BamAdebayo']
['HarrisonBarnes', 'YogiFerrell']
['TomasSatoransky', 'JohnWall']
['LeBronJames', 'JRSmith']
['JoshJackson', 'DevinBooker']
['JustinHoliday', 'DenzelValentine']
['MichaelKiddGilchrist', 'FrankKaminsky']
['DelonWright', 'CJMiles']
['DAngeloRussell', 'TylerZeller']
['MalikMonk', 'MichaelCarterWilliams']
['DeAaronFox', 'BuddyHield']
['DarrenCollison', 'DomantasSabonis']
['JarellMartin', 'TyrekeEvans']
['LarryNance', 'CoreyBrewer']
['TrevorAriza', 'EricGordon']
['JoshRichardson', 'GoranDragic']
['ShabazzNapier', 'PatConnaughton']
['ThaddeusYoung', 'VictorOladipo']
['WesleyMatthews', 'DennisSmith']
['DwightPowell', 'JJBarea']
['CristianoFelicio', 'PaulZipser']
['RajonRondo', 'IanClark']
['TysonChandler', 'JaredDudley']
['KentaviousCaldwellPope', 'KyleKuzma']
['EricBledsoe', 'TonySnell']
['MikeScott', 'IanMahinmi']
['TJMcConnell', 'AmirJohnson']
['AndrewWiggins', 'KarlAnthonyTowns']
['BogdanBogdanovic', 'WillieCauleyStein']
['HassanWhiteside', 'DionWaiters']
['DeMarDeRozan', 'KyleLowry']
['ZazaPachulia', 'PatrickMcCaw']
['JoeYoung', 'AlJefferson']
['TroyDaniels', 'MarqueseChriss']
['DraymondGreen', 'StephenCurry']
['JaysonTatum', 'AlHorford']
['MauriceHarkless', 'ZachCollins']
['RickyRubio', 'DerrickFavors']
['LukeKennard', 'MalcolmBrogdon']
['SkalLabissiere', 'GeorgeHill']
['WillBarton', 'JamalMurray']
['JaeCrowder', 'TristanThompson']
['KyleKorver', 'DwyaneWade']
['RoyceONeale', 'JonasJerebko']
