['EX', 'KP', 'BQ', 'QB', 'CC', 'JY', 'PU']
['NH', 'F', 'KL', 'IP', 'NY', 'FW', 'RU', 'JO', 'RQ', 'GN']
['OG', 'DO', 'LS', 'KY']
['DH']
['KK']
['GQ', 'MQ', 'JD', 'PG', 'MI', 'NL', 'IJ', 'LP']
['NC']
['BN']
['QH', 'GK', 'OZ', 'PL', 'DG', 'MX', 'QX', 'I', 'RF']
['MY']
['BV']
['CJ']
['CS']
['NU', 'RA', 'RS', 'NZ', 'OI', 'JR', 'LU', 'OT', 'NN', 'KO']
['DA']
['KF', 'FI', 'NM', 'IS', 'PA', 'HN', 'KD', 'U']
['KW', 'IT', 'SQ', 'HR', 'HF', 'OU']
['DI']
['DS']
['DT']
['EB']
['FC', 'IM', 'KH', 'FZ', 'LC', 'FA', 'QI', 'LB', 'HU', 'GD']
['LG', 'HM', 'HI', 'BF', 'JT', 'V', 'JJ']
['IX', 'EP', 'EU', 'EI', 'QO', 'LV', 'DV', 'DP', 'JL']
['EC']
['FN', 'IA', 'PK', 'HW', 'BW', 'GY', 'GT', 'CG', 'BG']
['FR', 'MR', 'JX', 'EM', 'QE', 'RZ', 'SD', 'SI', 'CU', 'OJ']
['KZ', 'DK', 'GJ', 'LI', 'JG', 'BE', 'FY', 'Y', 'CV']
['EH']
['EN']
['ES']
['FB', 'KS', 'KR', 'PQ', 'MB', 'EW', 'RB', 'PV', 'SS', 'FV']
['ET']
['RX', 'IW', 'DR', 'C', 'CH', 'IN', 'OF', 'JA', 'CF', 'BI']
['MM', 'JH', 'CO', 'CZ', 'IO', 'PP', 'MG', 'SV']
['JB', 'LK', 'KQ', 'LZ', 'LW', 'IF', 'CQ', 'QA']
['NB', 'QS', 'DE', 'IV', 'EL', 'PF', 'JV', 'O', 'HZ', 'HD']
['HJ', 'HE', 'N', 'JF', 'BM', 'MO', 'BL', 'CM', 'RL']
['FH']
['GB', 'CX', 'GI', 'PY', 'KX', 'ON', 'SP', 'IU']
['GO']
['M', 'TB', 'HP', 'TE', 'FX', 'DJ', 'HS', 'IZ']
['JC']
['KJ']
['KV']
['RJ', 'SK', 'PC', 'JZ', 'FL', 'MK', 'QJ', 'PH']
['LE']
['W', 'EF', 'NG', 'ND', 'LM', 'DL', 'OD', 'DW']
['MA']
['PD']
['HX', 'RO', 'IY', 'KA', 'FJ', 'JN', 'LR', 'RT', 'OC', 'IQ']
['HC', 'G', 'GC', 'MT', 'MD', 'HG', 'QV', 'CI', 'IK', 'GM']
['HQ', 'FP', 'DM', 'DQ', 'DX', 'MN', 'QG', 'NP', 'MC']
['EO', 'H', 'QC', 'SG', 'LH', 'ML', 'PE', 'GV', 'DC']
['PM']
['SE', 'BU', 'EK', 'HO', 'EE', 'RE', 'FO', 'HB']
['IG', 'RK', 'OB', 'CY']
['MS', 'RG', 'IB', 'LJ', 'OX', 'SX', 'L', 'KE']
['QU']
['JK', 'OS', 'NI', 'ER', 'SO', 'IR', 'A', 'CE', 'NJ', 'CR']
['JE', 'JQ', 'JP', 'SB', 'DZ', 'DN', 'RH', 'EV', 'SM']
['MH', 'ED', 'SL', 'T', 'KI', 'EG', 'EQ', 'ST']
['RY']
['OP', 'D', 'NT', 'QW', 'E', 'LQ', 'Z', 'K', 'GS', 'MU']
['CA', 'GF', 'LL', 'CP', 'NV', 'TF', 'NO', 'PS', 'OL']
['SJ']
['BO', 'MZ', 'LA', 'QT']
['SW']
['MP', 'PI', 'GA', 'FT', 'QP', 'JU', 'IL', 'RP', 'QL']
['DY', 'J', 'QF', 'GP', 'OA', 'PN', 'KB', 'FD', 'NA']
['QR', 'HA', 'DU', 'FG', 'PW', 'P', 'MW', 'RV', 'LO']
['ME', 'JS', 'FF', 'BK', 'EY', 'QQ', 'IH']
['PO', 'CK', 'SC', 'KG', 'KC', 'OR', 'MJ', 'NR']
['SZ']
['TD']
['B']
['BA']
['BB']
['HL', 'NK', 'TC', 'RI', 'NW', 'QD', 'OV', 'HK', 'EJ', 'II']
['BC']
['BD']
['RW', 'CN', 'GU', 'OM', 'PJ', 'SA', 'SN', 'PX', 'EA']
['JI', 'MV', 'OE', 'BR', 'PZ', 'PB', 'BZ', 'FM', 'RN', 'S']
['SY', 'HV', 'NQ', 'ID', 'GH', 'PT', 'GG', 'OO', 'PR', 'KM']
['BH']
['BJ']
['RR', 'LX', 'LY', 'CT', 'FE', 'Q', 'HY', 'OY', 'CW', 'SH']
['MF', 'LF', 'SU', 'DB', 'GE', 'FQ', 'HT', 'QK', 'GL']
['BP']
['BS']
['BT']
['BX']
['QM', 'QZ', 'SF', 'X', 'NE', 'GZ', 'LT', 'DD', 'FS', 'GX']
['BY']
['NF', 'IC', 'NS', 'KN', 'QY', 'SR', 'QN', 'GR']
['CB']
['JW', 'FU', 'RM', 'GW', 'CL', 'HH']
['OW', 'KU', 'OQ', 'RD', 'RC', 'LN', 'OH', 'OK']
['CD']
['EZ', 'JM', 'FK', 'IE', 'DF', 'NX', 'LD', 'R', 'KT', 'TA']
