['Angel']
['Ashley']
['Jonathon', 'Carl', 'John', 'Toni', 'Kristen', 'Annie', 'Randall']
['Shirley', 'Rena', 'Mary', 'Allen', 'Rebecca', 'Ronald', 'Darryl']
['Austin']
['Maureen', 'Claire', 'Ruthie', 'Rhonda', 'Levi', 'Lorene']
['Benjamin']
['Corinne']
['Dewayne']
['Warren', 'Peggy', 'Ted', 'Reggie', 'Sulema', 'Crystal']
['Julie', 'Shane', 'Elvera', 'Brian', 'Claudia', 'Renee', 'Tommy']
['Emerson']
['Tom', 'George', 'Hazel', 'Christopher', 'Jeffrey']
['Emilee']
['Esta']
['Bernice', 'Katherine', 'Damian', 'Jami', 'Jodi']
['Gale']
['Brittany', 'Lorenzo', 'Christiana', 'Cheri', 'Nathaniel', 'Margaret', 'Judith']
['Ethel', 'Jane', 'Lorena', 'Lidia', 'Bernard', 'Argentina', 'Matthew']
['Grace']
['Cheryl', 'Krista', 'Vera', 'Geraldine', 'Iris', 'Eunice']
['Hilton']
['Jewel', 'Dottie', 'Bobby', 'Jerry']
['Isabelle']
['Joan']
['Joy']
['Justine']
['Jeanette', 'Rocio', 'Clifford', 'Alan', 'Billie', 'Diane']
['Karen']
['Vanessa', 'Carol', 'Bernie', 'Kelvin', 'Keith', 'Shaun', 'Horace']
['Kelli']
['Josie', 'Vance', 'Donald', 'Jim', 'Melissa', 'Lacey', 'Cindy']
['Lakesha']
['Mireya', 'Victoria', 'Fletcher', 'Erma', 'Erik', 'Salvatore']
['Latonya']
['Milton', 'Leigh', 'Tommie', 'Mark', 'Lucy']
['Johnnie', 'Nicholas', 'Mitchell', 'Melanie', 'Brett', 'Lucia']
['Lori']
['Dan', 'Trenton', 'Tomas', 'Molly', 'Ivan', 'Anne']
['Mari']
['Marta']
['Joe', 'Helen', 'Irene', 'Kathryn', 'Edward', 'Craig']
['Donna', 'Steve', 'Cleo', 'Thomas']
['Mavis']
['Gerard', 'Aron', 'Pauline', 'William', 'Harriett', 'Alice']
['Vickie', 'Walter', 'Kenneth', 'Shawna', 'Beverly']
['Norma']
['Wilbur', 'Lowell', 'Michael', 'Carrie', 'Lena', 'Jammie']
['Phillip']
['Ralph']
['Ray']
['Scotty', 'Kim', 'Michelle', 'Dena', 'Jacqueline', 'Kathleen', 'Chris']
['Stephanie', 'Eva', 'Jeffery', 'Charles', 'Kurt', 'Louis']
['Tabatha']
['Tanya']
['Jeremy', 'Pamela', 'Emily', 'Oscar', 'Frances', 'Rueben']
['Stephen', 'Ruth', 'Regina', 'Cyndy', 'Randy', 'Marybeth', 'Barbra']
['Joel', 'Anthony', 'Roger', 'Monica', 'Douglas', 'Brooks', 'Carroll']
['Maybell']
['Tonya']
['Rick', 'Virgie', 'Sheldon', 'Adrian', 'Andre', 'Dolores', 'Louise']
['Susan', 'Frida', 'Rory', 'Bernadette', 'Ella', 'Derrick', 'Guadalupe']
['Christine', 'Erica', 'Ernest', 'Kyle', 'Kenny']
['Wade']
['Aileen']
['Katrina', 'Mae', 'Linda', 'Lisa', 'Henry', 'Stanley', 'Albert']
['Alex']
['Carolyn', 'Maryann', 'Thelma', 'Eric', 'Porfirio', 'Abdul']
['Alvin']
['Chester', 'Katie', 'Debbie', 'Leola', 'Nellie', 'Laura', 'Gary']
['Melony', 'Terry', 'Bruce', 'Harold', 'Daphne', 'Dawn', 'Dorothy']
['Amanda']
['Gordon', 'Cara', 'Fay', 'Sara']
['Andrea']
['Lottie', 'Christian', 'Kristine', 'Heather', 'Hillary', 'Raquel', 'Melvin']
['Anita']
['Jean', 'Devon', 'Cynthia', 'Carla', 'Newton', 'Casandra', 'Jeff']
['Gene', 'Luis', 'Johnathan', 'Gloria', 'Tammy', 'Patrick', 'Deborah']
['Mei', 'Mildred', 'Edwin', 'Joyce', 'Paula', 'Leo']
['Antoinette']
['Antonietta']
['Felipe', 'Marge', 'Jessie', 'Timothy', 'Samantha']
['Mamie', 'Tiara', 'Lydia', 'Juan', 'Shawn', 'Olive', 'Theresa']
['Arline']
['Tim', 'Kathryne', 'Colin', 'Gregory']
['Danielle', 'Virginia', 'Ladonna', 'Robert', 'Wilfredo', 'Frank', 'Shante']
['Arturo', 'Marion', 'Gilbert', 'Shelly', 'Maria']
['Arthur']
['Gladys', 'Esperanza', 'Octavia', 'Jasmine', 'Sheila', 'Patrice', 'Darrin']
['Todd', 'Curtis', 'Alonzo', 'Pat', 'Johnny', 'Matilda']
['Carlton', 'Peter', 'Alberta', 'Anna', 'Hugo', 'Julius', 'Joseph']
['Stacy', 'James', 'Matt', 'Harriet', 'Janice', 'Myra', 'Lela']
['Jonathan', 'Paul', 'Kristina', 'Debra', 'Richard']
['Sally', 'Robin', 'Minnie', 'Ada', 'Blanche', 'Lillie']
['Wanda', 'Pearl', 'Antonio', 'Vicky', 'Colleen', 'Adam', 'Philip']
['Lauren', 'Harry', 'Delia', 'Doris', 'Daniel', 'Desiree']
['Teresa', 'Julia', 'Cameron', 'Rod', 'Sarah', 'Merle', 'Sandra']
['Earl', 'Fred', 'Samuel', 'Carlos', 'Eduardo', 'Sheryl', 'Larry']
['Barbara']
['Beatrice']
['Bessie']
['Bonita']
['Mona', 'Clyde', 'Dwayne', 'Dennis', 'Deandre', 'Heidi', 'Quentin']
['Brandon']
['Gerald', 'Sam', 'Rafael', 'Steven', 'Lexie', 'Lizzie', 'Maxine']
['Barry', 'Lester', 'Fredrick', 'Roberta', 'Victor', 'David']
['Jayne', 'Patricia', 'Kay', 'Houston', 'Loretta']
['Brenda']
['Byron']
['Carina']
['Carmen']
['Cedric', 'Martha', 'Rachel', 'Weldon', 'Phyllis', 'Lucille']
['Doretha', 'Jerome', 'Manuel', 'Tracy', 'Josephine']
['Clara', 'Roy', 'Vicente', 'Jewell', 'Marcus', 'Noma']
['Carole']
['Cathleen']
['Cesar', 'Mario', 'Megan', 'Elizabeth', 'Marla', 'Hector']
['Jessica', 'Sharon', 'Jennifer', 'Miriam', 'Jason', 'Zachary']
['Kimberly', 'Catherine', 'Beatriz', 'Raymond', 'Evan', 'Marjorie', 'Justin']
['Nancy', 'Janet', 'Hildegard', 'Kelly', 'Martin', 'Russel', 'Betty']
['Charlotte']
['Esther', 'Patsy', 'Roberto', 'Evelyn', 'Marie', 'Ericka', 'Laurie']
['Chelsea']
['Lawrence', 'Ricardo', 'Isaac', 'Joshua', 'Gail']
