['63', '122', '244', '80', '230', '65', '103', '177', '263', '372', '235', '295', '38', '56', '64', '31']
['261', '119', '144', '55', '345', '184', '358', '135', '236', '60', '162', '9', '194', '46', '349', '102']
['91', '237', '166', '3', '191', '355', '145', '10', '197', '205', '76', '256', '7', '179', '367']
['243', '171', '369', '44', '174', '58', '356', '110', '220', '36', '360', '111', '352', '93', '25']
['218', '94', '309', '176', '264', '366', '77']
['32', '206', '146', '241', '26', '159', '294', '62', '319', '239', '1', '202', '188', '288']
['213']
['228']
['278']
['19', '337', '325', '334', '141', '16', '87', '115', '317', '106', '14', '373', '180', '121', '223', '183']
['332', '17', '70', '193', '248', '266', '99', '98', '126', '158', '167', '96', '365', '293', '90', '324']
['338']
['308', '173', '357', '238', '265', '348', '134', '151', '342', '282', '215', '315', '67', '192', '41', '245']
['78', '327', '279', '51', '291', '157', '212', '127', '273', '112', '105', '343', '83', '227', '137', '43']
['35', '164', '88', '161', '247', '368', '318', '268', '53', '364', '4', '147', '207', '27', '48', '100']
['331', '86', '321', '306', '131', '286', '330', '152', '28', '298', '136', '42', '187', '85', '301', '229']
['68', '340', '275', '311', '189', '274', '23', '95', '310', '170', '375', '303', '302', '214', '18', '12']
['66', '160', '258', '6', '231', '216', '347', '33', '292', '140', '37', '208', '344', '250', '270']
['124', '61', '15', '57', '47', '254', '257', '108', '195', '30', '252', '139', '219', '281', '130', '314']
['271', '114', '29', '320', '190', '74', '11', '341', '209', '73', '22', '169', '299', '109', '211', '313']
['59', '262', '283', '300', '362', '69', '185', '290', '45', '125', '50', '79', '329', '287']
['116', '52', '296', '154', '361', '24', '34', '150', '178', '251', '351', '182', '316', '285', '113', '175']
['363']
['255', '253', '13', '5', '260', '277', '328', '267', '107', '142', '203', '123', '322', '336', '172', '181']
['234', '120', '84', '280', '335', '305', '333', '117', '101', '204', '304', '374', '198', '82', '138', '224']
['54']
['81']
['89']
['155', '75', '71', '129', '8', '242', '156', '371', '148', '97', '353', '284', '350', '118', '370']
['222', '163', '246', '232', '199', '339', '104', '200', '323', '233', '259', '217', '132', '225', '2', '312']
['269', '289', '221', '186', '359', '326', '39', '40', '272', '143', '72', '297', '249', '128', '354', '168']
['240', '210', '149', '196', '226', '49', '153', '346', '276', '307', '165', '21', '20', '133', '92', '201']
