['17', '48', '110', '223', '49', '107', '108', '109', '224', '119']
['16', '60', '129', '229', '14', '15', '126', '128', '205', '12']
['42', '142', '93', '40', '140', '94', '95', '97', '96', '86']
['4', '73', '104', '1', '3', '74', '101', '103', '2', '70']
['125', '131', '130', '132', '133', '134', '127', '138']
['54', '51', '53', '52']
['123', '150', '124', '155', '120', '122', '152', '121']
['185']
['31', '43', '239', '237', '238', '46', '236']
['106']
['117']
['118']
['100', '105', '102']
['148', '191', '149', '189', '190', '147', '187', '188', '146', '186']
['179', '176', '178', '177']
['216', '214', '215', '212', '213', '211']
['41', '39', '37', '38', '36']
['98', '154', '175', '198', '99', '151', '153', '180', '199']
['167', '68', '165', '71']
['66', '141', '64', '139', '62', '63', '137', '61', '136']
['242', '235', '248', '240', '249']
['135']
['18', '173', '174', '19', '170', '172', '171']
['75', '193', '76', '80', '77', '194', '195', '197', '202', '196']
['56', '166', '57', '58', '59', '164', '69', '72', '162', '163']
['67', '65']
['23', '24', '20', '22', '21']
['206', '218', '207', '208', '209', '219', '220', '222', '221']
['168']
['25', '81', '85', '204', '26', '30', '82', '83', '84', '27']
['10', '243', '7', '8', '9', '244', '245', '247', '246', '11']
['217', '181', '182', '183', '184']
['50', '225', '55', '226', '228', '230', '227']
['6', '13']
['192', '156', '231', '157', '158', '159', '232', '233', '234', '169']
['35', '143', '32', '33', '34', '44', '45', '47', '144', '145']
['92', '160', '90', '161']
['91', '89', '87', '88']
['0', '29', '79', '200', '241', '5', '28', '78', '201', '203']
['116', '210', '114', '115', '112', '113', '111']
