['7', '21', '123', '186', '185', '236', '90', '105', '168', '196', '0', '33', '54', '84', '97', '207', '218', '227', '32', '96', '142', '147', '217', '237', '1']
['119', '91', '161', '52', '166', '210', '43', '88', '103', '126', '132', '62', '65', '242', '38', '92', '45', '78', '82', '113', '150', '238']
['146']
['160', '71', '17', '135', '162', '229', '104', '178', '222', '226', '2', '15', '27', '44', '49', '70', '116', '200', '230', '22', '59', '81', '125', '190', '221']
['151']
['94', '14', '122', '124', '139', '171', '224', '35', '188', '192', '53']
['16', '153', '191', '26', '109', '129', '182', '40', '80', '87', '159', '176', '228', '244', '248', '24', '39', '46', '66', '100', '101', '133', '187', '195', '235']
['169']
['199']
['31']
['179', '118', '5', '74', '149', '68', '79', '98', '111', '120', '183', '193', '198', '233', '246', '42', '63', '75', '95', '110', '117', '138', '141', '148', '206']
['9']
['85']
['209', '20', '181', '140', '155', '184', '231', '249', '245']
['51', '69', '130', '144', '239', '240', '175', '215', '241', '3', '72', '76', '99', '106', '128', '131', '152', '194', '205', '219', '243', '6', '8', '55', '67']
['173']
['58', '197', '127', '25', '164', '214', '232', '167', '202', '212', '220', '48', '56', '61', '108', '136', '154', '163', '165', '12', '36', '102', '134', '158']
['4', '203', '50', '107', '174', '213', '47', '60', '77', '115', '145', '180', '204', '208', '30', '170', '172', '211', '216', '234', '10', '28', '29', '73', '83']
['86', '189', '57', '247', '11', '13', '23', '41', '143', '34', '112', '114', '177', '201', '64', '121', '157', '223', '225', '18', '19', '37', '93', '137', '156']
['89']
