['65', '119', '134', '169', '432', '433', '434', '435', '436', '437', '438', '439']
['129', '136', '138', '178', '183', '192', '202', '236', '347', '348', '349', '367']
['60', '110', '201', '222', '321', '322', '323', '324', '325', '326', '327', '328']
['55', '205', '488', '489', '490', '491', '492', '493', '494', '495', '496', '497']
['177', '387', '388', '389', '390', '391', '392', '393', '394', '395', '396', '397']
['74', '132', '216']
['87', '99', '115', '175', '247', '250', '49', '0', '1', '2']
['54', '124', '174', '329', '330', '331', '332', '333', '334', '335', '336', '337']
['80', '103', '118', '144', '219', '314', '315', '316', '317', '318', '319', '320']
['146', '158', '188', '479', '480', '481', '482', '483', '484', '485', '486', '487']
['173', '198', '220', '223', '295', '296', '297', '298', '299', '300', '301', '302']
['51', '61', '123', '184', '33', '42', '43', '44', '45', '46', '47', '48']
['89', '96', '147', '246', '248', '9', '18', '19', '20', '21', '22', '24']
['57', '197', '203', '259', '260', '261', '262', '263', '264', '265', '266', '267']
['59', '94', '152', '157', '245', '26', '36', '37', '38', '39', '40', '41']
['75', '85', '204', '221', '424', '425', '426', '427', '428', '429', '430', '431']
['79', '105', '122', '140', '238', '408', '409', '410', '411', '412', '413', '414']
['58', '62', '113', '164', '180', '181', '227', '3', '5', '6', '7', '8']
['200', '226', '235']
['108', '114', '117', '120', '139', '372', '373', '374', '375', '376', '377', '378']
['73', '109', '240', '415', '416', '417', '418', '419', '420', '421', '422', '423']
['63', '86', '127', '160', '170', '212', '214', '217', '368', '369', '370', '371']
['156', '190', '242', '398', '399', '350']
['52', '182', '199', '338', '339', '340', '341', '342', '343', '344', '345', '346']
['148', '168', '206', '215', '400', '401', '402', '403', '404', '405', '406', '407']
['77', '125', '150', '151', '287', '288', '289', '290', '291', '292', '293', '294']
['95', '97', '135', '218', '244', '351', '352', '353', '354', '355', '356', '357']
['76', '213', '233', '358', '359', '360', '361', '362', '363', '364', '365', '366']
['68', '91', '224', '4', '10', '11', '12', '13', '14', '15', '16', '17']
['56', '69', '98', '230', '445', '446', '447', '448', '449', '459', '460', '461']
['67', '93', '100', '155', '185', '194', '225', '232', '303', '304', '305', '306']
['143', '149', '166', '228', '243', '23', '29', '30', '31', '32', '34', '35']
['71', '92', '121', '137', '251', '252', '253', '254', '255', '256', '257', '258']
['101', '145', '162', '207', '462', '463', '464', '465', '466', '467', '468', '469']
['64', '84', '90', '131', '193', '195', '239', '440', '441', '442', '443', '444']
['72', '112', '133', '470', '471', '472', '473', '474', '475', '476', '477', '478']
['66', '88', '191', '241', '379', '380', '381', '382', '383', '384', '385', '386']
['70', '81', '116', '153', '161', '172', '187', '234', '249', '25', '27', '28']
['159', '163', '165', '210', '451', '452', '453', '454', '455', '456', '457', '458']
['102', '111', '142', '167', '196', '307', '308', '309', '310', '311', '312', '313']
['53', '83', '106', '107', '171', '176', '209', '229', '274', '275', '276', '277']
['104', '128', '189']
['50', '82', '154', '211', '498', '499', '450']
['78', '208', '237', '278', '279', '280', '281', '282', '283', '284', '285', '286']
['126', '130', '141', '179', '186', '231', '268', '269', '270', '271', '272', '273']
