['299', '3', '41', '163', '198', '199', '215', '232', '244', '256', '264', '287', '293', '303', '15', '19', '34', '64', '108', '120']
['77']
['4']
['253', '126', '282', '65', '94', '103', '257', '306', '92', '106', '118', '122', '145', '152', '162', '185', '203', '210', '229', '231']
['212', '228', '125', '142', '47', '86', '172', '175', '234', '245', '266', '138', '242', '275', '284', '304', '26', '40', '61', '157']
['59', '10', '13', '57', '132', '135', '159', '209', '240', '252', '281', '6', '12', '16', '66', '81', '83', '110', '117', '119']
['63', '274', '160', '134', '49', '302', '149', '155', '227', '60', '186', '236', '250', '33', '76', '188', '273']
['131']
['158', '184', '192', '237', '263', '270', '280', '291', '22', '43', '52', '53', '68', '99', '111', '114', '150', '166', '176']
['28']
['283']
['38']
['246', '289', '295', '9', '31', '67', '72', '80', '88', '146', '178', '183', '217', '249', '261', '262', '265', '267', '278', '0']
['14']
['258', '8', '268', '277', '296', '27', '190', '248', '259', '54', '97', '109', '165', '189', '239', '254', '271', '32', '36', '45']
['206', '208', '230', '73', '75', '260', '17', '87', '223', '46', '104', '113', '222', '213', '251', '285', '62', '243', '301', '147']
['151']
['191']
['79', '55', '70', '74', '128', '130', '137', '201', '216', '276', '297', '98', '136', '140', '153', '177', '196', '207']
['195']
['272', '290', '307', '101', '112', '123', '141', '202', '233', '247', '286', '18', '25', '44', '96', '100', '107', '127', '148']
['48', '82', '93', '116', '121', '154', '170', '180', '219', '255', '279', '292', '294', '300', '1', '2', '24', '29', '30', '42']
['214', '269', '37', '58', '124', '174', '194', '205', '218', '238', '298', '305', '102', '144', '171', '187', '288', '20', '78', '85']
['204']
['91', '39']
['235', '179', '211', '23', '35', '129', '197', '164', '7', '11', '71', '133', '143', '21', '51', '193', '89', '95', '221', '225']
['5', '105', '173', '226', '50', '56', '69', '115', '139', '156', '161', '167', '168', '169', '181', '182', '200', '220', '224', '241']
['84']
['90']
