['323', '433', '28', '103', '480', '481', '197', '279', '332', '353', '477', '482', '39', '96', '136', '151', '168', '251', '435', '26', '107', '124', '367', '388', '427', '18', '65', '146', '164', '173']
['15', '318', '32', '246', '97', '133', '200', '337', '471', '483', '13', '171', '236', '391', '447', '460', '485', '222', '493', '385', '1', '58', '369', '414', '339', '95', '361']
['54', '401', '10', '70', '269', '0', '30', '239', '270', '466', '17', '84', '102', '250', '253', '439', '29', '126', '354', '382', '398', '429', '8', '139', '194', '365', '383', '438', '475', '231']
['210', '166', '232', '4', '35', '109', '297', '467', '64', '77', '217', '223', '372', '426', '61', '154', '413', '494', '180']
['46', '177', '296', '393', '407', '454', '138', '441', '313', '99', '161', '240', '282', '387', '268', '491', '11', '34']
['347', '5', '123', '234', '144', '258', '394', '445', '167', '386']
['286', '207', '224', '255', '27', '52', '143', '156', '178', '335', '492', '16', '63', '112', '152', '175', '185', '196', '260', '399', '53', '66', '174', '176', '193', '256', '338', '362', '495', '69']
['321', '195', '285', '351', '19', '214', '316', '375', '410', '422', '264', '280', '451', '147', '149', '266', '275', '315', '319', '352', '373', '417', '37', '184', '220', '308', '431', '235', '273', '277']
['182', '25', '444', '79', '88', '90', '92', '127', '227', '276', '465', '162', '228', '472', '14', '45', '93', '290', '299', '348', '425', '198', '341', '343', '374', '12', '202', '242', '421', '60']
['94', '278', '468', '381', '119', '219', '306', '411', '452', '462', '49', '131', '342', '463', '89', '229', '257', '211', '218', '141', '271']
['183', '81', '137', '48', '85', '179', '187', '400', '409', '459', '62', '105', '245', '412', '117', '201', '267', '324', '458', '72', '87', '110', '114', '120', '128', '188', '209', '360', '248', '449']
['215', '420', '135', '206', '237', '287', '301', '396', '159', '247', '295', '98', '106', '150', '55', '300', '487', '31', '76', '111', '298', '41', '238', '368', '497']
['104', '125', '304', '363', '121', '205', '329', '334', '499', '82', '118', '163', '189', '380', '384', '478', '488', '33', '40', '47', '186', '379', '443', '448', '44', '73', '140', '142', '148', '252']
['134', '71', '302', '424', '113', '158', '307', '344', '423', '57', '204', '216', '418', '490', '59', '377', '172', '261', '262', '317', '390', '403', '453']
['20', '309', '312', '36', '160', '333', '355', '402', '67', '294', '310', '155', '165', '170', '436', '496', '274', '370', '440', '455', '486', '74', '293', '50', '56', '129', '303', '21', '51', '442']
['130', '22', '24', '192', '346', '408', '213', '190', '322', '336', '340', '350', '292', '328']
['249', '416', '199', '43', '86', '157', '225', '263', '265', '395', '80', '345', '364', '2', '38', '116', '6', '233', '358', '428', '23', '254', '284']
['474', '91', '101', '145', '191', '203', '244', '281', '397', '489', '122', '181', '226', '314', '331', '349', '376', '378', '392', '415', '469', '498', '100', '241', '243', '357', '366', '389', '432', '434']
['311', '3', '9', '78', '212', '405', '446', '325', '464', '7', '68', '75', '108', '259', '371', '456', '484', '288', '305', '169']
['42', '326', '132', '208', '283', '289', '356', '153', '359', '437', '457', '476', '221', '291', '320', '430', '450', '461', '470', '479', '327', '419', '83', '115', '272', '406', '473', '230', '330', '404']
