['108', '109', '110', '111', '100', '101']
['15', '16', '17', '18', '7', '280', '281', '282', '285', '293', '8', '283', '284', '287', '288', '289']
['81', '82', '83', '84', '85', '86', '87', '88', '89', '90', '91', '71', '72', '73', '74', '75']
['30', '294', '295', '296', '297', '156', '157', '158', '161', '286', '159', '160', '163', '164', '165', '166']
['46', '139', '47', '48', '49', '140', '141', '142', '38', '131', '39', '132']
['124', '125', '126', '127', '130', '155', '186', '188', '192', '217', '248', '279', '128', '129', '133', '134']
['143', '144', '145', '146', '147', '148', '149', '150', '151', '152', '298', '299', '300', '301', '302', '303']
['216']
['61', '45', '44']
['197', '198', '199']
['77', '50', '51', '52', '53', '54', '55', '56', '57', '58', '59', '60', '78', '79', '80']
['154', '153', '138', '167', '168', '252', '253', '257', '258', '259', '260', '261']
['263', '112', '113', '114', '115', '116', '117', '118', '119', '120', '121', '264', '265', '266', '255', '102']
['205', '206', '207', '208', '209', '210', '211', '212', '213', '214', '215', '200', '190', '191', '195', '196']
['309', '103', '104', '105', '106', '290', '291', '292']
['201', '232', '202', '203', '204', '233', '234', '235', '193', '224', '194', '225']
['218', '219', '220', '223', '221', '222', '229']
['19', '20', '21', '22', '23', '24', '25', '26', '27', '28', '29', '304', '305', '306', '307', '308']
['135', '136', '137']
['92']
['185']
['187', '189', '4', '5', '9', '10', '11', '12', '13']
['170', '171', '172', '173', '274', '275', '276', '32', '34', '162', '35', '36', '40', '41', '42', '43']
['278', '268', '269', '270', '271', '272', '273', '277', '94', '95', '96', '99', '107', '262', '97', '98']
['63', '65', '69', '66', '67', '70']
['123', '122', '0', '1', '2', '3', '6', '14', '31', '33', '37', '62', '64', '68', '76', '93']
['247']
['174', '175', '176', '177', '178', '179', '180', '181', '182', '183', '184', '169', '249', '250', '251', '254']
['236', '237', '238', '239', '240', '241', '242', '243', '244', '245', '246', '231', '226', '227', '228', '230']
['256']
['267']
