['91', '237', '256', '132', '117', '358', '61', '214', '429', '35']
['25', '175', '238', '496', '90', '145', '350', '437', '75', '270']
['303', '131', '48', '458', '222', '258', '281', '34', '78', '165']
['137']
['383', '435', '119', '85', '174', '124', '205', '357', '446', '451']
['143']
['477', '128', '79', '380', '500']
['171']
['15', '403', '447', '38', '269', '419', '433', '243', '328']
['186']
['322', '11', '37', '233', '312', '242', '69', '272', '360', '430']
['134', '257', '247', '453', '470', '28', '184', '230', '352', '17']
['399', '402', '471', '18', '356', '160', '185', '302', '342', '407']
['111', '396', '307']
['100', '138', '359', '64', '162', '231', '213', '474', '250', '144']
['123', '180', '71', '418', '21', '387', '16', '244', '311', '421']
['384', '280', '45', '353', '422', '333', '351', '479', '299', '475']
['401', '178', '24', '151', '154', '197', '331', '98', '212', '27']
['484']
['363', '229', '411']
['234', '68', '301', '499', '220', '252', '320', '348', '467', '476']
['398', '189', '493', '30']
['273', '53', '146', '248', '494', '66', '148', '457']
['262', '370', '8', '488', '36', '364', '392', '393', '382', '480']
['450', '50', '266', '485', '290', '240', '346', '156', '442', '6']
['76', '93', '373', '406', '223', '347', '260', '317', '51', '282']
['228', '40', '72', '167', '336', '340', '107', '41', '268', '436']
['344', '489', '372', '97', '104', '426', '101', '106', '150', '164']
['349', '109', '461', '207', '89', '339', '355', '472', '83', '275']
['291', '405', '255', '65', '115', '152']
['26', '463', '13', '408', '454', '482', '389', '487', '94', '379']
['194', '135', '374', '376', '274', '361', '449', '448', '170', '169']
['326', '92', '200', '386', '2', '139', '286', '335', '284', '368']
['52', '198', '39', '308', '74', '80', '227', '306', '492', '219']
['241', '20', '232', '158', '434', '140', '157', '287', '296']
['173', '341', '343', '195', '415', '133', '483', '10', '58', '136']
['31', '428', '19', '116', '455', '469', '33', '95', '394', '445']
['292', '338', '497', '298']
['416', '276', '293', '466', '423', '498', '443', '444', '285', '295']
['42', '82', '210', '431', '190', '278', '420', '440', '88', '161']
['9', '63', '176', '196']
['47', '381', '179', '181', '473', '7', '304', '84', '249', '388']
['87', '159']
['67', '202', '265', '283', '369', '121', '215', '261', '289', '325']
['424', '203', '81', '5', '329', '375', '478', '481', '130', '310']
['149', '224', '253', '22', '105', '490', '46', '263', '316', '441']
['110']
['182', '294', '491', '112', '211', '314', '118', '323', '395', '417']
['23', '188', '460', '439', '251', '108', '313', '410', '385']
['366', '404', '70', '32', '305', '147', '321', '44', '114', '239']
['29', '168', '235', '330', '60', '155', '217', '495', '172', '49']
['425', '468', '187', '208', '3', '56', '122', '177', '371', '59']
['245', '204', '125', '120', '427', '142', '345', '102', '129']
['192', '126', '365', '400', '166', '309', '462', '397', '465', '62']
['209']
['99', '216', '55', '199', '206', '318', '300', '225', '288', '412']
['391', '279', '73', '4', '54', '57', '452', '127', '193', '1']
['459', '297', '277', '362', '259', '14', '96', '246', '267', '334']
['218', '464', '77', '319', '332', '367', '221', '324', '201']
['254', '354', '486', '113', '337', '327', '378', '377', '409']
['315', '432', '12', '103', '264', '271', '456', '236', '390', '153']
['43', '438', '141', '183', '414', '191', '226', '413', '86', '163']
