['Helyn', 'Vicky', 'Stormi', 'Britney', 'Brunhilda', 'Demetria', 'Maddalena', 'Doroteya', 'Vonni', 'Casi', 'Faythe', 'Netty', 'Babara', 'Sula', 'Brear']
['Leda', 'Georgeanne', 'Nicki', 'Melloney', 'Camala', 'Idelle', 'Jen', 'Kaitlin', 'Ingunna', 'Randie', 'Zulema', 'Starlin', 'Corly', 'Collete', 'Clemence']
['Rosana', 'Gianina', 'Roxane', 'Serena', 'Brigitte', 'Austina', 'Beatrice', 'Ulrike', 'Eolanda', 'Ranice', 'Clemmie', 'Tarra', 'Sofie', 'Josepha', 'Krissy']
['Alexandrina', 'Cathryn', 'Lesly', 'Caryn', 'Anabel', 'Charita', 'Carri', 'Avivah', 'Kiele', 'Dyane', 'Bernice', 'Thia', 'Stesha', 'Moyna', 'Drusy']
['Sonni', 'Estele', 'Karie', 'Ruperta', 'Idalina', 'Laverne', 'Jacqui', 'Georgiana', 'Mei', 'Lorena', 'Bonita', 'Gaby', 'Winifred', 'Jaynell', 'Agneta']
['Lani', 'Estella', 'Mair', 'Rita', 'Amalee', 'Nedda', 'Hortense', 'Briny', 'Marris', 'Latisha', 'Rowena', 'Dee', 'Dotti', 'Silva', 'Nancie']
['Sandie', 'Doris', 'Shoshana', 'Jolie', 'Kaitlynn', 'Kittie', 'Emelda', 'Shanie', 'Missy', 'Neile', 'Antonietta', 'Oralee', 'Erica', 'Risa', 'Delly']
['Julie', 'Anabelle', 'Hedwiga', 'Quintana', 'Veradis', 'Tanitansy', 'Gwennie', 'Oliy', 'Marisa', 'Fredericka', 'Edith', 'Elvera', 'Marlena', 'Sada', 'Fran']
['Adiana', 'Else', 'Tiffany', 'Marijo', 'Noreen', 'Tani', 'Agnes', 'Angelica', 'Jemie', 'Joelly', 'Adriane', 'Eran', 'Tamara', 'Natalya', 'Cristionna']
['Teddi', 'Frankie', 'Nicoli', 'Vanni', 'Rivkah', 'Meggi', 'Agatha', 'Dorine', 'Agnese', 'Sherrie', 'Andie', 'Jessamyn', 'Janice', 'Kala', 'Alyson']
['Sadye', 'Kania', 'Gale', 'Kathy', 'Bridgette', 'Roslyn', 'Fernande', 'Mechelle', 'Gabbie', 'Korney', 'Nissie', 'Leanora', 'Pammy', 'Conchita', 'Yoshi']
['Chelsy', 'Dita', 'Nelie', 'Martina', 'Addi', 'Cassondra', 'Cheslie', 'Morena', 'Diahann', 'Vinni', 'Ansley', 'Rhodia', 'Nanon', 'Gae', 'Athena']
['Rosene', 'Orsa', 'Anastassia', 'Stephannie', 'Anabal', 'Britteny', 'Carroll', 'Carla', 'Mirna', 'Danni', 'Fawnia', 'Cindie', 'Belle', 'Desiri', 'Bekki']
['Willi', 'Fania', 'Mufinella', 'Millisent', 'Andromache', 'Sile', 'Inga', 'Corinne', 'Opal', 'Lynnet', 'Johanna', 'Row', 'Patty', 'Melinde', 'Catha']
['Peg', 'Reggi', 'Brittan', 'Anette', 'Yovonnda', 'Erminia', 'Selinda', 'Diane', 'Colline', 'Aviva', 'Allene', 'Brook', 'Madelena', 'Matilde', 'Cassandra']
['Jesse', 'Mariellen', 'Tallie', 'Kara', 'Terese', 'Della', 'Kellsie', 'Marcie', 'Livy', 'Clarissa', 'Harriet', 'Monique', 'Jorrie', 'Paige', 'Lorie']
['Eve', 'Yolanda', 'Euphemia', 'Yetta', 'Malva', 'Bertie', 'Zenia', 'Charmine', 'Dena', 'Lira', 'Gerry', 'Joanna', 'Ramonda', 'Debora', 'Lydie']
['Sheila', 'Tamra', 'Kathleen', 'Birgitta', 'Arlee', 'Lyda', 'Rhody', 'Lulu', 'Marabel', 'Cherilynn', 'Annice', 'Tiffy', 'Daphene', 'Sileas', 'Alia']
['Tim', 'Kellie', 'Lotte', 'Valli', 'Mella', 'Ronnica', 'Claudie', 'Rosamond', 'Marcella', 'Allie', 'Cristen', 'Katti', 'Kathryn', 'Gavra', 'Haley']
['Stefa', 'Marlie', 'Tiphanie', 'Paulina', 'Cristabel', 'Flory', 'Myrtle', 'Noell', 'Xylina', 'Eulalie', 'Dominica', 'Lorain', 'Maxie', 'Lisette', 'Shirl']
