['132']
['260']
['322']
['390']
['77']
['138']
['222']
['361']
['368']
['384']
['100']
['125']
['128']
['2']
['261']
['30', '212', '133', '211', '218', '244', '274', '324', '84', '101', '183', '188', '193', '231', '279', '317', '87', '168', '172', '191', '269', '331', '379', '398', '31', '41', '114']
['273']
['298']
['305']
['341']
['356']
['91']
['174']
['4', '268', '386', '43', '171', '208', '286', '301', '312', '338', '19', '24', '25', '155', '242', '282', '289', '15', '90', '175', '178', '65', '198', '213', '330', '28', '78', '46', '229', '358', '309', '23', '104', '110', '166', '196', '367', '296', '327', '149', '96', '385', '233', '382']
['200']
['215']
['224']
['263']
['270']
['297']
['332']
['350']
['394']
['51']
['106']
['107']
['162']
['170']
['219']
['230']
['255']
['272']
['275']
['139', '392', '66', '158', '302', '311', '323', '362', '22', '47', '137', '257', '284', '291', '292', '313', '396', '8', '69', '76', '94', '140', '192', '281', '287', '378', '395', '146', '150', '165', '205', '246', '280', '352', '3', '72', '142', '189', '239', '314', '326']
['304']
['308']
['363']
['375']
['376']
['393']
['397']
['62']
['67']
['71']
['80']
['89']
['9']
['112']
['122']
['154']
['17']
['227']
['228']
['20', '7', '55', '57', '130', '141', '201', '216', '220', '249', '278', '318', '26', '34', '39', '68', '85', '164', '181', '184', '185', '199', '288', '380', '381', '389', '49', '83', '95', '111', '236', '252', '271', '276', '33', '45', '74', '109']
['285']
['299']
['333']
['336']
['349']
['364']
['60']
['64']
['88']
['93']
['0']
['10']
['102']
['103']
['119']
['12']
['148']
['156']
['157']
['161']
['173']
['176']
['202']
['203']
['206']
['226']
['245']
['310', '365', '70', '151', '40', '92', '163', '167', '144', '131', '147', '179', '35', '145', '221']
['283']
['293']
['295']
['320']
['343']
['345']
['347']
['348']
['357']
['37']
['42']
['48']
['5']
['127', '259', '266', '337', '342', '351', '371', '387', '52', '75', '180', '329', '373', '27', '50', '53', '197', '250', '258', '325', '339', '11', '79', '86', '124', '169', '210', '232', '234', '247', '265', '316', '328', '377']
['353', '120', '186', '187', '237', '253', '355', '360', '372', '14', '99', '129', '160', '204', '214', '248', '256', '399', '1', '32', '105', '113', '118', '182', '190', '225', '238', '303', '307', '346', '388', '18', '97', '134', '143', '267', '294', '344', '374']
['116', '61', '235', '383', '38', '108', '136', '135', '194', '243', '340', '359', '81', '82', '126', '159', '290', '369', '29', '59']
['54']
['56']
['58']
['6']
['63']
['73']
['117']
['98']
['115']
['121']
['123']
['13']
['152']
['153']
['16']
['177']
['195']
['207']
['209']
['21']
['217']
['223']
['240']
['241']
['251']
['254']
['262']
['264']
['277']
['300']
['306']
['315']
['319']
['321']
['334']
['335']
['354']
['36']
['366']
['370']
['391']
['44']
