['339', '343', '23', '249', '52', '51', '147', '6', '96', '438', '470', '81', '288', '318', '71', '34', '302', '112']
['100', '359']
['247', '367', '287', '311', '246', '416', '25', '217', '230', '346', '162', '275', '281', '285', '192', '132', '177', '65']
['108']
['12']
['44']
['129']
['133']
['137']
['258', '276', '305', '92', '354', '210', '218', '197', '42', '430', '15', '490', '116', '235', '468', '426', '493', '120']
['7']
['149']
['453', '462', '415', '458', '55', '463', '14', '161', '407', '435', '292', '307', '121', '40', '265']
['46', '481', '437', '486', '274', '173', '277', '460', '419', '495', '237', '406', '224', '203', '323', '473', '340', '18']
['33', '29', '394', '333', '190', '336', '496', '125', '351', '90', '61', '409', '310', '107', '263', '43', '257', '301']
['402']
['153']
['298', '113', '375', '103', '91', '156', '319', '352', '27', '250', '398', '231', '428', '85', '446', '102', '205', '60']
['58', '48', '212', '293', '259', '337', '476', '432', '24', '371', '362', '26', '223', '195', '0', '77', '355', '397']
['448', '255', '290', '79', '151', '329', '176', '303', '308', '209', '123', '466', '126', '191', '93', '109', '414', '97']
['180']
['50', '377', '455', '395', '279', '379', '252', '106', '84', '304', '38', '229', '487', '393', '479', '408', '413', '216']
['167', '88', '429', '494', '221', '483', '297', '169', '282', '289', '236', '165', '373', '208', '243', '312', '86', '457']
['220']
['239']
['295']
['386', '166', '449', '207', '391', '456', '380', '447', '341', '54', '461', '202', '198', '115', '300']
['99', '328', '315', '261', '148', '140', '498', '30', '204', '369', '104', '111', '256', '443', '418', '344', '179']
['264', '434', '306', '124', '465', '226', '87', '10', '284', '439', '244', '183', '376', '95', '445', '474', '3', '404']
['326']
['497']
['342', '399', '182', '424', '20', '152', '267', '420', '452', '499', '372', '144', '469', '332', '127', '433', '389', '241']
['348']
['62', '451', '366', '347', '155', '181', '128', '138', '114', '193', '185', '291', '360', '269', '36', '440', '78', '28']
['471', '66', '13', '145', '392', '168', '150', '73', '331', '459', '122', '390', '388', '37', '80', '189', '387', '353']
['378']
['174', '425', '187', '309', '4', '64', '480', '130', '254', '219', '171', '98', '436', '358', '316', '32', '444', '294']
['59', '385', '345', '105', '215', '299', '21', '154', '135', '240', '313', '49', '39', '383', '350', '222', '136']
['286', '417', '338', '19', '248', '172', '22', '213', '228', '260', '68', '454', '164', '170', '262', '16']
['381']
['238', '45', '365', '270', '157', '57', '232', '56', '234', '412', '82', '484', '8', '271', '233', '491', '421']
['403']
['423']
['450']
['175']
['139', '382', '206', '9', '75', '245', '349', '280', '101', '401', '11', '110', '364', '2', '70', '118', '335']
['472']
['485']
['489']
['214', '410', '253', '357', '314', '201', '467', '74', '141', '178', '159', '186', '431', '492', '188', '482', '225']
['475', '283', '131', '41', '117', '368', '320', '72', '5', '324', '142', '69', '160', '321', '242', '396', '35', '361']
['63']
['196', '330', '464', '477', '119', '47', '384', '199', '441', '268', '322', '327', '478']
['89']
['363', '272', '194', '370', '134', '146', '334', '158', '296', '163', '251', '83', '411', '200', '211', '17', '400', '442']
['94']
['317', '266', '273', '31', '143', '356', '278', '405', '488', '1', '422', '374', '76', '67', '184', '427', '53', '227']
['325']
