['PPPPPP', 'l', 'OOOOOOO', 'PPPPPPPP', 'lllllll', 'P', 'OOO', 'PPPP', 'OOOOO', 'PPPPPPP', 'PPP', 'OOOOOO', 'OO', 'OOOOOOOO', 'OOOO']
['lll', 'JJJJJJJ', 'JJJJJJJJ', 'JJJJ', 'JJJJJ', 'KKKKKK', 'KKKKKKK', 'V', 'll', 'kkkkk', 'LL', 'LLL', 'LLLL', 'LLLLLLL', 'kk', 'kkkk', 'lllll', 'kkkkkkk', 'II', 'JJ', 'JJJ', 'IIIIIIII', 'K', 'KKK', 'KKKK', 'LLLLL', 'KKKKKKKK', 'LLLLLLLL', 'III', 'IIIIIII', 'L', 'KKKKK', 'llll', 'kkkkkk', 'k', 'I']
['CC', 'qqqqq', 'ddd', 'mmm', 'DDDDD', 'c', 'dd', 'dddddd', 'cccccccc', 'dddddddd', 'd', 'cc']
['Y', 'ZZZZZ', 'ZZZZZZZ', 'E', 'F', 'FFFFFFFF', 'ZZZZ', 'ZZZZZZZZ', 'FFF', 'FFFF', 'EEEEE', 'FFFFFFF', 'EEEEEEEE', 'ZZZ', 'YYYYYY', 'ZZZZZZ', 'YYYYYYY', 'EEE', 'EEEE', 'YYYYY']
['xxxx', 'HH', 'vvvvvvvv', 'bbbbbb', 'AAA', 'BBB', 'bb', 'aaaa', 'bbbbb', 'AAAA', 'aaaaaaa', 'bbbbbbb', 'AA', 'BBBB', 'BBBBBB', 'AAAAAAAA', 'a', 'aaa', 'bbbbbbbb']
['RRR', 'YYYYYYYY', 'RR', 'QQQQ', 'RRRR', 'RRRRR', 'ZZ', 'YYY', 'R', 'QQQQQ', 'RRRRRR', 'QQQQQQQ', 'RRRRRRR', 'Z', 'QQQ', 'QQQQQQ', 'YY', 'QQQQQQQQ', 'RRRRRRRR', 'Q']
['cccc', 'hhhhhhhh', 'AAAAA', 'EEEEEE', 'dddd', 'ccccc', 'ccccccc', 'gg', 'ggggg', 'FF', 'WWWWW', 'ddddd', 'hhhhh', 'EE', 'FFFFF', 'EEEEEEE', 'cccccc']
['WW', 'XXX', 'W', '7', '8888', 'WWW', 'WWWW', 'WWWWWW', 'XXXXXXX', 'X', 'XX', 'WWWWWWWW', 'XXXX', 'WWWWWWW']
['4444']
['vvvvv', 'jjj', '22222', '77777', 'ii', '22', '4', '44444', 'iiiii', '222', '33', '333', '444', '333333', 'jjjjjjj', '3333', '444444', '4444444', '44444444', '11']
['kkk', 'llllll', 'm']
['sssssss', 'i', 'ss', '6666666', 'ssssss', 'ssssssss', 'tttttttt', 'C', 'D', 'DDDD', '55555555', 'jj', 's', 'sss', 'ttt', 'ssss', 'tttt', 'sssss', 'ttttt', 'CCCCCCC', 'ttttttt', 'CCC', 'CCCCCC', 'DDDDDD', 'DDDDDDD', 'tt', 'CCCC', 'DDDDDDDD', 'tttttt', 'CCCCC', 'CCCCCCCC']
['TT', 'TTTT', 'TTTTTTT', 'SSSSSSS', 'S', 'SS', 'SSSSS', 'TTTTTTTT', 'T', 'TTTTTT', 'SSSSSSSS', 'TTTTT', 'TTT', 'SSSS']
['nn', 'mm', 'zzzzzzzz', 'MMMM', 'HHHHH', 'MM', 'yyyyyyyy', 'GGGGGG', 'HHHHHH', 'N', 'NNNNN', 'MMMMMMM', 'GGGGGGGG', 'MMMMM', 'G', 'GG', 'H', 'HHHHHHH']
['xx', 'w', 'wwwwwww', 'xxxxxxx', 'xxx', 'wwwww', 'www', 'xxxxxx', 'xxxxxxxx', 'x']
['IIIIII', 'YYYY', 'HHH', 'HHHHHHHH', 'IIII', 'IIIII', 'J', 'HHHH', 'JJJJJJ', 'GGGGG']
['t', 'uuuuuuuu', '1111', '11111', '6', '55555', 'ffff', 'uuuu', 'vvvv', 'uuuuuu', '55', '5555', 'u', '2222', '66666', '666666', 'uuu', 'uuuuuuu', 'vvvvvvv', '2', '66', '666', '6666', '5555555', 'vvv', 'uuuuu', '1', '11111111', '555', '555555', '66666666', 'v', 'uu', 'vv', 'vvvvvv']
['A', 'nnn', 'mmmmmm', 'SSS', 'SSSSSS', 'b', 'aaaaaa', 'DD', '8888888', 'aaaaaaaa', 'nnnn', 'nnnnnnn', 'B', '777', '888', '88888', '777777', '888888', 'bbbb', 'aaaaa', 'n', 'mmmm', 'mmmmm', 'mmmmmmmm', 'nnnnnnnn', '7777777', '88888888', 'aa', 'nnnnn', '88', '7777', '77', 'nnnnnn', 'mmmmmmm', '8']
['NN', 'BB', 'BBBBBBBB', 'MMMMMMMM', 'AAAAAA', 'KK', 'LLLLLL', 'NNNN', 'AAAAAAA', 'BBBBBBB', 'NNN', 'NNNNNNN', 'NNNNNNNN', 'BBBBB', 'MMMMMM']
['eeeeee', 'wwwwww', 'xxxxx', 'ww', 'wwwwwwww', 'wwww']
['z', 'QQ']
['GGG', 'qqqq', 'GGGG', '222222', '2222222', '111111', '1111111', '22222222', '111']
['PPPPP', 'bbb', '77777777', 'PP']
['qqq', 'UUUUUUU', 'yyy', 'yy', 'yyyy', 'zzzzzz', 'zzzzzzz', 'y', 'zz', 'zzz', 'yyyyy', 'zzzz', 'yyyyyy', 'yyyyyyy', 'zzzzz']
['h', 'DDD', 'XXXXXX', '33333', '3333333', 'hh', 'hhh', 'gggg', 'hhhhhh', 'VV', 'XXXXX', '44', 'g', 'hhhh', 'gggggg', 'ggggggg', '3', '33333333', 'gggggggg', 'ggg', 'hhhhhhh']
['fffff', 'XXXXXXXX', 'ooooo', 'pppppp']
['O', 'llllllll', 'pppppppp', 'VVVV', 'ddddddd', 'kkkkkkkk', 'UUUUU', 'ccc', 'oooo', 'MMM', 'VVVVVVV', 'oo', 'ppp', 'pppp', 'ooooooo', 'NNNNNN', 'U', 'UUUUUU', 'pp', 'ooo', 'ppppppp', 'M', 'UU', 'UUU', 'UUUU', 'VVVVVV', 'VVVVVVVV', 'oooooooo', 'ppppp', 'VVV', 'VVVVV', 'UUUUUUUU']
['FFFFFF']
['jjjjjjjj', 'jjjj', 'iiiiii', 'o', 'r', 'rrrrrr', 'oooooo', 'q', 'rrrr', 'j', 'jjjjjj', 'iiiiiii', 'rrrrrrr', 'p', 'qqqqqqq', 'qqqqqqqq', 'rrrrrrrr', 'iiii', 'jjjjj', 'qq', 'rr', 'qqqqqq', 'rrr', 'rrrrr', 'iii', 'iiiiiiii']
['ffffff', 'e', 'eee', 'GGGGGGG', '5', 'eeeeeee', 'eeeeeeee', 'f', 'ee', 'ff', 'fff', 'eeee', 'eeeee', 'fffffff', 'ffffffff']
