['95', '250', '376', '44', '155', '350', '216', '418', '423', '150', '375', '157', '176', '403', '488', '62', '485']
['388', '17', '123', '244', '56', '257', '301', '141', '184', '343', '484', '99', '316', '395', '125', '148']
['133', '363', '389', '203', '205', '419', '42', '46', '371', '478', '202', '222', '116', '118', '73', '119', '385']
['93', '295', '16', '337', '366', '441', '47', '52', '204', '232', '299', '302', '359', '24', '45', '53', '82']
['71', '110', '121', '69', '345', '436', '127', '272', '68', '160', '201', '263', '338', '401', '475', '490', '36']
['3', '88', '228', '266', '480', '318', '131', '355', '444', '353', '378', '168']
['242', '12', '270', '398', '438', '271', '456', '109', '151', '357', '470', '330', '472', '206', '334', '161', '138']
['41', '163', '410', '2', '94', '434', '15', '130', '164', '169', '64', '112', '440', '251', '380', '313', '235']
['145', '238', '481', '391', '427', '483', '195', '223', '453']
['7', '333', '80', '144', '322', '382', '447', '286', '340']
['209', '486', '108', '115', '274', '442', '458', '482', '132', '214', '225', '27', '233', '245', '424', '5', '25']
['498', '180', '317', '178', '187', '213', '372', '445', '496', '20', '75', '153', '179', '218', '241', '377', '383']
['85', '90', '171', '185', '211', '492', '23', '77', '229', '276', '358', '135', '142', '183', '217', '465', '467']
['240', '439', '454', '107', '114', '221', '297', '422', '473', '289', '122', '159', '54', '96']
['55', '226', '192', '331', '352', '193', '285', '48', '86', '291', '327', '412', '466', '476', '170', '275', '369']
['74', '139', '246', '342', '428', '13', '81', '83', '98', '288', '368', '435', '165', '190', '224', '409', '432']
['8', '117', '305', '306', '158', '196', '267', '89', '134', '198', '356', '493', '91', '162', '417', '50', '365']
['268', '290', '497', '181', '284', '446', '29', '31', '234', '129', '140', '258', '307', '265', '429', '87']
['310', '332', '402', '70', '186', '236', '247', '437', '451', '200', '269', '336', '354', '462', '35', '124', '137']
['208', '273', '390', '413', '57', '84', '143', '199', '294', '321', '230', '237', '79', '189', '328', '58']
['0', '293', '97', '324', '464', '173', '175', '252', '387', '414', '33', '66', '136', '416', '491', '67', '264']
['300', '315', '360', '215', '400', '426', '495', '72', '393', '396', '404', '452', '499', '26', '296', '254', '231']
['19', '277', '379', '386', '309', '329', '469', '320', '325', '280', '167', '335']
['279', '287', '373', '65', '346', '349', '370', '1', '14', '239', '308', '399', '471', '494', '146', '210', '243']
['92', '415', '111', '397', '63', '106', '348', '455', '166', '457', '59', '463', '461']
['18', '113', '154', '394', '292', '262', '341', '474', '323']
['11', '406', '37', '156', '6', '30', '364', '448', '477', '9', '60', '61', '103', '261', '443', '256', '347']
['207', '425', '22', '28', '34', '172', '177', '278', '319', '326', '392', '40', '194', '259', '281', '344', '407']
['260', '339', '283', '38', '51', '78', '102', '152', '460', '32', '104', '384', '212', '314', '362', '430', '468']
['21', '248', '420', '76', '126', '174', '312', '351', '449', '105', '249', '304', '4', '120', '188', '433', '147']
['219', '459', '253', '411', '450', '43', '128', '182', '220', '311', '361', '367', '421', '487', '298', '405', '39']
['101', '191', '197', '431', '479', '149', '282', '381', '408', '10', '100', '49', '374', '303', '227', '489', '255']
