['223', '224', '236', '239', '249', '253', '286', '293', '207', '257', '162', '164', '185', '456', '483', '485', '172', '458', '128']
['200', '209', '241', '251', '170', '442', '457', '143', '415']
['204', '230', '247', '250', '266', '272', '273', '279', '281', '160', '466', '472', '196', '418', '122', '413', '401', '106', '371', '372', '373', '374', '375', '376', '377', '378', '379', '380', '381', '382']
['219', '234', '238', '246', '276', '285', '240', '148', '179', '437', '138', '430', '419', '412', '411', '107', '395', '345', '346', '347', '348', '349', '350', '351', '352', '353', '354', '355', '356', '357']
['248', '159', '166', '446', '465', '137', '417']
['221', '228', '235', '242', '245', '256', '154', '161', '190', '445', '171', '144', '435', '139', '424', '104', '100', '98', '3', '4', '5', '7', '8', '9', '12', '13', '15', '16', '17', '18']
['288', '193', '153', '183', '421', '410', '115', '409', '112', '108', '101', '19', '20', '21', '23', '24', '25', '26', '28', '29', '30', '31', '33', '34', '35', '36', '38', '39', '40', '41']
['205', '229', '232', '243', '270', '282', '186', '444', '479', '484', '450', '429', '420', '125', '124', '114', '406', '109', '102', '46', '47', '48', '49', '0', '2', '6', '10', '11', '14', '22']
['199', '214', '216', '252', '261', '267', '176', '426', '127', '416', '404', '393', '331', '332', '333', '335', '336', '337', '338', '339', '340', '341', '342', '343', '322', '324', '330', '334', '344', '317']
['211', '215', '233', '262', '264', '275', '277', '195', '475', '489', '132', '423', '121', '113', '37']
['201', '255', '283', '168', '184', '189', '194', '448', '453', '460', '470', '449', '434', '118', '398', '394', '304', '305', '306', '307', '308', '309', '310', '311', '312', '313', '314', '315', '316', '318']
['212', '265', '278', '291', '231', '290', '156', '167', '187', '192', '459', '461', '480', '486', '181', '478', '142', '116', '408', '397', '294', '295', '296', '297', '298', '299', '300', '301', '302', '303']
['206', '208', '225', '244', '258', '169', '175', '188', '454', '471', '180', '399', '396', '99', '392', '27', '32', '358', '359', '360', '361', '362', '363', '364', '365', '366', '367', '369', '368', '370']
['197', '202', '237', '269', '289', '268', '150', '157', '443', '473', '145', '440', '140', '433', '134', '123', '407', '50', '51', '52', '53', '54', '55', '56', '57', '58', '59', '60', '61', '62']
['203', '217', '226', '259', '271', '149', '152', '155', '177', '191', '469', '474', '476', '151', '487', '455', '439', '432', '428', '133', '130', '422', '414', '111', '103', '1', '42', '43', '44', '45']
['213', '218', '222', '287', '158', '163', '165', '182', '441', '451', '462', '488', '467', '146', '438', '436', '425', '129', '110', '403', '400', '319', '320', '321', '323', '325', '326', '327', '328', '329']
['220', '254', '280', '292', '227', '452', '464', '135', '105']
['198', '274', '284', '178', '447', '141', '131', '119', '405', '402', '86', '87', '88', '89', '90', '91', '92', '93', '94', '95', '96', '97']
['147', '468', '481', '482', '136', '126', '120', '63', '64', '65', '66', '67', '68', '69', '70', '71', '72', '73', '74', '75', '76', '77', '78', '79', '80', '81', '82', '83', '84', '85']
['263', '210', '260', '173', '174', '463', '477', '490', '431', '427', '117', '383', '384', '385', '386', '387', '388', '389', '390', '391']
