['Giorgio3', 'Pietro1', 'Jack2', 'Furio5', 'Flaviana6', 'Loretta4', 'Emanuel3', 'Genziana8', 'Assia0', 'Folco0', 'Lamberto6', 'Gilda2', 'Gianleonardo6', 'Rodolfo9', 'Jarno1', 'Albino1', 'Rosalino0', 'Armando5', 'Jari2', 'Odone4']
['Cleros6', 'Costanzo6', 'Secondo5', 'Serse1', 'Alessio7', 'Quirino1', 'Ivano3', 'Trevis2', 'Clodovea2', 'Marzio7', 'Rufo5', 'Tazio1', 'Thea4', 'Mariagiulia3', 'Pacifico5', 'Mariagiulia0', 'Carlo1', 'Thea5', 'Gaetano5', 'Sesto2']
['Carmelo4', 'Enzo7', 'Nathan9', 'Ilario9', 'Amedeo1', 'Michael4', 'Xavier5', 'Terzo7', 'Erminio9', 'Adriano1', 'Nayade9', 'Fortunata0', 'Cassiopea3', 'Avide3', 'Elda2', 'Ethan9', 'Arturo8', 'Ubaldo1', 'Cesidia8', 'Battista3']
['Romeo2', 'Cleopatra7', 'Ione9', 'Luigi4', 'Arduino8', 'Enrico1', 'Raniero0', 'Lino4', 'Anselmo9', 'Mietta2', 'Anselmo8', 'Kris3', 'Sibilla4', 'Miriam7', 'Walter7', 'Nestore5', 'Concetta5', 'Jari0', 'Raoul7', 'Erminia2']
['Augusto8', 'Amerigo5', 'Marina4', 'Pablo7', 'Ercole1', 'Joshua0', 'Radames1', 'Samira6', 'Romeo4', 'Cleros7', 'Walter3', 'Umberto6', 'Moreno5', 'Nazzareno0', 'Osea1', 'Giordano5', 'Kayla9', 'Fabiano1', 'Elsa1', 'Jacopo4']
['Benedetta1', 'Manfredi5', 'Arduino5', 'Vinicio8', 'Eriberto1', 'Sebastian4', 'Cleros2', 'Diamante4', 'Odone8', 'Ettore0', 'Leonardo7', 'Lidia4', 'Bortolo9', 'Ermes9', 'Enzo3', 'Odino9', 'Ercole8', 'Eliziario6', 'Lazzaro2', 'Cosetta2']
['Erminia8', 'Costanzo4', 'Rosaria8', 'Marina7', 'Maika6', 'Miriam8', 'Alberto5', 'Fiorenzo8', 'Deborah9', 'Elga8', 'Guido1', 'Nathan3', 'Dylan9', 'Osea0', 'Gianriccardo2', 'Cleopatra1', 'Loretta1', 'Odone9', 'Amedeo6', 'Edilio2']
['Sarita7', 'Jelena1', 'Mariagiulia4', 'Xavier7', 'Ulrico6', 'Eriberto7', 'Nico6', 'Loredana0', 'Marzio5', 'Gioacchino7', 'Antimo9', 'Giovanna3', 'Ercole9', 'Alessandro3', 'Amedeo5', 'Marieva8', 'Caligola0', 'Folco8', 'Orfeo4', 'Laerte0']
['Lidia6', 'Caligola7', 'Anastasio3', 'Patrizio4', 'Marianita8', 'Vania3', 'Liborio8', 'Lia2', 'Mariano0', 'Alan9', 'Amerigo1', 'Demis3', 'Zaccaria2', 'Tancredi5', 'Ileana5', 'Osvaldo5', 'Mattia1', 'Filomena3', 'Sasha7', 'Oreste0']
['Renato5', 'Noah0', 'Egisto1', 'Matteo9', 'Kai5', 'Matilde9', 'Walter1', 'Marianita5', 'Cassiopea9', 'Folco3', 'Mariagiulia9', 'Sesto4', 'Baldassarre3', 'Noah6', 'Monia8', 'Davide5', 'Ludovico2', 'Siro8', 'Liborio4', 'Adriano0']
['Folco4', 'Miriana9', 'Cleros4', 'Ruth1', 'Jacopo3', 'Gregorio7', 'Akira3', 'Demi9', 'Ian0', 'Siro9', 'Rebecca5', 'Sabatino1', 'Mecren5', 'Carmela6', 'Mauro7', 'Sandro2', 'Muzio8', 'Luigi7', 'Ubaldo2', 'Marcella4']
['Ethan3', 'Soriana6', 'Lidia0', 'Emanuel7', 'Trevis3', 'Danthon5', 'Emanuel1', 'Lorenzo9', 'Prisca2', 'Clodovea1', 'Ariel9', 'Vania2', 'Costantino7', 'Maika9', 'Tristano8', 'Sesto8', 'Orfeo5', 'Secondo0', 'Fatima0', 'Ursula5']
['Danuta0', 'Deborah2', 'Priamo0', 'Domiziano7', 'Quarto3', 'Leonardo0', 'Giacobbe7', 'Ercole4', 'Ferdinando6', 'Cleros5', 'Giobbe6', 'Filomena4', 'Brigitta8', 'Luce6', 'Eusebio3', 'Giorgio6', 'Celeste4', 'Olimpia3', 'Mietta1', 'Laerte9']
['Bettino8', 'Ethan7', 'Miriana7', 'Cirino1', 'Loris4', 'Marieva7', 'Folco6', 'Silvano4', 'Karim1', 'Michael9', 'Max1', 'Lauro3', 'Mirko6', 'Gelsomina6', 'Quasimodo0', 'Edipo4', 'Marzio6', 'Joseph3', 'Artes8', 'Deborah4']
['Elio8', 'Giulietta7', 'Joseph7', 'Marvin0', 'Sue0', 'Eustachio2', 'Caio2', 'Sasha9', 'Giancarlo3', 'Gianriccardo3', 'Santo9', 'Benedetta4', 'Maruska3', 'Caio6', 'Renzo5', 'Edilio5', 'Cira7', 'Giacinto6', 'Mattia9', 'Ludovico9']
['Marina6', 'Luce0', 'Prisca3', 'Orfeo7', 'Damiana2', 'Orfeo9', 'Claudia1', 'Sirio1', 'Irene7', 'Orfeo1', 'Eusebio6', 'Timoteo4', 'Fortunata6', 'Fiorenzo7', 'Nabil5', 'Gioacchino6', 'Enzo6', 'Radames7', 'Rosalba8', 'Nathan2']
['Cassiopea8', 'Isabel1', 'Elio3', 'Armando0', 'Demi6', 'Gianantonio5', 'Ferdinando0', 'Joshua3', 'Demis1', 'Gianmaria7', 'Zelida4', 'Marianita7', 'Modesto4', 'Gaetano4', 'Edipo5', 'Rocco9', 'Karim8', 'Laura1', 'Concetta1', 'Elda4']
['Mirko4', 'Tancredi6', 'Dante0', 'Rebecca2', 'Penelope5', 'Carmela3', 'Marcella0', 'Mattia6', 'Ercole2', 'Fernando8', 'Primo9', 'Jole3', 'Arcibaldo8', 'Bettino1', 'Siro2', 'Oretta5', 'Osea9', 'Tristano5', 'Siro3', 'Oretta9']
['Nestore4', 'Fabiano3', 'Bibiana6', 'Assia4', 'Alighieri1', 'Marianita1', 'Noel4', 'Davide8', 'Elga3', 'Gilda5', 'Fiorenzo1', 'Sarita4', 'Eustachio1', 'Leonardo1', 'Gianantonio3', 'Rita6', 'Vera2', 'Radames4', 'Marino4', 'Laura9']
['Guendalina3', 'Celeste3', 'Davide1', 'Sabino2', 'Damiana9', 'Penelope7', 'Nico1', 'Violante6', 'Renzo6', 'Nestore6', 'Teseo4', 'Diamante6', 'Sebastian2', 'Valdo9', 'Pablo9', 'Donatella7', 'Armando8', 'Marzio4', 'Primo1', 'Umberto9']
['Giulio2', 'Piersilvio3', 'Nestore8', 'Fatima2', 'Enzo0', 'Antonio9', 'Timoteo9', 'Italo9', 'Nestore7', 'Eriberto9', 'Michele7', 'Priamo8', 'Guido6', 'Alessio3', 'Tommaso8', 'Umberto0', 'Loredana6', 'Cleopatra5', 'Emidio9', 'Mecren9']
['Brigitta5', 'Fatima9', 'Lisa0', 'Rosolino0', 'Gavino8', 'Cira8', 'Pierfrancesco0', 'Nestore3', 'Odino6', 'Sue2', 'Fiorentino3', 'Maggiore3', 'Anastasio7', 'Rosita1', 'Edilio6', 'Benedetta5', 'Elsa0', 'Piersilvio0', 'Maggiore2', 'Tolomeo6']
['Dante5', 'Erminia5', 'Antonino6', 'Concetta9', 'Erminio4', 'Aroldo4', 'Marcella3', 'Rosalino2', 'Evangelista9', 'Siro0', 'Nicoletta3', 'Gianantonio6', 'Marino8', 'Rebecca6', 'Miriana4', 'Audenico0', 'Joannes5', 'Sirio6', 'Monia6', 'Italo5']
['Giorgio2', 'Fabio9', 'Rosalba1', 'Iacopo2', 'Azue3', 'Fabio8', 'Giovanna5', 'Mietta0', 'Pacifico0', 'Lauro5', 'Kris2', 'Tazio7', 'Trevis8', 'Bortolo5', 'Bibiana4', 'Alighiero7', 'Tolomeo0', 'Valdo2', 'Demis2', 'Gerlando9']
['Kayla3', 'Tancredi4', 'Isabel6', 'Ermes4', 'Timoteo5', 'Iacopo1', 'Primo3', 'Claudia6', 'Ausonio0', 'Laerte5', 'Doriana2', 'Samira4', 'Hector0', 'Graziano0', 'Gianmarco5', 'Ian2', 'Cleopatra8', 'Gregorio2', 'Anselmo3', 'Santo3']
