['Mable', 'Devinne', 'Kalindi', 'Kaylyn', 'Denyse', 'Pia', 'Arliene', 'Brynna', 'Chelsea', 'Lisabeth', 'Tova', 'Jennica', 'Silva', 'Karol', 'Hatty', 'Dayle', 'Natalina', 'Ashely', 'Janey']
['Emelina', 'Tiffani', 'Tammy', 'Thomasina', 'Hyacinth', 'Bria', 'Raine', 'Cynde', 'Edi', 'Laureen', 'Carline', 'Nomi', 'Dulcia', 'Merrielle', 'Lois', 'Deeann', 'Willabella', 'Kettie', 'Jada']
['Misti', 'Brenn', 'Analise', 'Loria', 'Karlotta', 'Henriette', 'Phillis', 'Valerie', 'Lori', 'Edeline', 'Sophie', 'Sephira', 'Mina', 'Jeannette', 'Clari', 'Una', 'Erna', 'Kippy', 'Pierrette']
['Lyn', 'Reggi', 'Maryjo', 'Nerta', 'Brynne', 'Isabelle', 'Linette', 'Sharla', 'Katalin', 'Rasla', 'Lila', 'Cate', 'Susi', 'Lacey', 'Libby', 'Madonna', 'Valentine', 'Emilee', 'Bobbie']
['Oliy', 'Philomena', 'Marcia', 'Freda', 'Melva', 'Renelle', 'Cinnamon', 'Lindsy', 'Yalonda', 'Pandora', 'Brandise', 'Delila', 'Ardine', 'Cordy', 'Tresa', 'Courtnay', 'Emmalynne', 'Katha', 'Raven']
['Di', 'Billy', 'Patience', 'Ray', 'Stepha', 'Tybi', 'Eadie', 'Thalia', 'Lettie', 'Jeralee', 'Pavla', 'Madelyn', 'Sheeree', 'Lorena', 'Marlyn', 'Reta', 'Jeniffer', 'Marylou', 'Lia']
['Saundra', 'Meggy', 'Emmy', 'Rosene', 'Vanessa', 'Donella', 'Camille', 'Avivah', 'Rosina', 'Giralda', 'Shayne', 'Stefa', 'Terra', 'Carree', 'Lanni', 'Esmaria', 'Laurice', 'Toma', 'Eula']
['Tamarah', 'Sheree', 'Madelin', 'Geri', 'Erinna', 'Jaime', 'Uta', 'Miquela', 'Tersina', 'Bell', 'Elayne', 'Shayna', 'Annie', 'Sallyanne', 'Pollyanna', 'Gerianna', 'Lita', 'Fayth', 'Dana']
['Ethelind', 'Penny', 'Vallie', 'Fawne', 'Jolie', 'Barbe', 'Laverne', 'Essa', 'Mariejeanne', 'Costanza', 'Lavinia', 'Ealasaid', 'Andriette', 'Merline', 'Nolana', 'Siobhan', 'Kiersten', 'Idalina', 'Herminia']
['Noelyn', 'Rebbecca', 'Vonny', 'Clemmy', 'Anya', 'Jessamyn', 'Lorna', 'Ortensia']
['Ashli', 'Sayre', 'Rosalind', 'Zita', 'Licha', 'Andree', 'Randene', 'Lorrin', 'Ginger', 'Nevsa', 'Marley', 'Coretta', 'Marice', 'Kora', 'Marigold', 'Matilda', 'Cory', 'Harriett', 'Lona']
['Alvina', 'Lorinda', 'Trude', 'Jodi', 'Kerstin', 'Imogen', 'Riannon', 'Roseann', 'Amitie', 'Pansie', 'Karisa', 'Maryl', 'Gayle', 'Biddie', 'Vi', 'Callie', 'Ula', 'Sue', 'Joannes']
['Giselle', 'Grazia', 'Honey', 'Carlye', 'Kellen', 'Lisbeth', 'Neilla', 'Ardenia', 'Natala', 'Wendeline', 'Cristina', 'Constantia', 'Dolores', 'Tatiana', 'Joleen', 'Jane', 'Livia', 'Daisi', 'Gussy']
['Aubrette', 'Robena', 'Jessika', 'Verina', 'Kial', 'Ashlen', 'Cherry', 'Phil', 'HelenElizabeth', 'Toni', 'Kylen', 'Christin', 'Myrilla', 'AnnaDiane', 'Harrie', 'Lina', 'Laverna', 'Henrietta', 'Liz']
['Jess', 'Geralda', 'Trista', 'Debby', 'Gwendolen', 'Lauretta', 'Janette', 'Jeannie', 'Garland', 'Mareah', 'Magdaia', 'Debbie', 'Veronike', 'Caryn', 'Kay', 'Frankie', 'Idell', 'Kristin', 'Phedra']
['Keri', 'Nerissa', 'Viva', 'Romonda', 'Heidie', 'Joycelin', 'Deny', 'Kata', 'Milena', 'Erma', 'Jsandye', 'Corey', 'Ellie', 'Sheena', 'Lillis', 'Siusan', 'Nora', 'Kania', 'Rozanna']
['Corinna', 'Helenka', 'Sherline', 'Johnette', 'Hendrika', 'Amabel', 'Bonnee', 'Darcee', 'Neila', 'Crystie', 'Martguerita', 'Jeannine', 'Serena', 'Reeva', 'Shelia', 'AnnaDiana', 'Zoe', 'Blake', 'Jasmin']
['Constantina', 'Prudi', 'Megan', 'Elisabet', 'Gaynor', 'Danell', 'Nadine', 'Chris', 'Tamarra', 'Allsun', 'Susana', 'Lorraine', 'Charis', 'Tanya', 'Vilma', 'Jacquenette', 'Cordie', 'Laraine', 'Mehetabel']
['Jobina', 'Marjie', 'Brigid', 'Patti', 'Arleyne', 'Bessy', 'Sara', 'Tressa', 'Koressa', 'Marla', 'Feliza', 'Renae', 'Lilla', 'Annalee', 'Corella', 'Cecelia', 'Pippy', 'Vivia', 'Ivie']
['Mia', 'Flori', 'Moyra', 'Almeda', 'Jorey', 'Katleen', 'Maddalena', 'Eddi', 'Raye', 'Rachel', 'Goldina', 'Nelia', 'Evangeline', 'Goldi', 'Shelby', 'Paulina', 'Christabel', 'Jenna', 'Shay']
['Clemmie', 'Drucill', 'Starr', 'Gabriell', 'Alyce', 'Coral', 'Gigi', 'Bibbie', 'Melodie', 'Brandie', 'Fayina', 'Eve', 'Leora', 'Winifred', 'Claudina', 'Dulcea', 'Nicoli', 'Sibylle', 'Shaina']
['Leilah', 'Catina', 'Natka', 'Anthe', 'Therine', 'Fredelia', 'Midge', 'Sofia', 'Paula', 'Sheilah', 'Anjanette', 'Christina', 'Madalena', 'Lynnett', 'Inna', 'Genni', 'Cayla', 'Shelli', 'Carmelia']
['Rosalinde', 'Tanhya', 'Dianna', 'Laura', 'Elinor']
['Meris', 'Genna', 'Vickie', 'Evvy', 'Tessy', 'Kinna', 'Cammie', 'Sharron', 'Mariette', 'SheilaKathryn', 'Suellen', 'Heather', 'Gerrilee', 'Faith', 'Shani', 'Dulcie', 'Libbi', 'Betteanne', 'Wilow']
['Kathlin', 'Kacey', 'Kelcey', 'Ondrea', 'Wilone', 'Vin', 'Barbaraanne', 'Camilla', 'Jaclyn', 'Kassia', 'Tilda', 'Zorana', 'Leona', 'Gwenette', 'Tobi', 'Chrystel', 'Paulette', 'Joly', 'Minnnie']
