['345', '292', '192', '109', '94', '138', '396', '181', '11', '360', '66', '284', '260', '299', '379', '247', '209', '365', '5', '30', '326']
['33', '97', '147', '24', '26', '23', '29', '86', '127', '319', '318', '382', '259', '251', '4', '285', '51', '110', '398', '343', '182', '320', '166', '269', '52']
['270', '330', '149', '377', '87', '85', '178', '13', '212', '45', '347', '198', '195', '372', '214']
['346', '342', '278', '336', '6', '93', '82', '62', '204', '314', '368', '350', '116', '158', '271', '35', '370', '187', '12', '75', '126', '58', '54', '290', '316']
['272', '36', '238', '232', '141', '130', '244', '241', '185', '206', '73', '114', '308', '113', '154', '322']
['293', '95', '236', '230', '146', '148', '174', '184', '71', '125', '111', '44', '134', '79']
['294', '193', '277', '108', '235', '180', '189', '205', '76', '8', '169', '164', '162', '59', '115', '43', '199', '102', '70', '129', '311', '161', '216', '287', '55']
['340', '103', '96', '137', '84', '186', '68', '121', '124', '367', '256', '213', '280', '267', '112', '390', '156', '46', '194', '275', '1', '28', '381', '353', '218', '225']
['190', '276', '143', '384', '61', '351', '268', '306', '157', '139', '374', '246', '16']
['296', '295', '196', '273', '107', '332', '237', '20', '88', '89', '200', '72', '3', '57', '300', '48', '173', '358', '217', '215', '289', '304']
['348', '279', '338', '337', '91', '136', '387', '50', '228', '227', '150', '201', '257']
['333', '131', '171', '321', '203', '128', '69', '302', '220', '153', '47', '349', '243', '254', '226']
['274', '101', '32', '231', '19', '60', '258', '160', '163', '288', '63', '223', '399', '42', '298', '239', '366', '380']
['105', '334', '234', '132', '176', '170', '14', '18', '123', '310', '67', '219', '281', '261', '266', '119', '41']
['22', '392', '81', '10', '78', '364', '363', '356', '210', '151', '34', '335', '240', '325']
['39', '98', '142', '393', '242', '179', '175', '183', '188', '323', '122', '315', '362', '359', '224', '40', '191', '106', '31', '7', '15', '207', '252', '168', '357', '355', '307']
['341', '90', '92', '233', '25', '376', '394', '245', '248', '253', '361', '388', '165', '283', '56', '53', '159', '291', '38', '395', '83', '202', '77', '312', '167', '391']
['197', '144', '133', '371', '373', '249', '327', '328', '74', '317', '255', '352', '263', '303', '229', '222', '49', '37', '145', '208', '297', '27']
['344', '331', '140', '400', '378', '375', '172', '324', '2', '354', '211', '282', '286', '265', '264', '309', '301', '397', '389', '369', '250', '117']
['100', '104', '339', '99', '21', '80', '177', '329', '120', '313', '383', '385', '9', '118', '305', '221', '152', '155', '135', '17', '386', '65', '262', '64']
