['Vertex330', 'Vertex439', 'Vertex42', 'Vertex353', 'Vertex84', 'Vertex246', 'Vertex335', 'Vertex369', 'Vertex418', 'Vertex428', 'Vertex65', 'Vertex244', 'Vertex262', 'Vertex297', 'Vertex318', 'Vertex385', 'Vertex75', 'Vertex116', 'Vertex279']
['Vertex100']
['Vertex126']
['Vertex71', 'Vertex82', 'Vertex156', 'Vertex220', 'Vertex163', 'Vertex402', 'Vertex96', 'Vertex170', 'Vertex344', 'Vertex405', 'Vertex45', 'Vertex55', 'Vertex140', 'Vertex179', 'Vertex235', 'Vertex336', 'Vertex134', 'Vertex174', 'Vertex184']
['Vertex161', 'Vertex338', 'Vertex101', 'Vertex81', 'Vertex284', 'Vertex393', 'Vertex56', 'Vertex131', 'Vertex183', 'Vertex241', 'Vertex266', 'Vertex362', 'Vertex99', 'Vertex153', 'Vertex255', 'Vertex331', 'Vertex351', 'Vertex430', 'Vertex196', 'Vertex214']
['Vertex149']
['Vertex194', 'Vertex224', 'Vertex250', 'Vertex313', 'Vertex76', 'Vertex372', 'Vertex427', 'Vertex85', 'Vertex234', 'Vertex271', 'Vertex287', 'Vertex401', 'Vertex54', 'Vertex133', 'Vertex155', 'Vertex159', 'Vertex229', 'Vertex403', 'Vertex409']
['Vertex154']
['Vertex157', 'Vertex44', 'Vertex146', 'Vertex142', 'Vertex104', 'Vertex110', 'Vertex321', 'Vertex382', 'Vertex230', 'Vertex340', 'Vertex137', 'Vertex237', 'Vertex373', 'Vertex422', 'Vertex130', 'Vertex143', 'Vertex236', 'Vertex314', 'Vertex366', 'Vertex394']
['Vertex162']
['Vertex166']
['Vertex188']
['Vertex129', 'Vertex171', 'Vertex312', 'Vertex328', 'Vertex392', 'Vertex413', 'Vertex420', 'Vertex57', 'Vertex64', 'Vertex165', 'Vertex260', 'Vertex276', 'Vertex299', 'Vertex301', 'Vertex396', 'Vertex78', 'Vertex112', 'Vertex122', 'Vertex350', 'Vertex226']
['Vertex239', 'Vertex151', 'Vertex210', 'Vertex272', 'Vertex51', 'Vertex93', 'Vertex342', 'Vertex388']
['Vertex308', 'Vertex215', 'Vertex281', 'Vertex205', 'Vertex368', 'Vertex106', 'Vertex147', 'Vertex185', 'Vertex378', 'Vertex121', 'Vertex167', 'Vertex127', 'Vertex231', 'Vertex300', 'Vertex303', 'Vertex327', 'Vertex412', 'Vertex43', 'Vertex58', 'Vertex60']
['Vertex267', 'Vertex278', 'Vertex97', 'Vertex217', 'Vertex398', 'Vertex349', 'Vertex285', 'Vertex305', 'Vertex438', 'Vertex172', 'Vertex193', 'Vertex309', 'Vertex102', 'Vertex138', 'Vertex296', 'Vertex436', 'Vertex61', 'Vertex98', 'Vertex109', 'Vertex150']
['Vertex201']
['Vertex360', 'Vertex204', 'Vertex232', 'Vertex178', 'Vertex307', 'Vertex325', 'Vertex352', 'Vertex375', 'Vertex376', 'Vertex407', 'Vertex433', 'Vertex435', 'Vertex144', 'Vertex218', 'Vertex221', 'Vertex261', 'Vertex329', 'Vertex343', 'Vertex386', 'Vertex395']
['Vertex118', 'Vertex195', 'Vertex238', 'Vertex334', 'Vertex73', 'Vertex152', 'Vertex387', 'Vertex404', 'Vertex293', 'Vertex74', 'Vertex108', 'Vertex125', 'Vertex186', 'Vertex316', 'Vertex437', 'Vertex105', 'Vertex207', 'Vertex209', 'Vertex228']
['Vertex391', 'Vertex423', 'Vertex124', 'Vertex434', 'Vertex192', 'Vertex292', 'Vertex339', 'Vertex357', 'Vertex67', 'Vertex88', 'Vertex274', 'Vertex424', 'Vertex92', 'Vertex160', 'Vertex222', 'Vertex269', 'Vertex317', 'Vertex359', 'Vertex46', 'Vertex86']
['Vertex95', 'Vertex322', 'Vertex282', 'Vertex356', 'Vertex355', 'Vertex181', 'Vertex280', 'Vertex291', 'Vertex374', 'Vertex414', 'Vertex426', 'Vertex52', 'Vertex115', 'Vertex119', 'Vertex139', 'Vertex286', 'Vertex348', 'Vertex377', 'Vertex432', 'Vertex41']
['Vertex370', 'Vertex47', 'Vertex199', 'Vertex264', 'Vertex48', 'Vertex198', 'Vertex202', 'Vertex77', 'Vertex206', 'Vertex400', 'Vertex310', 'Vertex120', 'Vertex223', 'Vertex180', 'Vertex254', 'Vertex270', 'Vertex315', 'Vertex379', 'Vertex390']
['Vertex429']
['Vertex123', 'Vertex361', 'Vertex326', 'Vertex66', 'Vertex117', 'Vertex320', 'Vertex69', 'Vertex425', 'Vertex79', 'Vertex89', 'Vertex94', 'Vertex182', 'Vertex211', 'Vertex253', 'Vertex258', 'Vertex431', 'Vertex83']
['Vertex87', 'Vertex257', 'Vertex70', 'Vertex158', 'Vertex208', 'Vertex251', 'Vertex323']
['Vertex219']
['Vertex240']
['Vertex243']
['Vertex249']
['Vertex306', 'Vertex176', 'Vertex72', 'Vertex275', 'Vertex363', 'Vertex365', 'Vertex164', 'Vertex111', 'Vertex113', 'Vertex277', 'Vertex347', 'Vertex371', 'Vertex411', 'Vertex62', 'Vertex80', 'Vertex91', 'Vertex268', 'Vertex354']
['Vertex259']
['Vertex90', 'Vertex364']
['Vertex103', 'Vertex225', 'Vertex168', 'Vertex415', 'Vertex245', 'Vertex311', 'Vertex333', 'Vertex345', 'Vertex358', 'Vertex302', 'Vertex332', 'Vertex383', 'Vertex417', 'Vertex63', 'Vertex107', 'Vertex247', 'Vertex341', 'Vertex380', 'Vertex389', 'Vertex187']
['Vertex263']
['Vertex128', 'Vertex173', 'Vertex203', 'Vertex227', 'Vertex324', 'Vertex190', 'Vertex248', 'Vertex283', 'Vertex408', 'Vertex421', 'Vertex290', 'Vertex384', 'Vertex114', 'Vertex175', 'Vertex177', 'Vertex197']
['Vertex132', 'Vertex397', 'Vertex410', 'Vertex136', 'Vertex367', 'Vertex304', 'Vertex59', 'Vertex242', 'Vertex191', 'Vertex213', 'Vertex141', 'Vertex200', 'Vertex216', 'Vertex288', 'Vertex298', 'Vertex381', 'Vertex399', 'Vertex40', 'Vertex50', 'Vertex53']
['Vertex265']
['Vertex294']
['Vertex169', 'Vertex289', 'Vertex233', 'Vertex68', 'Vertex337', 'Vertex416', 'Vertex256', 'Vertex319', 'Vertex273', 'Vertex49', 'Vertex212', 'Vertex406', 'Vertex419', 'Vertex148', 'Vertex135', 'Vertex145', 'Vertex189', 'Vertex252', 'Vertex346']
['Vertex295']
