['Ernie', 'Tessa', 'Freda', 'Verna', 'Tonya', 'Zelma', 'Quinn', 'Donny', 'Aaron', 'Audra', 'Pearl', 'Jonah', 'Louis', 'Tasha']
['Issac', 'Chong', 'Donna', 'Roman', 'Perry', 'Amado', 'Lucio']
['Marci', 'Terry', 'Cindy', 'Basil', 'Major', 'Margo', 'Laura', 'Hilda', 'Effie', 'Berta', 'Adela', 'Brant', 'Janet', 'Ollie', 'Doris', 'Dixie', 'Malik', 'Kayla', 'Rusty', 'Melba', 'Sheri', 'Brian', 'Clark']
['Myron', 'Irvin', 'Naomi', 'Moses', 'Claud', 'Homer', 'Shaun', 'Robyn', 'Britt']
['Buddy', 'Candy', 'Bryon', 'Hyman', 'Pansy', 'Ilene', 'Elena', 'Mable', 'Lyman', 'Arlen', 'Betsy', 'Orval', 'Pedro', 'Sofia', 'Elmer', 'Maria', 'Grant', 'Benny', 'Lydia', 'Tanya']
['Tammi', 'Marla', 'Odell', 'Leila', 'Wendy', 'Lacey', 'James', 'Ronny', 'Dante', 'Kelly', 'Terri', 'Della', 'Nelda', 'Bryce', 'Katie', 'Flora', 'Mitzi', 'Ariel', 'Elvin', 'David', 'Mason']
['Barry', 'Edwin', 'Lorna', 'Brady']
['Erika', 'Emily', 'Craig', 'Sadie', 'Jamar', 'Rhoda', 'Jamel', 'Teddy', 'Julio', 'Jacob', 'Greta', 'Marcy', 'Jared', 'Ebony']
['Chris', 'Sally', 'Shane', 'Alvin', 'Wally']
['Josef', 'Viola', 'Avery', 'Chang', 'Randi', 'Elsie', 'Corey', 'Mario', 'Joann', 'Percy', 'Ellen', 'Tommy', 'Rhett', 'Maude', 'Bette', 'Sandy', 'Garry', 'Amber', 'Clint', 'Clara', 'Alice', 'Carly', 'Daisy', 'Cliff']
['Aline', 'Jason', 'Wyatt', 'Essie', 'Bruno', 'Dario', 'Deann', 'Nancy', 'Ervin', 'Billy', 'Josie']
['Devin', 'Marty', 'Clyde', 'Alton', 'Ahmad', 'Nikki', 'Twila', 'Allan', 'Lorie', 'Danny', 'Peter', 'Olive']
['Leroy', 'Chase', 'Elvia', 'Renee', 'Fritz', 'Sammy', 'Rufus', 'Roger', 'Lauri', 'Kevin', 'Dusty', 'Tonia', 'Karen', 'Steve', 'Brock']
['Roxie', 'Julia', 'Jaime', 'Monty', 'Misty', 'Trent', 'Micah', 'Helga']
['Wanda', 'Daron', 'Bryan', 'Felix', 'Hazel', 'Timmy']
['Vicky', 'Joyce', 'Sybil', 'Brent', 'Cyrus', 'Leann', 'Tyron', 'Janis', 'Staci']
['Mitch', 'Davis', 'Lanny', 'Merle', 'Linda', 'Adele']
['Queen', 'Nadia', 'Becky', 'Emery', 'Vilma', 'Kirby', 'Dwain', 'Eddie', 'Carla', 'Ruben', 'Randy', 'Annie', 'Bobbi', 'Patti', 'Willy']
['Holly', 'Debra', 'Wendi', 'Elias', 'Wilma', 'Erica', 'Tracy', 'Mandy', 'Erick', 'Mamie', 'Sonny', 'Casey', 'April', 'Cesar', 'Gayle', 'Jayne', 'Maura', 'Darin']
['Paige', 'Moshe', 'Mikel', 'Karin', 'Kathy', 'Sonja', 'Robin', 'Fidel', 'Leona']
