['5', '224', '163', '180', '127', '160']
['192']
['44', '10', '190', '221', '38', '155']
['27', '20', '55', '70', '244', '246']
['2', '215', '9', '69', '19', '143']
['32', '103', '41', '230']
['186', '167', '77', '134', '220', '243']
['152', '36', '108', '158', '203', '15']
['59', '177', '217', '247', '3', '31']
['4', '124', '1', '22', '83', '14']
['74', '212', '227', '17', '24', '142']
['162', '78', '147']
['208', '66', '125', '201', '104', '113']
['198', '57', '131', '199', '37', '48']
['229', '123', '111', '146', '98', '99']
['214', '191', '8', '114', '173', '179']
['129', '195', '62', '75', '84', '106']
['29', '105', '236', '157', '40', '90']
['100']
['73', '185', '240', '52', '63', '82']
['223']
['97']
['65', '178', '210', '249', '176']
['154', '232', '87', '118', '120', '139']
['115', '193', '235', '128', '132', '219']
['151', '205', '161', '26', '34', '89']
['43', '137', '206', '6', '233', '0']
['135']
['71', '60', '130', '153', '194', '107']
['76', '122', '237', '94', '126', '144']
['95', '25', '86', '51', '102', '21']
['182', '140', '18', '101', '250', '46']
['238', '58', '228', '61', '64', '68']
['184', '11', '121', '72', '80', '85']
['42', '49', '28', '35', '189', '7']
['93']
['112', '170', '187', '239', '245', '188']
['148', '50', '110', '117', '56', '164']
['225', '202', '209', '119', '175', '181']
['30', '92', '133', '138', '211', '213']
['172', '67', '79', '166', '168', '196']
['13', '54', '197']
['165', '136', '149', '45', '81', '96']
['242', '222', '53', '141', '159']
['33', '169', '156', '200', '226', '248']
['88', '207', '171', '183', '216', '234']
['174', '218', '16', '91', '150', '204']
['109']
['47', '23']
['241', '12', '116', '145', '231', '39']
