['Tobias', 'Max', 'Nash', 'Vincent', 'Tucker', 'Ace', 'Wesley', 'Erick', 'Adam', 'Kayden']
['Ashton', 'Rhett', 'Grant', 'Jasper', 'Kyrie', 'Emmett', 'Cayden', 'Elias', 'Patrick', 'Caleb']
['Derek', 'Julian', 'Alexander', 'Axel', 'Alejandro', 'Ryder', 'Jesse', 'Maximus', 'Jax', 'Adrian']
['Theo', 'Iker', 'Lorenzo', 'Gunner', 'Jesus', 'Omar', 'Carson', 'Killian', 'Richard']
['Chase', 'Christopher', 'Bentley', 'Theodore', 'Jeremiah', 'Nolan', 'Messiah', 'Walter', 'Roman', 'Blake']
['Emiliano', 'Ezekiel', 'Victor', 'Micah', 'Beau', 'Finn', 'Brooks', 'Zion', 'am', 'River']
['Hayden', 'King', 'Dawson', 'Stephen', 'Emerson', 'Henry', 'Alex', 'Timothy', 'Ryker', 'Ivan']
['Kingston', 'Kyle', 'Levi', 'Matteo', 'Dominic', 'Zander', 'Asher', 'Colton', 'Cooper', 'Xander']
['Mason', 'Landon', 'Rafael', 'Adriel', 'Beckham', 'Maverick', 'Peter', 'Cash', 'Rylan', 'Reid']
['Alan', 'Amari', 'Santiago', 'George', 'Elliot', 'Brantley', 'Edward', 'Sean', 'Riley', 'Emilio']
['Joseph', 'Josiah', 'Jason', 'Damien', 'Jeremy', 'Brady', 'Tanner', 'Kenneth', 'Remington', 'Louis']
['Kaden', 'Barrett', 'Bryson', 'Eric', 'Jaden', 'Ian', 'Charles', 'Eli', 'Rowan', 'Joel']
['Elliott', 'Jackson', 'Jaxson', 'Israel', 'Declan', 'Camden', 'Paul', 'Wyatt', 'Christian', 'Lukas']
['Hudson', 'Zayden', 'Clayton', 'Gael', 'Martin', 'Mark', 'Jameson', 'Emmanuel', 'Charlie', 'Caden']
['Miguel', 'Gabriel', 'Dean', 'Colin', 'James', 'Jayden', 'Luke', 'Angel', 'Joshua', 'Nathaniel']
['Sebastian', 'Andres', 'Jonathan', 'Malachi', 'Judah', 'Bryan', 'Holden', 'Felix', 'Dallas', 'Dylan']
['Eduardo', 'Sawyer', 'Evan', 'Andre', 'Kameron', 'Jorge', 'Colt', 'Logan', 'Daniel', 'Aaron']
['Zane', 'Archer', 'Abraham', 'John', 'Jace', 'Weston', 'Giovanni', 'Matias', 'Benjamin', 'Tristan']
['Jordan', 'Aidan', 'Harrison', 'Nicholas', 'Andrew', 'Thomas', 'Brayden', 'Miles', 'Cole', 'Jude']
['Manuel', 'Karter', 'Leo', 'Justin', 'Jacob', 'Juan', 'Francisco', 'Simon', 'Michael', 'Carter']
['Preston', 'Leon', 'Xavier', 'Everett', 'Nathan', 'Kevin', 'Silas', 'Kaiden', 'Nicolas', 'Damian']
['Isaiah', 'Jonah', 'Josue', 'Aiden', 'Cody', 'Jaxon', 'Greyson', 'Ayden', 'Ethan', 'Jose']
['Antonio', 'Gavin', 'Easton', 'Luca', 'Oscar', 'Samuel', 'Milo', 'Griffin', 'Jake', 'Thiago']
['Lincoln', 'Hunter', 'Oliver', 'Bradley', 'Robert', 'Marcus', 'Connor', 'Abel', 'Amir', 'Bryce']
['Diego', 'Elijah', 'Tyler', 'Carlos', 'Beckett', 'Austin', 'Waylon', 'Javier', 'Grayson', 'Bennett']
['Noah', 'Brandon', 'Finley', 'Jack', 'Maxwell', 'Matthew', 'Braxton', 'Graham', 'Kaleb', 'August']
['Karson', 'Knox', 'Avery', 'Steven']
['Arthur', 'Brian', 'Lucas', 'Legend', 'Owen', 'Anthony', 'Brody', 'Myles', 'Ryan', 'Parker']
['Leonardo', 'Paxton', 'Jayce', 'Chance', 'David', 'Mateo', 'Enzo', 'Isaac']
['Phoenix', 'Zachary', 'Maddox', 'Calvin', 'Corbin', 'Cameron', 'Ezra', 'Luis', 'William', 'Kai']
