['203', '107', '296', '156', '187', '363', '52', '153', '90', '95', '136', '146']
['383', '254', '346', '235', '72', '351', '357', '365', '287', '352', '368', '375']
['0', '294', '88', '268', '231', '1', '64', '9', '43', '60', '182', '232']
['223', '111', '16', '264', '193', '274', '344', '183', '291', '397', '28']
['229', '4', '155', '198', '15', '76', '166', '227', '321', '179', '257', '278']
['66', '202', '261', '304', '160', '194', '373', '138', '316', '345', '395', '6']
['32', '162', '20', '40', '178', '213', '218', '343', '24', '81', '159', '190']
['26', '339', '168', '119', '384', '62', '372', '386', '22', '68', '70', '96']
['98', '353', '391', '83', '139', '290', '214', '109', '342', '364', '61', '279']
['110']
['82', '17', '169', '334', '73', '337', '360', '205', '301', '366', '29', '143']
['317', '94', '125', '181', '212', '399', '100', '3', '103', '114', '150', '220']
['12', '130', '176', '388', '55', '293', '347', '93', '118', '10', '121', '158']
['308']
['256', '376', '300', '361', '226', '281', '69', '86', '106', '241', '307', '312']
['78', '237', '152', '387', '46', '58', '233', '297', '204', '251', '272', '309']
['57', '145', '13', '380', '393', '115', '117', '147', '217', '259', '286', '338']
['89', '191', '50', '282', '200', '173', '332', '102', '252', '295', '327', '356']
['120', '47', '238', '37', '161', '349', '2', '199', '129', '382', '195']
['54', '285', '367', '80', '186', '267', '105', '157', '225', '320', '340', '359']
['208', '170', '123', '163', '390', '314', '56', '165']
['358']
['221', '41', '336', '206', '177', '77', '87', '313', '377', '91', '167', '180']
['370']
['398', '36', '172', '330', '392', '302', '379', '21', '31', '85', '127', '277']
['124', '210', '355', '154', '196', '236', '79', '126', '131', '255', '258', '333']
['5', '108', '185', '389', '84', '396', '74', '97', '245', '266', '33', '42']
['48', '92', '137', '49', '112', '369', '63']
['381']
['215', '8', '224', '303', '65', '101', '144', '273', '104', '234', '288', '23']
['189', '192', '239', '341', '75', '207', '27', '269', '326', '164', '197', '280']
['298', '149', '250', '99', '141', '270', '323', '171', '260', '354', '240', '318']
['113']
['230', '19', '284', '329', '374', '116', '128', '253', '14', '228', '283', '362']
['400', '38', '71', '35', '265', '319', '132', '249', '292', '306', '331', '276']
['133', '25', '59', '247', '246', '275', '322', '174', '243', '385', '39', '219']
['151', '315', '350', '222', '216', '335', '289', '305', '348', '122', '148', '371']
['378', '184', '211', '328', '134', '175', '45', '263', '324', '135']
['188', '34', '51', '311', '394', '67', '142', '271', '325', '7', '53', '140']
['310', '248', '30', '209', '299', '18', '262', '201', '242', '244', '11', '44']
