['Vedika', 'Keyvin', 'Isaak', 'Gor', 'Stefanny', 'Byron', 'Tyannah', 'Griffon', 'Mircale', 'Zolin', 'Larry', 'Ori', 'Ancel', 'Gyzelle', 'Raymir', 'Kitty', 'Iris', 'Carsten', 'Rohil', 'Fidel', 'Merary', 'Sharlene', 'Shamyia', 'Samauri', 'Kaymi', 'Ameerah', 'Sameeha', 'Zackrey', 'Shalonda', 'Caliegh']
['Noami']
['Jamaad']
['Tralyn', 'Fox', 'Analiah', 'Aibhilin', 'Dyami', 'Ayahna', 'Jahlen', 'Avigail', 'Jalilah', 'Jaleesa', 'Nohely', 'Kinzie', 'Zahriyah', 'Coulson', 'Trenise', 'Kaeley', 'Larrissa', 'Lilienne', 'Taye', 'Daxen', 'Amr', 'Mikea', 'Meryl', 'Sanae', 'Andriy', 'Vinnie', 'Lynia', 'Deliany', 'Lukis', 'Fe']
['Rey']
['Akasha']
['Matt', 'Leighann', 'Handsome', 'Desteni', 'Tayyab', 'Quintavious', 'Tafari', 'Kenzington', 'Alainna', 'Asha', 'Jasahn', 'Kellon', 'Saheim', 'Dessie', 'Cliff', 'Shahid', 'Satomi', 'Jos', 'Salmaan', 'Sevastian', 'Hayven', 'Dairon', 'Mezmariah', 'Osmin', 'Azeriah', 'Quentyn', 'Zuzanna', 'Vivica', 'Ishmel']
['Anela']
['Armita']
['Artie']
['Dereck']
['Gertrude']
['Jazir', 'Shelbee', 'Jekeria', 'Shamiyah', 'Liat', 'Dashun', 'Shakila', 'Alieyah', 'Johnavan', 'Marnae', 'Jameisha', 'Delara', 'Gwendolynn', 'Casandra', 'Estephanie', 'Jarrell', 'Jamear', 'Blaine', 'Lizmari', 'Sabastion', 'Thadius', 'Halo', 'Harlem', 'Jebediah', 'Shanell', 'Deedra', 'Daxx', 'Dell', 'Brinleigh', 'Denize']
['Helaman']
['Jalyiah']
['Kaymarie', 'Oviya', 'Anastacio', 'Ron', 'Jerel', 'Alyze', 'Atika', 'Jemiah', 'Trinitey', 'Asa', 'Mylie', 'Mikelle', 'Tacori', 'Coi', 'Lazaria', 'Hannelore', 'Shanaiya', 'Natasia', 'Tobias', 'Lamariah', 'Hakop', 'Abhinav', 'Oluwatobi', 'Jirah']
['Abdoulaziz', 'Aayana', 'Selena', 'Adanna', 'Nakeya', 'Mariaelena', 'Hesham', 'Kvaughn', 'Brydan', 'Basha', 'Shardae', 'Montana', 'Zinia', 'Ingrid', 'Shannel', 'Carena', 'Keni', 'Jamonte', 'Gracia', 'Taegan', 'Treyson', 'Nancy', 'Haya', 'Feven', 'Thaddius', 'Jezzelle', 'Detravion', 'Abdulraheem']
['Kyo']
['Timia']
['Litsy', 'Hallei', 'Kimball', 'Anagha', 'Prakruti', 'Emree', 'Navia', 'Jaydah', 'Merissa', 'Nidhi', 'Crystina', 'Veena', 'Kairy', 'Ramses', 'Nakari', 'Citlally', 'Dajana', 'Khamil', 'Elway', 'Leilah', 'Jaquan', 'Kensleigh', 'Natsumi', 'Keion', 'Dragon', 'Monserath', 'Chidi', 'Casondra', 'Ilyn']
['Yarithza', 'Benito', 'Kameryn', 'Nishta', 'Terriona', 'Noha', 'Kalum', 'Spartan', 'Niemah', 'Adysen', 'Donnelle', 'Venezia', 'Ganon', 'Katalina', 'Amritha', 'Loni', 'Kay', 'Malaja', 'Zykerria', 'Demetreus', 'Jdan', 'Chanze', 'Lealand', 'Adaley', 'Guadalupe', 'Lada', 'Khalee', 'Adeleine', 'Jailon', 'Seiry']
['Jesalyn']
['Kayliann']
['Kenniyah']
['Gauge', 'Elisah', 'Rielly', 'Kenzlie', 'Yu', 'Milene', 'Jomary', 'Liann', 'Lakiyah', 'Endi', 'Dhalia']
['Tasi', 'Ettel', 'Farha', 'Alison', 'Sagan', 'Rexford', 'Yaire', 'Charlize', 'Treyonna', 'Mikaelah', 'Davidjr', 'Amonti', 'Abdulrehman', 'Margie', 'Rock', 'Nakaya', 'Soriya', 'Jarem', 'Fabrizzio', 'Bristol', 'Jahred', 'Lailani', 'Eleah', 'Jacob', 'Joed', 'Maude', 'Jaquis', 'Serenety']
['Shamaiya', 'Colie', 'Kenzo', 'Sheniyah', 'Rayne', 'Ellarie', 'Bright', 'Aryeh', 'Jesus', 'Tam', 'Eliziah', 'Sinia', 'Zayquan', 'Marialy', 'Marwan', 'Aylana', 'Jeremias', 'Khila', 'Alayasia', 'Lauralynn', 'Xaviel', 'Dhyan', 'Michaell', 'Julia', 'Kariana', 'Mykaylah', 'Mikyla', 'Deidre', 'Emmanuela']
['Khloee']
['Kyston']
['Marifer']
['Nayara']
['Orren', 'Alaija', 'Renyah', 'Amor', 'Katarina', 'Delisha', 'Siena', 'Serra', 'Bailei', 'Aman', 'Doyle', 'Shiala', 'Hugo', 'Nethra', 'Donnovan', 'Dominika', 'Apollonia', 'Kaeleen', 'Sihaam', 'Jersi', 'Zaahir', 'Danyca', 'Jandre', 'Carine', 'Seleen', 'Jamaine', 'Michai', 'Zoiee', 'Yonason']
['Raphael']
['Mailen', 'Sevren', 'Ryleeann', 'Marcellius', 'Tobechi', 'Quintasia', 'Emmely', 'Reynaldo', 'Alyiana', 'Kaleo', 'Tayseer', 'Emilie', 'Anwesha', 'Guy', 'Leni', 'Antonin', 'Giankarlo', 'Azzareya', 'Jeru', 'Inaki', 'Tralaya', 'Antwane', 'Cordai', 'Aanyah', 'Kamora', 'Abriyana', 'Jayme', 'Nalaya', 'Jabes', 'Kaushik']
['Cyris', 'Chyna', 'Tajuan', 'Mykenna']
['Farah', 'Mumin', 'Lilyonna', 'Nitzia', 'Thien', 'Sincere', 'Aley', 'Dusan', 'Merlina', 'Juliano', 'Charlett', 'Vyncent', 'Stafford', 'Jaimarie', 'Antrone', 'Kemily', 'Sussy', 'Keili', 'Azavier', 'Sayd', 'Miley', 'Kirubel']
['Sashya']
['Trystian', 'Masud', 'Yarisbel', 'Sydelle', 'Adaisha', 'Arsalan']
['Suri']
['Takia']
['Derionna']
['Jasiya']
['Markise', 'Dorcas', 'Makyra', 'Ailene', 'Aizik', 'Laticia', 'Anadalay', 'Adriene', 'Dea', 'Giannie', 'Rosalio', 'Dainen', 'Marck', 'Gunther', 'Abaan', 'Jerriah', 'Tahir', 'Jema', 'Ally', 'Aleiyah', 'Jakelin', 'Janine', 'Jophy', 'Jovey', 'Eeliyah', 'Jaleena']
['Ricky', 'Keyin', 'Jaeline', 'Tashvi', 'Brenya', 'Evangelyne', 'Yavian', 'Taigen', 'Ebany', 'Elysha', 'Zyeir', 'Artyom', 'Jamiyla', 'Aysenur', 'Mylani', 'Hashem', 'Marrius', 'Janesha', 'Cylah', 'Cynae', 'Tanyla', 'Britnee', 'Bow', 'Kapena', 'Eddieberto', 'Marcellino', 'Leib']
['Evia']
['Yajahira']
['Salif', 'Cisco', 'Devaun', 'Zamyah', 'Bailynn', 'Marik', 'Mylez', 'Soniah', 'Kaira', 'Kirrah', 'Jatziry', 'Aarohi', 'Shy', 'Ahnaya', 'Raeleigh', 'Kobe', 'Jax', 'Coraline', 'Mckaylin', 'Deriyon', 'Jaaziah', 'Avielle', 'Braeley', 'Keemya', 'Anouk', 'Cicily', 'Vanesa', 'Srinath', 'Camill', 'Olive']
