['5', '6', '11', '14', '16', '23', '25', '28', '40', '43', '47', '48', '49', '52', '54', '56', '57', '60', '61', '64', '74', '80', '93', '100', '106', '122', '125', '134', '168', '169', '171', '183', '185', '192', '196', '198', '211', '213', '215', '218', '224', '234', '244', '245', '247', '254', '255', '256', '258', '263', '275', '278', '280', '284', '286', '304', '314', '332', '342', '369', '372', '393', '396', '403', '407', '410', '427', '441', '445', '447', '488', '496']
['132']
['133']
['97']
['135']
['81']
['136']
['178']
['499']
['227']
['228']
['239']
['260']
['329']
['415']
['131']
['179']
['22', '31', '58', '72', '103', '105', '110', '115', '117', '118', '139', '141', '155', '157', '160', '161', '172', '173', '174', '184', '186', '201', '203', '233', '235', '246', '257', '282', '289', '291', '298', '320', '322', '324', '343', '349', '361', '367', '399', '408', '422', '426', '442', '443', '455', '466', '469', '470', '474', '477', '487', '190']
['293']
['3']
['394']
['402']
['446']
['475']
['65']
['147']
['20']
['262']
['277']
['323']
['98']
['363']
['46']
['264']
['285']
['265']
['303']
['483']
['392']
['101']
['108']
['123']
['129']
['210']
['226']
['249']
['268']
['27']
['315']
['338']
['341']
['356']
['1', '15', '29', '35', '36', '73', '86', '88', '99', '112', '116', '127', '137', '149', '156', '165', '202', '209', '212', '216', '230', '252', '318', '345', '350', '365', '401', '414', '416', '454', '491', '497', '240']
['366']
['449']
['109']
['142']
['170']
['276']
['313']
['0', '17', '26', '39', '44', '53', '78', '79', '89', '94', '113', '119', '120', '126', '152', '197', '271', '287', '295', '306', '308', '326', '333', '334', '337', '354', '355', '386', '398', '429', '431', '437', '440', '448', '453', '465', '472', '476', '481', '489']
['59']
['357']
['362']
['18']
['434']
['189']
['199']
['269']
['290']
['319']
['340']
['37']
['375']
['378']
['380']
['400']
['70']
['412']
['430']
['2', '4', '19', '24', '38', '62', '66', '67', '68', '69', '75', '83', '107', '124', '128', '150', '162', '164', '177', '181', '187', '221', '223', '231', '236', '237', '266', '267', '296', '316', '344', '346', '347', '348', '381', '382', '385', '388', '390', '404', '405', '409', '413', '419', '423', '433', '456', '457', '459', '495']
['8']
['92']
['12']
['471']
['96']
['180']
['439']
['242']
['253']
['41']
['288']
['311']
['151']
['300']
['406']
['95']
['248']
['464']
['9']
['140']
['176']
['205']
['307']
['310']
['312']
['360']
['374']
['376']
['389']
['91']
['418']
['138']
['166']
['204']
['21']
['214']
['259']
['328']
['373']
['82']
['383']
['435']
['484']
['50']
['51']
['90']
['111']
['121']
['175']
['188']
['194']
['207']
['217']
['32']
['327']
['411']
['421']
['425']
['460']
['468']
['77']
['13']
['34', '45', '63', '330', '379', '387', '397', '428', '462', '463', '467', '473', '479', '494']
['143']
['153']
['251']
['182']
['451']
['195']
['232']
['30']
['250']
['274']
['279']
['281']
['283']
['480']
['305']
['321']
['352']
['492']
['358']
['42']
['420']
['452']
['482']
['485']
['339']
['486']
['71']
['436']
['145']
['146']
['220']
['238']
['243']
['273']
['292']
['7', '10', '76', '84', '85', '104', '130', '148', '154', '159', '167', '193', '200', '219', '222', '229', '241', '261', '272', '297', '301', '335', '336', '364', '370', '377', '391', '432', '444', '450', '461', '490', '498']
['299']
['302']
['309']
['331']
['351']
['353']
['359']
['368']
['371']
['384']
['417']
['424']
['438']
['458']
['55']
['478']
['493']
['102']
['87']
['114']
['395']
['144']
['158']
['163']
['191']
['206']
['208']
['225']
['270']
['294']
['317']
['325']
['33']
