['247', '13', '49', '56', '118', '179', '206', '209', '294', '352', '383', '29', '139', '187', '205', '285', '337', '346', '349', '356', '376', '17', '38', '41', '155', '171', '178', '219', '264', '275', '312', '341', '342', '372']
['159']
['223', '45', '299', '22', '136', '240', '114', '274', '311', '234', '101', '203', '237', '314', '42', '244', '289', '208']
['183']
['129']
['176', '108', '119', '161', '190', '269', '284', '301', '303', '336', '375', '1', '18', '40', '79', '95', '106', '135', '218', '224', '239', '245', '385', '70', '125', '145', '148', '157', '166', '170', '195', '210']
['134']
['154']
['144', '167', '189', '202', '228', '235', '273', '288', '330', '382', '390', '392', '6', '10', '39', '68', '107', '215', '226', '230', '236', '251', '310', '321', '322', '326', '347', '25', '44', '51', '58', '93', '100']
['156']
['207', '370', '379', '381', '160', '232', '287', '295', '316', '19', '26', '74', '110', '123', '130', '185', '194', '217', '248', '291', '292', '364', '371', '32', '47', '54', '81', '88', '94', '104', '116']
['177', '90', '124', '199', '61', '82', '128', '328', '91', '262', '362', '163', '192', '211', '221', '389', '174', '252', '374', '384', '4', '73', '265', '360', '31', '48', '75', '105', '120', '162', '197']
['165']
['227']
['255']
['277']
['373']
['2', '15', '27', '52', '63', '141', '146', '168', '175', '186', '193', '200', '204', '249', '263', '268', '307', '55', '87', '98', '111', '229', '270', '272', '306', '320', '348', '69', '112', '115', '132', '143', '201', '213']
['184', '182', '242', '158', '172', '220', '246', '267', '329', '340', '351', '393', '14', '16', '50', '64', '67', '241', '276', '278', '280', '319', '345', '358', '359', '369', '395', '76', '80', '142', '169', '181', '191']
['335', '343', '85', '231', '254', '344', '394', '30', '86', '92', '121', '133', '151', '173', '308', '23', '43', '62', '99', '180', '238', '305', '332', '357', '365', '0', '34', '53', '60', '281', '96', '140']
['233', '279', '290', '339', '353', '386', '397', '37', '65', '84', '149', '243', '260', '296', '309', '313', '318', '331', '363', '28', '33', '36', '71', '138', '147', '216', '282', '283', '297', '304', '323', '325', '333', '368']
['11', '259', '354', '367', '7', '8', '66', '72', '89', '102', '164', '225', '261', '361', '20', '21', '35', '315', '317', '350', '366', '24', '253', '258', '266', '286', '97', '196', '250', '298', '324', '46', '334', '388']
['57']
['117']
['137']
['152']
['188']
['198']
['257']
['12', '380', '387', '3', '9', '59', '77', '78', '83', '103', '113', '126', '127', '153', '212', '256', '271', '293', '327', '338', '355', '377', '378', '391', '5', '109', '122', '131', '150', '214', '222', '300', '302', '396']
