['167', '317', '374', '170', '175', '309', '323', '329', '331', '332', '383', '440', '485', '95', '157', '162', '163', '166', '334', '365', '304', '164', '193', '318', '324', '333', '336', '363', '366', '370']
['492', '247', '260', '387', '409', '494', '158', '282', '405', '481', '490']
['284', '476', '229', '268', '293', '433', '368']
['0', '1', '449', '455', '38', '245', '248', '251', '254', '36', '46', '253', '259', '32', '256', '258', '257', '249', '17', '9']
['403', '127', '132', '443', '128', '402', '441', '465']
['373', '59', '404', '472', '225', '230', '233', '489', '96', '101', '102', '104', '236', '240', '15', '48', '98', '237', '330', '412', '57', '226', '417', '430', '434', '56', '224', '239', '436', '414']
['189', '296', '85', '176', '285', '429', '462', '185', '281', '187', '286', '301', '399', '295', '386', '397', '292', '389']
['136', '137', '451', '126', '138', '454', '54', '460', '445', '125']
['61', '113', '114', '117', '120', '266', '327', '124', '244', '255', '265', '106', '110', '278', '335', '264', '64', '111', '250', '41', '328', '53', '119', '112', '5', '7', '18', '24', '473']
['426', '459', '78', '183', '338', '418', '421', '325', '362', '146', '215', '219', '347', '438', '453', '184', '360', '457', '129', '177', '180', '210', '213', '178', '181', '188', '401', '448', '452', '321']
['16', '203', '447', '20', '71', '194', '190', '439', '444', '456', '205', '463', '10']
['23', '450', '390', '464', '83', '84', '87', '94', '312', '393', '394', '408', '410', '407', '400', '391', '398']
['442', '458', '269', '299', '446', '461', '288', '26']
['2', '22', '3', '153', '275', '280', '322', '326', '140', '161', '242', '271', '272', '300', '307', '339', '340', '273', '375', '396', '420', '320', '371', '303', '369', '315', '13', '381', '306', '378']
['133', '50', '246', '279', '474', '261', '297', '243', '287']
['51', '58', '172', '173', '182', '395', '45', '42', '49', '186', '276', '40', '43', '44', '47', '60', '39', '174', '388', '432', '478', '11', '8']
['212', '359', '486', '131', '139', '217', '346', '419', '482', '130', '355', '467', '477', '100', '209', '211', '425', '466', '471', '73', '134', '480', '437', '470', '479', '423', '469', '475', '487', '495']
['206', '149', '150', '204', '55', '89', '154', '171', '192', '196', '202', '214', '216', '218', '435', '99', '109', '115', '143', '191', '200', '201', '220', '81', '195', '197', '221', '19', '160', '199']
['4', '337', '90', '135', '235', '384', '232', '82', '316', '361', '227', '379', '427', '302', '372', '380', '234', '367', '238', '377', '382', '12']
['79', '72', '231', '241', '141', '65', '223']
['313', '121', '118', '308', '116', '122']
['68', '74', '77', '105', '108', '252', '431', '198', '343', '69', '70', '75', '97', '76', '345', '66', '67', '107', '349', '428', '406', '364', '376', '424', '416', '415']
['88', '148', '165', '103', '144', '145', '147', '152', '422', '142', '151', '21', '411', '468', '6']
['62', '25', '63', '156', '314', '483', '277', '52', '168', '493', '159']
['91', '319', '123', '80', '86', '310', '342', '353', '311', '92', '305', '488', '93']
['155', '208', '228', '267', '274', '262', '263', '289', '222', '207', '270', '14']
['298', '283', '294', '291']
['169', '179', '290', '341', '351', '352', '354', '357']
['413', '29', '33', '35', '27', '34', '344', '31', '37', '348', '356', '358', '385', '392', '28', '30', '491', '484', '350']
