['AGH', 'APA']
['AMJ', 'ADM', 'AEG', 'AIJ', 'AIX', 'ALP', 'AOP', 'AOX', 'ATH', 'ATM', 'ATO', 'AAO', 'AGI', 'AKS', 'AKX', 'AMM', 'AOF', 'ANW']
['AMA', 'AMN', 'APB', 'APX', 'ASB', 'ASD', 'ATT', 'ADA', 'AEM', 'AGY', 'ARV']
['AET', 'ALF', 'AMB', 'AMI', 'AND', 'ANI', 'ANM', 'API', 'APW', 'ARG', 'AER', 'AIQ', 'ATK']
['ATY', 'ABF', 'ADD', 'AIR', 'AIW', 'AJQ', 'ALD', 'APE', 'ASE', 'ATE', 'AJD']
['ADF', 'AAN', 'AEP', 'AEY', 'AHJ', 'AIY', 'AJP', 'ALX', 'ANB', 'ASR', 'ATJ', 'AAK', 'AKI']
['ALA']
['ASC', 'ACK', 'AKC', 'AKN', 'AQN']
['AAF', 'AAU', 'ACO', 'AFQ', 'AJA', 'AJY', 'AKA', 'ALK', 'APO', 'ARC', 'ACI', 'AEU', 'AIH', 'APU', 'ARB', 'ARJ', 'ATA', 'AFS']
['AEV', 'AHK', 'AKB', 'ANC', 'APF', 'AFN']
['ABI', 'ACR', 'ACU', 'ADG', 'ADH', 'AFB', 'AFW', 'AGC', 'AJG', 'ALQ', 'ALS', 'AOI', 'APC', 'APM', 'AQH', 'AQP', 'ARP', 'ATC']
['AKM', 'AMW', 'AQI', 'ARR']
['AQJ', 'AQX', 'ARW', 'AGA', 'APD']
['AAX', 'ABB', 'ACM', 'AFH', 'AJO', 'AKJ', 'AKW', 'AMS', 'AMX', 'AOA', 'AOM', 'AOR', 'AQG', 'ARD', 'ARH', 'ARK', 'ARM', 'ASA']
['APP', 'AQQ', 'ARA', 'ADQ', 'AMO', 'ANQ', 'ANR']
['AGO', 'ABM', 'AEO', 'AID', 'AIV', 'AKV', 'AOJ', 'ARX', 'ASP', 'ATU', 'AAL', 'AOT', 'AOW', 'ABE', 'ACA']
['AKP', 'AKT', 'AQE', 'AEE', 'AGF', 'AGG', 'AGQ', 'AJC', 'ALJ', 'ANJ', 'ARN', 'ASX', 'AME']
['ABQ', 'ACX', 'AFF', 'AFO', 'AGJ', 'AIA', 'AKE', 'ANU', 'ARF', 'ASM', 'AMV', 'ANA', 'ASQ', 'ASU', 'ASY', 'ATI', 'AFU']
['AAD', 'ABD', 'ACG', 'ACS', 'AEI', 'AEQ', 'AFA', 'AHM', 'AIN', 'AHX', 'APG', 'APT']
['ABP', 'ADJ', 'AGS', 'AIP', 'AMF', 'AOQ', 'APS', 'APY', 'ASI', 'ATX', 'AJE', 'ALN', 'ASN']
['AFP', 'AGX', 'AKF', 'ALM', 'ANY', 'AQA', 'ATG', 'ATQ', 'ATS', 'ADT', 'AHR', 'AKQ', 'AQR']
['AMD', 'AOC', 'APL', 'AQC', 'ATN', 'AEC', 'AFX', 'AMY', 'AOK']
['AMP', 'ANG', 'AOD', 'APQ', 'AQY', 'ASO', 'ATD', 'AAP', 'ANE', 'AOV', 'APV', 'ASL']
['ABY', 'AFG', 'AFJ', 'AFT', 'AHB', 'AKR', 'ALW', 'AOE', 'ARI', 'ADX', 'AGV', 'AGW', 'AJL', 'AJN', 'ANS', 'AOH']
['AMU', 'AOU', 'AQD', 'AQK', 'ARO', 'ARS', 'ATP', 'ACT', 'AED', 'AHD', 'AHV', 'AJX', 'ALO', 'AOO', 'ARL', 'AOB', 'AGD']
['ABU', 'ABV', 'ACE', 'ACJ', 'ADK', 'ADO', 'AFC', 'AHN', 'AHQ', 'AHW', 'AJB', 'AMK', 'AML', 'AMR', 'AMT', 'ANP', 'AOS', 'APK']
['AAC', 'AAR', 'AAW', 'AAY', 'ABT', 'ABX', 'ACD', 'ACF', 'ADE', 'AFD', 'AJK', 'AJR', 'AKO', 'ALC', 'ALT', 'ANN', 'ANO', 'ARQ']
['AHI', 'AAE', 'ABA', 'ABC', 'ACV', 'ADU', 'ADY', 'AEB', 'AFI', 'AGK', 'AKU', 'AKY', 'ALB', 'ALH', 'AMC', 'AQB', 'AQS', 'AQT']
['AAA', 'AAI', 'AAM', 'ABW', 'ACC', 'ACH', 'ACQ', 'ACY', 'ADI', 'AEK', 'AHU', 'AIF', 'AII', 'AIL', 'AIO', 'AJI', 'ALE', 'ALL']
['AAQ', 'AAT', 'AES', 'AFK', 'AIE', 'AMG', 'AMH', 'AOL', 'APR', 'ATL', 'ATV', 'ADR', 'AHS', 'AJF', 'AJJ', 'AQL', 'AQW', 'ATB']
['AAB', 'AAV', 'ACL', 'ACP', 'ADC', 'ADN', 'AEJ', 'AEN', 'AFV', 'AGL', 'AHE', 'AHF', 'AHL', 'AIC', 'AIG', 'AIM', 'AJM', 'AKH']
['ABL', 'ADS', 'AFE', 'AGP', 'AIT', 'AJV', 'AJW', 'ALI', 'AQF', 'AFY', 'AJS', 'AQV', 'AST']
['ANH']
['AAS', 'ABK', 'ABO', 'ACN', 'ACW', 'ADL', 'ADV', 'AEA', 'AEH', 'AFR', 'AGR', 'AGT', 'AHP', 'AHY', 'AIS', 'ALU', 'ALV', 'ALY']
['ACB', 'AHH', 'AIB', 'AIU', 'AKG', 'ANV', 'AOY', 'APH', 'ATW', 'AKD', 'ALR', 'ARE']
['AAJ', 'ADB', 'AGE', 'AGN', 'AHA', 'AKL', 'ALG', 'ANK', 'AQO', 'ASS', 'ATF', 'AEL']
['ASK', 'ASV', 'ANX', 'AOG', 'AQM']
['AAH', 'ABG', 'ABJ', 'ADP', 'AFL', 'AHO', 'APN', 'AQU', 'ASF', 'ATR', 'ABN', 'AJT']
['AAG', 'ABR', 'ABS', 'AEF', 'AEW', 'AFM', 'AGM', 'AHC', 'AHG', 'AHT', 'AIK', 'ANF', 'ANL', 'APJ', 'ARY', 'ASG', 'ASJ', 'ASW']
['ABH', 'AEX', 'AGB', 'AJH', 'AJU', 'AKK', 'ANT', 'ARU', 'ASH', 'ADW', 'AGU', 'AON', 'ART', 'AMQ']
