['466', '494', '480', '246', '249', '261', '114', '131', '143', '149', '97', '111', '136', '139', '147', '78', '100', '117', '145', '271', '80', '82', '102', '133', '120', '87', '92', '110', '128', '115']
['375', '362', '359', '344', '360', '329', '346', '349', '369', '331']
['112']
['442', '355', '361', '327', '341', '356', '290', '326', '335', '345', '351', '368', '350', '352', '357', '358', '330', '332', '337', '354', '336', '364', '365', '366', '370', '328', '338', '339', '373', '374']
['459', '390', '382', '387', '414', '392', '406', '409', '410', '425', '391', '408', '411', '424', '378', '394', '405', '407', '417', '418', '381', '403', '415', '388', '393', '395', '397', '398', '419', '380']
['386', '343', '422', '404', '423', '400', '401', '319', '95', '104', '127', '146', '296', '122', '124', '140', '144', '347', '363', '88', '94', '99', '129', '135', '148', '76', '84', '91', '101', '107']
['171', '209', '156']
['168']
['460', '353', '340', '372']
['441', '429', '436', '444', '428', '233', '236', '260', '211', '194', '162', '195', '202', '206', '153', '154', '180', '199', '200', '223', '177', '221', '170', '175', '222', '157', '185']
['10', '23', '29', '35', '40', '43', '62', '71', '1', '8', '15', '16', '20', '37', '69', '9', '44', '48', '32', '19', '52', '58']
['453', '473', '454', '467', '470', '463', '468', '472', '465', '452', '464', '187', '214', '217', '181', '188', '193', '201', '212', '178', '183', '189', '208', '155', '173', '210', '215', '160', '161', '176']
['83', '126', '121', '105', '125']
['166', '163', '184', '165', '186', '191', '192', '164', '182', '219', '224', '151', '152', '205', '207', '167', '174', '190', '197', '213', '218', '220', '159', '169', '172', '179', '198', '203', '216', '225']
['490', '499', '500', '275', '239', '257', '274', '232', '241', '254', '245', '251', '141', '272', '265', '227', '237', '268', '269', '266', '79', '86', '119', '262', '273', '106', '116', '118', '132', '138']
['439', '446', '447', '376', '427', '434', '437', '433', '28', '61', '22', '7', '3', '34', '54', '64', '26', '68', '55', '59', '5', '12', '6', '13', '17', '31', '33', '47', '63', '67']
['416', '384', '396', '440', '448', '385', '445', '449', '377', '438', '383', '399', '402', '413', '435', '450', '379', '426', '430', '443', '431', '244', '389', '432', '421', '75', '196', '158', '204']
['308', '285', '292', '304', '287', '306', '279', '322', '277', '291', '299', '312', '318', '324', '286', '288', '289', '305', '317', '280', '307', '325', '294', '297', '309', '313', '314', '276', '282', '302']
['457', '458', '461', '469', '412', '451', '456', '471', '474', '455', '462', '475', '96', '123', '130', '109', '134', '77', '85', '89', '90', '93', '98', '103', '108', '113', '137', '142', '150', '81']
['295', '310', '323', '320', '321', '278', '281', '283', '303', '293', '301', '298', '284', '316', '315']
['420', '476', '481', '478', '487', '491', '497', '477', '483', '488', '489', '495', '482', '493', '479', '484', '498', '492', '496', '486']
['226']
['300', '311']
['74', '21', '25', '36', '42', '66', '53', '2', '4', '14', '24', '38', '49', '11', '57', '46', '50', '72', '73', '45', '56', '60', '65', '70', '18', '27', '30', '39', '41', '51']
['485', '342', '348', '238', '263', '333', '228', '235', '264', '242', '252', '256', '259', '231', '240', '248', '255', '230', '267', '270', '334', '367', '371', '229', '234', '243', '247', '250', '253', '258']
