['Jane']
['Rolf']
['Robin']
['Molly']
['Theresa']
['Adele']
['Sam']
['Tim']
['Fredda']
['Gladys']
['Virginia']
['Amos']
['Anthony']
['Gary']
['Maureen']
['Ralph']
['Rebecca']
['Stephanie']
['Cindy']
['Glennie']
['Jo']
['Kirk']
['Kristin']
['Sarita']
['Fernando']
['Rosalee']
['Wanda']
['Blair']
['Cheryl']
['Eleanor']
['Francisco']
['Herbert']
['Jeffery']
['Kristine']
['Lawrence']
['Lynne']
['Melissa']
['Moses']
['Paula']
['Veronica']
['Christian']
['Jean']
['Joseph']
['Lorraine']
['Reuben']
['Rosa']
['Roy']
['Clarence']
['Lori']
['Lucie']
['Patrick']
['Raymond']
['Susan']
['Emily']
['Glenna']
['Hedwig']
['Kathryn']
['Kisha']
['Lucy', 'Ernestine', 'Mildred', 'Suzie', 'Jeanine', 'Margert', 'Jonathan', 'Kerrie', 'Seth', 'Maryann', 'Selma', 'Patricia', 'Ronald', 'Douglas', 'Mark', 'Roberto', 'Karren', 'Robyn', 'Beverly', 'Tamika', 'Carl', 'Bertha', 'Jennifer', 'Derrick', 'Constance', 'Ursula', 'Fredrick', 'Emery', 'Jeff', 'Cornelius', 'Andre', 'Joshua', 'Ana', 'Theodore', 'Bernard', 'Raphael', 'Viola', 'Martha', 'Mario', 'Mary', 'Mabel', 'Brandon', 'Mack', 'Linda', 'Roberta', 'Beth', 'Andrew', 'Gail', 'Louis', 'Alfred', 'Marco', 'Sheryl', 'Sherri', 'Clarissa', 'Dawn', 'Kaitlyn', 'Christopher', 'Wayne', 'April', 'Peter', 'Toni', 'Stephen', 'Steve', 'Carlos', 'Raeann', 'Reggie', 'Ryan', 'Juan', 'Pat', 'Martin', 'Barbara', 'Joni', 'Berta', 'Inez', 'Amy', 'Kellie', 'Andres', 'Ouida', 'Frederick', 'Calvin', 'Ricky', 'Timothy', 'Richard', 'Mike', 'Leona', 'Scot', 'Jason', 'Priscilla', 'Ivonne', 'Lahoma', 'Cecile', 'Leanne', 'Robert', 'Eric', 'Laurie', 'Morris', 'Brian', 'Brenda', 'Annette', 'Marion', 'Janet', 'Phyllis', 'Imogene', 'Clayton', 'Matthew', 'Chris', 'Will', 'Evelyn', 'Irving', 'Jose', 'Cory', 'Elizabeth', 'Annalee', 'Judy', 'Thelma', 'Betty', 'Del', 'Eva', 'Eugenia', 'Garrett', 'Kerri', 'Alicia', 'Edward', 'Bessie']
['Randolph']
['Lana']
['Michelle']
['Gilda']
['Ida']
['Stacie']
['Donald']
['Leticia']
['Tony']
['Carol']
['Marcella']
['Olivia']
['Bradley']
['Reinaldo']
['Emmie']
['Jacob']
['Ray']
['Cathy']
['Lyle']
['Lisha']
['Juanita']
['Alice']
['Booker']
['Cecilia']
['Marilyn', 'Susanna', 'Marlin', 'Stacy', 'Derek', 'Daniel', 'Charlotte', 'Angelica', 'Josephine', 'Gerardo', 'Janene', 'Bonnie', 'Alvin', 'Antonio', 'Tracy', 'Clyde', 'Raul', 'Elsie', 'Roosevelt', 'Wesley', 'Polly', 'Phillip', 'Jimmy', 'Willie', 'Craig', 'Lilian', 'Monica', 'Kelly', 'Debra', 'Alison', 'Winifred', 'Warren', 'Donna', 'Jeffrey', 'Frank', 'Darlene', 'Curtis', 'Wendy', 'Tanya', 'Laura', 'Burl', 'Lewis', 'Rachel', 'Tara', 'Rosie', 'Shirley', 'Steven', 'Catherine', 'Marie', 'Marjorie', 'Jessica', 'Joann', 'Eura', 'Lillian', 'Justin', 'Dorothea', 'Quintin', 'Lloyd', 'Jacque', 'Harvey', 'Willis', 'Angela', 'Pete', 'Albert', 'Carmen', 'Samuel', 'Jesus', 'Nancy', 'Jodi', 'Carole', 'Myriam', 'Jeremy', 'Kim', 'Ann', 'John', 'Stanley', 'James', 'Morgan', 'Hugh', 'Belinda', 'Deanna', 'Travis', 'Kevin', 'Dale', 'Larry', 'Bruce', 'Gwen', 'Dawna', 'Fred', 'Nina', 'Alexander', 'Ward', 'Eugene', 'Thomas', 'Michael', 'Edwin', 'Marlene', 'Selina', 'Guy', 'Peggy', 'Jayme', 'Wallace', 'Domingo', 'Ellis', 'Winnifred', 'Dorothy', 'Elia', 'Alex', 'Rafael', 'Erik', 'Arturo', 'Troy', 'Gerald', 'Philip', 'Maria', 'Pamela', 'Joanne', 'Deborah', 'Kenneth', 'Don', 'Wilma']
['Gertrude']
['Karen']
['Lulu']
['Marcelino']
['Pablo']
['Sofia']
['Carmelita']
['Mable', 'Paul', 'Danny', 'Esther', 'Stephany', 'Kylie', 'Leigh', 'Walter', 'Freda', 'Georgette', 'Gregory', 'Lane', 'Christine', 'Lessie', 'Cassie', 'Beulah', 'Grant', 'Katherine', 'Corey', 'Joe', 'Teresa', 'Margarito', 'George', 'Latisha', 'Diana', 'Nelson', 'Danielle', 'Lucille', 'Pamella', 'Miguel', 'Ronda', 'Everett', 'Gordon', 'Marian', 'Sylvester', 'Terry', 'Audrey', 'Roger', 'Cesar', 'Andrea', 'Ellen', 'Adam', 'Margaret', 'Kathleen', 'Victor', 'Rick', 'Caridad', 'Matt', 'Christina', 'Dean', 'Nicole', 'Myron', 'Norman', 'Vella', 'Heather', 'Geraldine', 'Darrell', 'Therese', 'Irene', 'Gloria', 'Marquerite', 'Sally', 'Pauline', 'Judith', 'Melanie', 'Doris', 'Wilson', 'Jesse', 'Anna', 'Mae', 'Ruth', 'Crystal', 'Connie', 'Dana', 'Tommy', 'Ingeborg', 'Bethany', 'Bobby', 'Dennis', 'Shannon', 'Ruby', 'Glen', 'Sylvia', 'Tuan', 'Natalie', 'Keri', 'Rhonda', 'Ashley', 'Miles', 'Laurence', 'Norma', 'Nola', 'Mireya']
['Cassandra']
['Ernest']
['Jorge']
['Kimberly']
['Lena']
['Michele']
['Ollie']
['Reginald']
['Sharon']
['Charles']
['Loraine']
['Rosalyn']
['William']
['David']
['Harold']
['Helen']
['Krysten']
['Lonnie']
['Lydia']
