['1']
['276', '120', '256', '15', '53', '62', '366', '378', '50', '66', '78', '90', '138', '56', '101']
['135']
['207']
['229']
['283']
['300']
['384']
['292', '12', '71', '301']
['350']
['370', '220']
['371']
['70', '87', '131', '206', '386']
['272', '10', '161', '203', '372', '264', '377', '215', '36', '130', '150', '356', '308', '313', '107', '325']
['64']
['96']
['334', '245', '289', '224', '317']
['389', '172', '123', '154', '242', '31', '76']
['105']
['232']
['286']
['365']
['216', '270', '51', '61', '359']
['109']
['322']
['38', '345', '74', '106', '250', '204', '321', '32', '89', '349', '211', '75']
['114']
['118']
['88']
['126']
['127']
['364', '273']
['199']
['116', '100', '352', '14', '58', '279', '298', '113', '357', '159', '210', '354', '369', '160', '385', '97', '363', '367', '26', '147']
['330', '230', '249']
['79', '27', '48', '60', '379']
['128']
['335']
['129']
['267', '233', '383', '217', '44', '234', '326']
['182', '302', '319', '361', '63', '374', '395', '255']
['137']
['142']
['153']
['312', '277', '11', '254', '311', '231', '240']
['143']
['144']
['146']
['148']
['132', '16', '112', '95', '2']
['170', '29', '121', '194', '291', '390', '340', '72', '195', '200', '304', '333', '338', '133', '86', '171', '281', '103', '158', '380']
['7']
['343', '19', '246']
['341', '381']
['251']
['353', '331', '83']
['152']
['25', '275', '296', '394', '393', '9', '208', '274', '318', '253', '324', '392', '111', '191', '288', '122', '73', '145', '237', '54']
['155']
['139', '332']
['157']
['316']
['368', '342', '358', '320', '339']
['164']
['68', '396', '119', '149', '227', '398', '257', '196']
['166']
['168']
['174']
['176', '223', '17', '46', '307', '3', '299', '327', '59', '6', '247', '5', '315']
['18']
['184']
['92', '39', '397', '173', '55', '261', '360']
['185']
['187']
['239', '23', '306', '346', '94', '263', '34', '140', '198', '28', '243', '388', '108', '110', '151', '35', '47', '77', '104']
['189']
['192']
['225', '282', '57', '99', '162', '387']
['20']
['201']
['329', '24', '80', '303', '13', '175', '248', '285', '287', '293', '134', '115', '269', '344', '45', '163', '178', '290', '348']
['202']
['209']
['21']
['213']
['81']
['181', '214', '328', '280', '305']
['43', '49', '294', '310']
['268', '226']
['37', '136', '179', '67', '180', '284', '85', '375']
['218']
['42', '197', '91']
['219']
['193', '241', '141', '252', '373', '355']
['278']
['205']
['52', '69', '309', '167', '238', '169', '124', '93', '391', '33', '102', '190', '244', '399', '8', '82', '188', '258']
['337', '0', '295', '314', '117', '297', '271', '4', '65', '222', '183', '260', '323', '382', '41', '186', '235', '84', '228']
['22']
['125', '156', '98', '177', '236', '265', '40', '266', '376', '30', '221', '262', '165', '347', '212', '259', '336', '351', '362']
