['196', '174', '412', '455', '432', '230', '119', '223', '304', '156', '319', '476', '310', '353', '293', '227', '195', '377', '239', '71', '420', '241', '470', '431', '474', '330', '29', '167', '401', '249']
['315', '308', '6', '385', '96', '437', '333', '140', '47', '438', '426', '88', '14', '369', '475']
['137']
['198', '66', '248', '176', '15', '112', '311', '206', '104', '43', '99', '255', '240', '268', '459', '24', '479', '434', '46', '277', '50', '69', '201', '360', '187', '324', '173', '387', '287']
['295']
['339', '390', '386', '256', '463', '107', '36', '177', '309', '281', '62', '16', '228', '55', '65', '347', '397', '469', '209', '225', '265', '269', '30', '408', '102', '406', '12', '359', '103', '251']
['221', '170', '446', '117', '188', '471', '374', '450', '87', '454', '403', '185', '388', '275', '383', '326', '252', '27', '285', '250', '90', '60', '389', '51', '289', '25', '75', '95', '425', '169']
['300', '436', '108', '123', '190', '302', '136', '68', '380', '210', '67', '150', '414', '343', '86', '253', '186', '162', '404', '421', '338', '448', '364', '48', '391', '303', '9', '73', '342', '301']
['411', '298', '133', '416', '435', '234', '395', '322', '70', '398', '320', '22', '82', '460', '3', '93', '314', '1', '44', '379', '456', '85', '42', '368', '280', '362', '205', '130', '59', '274']
['449']
['164', '447', '181', '39', '106', '327', '356', '105', '114', '473', '382', '452', '97', '467', '422', '20', '348', '407', '218', '344', '100', '233', '58', '340', '151', '207', '77', '21', '110', '290']
['349', '111', '145', '200', '263', '424', '273', '405', '261', '216', '94', '415', '365', '38', '178', '115', '288', '72', '345', '235', '336', '313', '282', '31', '272', '254', '358', '157', '419', '317']
['286', '284', '312', '183', '155', '321', '332', '89', '236', '53', '152', '141', '409', '120', '217', '246', '80', '172', '323', '328', '40', '32', '428', '238', '245', '4', '26', '445', '0', '160']
['443', '92', '394', '171', '381', '325', '147', '113', '191', '211', '146', '259', '264', '132', '331', '34', '257', '222', '229', '392', '373', '335', '418', '215', '299', '346', '118', '413', '134']
['49']
['56']
['361', '430', '125', '267', '18', '457', '35', '63', '464', '179', '247', '441', '213', '329', '17', '466', '98', '276', '461', '402', '296', '166', '399', '127', '121', '444', '316', '306', '219', '76']
['158', '126', '148', '154']
['439', '116', '355', '159', '270', '410', '54', '366', '138', '180', '78', '433', '124', '144', '244', '472', '129', '351', '41', '7', '83', '271', '393', '23', '378', '465', '11', '337', '5', '334']
['57']
['61', '64', '214', '149', '10', '128', '400', '212', '203', '370', '37', '220', '294', '135', '453', '208', '194', '243', '2', '52', '260', '168', '19', '161', '165', '375', '367', '192', '197', '84']
['417', '477', '468', '318', '307', '363', '451', '8']
['74', '184', '442', '305', '242', '28', '143', '291', '131', '204', '427', '81', '429', '292', '122', '371', '91', '224', '354', '278', '462', '189', '79', '297', '101', '283', '372', '396', '142']
['45', '266', '237', '231', '258', '232', '352', '202', '226', '153', '175', '384', '350', '33', '163', '357', '182', '199', '139', '478', '341', '193', '262', '376', '458', '109', '13', '440', '423', '279']
