['137', '89', '5', '165', '206', '159', '217', '59', '2', '145']
['150', '72', '73', '167', '128', '119', '147', '221', '75', '11']
['115']
['4', '136', '171', '84', '88', '226', '236', '169', '237', '132']
['133', '17', '103', '172', '229', '30', '121', '138', '31', '99']
['124']
['241', '58', '12', '38', '209', '77', '130', '71', '244', '8']
['174']
['83', '91', '183', '120', '42', '55', '219', '125', '123']
['227', '53', '15', '54', '105', '111', '156', '127', '178', '214']
['22', '160', '170', '143', '78', '61', '129', '181', '193']
['65', '224', '175', '35', '210', '180', '110', '112', '148', '44']
['179']
['177', '151', '140', '94', '222', '10', '96', '220', '34', '24']
['184', '33', '63', '201', '154', '135', '238', '7', '101', '49']
['234', '203', '92', '116', '208', '122', '211', '56', '18', '36']
['195', '37', '29', '235', '190', '249', '3', '207', '80', '141']
['247', '196', '23', '200', '246', '158', '146', '85', '186', '205']
['149', '173', '213', '198', '243', '192', '231', '81', '52', '41']
['0', '223', '126', '28', '86', '106', '64', '228', '46', '82']
['69', '163', '157', '45', '113', '134', '162', '191', '6', '240']
['104', '21', '245', '248', '189', '27', '197', '233', '68']
['182', '26', '87', '107', '152', '97', '109', '204', '67', '144']
['153', '100']
['14', '74', '50', '114', '194', '230', '218', '90', '13', '79']
['118', '51', '155', '98', '185', '225', '48', '108', '47', '232']
['139', '202', '166', '212', '215', '9', '188', '19', '32', '25']
['93', '176', '60', '168', '1', '199', '66', '95', '43', '142']
['242', '102', '187', '16', '70', '39', '62', '239']
['131', '57', '20', '40', '117', '161', '76', '216', '164']
