['264', '267', '268', '270', '272', '273', '274', '276', '281', '282', '263', '265', '266', '269', '277', '278', '279', '280', '271', '275']
['229', '230', '233', '241', '181', '183', '185', '186', '187', '188', '189', '190', '191', '192', '193', '232', '235', '236', '237', '239']
['121', '123', '125', '128', '129', '133', '134', '122', '124', '126', '130', '132', '127', '131', '45', '48', '51', '52', '53', '57']
['428', '429', '430', '434', '436', '318', '319', '421', '432', '81', '86', '159', '161', '162', '163', '22', '23', '25', '26', '28']
['196', '198', '195', '197', '199', '200', '202', '205', '206', '207', '201', '203', '204', '208', '302', '311', '313', '314', '316', '317']
['103', '104', '105', '109', '111', '113', '114', '117', '118', '119', '120', '106', '107', '110', '112', '116', '108', '115', '408', '411']
['226', '228', '35', '37', '38', '211', '213', '220', '224', '227', '384', '30']
['336']
['465', '467', '470', '471', '472', '473', '474', '475', '476', '478', '479', '480', '481', '483', '484', '466', '469', '477', '18', '326']
['70', '72', '75', '77', '78', '79', '80', '82', '83', '84', '85', '71', '73', '74', '76', '87', '383', '386', '388', '390']
['298', '299', '300', '301', '287', '290', '292', '294', '295', '2', '3', '4', '6', '11', '14', '16', '17', '283', '1', '5']
['60', '63', '67', '68', '69', '61', '62', '66', '59', '64', '65', '284', '285', '286', '288', '289', '291', '293', '296', '297']
['88', '97', '102', '89', '90', '91', '93', '94', '95', '96', '98', '100', '101', '92', '99', '385', '387', '389', '392', '393']
['12', '13', '15', '19', '20', '21', '24', '27', '29', '31', '32', '33', '34', '36', '39', '320', '321', '322', '324', '325']
['457', '463', '450']
['360', '362', '363', '364', '365', '367', '368', '361', '366', '369', '370', '371', '447', '448', '449', '455', '456', '459', '460', '462']
['152']
['345', '353', '356', '357', '340', '346', '347', '358']
['464', '451', '452', '453', '454', '458', '461', '209', '210', '212', '214', '215', '216', '217', '218', '219', '221', '222', '223', '225']
['327', '329', '331', '332', '333', '334', '335', '337', '339', '354', '355', '359', '396', '399', '400', '323', '328', '330', '338', '344']
['245', '246', '248', '251', '252', '254', '255', '258', '259', '260', '261', '262', '341', '342', '343', '348', '349', '350', '351', '352']
['402', '403', '404', '405', '406', '407', '409', '410', '412', '413', '415', '416', '417', '418', '419', '420', '0', '8', '9', '10']
['136', '139', '141', '137', '142', '143', '140', '373', '374', '377', '378', '381', '372', '375', '376', '379', '380', '382', '135', '138']
['438', '442', '444', '440', '441', '443', '445', '439', '490', '446', '486', '487', '489', '491', '494', '495', '485', '493', '488', '492']
['164', '165', '166', '167', '168', '169', '172', '173', '174', '175', '176', '177', '178', '179', '170', '171', '391', '394', '395', '397']
['180', '184', '182', '194', '398', '401', '144', '145', '146', '147', '148', '149', '150', '151', '153', '154', '155', '156', '157', '158']
['58', '40', '41', '42', '43', '44', '47', '49', '50', '55', '56', '414', '46', '54']
['160']
['423', '431', '433', '435', '437', '303', '304', '305', '306', '307', '308', '309', '310', '312', '315', '422', '424', '425', '426', '427']
['240', '231', '234', '238', '242', '244', '247', '249', '250', '253', '256', '257', '243', '468', '482', '7']
