['Rima', 'Garret', 'Louella', 'Jade', 'Lorelei', 'Savanna', 'Lilly', 'Lue', 'Son', 'Laticia', 'Alton', 'Winford', 'Doyle', 'Caitlyn', 'Lasonya', 'Shonda', 'Reita', 'Gisela', 'Destiny', 'Phylis', 'Margart', 'Odell', 'Antoinette', 'Latia', 'Juliet']
['Joan', 'Elicia', 'Robert', 'Alicia', 'Dewayne', 'Charisse', 'Alvera', 'Raleigh', 'Honey', 'Jefferey', 'Tracie', 'Marcella', 'Hillary', 'Debora', 'Oscar', 'Miranda', 'Treena', 'Marlo']
['Alethia']
['Ambrose']
['Marvin']
['Kay', 'Sherwood', 'Lana', 'Kyung', 'Joanne', 'Martin', 'Elvia']
['An']
['Angeline']
['Audie']
['Shelton', 'Aaron', 'Dewitt', 'Roxane', 'Kylie', 'Claretha', 'Laraine', 'Amada', 'Randa', 'Retta', 'Arcelia', 'Kimbra', 'Irma', 'Rachael', 'Kitty', 'Chun', 'Ocie', 'Kasey', 'Garland', 'Naida', 'Eustolia', 'Marquis', 'Tamisha', 'Emmanuel', 'Stephani', 'Carolee', 'Marvis', 'Rolando', 'Raul', 'Valorie']
['Xavier']
['Bonnie']
['Cassie']
['Clara']
['In', 'Artie', 'Latoya', 'Leontine', 'Osvaldo', 'Elenora', 'Loren', 'Chance', 'Joye', 'Louise', 'Darrel', 'Janetta', 'Clarinda', 'Nickolas', 'Mariah', 'Isabel', 'Loria', 'Jama', 'Clarice', 'Tanisha', 'Neida', 'Harvey', 'Cristi', 'Terry', 'Jennie', 'Frederic', 'Kirstin', 'Murray', 'Selma']
['Clifton']
['Sharilyn', 'Renetta', 'Altagracia', 'Edmond', 'Imogene', 'Pearlie', 'Jay', 'Sharan', 'Nathalie', 'Nadia', 'Oswaldo', 'Florencio', 'Hortense', 'Lucia', 'Elfrieda', 'Dagmar', 'Hershel', 'Tameika', 'Lashay', 'Fanny', 'Sheldon', 'Camelia', 'Chester', 'Eufemia', 'Enola', 'Cleotilde', 'Marcie', 'Russell', 'Kareem']
['Dion']
['Shavon', 'Danial', 'Elvie', 'Angella', 'Clyde', 'Hyun', 'Shaun', 'Marcos', 'Anabel', 'Randall', 'Rita', 'Susan', 'Nohemi', 'Easter', 'Dorthea', 'Vada', 'Leonida', 'Herlinda', 'Leonard', 'Stanford', 'Jeanette', 'Milissa', 'Pa', 'Susannah', 'Sharlene', 'Clinton', 'Deana', 'Kristi', 'Dusti', 'Danita']
['Annabel', 'Beverley', 'Clarissa', 'Jan', 'Lucas', 'Heide', 'Ryann', 'Toya', 'Elena', 'Ema', 'Hiroko', 'Loura', 'Eve', 'Helene', 'Lamonica', 'Sharell', 'Earnest', 'Oneida', 'Ron']
['Porter', 'Chang', 'Hayden', 'Riley', 'Gerard', 'Lola', 'Griselda', 'Kelly', 'Kris', 'Jacque', 'Johnny', 'Lizabeth', 'Spencer', 'Almeta', 'Trey', 'Antonina', 'Lisa', 'Junior', 'Jae', 'Christiane', 'Esperanza', 'Deirdre', 'Tammi', 'Tyisha', 'Brendon', 'Allena', 'Oma', 'Elliott']
['Trena', 'Orval', 'Meagan', 'Alex', 'Eloisa', 'Lezlie', 'Annamarie', 'Aretha', 'Kim', 'Rosalee', 'Vivien', 'Theo', 'Rosalba', 'Grant', 'Travis', 'Ella', 'Wes', 'Bertha', 'Jami', 'German', 'Michaela', 'Hassan', 'Nieves', 'Leilani', 'Alvin', 'Lauren', 'Marilynn', 'Logan', 'Verona']
['Jeffrey', 'Alane', 'Joelle', 'Leila', 'Glenda', 'Irena', 'Adah', 'Delmar', 'Vernia', 'Rodrigo', 'Flavia', 'Glenna', 'Chas', 'Charmaine', 'Jina']
['Dora']
['Tai', 'Renea', 'Vernon', 'Lyndon', 'Taneka', 'Antonette', 'Mariano', 'Tamala']
['Florinda']
['Gerardo']
['Marci', 'Clarence', 'Darnell', 'Princess', 'Mariette', 'Dorene', 'Saul', 'Olevia', 'Pinkie', 'Darwin', 'Eugene', 'Horace', 'Tiffani', 'Zena', 'Kendall', 'Rachel', 'Alexa', 'Millicent', 'Felix', 'Cortney', 'Refugio', 'Whitney', 'Claudie', 'Marquitta', 'Madison', 'Dong', 'Carmon', 'Tina', 'Xuan', 'Inga']
['Stanley', 'Jesus', 'Marion', 'Lyn', 'Freddie', 'Percy', 'Sharla', 'Alexandra', 'Merrill', 'Hui', 'Naomi', 'Alfred', 'June', 'Vincenzo', 'Carson', 'Nicole', 'Yevette', 'Byron', 'Hilario', 'Kurtis', 'Chan', 'Zoraida', 'Tarah', 'Ok', 'Piedad', 'Kristopher', 'Jeremy', 'Tressa']
['Houston']
