['20', '23', '59', '85', '126', '214', '215', '330', '374', '37', '183', '373', '176']
['219', '267', '287', '3', '38', '156', '298', '470', '91']
['22', '103', '303', '392', '437', '456', '105', '125', '129', '241', '365', '73']
['128', '134', '136', '173', '231', '264', '266', '356', '431', '311', '411', '491', '138', '248']
['47', '189', '454', '16', '139', '174', '461', '342', '372']
['256', '485', '71', '193', '284', '290', '477', '146', '227']
['242', '319', '410', '420', '475', '36', '108', '151', '152', '236', '375', '483', '377', '428', '122']
['86', '249', '281', '300', '387', '444', '273', '301']
['0', '299', '360', '391', '49', '93', '209', '326', '353', '395', '177']
['271', '283', '312', '388', '135', '325', '295', '324', '441']
['72', '352', '182', '251', '258']
['8', '33', '184', '200', '419', '425', '457', '481', '27', '476', '28', '269', '96', '257']
['13', '145', '235', '239']
['120', '226', '259', '34', '179', '208', '314', '331']
['279', '371', '397', '32', '56', '60']
['5', '229', '447', '381', '320']
['172', '274', '406', '495', '199']
['296', '306', '363', '427', '169', '440', '489', '494', '234']
['137', '224', '340', '498', '322', '338', '346', '313', '323']
['4', '11', '57', '106', '118', '167', '180', '217', '243', '430', '436', '201', '307', '362']
['1', '110', '240', '490', '63', '413', '416', '141', '206', '412', '280']
['82', '221', '344', '449', '471', '79']
['54', '70', '211', '402', '385', '423', '64', '186', '422']
['35', '50', '111', '195', '268', '292', '316', '77', '205', '358', '499', '409']
['80', '109', '154', '368', '394', '463', '31', '61', '168', '225', '304', '332', '347', '170', '421', '434']
['42', '282', '474', '254', '263', '400']
['53', '148', '149', '339', '404', '464', '124', '218', '166', '255']
['17', '18', '486', '55', '76', '104', '190', '233', '370', '164', '178', '386', '68']
['2', '45', '210', '246', '327', '442']
['94', '196', '407', '67', '160', '220', '270', '364']
['15', '159', '185', '398', '435', '469', '25', '216', '426', '102', '403']
['40', '121', '84', '140', '198', '329', '390', '119', '194', '291', '389', '453']
['74', '399', '479']
['46', '277', '367', '462']
['250', '275', '433', '448', '78', '99', '204', '212', '265', '318', '321', '408', '458', '238', '261', '88', '213', '451']
['58', '171', '247', '285', '429', '98', '181', '308', '459', '310', '484']
['19', '317', '6', '115', '203', '286', '401', '418', '131', '207', '276', '278', '455']
['272', '289', '101', '132', '302', '359', '383', '44']
['24', '43', '69', '100', '107', '334', '21', '133', '439', '147', '450']
['336', '417', '478', '163', '244', '396', '75']
['9', '41', '48', '228', '341', '343', '345', '467', '468', '7', '39', '237', '288', '337', '378', '446', '415']
['29', '130', '305', '348', '351', '376', '393', '97', '144', '150', '155', '335', '379', '414', '445', '26', '92', '223', '380', '65', '123']
['222', '466', '472', '253', '350', '14', '493']
['252', '465', '260', '293', '354', '496', '187']
['52', '153', '424', '460', '333', '405', '488', '116', '328', '443']
['165', '309', '480', '81', '83', '112', '382', '497', '10', '51', '90', '162', '197', '142']
['158', '191', '384', '357']
['113', '127', '188', '245', '294', '349', '361', '369', '438', '492', '12', '62', '66', '117', '297', '87']
['30', '192', '202', '230', '262', '452', '487', '161', '232', '366', '432', '482']
['89', '114', '157', '315', '355', '473', '95', '143', '175']
