['13', '14', '49', '132', '181', '227', '264', '310', '345', '362', '383', '401', '411', '442', '450', '15', '18', '48', '75', '107', '127', '148', '197', '304', '329', '365', '367', '371', '398', '400', '473', '476']
['385']
['1', '62', '71', '104', '135', '153', '331', '0', '146', '170', '241', '243', '250', '338', '432', '443', '2', '27', '33', '133', '142', '147', '196', '234', '254', '291', '325', '344', '348', '361', '364', '449', '453', '468']
['160']
['100']
['111']
['141']
['174']
['20']
['43', '44', '61', '73', '109', '115', '116', '118', '128', '139', '166', '169', '190', '194', '212', '218', '251', '252', '253', '281', '289', '292', '299', '319', '328', '334', '347', '356', '368', '373', '379', '402', '407', '436', '440', '447', '474', '478', '485', '496', '497', '31', '51', '67', '112', '144', '150', '176', '228']
['261']
['389', '390', '25', '159', '278', '337', '375', '490', '26', '50', '63', '105', '273', '353', '396', '423', '463', '12', '24', '29', '46', '81', '98', '113', '129', '131', '163', '192', '200', '214', '312', '321', '382', '417', '427', '445', '11', '34', '94', '125', '175', '203', '300', '394', '448', '460']
['30']
['38']
['42']
['17', '40', '122', '179', '222', '233', '259', '303', '327', '336', '487', '492', '260', '296', '297', '4', '8', '39', '54', '55', '102', '106', '154', '177', '324', '369', '406', '429', '9', '16', '32', '120', '130', '155', '182', '209', '320', '333', '350']
['465']
['6', '47', '53', '117', '211', '221', '245', '287', '360', '377', '392', '466', '472', '484', '7', '52', '76', '79', '121', '137', '198', '202', '240', '242', '279', '286', '301', '302', '307', '343', '349', '386', '404', '458', '471', '482', '5', '77', '83', '97', '164', '247', '352', '355', '425']
['68']
['70', '69', '207', '258', '274', '293', '381', '275', '277', '284', '408', '430', '435', '454', '464', '294', '295', '3', '41', '189', '244', '263', '316', '374', '387', '393', '451', '467', '493']
['88']
['162', '173', '199', '238', '313', '346', '351', '405']
['78']
['276']
['354']
['378']
['10']
['36', '66', '72', '114', '285', '410', '438', '37', '318', '357', '359', '403', '413', '491', '35', '126', '168', '206', '265', '272', '290', '370', '376', '391', '414', '486', '65', '136', '171', '180', '195', '229', '271', '311', '317', '330', '421', '437', '444']
['185']
['239']
['28']
['74', '99', '156', '210', '314', '428', '434', '483']
['315']
['326']
['57', '201', '255', '335', '58', '89', '110', '184', '224', '269', '322', '388', '90', '91', '23', '93', '95', '158', '204', '257', '305', '399', '452', '56', '92', '103', '145', '161', '165', '167', '183', '217', '226', '256', '280', '342', '416', '498']
['140', '262', '288', '323', '395', '60', '178', '213', '220', '232', '236', '372', '439', '59', '134', '219', '231', '237', '248', '249', '268', '308', '309', '341', '366', '420', '455', '479', '481']
['422']
['431']
['441']
['446']
['84', '267', '495', '85', '191', '223', '270', '298', '332', '363', '424', '459', '86', '157', '186', '282', '380', '470', '488', '499', '87', '149', '172', '187', '188', '205', '339', '397', '412', '419', '462', '469', '82', '108', '123', '193', '215', '235', '340', '384', '426', '456']
['45']
['22', '21', '119', '208', '230', '266', '306', '433', '477', '489', '494']
['480']
['19', '101', '124', '152', '216', '283', '358', '409', '418', '457']
['64']
['138']
['143']
['80', '96', '225', '246', '415', '461', '475']
['151']
