['166', '167', '168', '169', '232', '233', '234', '161', '181', '195', '231']
['457', '458', '459', '250', '390']
['22', '23', '24', '56', '57', '58', '59', '21', '25', '51', '55']
['279', '211', '271', '285', '40', '210', '220', '270', '320', '340']
['312', '313', '314', '332', '333', '334', '386', '387', '388', '389', '476']
['362', '363', '364', '351', '361', '365', '0', '90', '350']
['12', '13', '14', '256', '257', '258', '259', '11', '15', '251', '265']
['246', '247', '248', '249', '491', '492', '493', '494', '241', '245', '255']
['96', '97', '98', '99', '142', '143', '144', '152', '153', '154', '376']
['132', '133', '134', '131', '135', '145', '140', '200', '240']
['411', '410', '450']
['306', '307', '308', '309', '442', '443', '444', '301', '305', '441', '445']
['432', '433', '434', '462', '463', '464', '431', '461', '475', '50', '360']
['466', '467', '468', '469', '141', '155', '150']
['346', '347', '348', '349', '341', '345', '355', '230']
['392', '393', '394', '395', '110', '420']
['326', '327', '328', '329', '372', '373', '374', '325', '371', '375', '385']
['86', '87', '88', '89', '146', '147', '148', '149', '222', '223', '224']
['16', '17', '18', '19', '252', '253', '254', '266', '267', '268', '269']
['82', '83', '84', '236', '237', '238', '239', '81', '85', '91', '95']
['62', '63', '64', '122', '123', '124', '302', '303', '304', '61', '65']
['413', '414', '486', '487', '488', '489', '75', '415', '481', '485', '495']
['192', '193', '194', '191']
['60']
['106', '107', '108', '109', '136', '137', '138', '139', '402', '403', '404']
['10', '100', '120']
['422', '423', '424', '261', '275', '421', '425', '435', '260', '430']
['471', '30', '330', '470']
['112', '113', '114', '212', '213', '214', '286', '287', '288', '289', '111']
['226', '227', '228', '229', '416', '417', '418', '419', '221', '225', '235']
['72', '73', '74', '186', '187', '188', '189', '377', '378', '379', '456']
['156', '157', '158', '159', '151', '165', '130', '160']
['336', '337', '338', '339', '71', '331', '335', '70', '310', '490']
['26', '27', '28', '29', '216', '217', '218', '219', '262', '263', '264']
['32', '33', '34', '472', '473', '474', '477', '478', '479', '482', '483']
['36', '37', '38', '39', '446', '447', '448', '449', '31', '35', '45']
['180', '440']
['2', '3', '4', '5', '6', '7', '8', '9', '282', '283', '284']
['381', '290', '380']
['52', '53', '54', '76', '77', '78', '79', '382', '383', '384', '1']
['102', '103', '104', '202', '203', '204', '101', '105', '201', '205', '215']
['316', '317', '318', '319', '496', '497', '498', '499', '311', '315']
['352', '353', '354', '356', '357', '358', '359', '366', '367', '368', '369']
['170', '300']
['116', '117', '118', '119', '115', '80']
['172', '173', '174', '396', '397', '398', '399', '171', '185', '391', '405']
['242', '243', '244', '292', '293', '294', '406', '407', '408', '409', '291']
['46', '47', '48', '49', '66', '67', '68', '69', '276', '277', '278']
['176', '177', '178', '179', '175', '281', '280']
['162', '163', '164', '182', '183', '184', '206', '207', '208', '209', '412']
['92', '93', '94', '342', '343', '344', '426', '427', '428', '429', '484']
['322', '323', '324', '436', '437', '438', '439', '321', '401', '20', '400']
['42', '43', '44', '196', '197', '198', '199', '272', '273', '274', '41']
['452', '453', '454', '451', '455', '465', '190', '370', '460', '480']
['126', '127', '128', '129', '296', '297', '298', '299', '121', '125', '295']
