['AAG', 'AAH', 'AIW', 'AGX', 'AIR', 'AIS', 'AIN', 'AGV', 'AKJ', 'AKG', 'AMW', 'AJX', 'AOB', 'AOL', 'AJF', 'ANP', 'AKO', 'ALF', 'ALX']
['AAS', 'AAR', 'AAN', 'AAO', 'AAU', 'AFC', 'AEB', 'AFI', 'AFL', 'AEM', 'AFA', 'ADY', 'AEH', 'ADV', 'AEL', 'AFF', 'AEI', 'AFG', 'AEN']
['ABQ', 'ABK', 'ABN', 'ABU', 'ABY', 'ACA', 'ACK', 'ACR', 'ADD', 'ADH', 'ACQ', 'ACE', 'ACW', 'ACL', 'ACO', 'ADC', 'ACF', 'ADA', 'ACX']
['AAF', 'AKU', 'ALR', 'ALV', 'AKQ', 'AKC', 'AKH', 'ALZ', 'ALA', 'AOM', 'ANI', 'AKW', 'AMA', 'ANX', 'ANG', 'AJZ', 'ALI', 'AJK', 'AJO']
['AAB', 'AAT', 'AAQ', 'AAP', 'AJQ', 'ANS', 'AKR', 'ANF', 'ANN', 'AJL', 'ANY', 'ALW', 'AMT', 'AOK', 'AKL', 'AOH', 'AJG', 'AMR', 'AMN']
['AGE', 'AHA', 'AIK', 'AHK', 'AGN', 'AFS', 'AIP', 'AIB', 'AHM', 'AGO', 'AHX', 'AHN', 'AFU', 'AGY', 'AIV', 'AIU', 'AIH', 'AIE', 'AGT']
['AKB', 'ALM', 'ANO', 'AOD', 'ALQ', 'AMB', 'AMM', 'ALO', 'AJR', 'AJH', 'AMY', 'AJJ', 'ANZ', 'AKP', 'AMJ', 'AMQ', 'ANT', 'AJT', 'ANH']
['AEV', 'AIL', 'AHV', 'AGA', 'AHL', 'AFV', 'AHD', 'AIQ', 'AFT', 'AGU', 'AGW', 'AGS', 'AFW', 'AGR', 'AFO', 'AHJ', 'AIO', 'AHR', 'AFR']
['AER', 'AEX', 'AEP', 'ADO', 'AES', 'AEJ', 'ADT', 'AFK', 'AEZ', 'AEA', 'AEK', 'AEE', 'ADZ', 'ADS', 'AEW', 'ADM', 'AEO', 'AHP', 'AFZ']
['AAV', 'AAZ', 'ABD', 'AMH', 'AMX', 'AJW', 'AMF', 'ALY', 'ALE', 'AJS', 'AMG', 'AND', 'AKM']
['AOO', 'AOS', 'APZ', 'APU', 'ANA', 'ANJ', 'AMS', 'AIZ', 'AKZ', 'ANQ', 'ANE', 'AJM', 'AKA', 'AKS', 'AMC', 'ANB', 'ALN', 'AJI', 'ALJ']
['AAI', 'AAL', 'AOY', 'AOP', 'AON', 'APP', 'APL', 'APS', 'APO', 'AQO', 'AQF', 'AOZ', 'APV', 'APR', 'AOV', 'AQB', 'APM', 'AOR', 'AOU']
['AAC', 'AOF', 'AJN', 'AKX', 'ANW', 'AKN', 'AML', 'ALB', 'AKK', 'AOA', 'AKV', 'AJY', 'AOC', 'ALH', 'ANC', 'AKE', 'ALT', 'ALG', 'ALK']
['AHZ', 'AHT', 'AGP', 'AFP', 'AFY', 'AGZ', 'AFQ', 'AGI', 'AHI', 'AGK', 'AHO', 'AHB', 'AIT', 'AHG', 'AHE', 'AHF', 'AGD', 'AGL', 'AGC']
['AOG', 'AJP', 'ALL', 'ANM', 'AJD', 'AOE', 'ALD', 'AKF', 'AJA', 'AMZ', 'AJE', 'AOJ', 'AJB', 'AMD', 'ANV', 'ALU', 'ALS', 'ANR', 'AOI']
['ABZ', 'ABX', 'ABM', 'ACC', 'ABT', 'ABS', 'ABO', 'ABP', 'ABL', 'ABI', 'ABR', 'ABV', 'ABJ', 'ACB', 'ABW', 'ADP', 'AEY', 'AEG', 'AET']
['AAK', 'AAJ', 'AAM', 'AIM', 'AID', 'AHU', 'AIF', 'AIX', 'AHW', 'AGB', 'AHS', 'AFX', 'AIA', 'AGF', 'AHH', 'AIJ', 'AGJ', 'AGM', 'AGG']
['ADL', 'ADW', 'AFH', 'AEU', 'ADN', 'AEC', 'AFD', 'AFB', 'AEF', 'AED', 'ADU', 'AFE', 'ADR', 'ADX', 'AFJ', 'AFN', 'AFM', 'ADQ', 'AEQ']
['AAD', 'AAE', 'ACH', 'ACY', 'APE', 'AQI', 'APF', 'APT', 'AQK', 'API', 'AQM', 'APQ', 'APX', 'AQC', 'AQG', 'APB', 'APA', 'APY', 'APH']
['AAW', 'ABH', 'ABA', 'AAX', 'AAY', 'ABB', 'ABC', 'ABE', 'ABF', 'ABG', 'AGH', 'AGQ', 'AHQ', 'AIC', 'AIG', 'AHY', 'AIY', 'AHC', 'AII']
['AAA', 'APD', 'AOQ', 'APJ', 'AQN', 'AQD', 'APK', 'AOW', 'AQJ', 'AQA', 'APN', 'AOX', 'AQE', 'AQH', 'APC', 'APG', 'AQL', 'AOT', 'APW']
['ACP', 'ACD', 'ACM', 'ACV', 'ADK', 'ACI', 'ACG', 'ADJ', 'ACT', 'ACZ', 'ADE', 'ADF', 'ADG', 'ACS', 'ACJ', 'ACN', 'ADI', 'ADB', 'ACU']
['AKI', 'AMK', 'ALC', 'AME', 'ANU', 'AJU', 'ANL', 'AKD', 'AMI', 'AMO', 'ALP', 'ANK', 'AMV', 'AMP', 'AMU', 'AJC', 'AJV', 'AKY', 'AKT']
