['39', '40', '41', '110', '135', '76']
['173', '246', '164', '165', '166', '85']
['25', '183', '54', '55', '7', '10']
['0']
['120', '81', '129', '130', '107', '229']
['18', '197']
['16']
['247', '158', '159', '53']
['47', '68', '63', '60', '185', '236']
['19', '124', '126', '128', '132', '153']
['73', '192', '33', '207', '210', '34']
['48', '69', '249', '155', '151']
['6', '139', '140', '141']
['64', '65', '66', '116', '103']
['74', '224', '200', '58', '108', '113']
['102']
['23', '220', '49', '199', '4', '5']
['24', '100', '106', '157', '160', '101']
['146', '208', '86', '87', '88', '209']
['219', '244', '98', '181', '232', '235']
['72', '96', '12', '11', '13', '111']
['105']
['50', '122', '150', '248', '29', '30']
['193', '79', '80', '127', '38', '182']
['133', '56', '134']
['221', '137', '152', '136', '138']
['145', '218', '233', '62', '61']
['142', '143', '195', '83', '14', '15']
['22', '147', '237', '161', '163', '238']
['223', '43', '99', '156', '231', '57']
['206', '28', '201', '203']
['172', '227', '78', '226', '228', '234']
['20', '95', '171']
['169', '245', '2', '1', '3']
['154', '204', '205', '104', '32', '35']
['118', '177', '176', '178', '184']
['45', '149', '194', '202', '211', '213']
['67', '46', '167', '225', '114', '115']
['17', '174', '217', '189', '190', '191']
['144', '93', '52', '230', '51', '59']
['8', '9', '84', '109']
['97', '89', '90', '91', '214', '215']
['44', '123', '148', '242', '243']
['175', '31', '179', '180', '26']
['117', '222', '27', '77', '131']
['75', '94', '119', '125', '168', '216']
['92', '239', '240', '241']
['42', '121', '170', '112', '162', '82']
['71', '198', '21', '212', '36', '37']
['196', '70', '186', '187', '188']
