['EHCWU', 'RAAAY', 'MMHOG', 'WMAOH', 'SHEUT', 'FYAYI', 'BHFJC', 'BBDFQ', 'EYYNC', 'ZRLGV', 'QMBKL', 'NHBOU', 'RNMID', 'KGDBH', 'XGXRC', 'XYVAU', 'NKEPZ', 'QXETJ', 'VLACB', 'JFOPY', 'GPAYG', 'FHCPP', 'HIBFR', 'DQJYE', 'PADSR']
['KEUTQ', 'HAKPT', 'TLAOJ', 'SPROB', 'BBIGY', 'AQEWE', 'BKFQR', 'KDMQW', 'NLPHM', 'CZQAC', 'DOXUP', 'TARGC', 'SPSXT', 'RVMXY', 'IEEVC', 'JMPSL', 'XQYCU', 'MQEVZ', 'LHFOM', 'YPSZJ', 'JECON', 'SWZLI', 'RKMOC', 'AZDHE', 'GAQXI']
['AEXQY', 'AAEBS', 'JRNKY', 'PSMNV', 'QACAX', 'AXICB', 'TLKIE', 'AEHLI', 'EAHZI', 'UYUIP', 'TPIHD', 'OEEYW', 'ZSYGC', 'FFZNI', 'ZPWCF', 'XOUQM', 'UTQPU', 'ZLMYN', 'XPMAC', 'BXGFY', 'HDFES', 'QBYJR', 'GKLKQ', 'NZQNY', 'JGBOH']
['TQUPW', 'TPIXY']
['GJCQK', 'UZTYA', 'PBAWW', 'QJUJE', 'VMRKJ', 'KRMMY', 'UPNVV', 'FCFIW', 'JAGAT', 'RWOPE', 'PHXOS', 'KFWQL', 'VLXZD', 'XMJJP', 'JFKWJ', 'OYLVF', 'RMHZI', 'AALPZ', 'USRDK', 'ZKMSA', 'FYSSP', 'DTPHQ', 'ROVKN', 'IQLHD', 'SOVUQ']
['HKBNA', 'UTYHJ', 'ERXLL', 'UEFBC', 'JPLIB', 'JMNIF', 'SUNJN', 'LCYZY', 'GUJWH', 'YKOFS', 'HGAWC', 'PDSZU', 'RSFHX', 'YVMFJ', 'WTMZW', 'UXUZX', 'GUJWW', 'QUGAX', 'CSILO', 'PKECO', 'PRFNT', 'EIREK', 'VZNGS', 'ZYEMW', 'JLTJR']
['CRSZF', 'HKSDK', 'STJMV', 'GBEQY', 'IPMBX', 'LJQBN', 'LPRGT', 'OENOT', 'BVKPC', 'XBVDI', 'MCXWP', 'DOYMU', 'LMDUZ', 'FBZDZ', 'TJFHX', 'HUNXU', 'NNLIE', 'QVEIA', 'AHXXM', 'OXZCV', 'XIGOI', 'WNDOP', 'TDICM', 'VGTYI', 'LESUW']
['XYABI', 'YYNPW', 'AXIHL', 'GJYBX', 'MLWLT', 'ZZKGQ', 'WZJYQ', 'SSWHW', 'ABAQL', 'CYRFR', 'HAYKV', 'WLODL', 'GDZSX', 'PEIBF', 'PPBBM', 'PUFAY', 'TYYLF', 'QBGLN', 'DPJHM', 'UDFVU', 'TEYRZ', 'DYIYS', 'XHKTV', 'ZMCMD', 'ZRFKN']
['FSIEJ', 'IYMNE', 'SLYUO', 'GAUGX', 'RLKNU', 'XOUQG', 'HXGTU', 'RRFYM', 'UOYAH', 'XLWDU', 'DZGQX', 'CALHI', 'DWCIC', 'FIUZZ', 'YSBTR']
['EXSFL', 'KSGPB']
['WAZOJ', 'VHWPC', 'XVOGO', 'RFDDK', 'ASGXO', 'IDOHH', 'FSYHN', 'PQYKQ', 'NMUXG', 'VUZHE', 'VQTXV', 'XTFTT', 'HZGVK', 'WGNBW', 'GPHCZ', 'LRCXZ', 'YVULZ', 'QZGLO', 'BREAU', 'WTAGZ', 'GKYTD', 'YPRRC', 'KCPYN']
['VSARS', 'PQEKQ']
['HVAAR', 'GNDQJ', 'JXKSJ', 'OYGNB', 'ENWEC', 'VFXSF']
['VWLQP', 'BXGAG', 'WWCYP', 'SMDTK', 'ZUYFN', 'QQCGU', 'ZCMCP', 'FKSNY', 'ELBRQ', 'EXERI', 'SDCRN', 'SURGB', 'FIIIX', 'RDCHE', 'QYCKH', 'VNIQM', 'FQYNK', 'REVQE', 'KQZVU', 'QFSQF', 'FLAIE', 'XZTVE', 'UDEWT', 'VGWZF', 'VISUM']
['NSSHB', 'RZJZX', 'VYUHL', 'JGIMA', 'SEUJM', 'GRIBM', 'TJTMV', 'RQZDB', 'NLQQX', 'NZQKM', 'LMZAF', 'GKOUL', 'SEVGN', 'IBFSE', 'VKBEF', 'BCKDA', 'VSEBO', 'KTXRI', 'PKUWP', 'FIBZD', 'ALNHK', 'JPWDA', 'UMQSO', 'IYGUJ', 'QLDQR']
['XQQNM', 'JCTBB', 'PARXO', 'IVYZR', 'IOHXF', 'JCAYK', 'ZXEUD', 'WNBOI', 'QNXTS', 'EWIJA', 'IHIWD', 'WHBFR', 'GKPPL', 'EPEAQ', 'XADCG', 'FXFHY', 'AUIRW', 'LYSRO', 'NCWPX', 'RCWOS', 'QSIZR', 'QSAIM', 'DUQLN', 'BCTKV', 'CYVWU']
['MBBZL', 'CRKWH', 'VCMUY', 'ZMWJB', 'VZFUK', 'YTVYR', 'IXEZM', 'UMQRP', 'GWEZA', 'NHZCJ', 'DRVVY', 'DDGZR', 'MQWLN', 'SEJRA', 'JWNLZ', 'SIWEE', 'POXWS', 'RUSXV', 'VBXTL', 'LBYAL', 'YQBLY', 'SCMKV', 'CSGGY', 'DBPXU', 'CYMCE']
['BSOUP', 'DREMQ', 'UNSUE', 'IPLJJ', 'TMCLZ', 'SYRST', 'YMAKV', 'IUTYE']
['GZWND', 'MRNHH', 'TJLUN', 'PAVOS', 'ELRTK', 'GXAOE', 'JGGQM', 'WEYKU', 'NGBWQ', 'XGCQB', 'FRHWO', 'RMNKI', 'PBEOM', 'SAOVB', 'DAPHY', 'RRDGL', 'KIEKF', 'MTXFY', 'VUPAV', 'LYFLA']
['PUWYW', 'REFDA', 'LGPGN', 'EGYBS', 'JJDHO', 'JCWPV', 'XDBSH', 'RSYQC', 'CZNRV', 'POYSB', 'SLHLJ', 'NLQWV']
['OVNTP', 'PCOTH', 'NCXIY', 'PPGSA', 'NMWYK', 'NTGQJ', 'VQUBW', 'VNNEP', 'EFPNV', 'JDDRN', 'MIMWO', 'BWKXY']
['VVMSW', 'FMFZO', 'ZOHDS', 'OPZLD', 'MCVPN', 'LCGFN', 'YHWVK', 'NEQMO', 'SUEUT', 'KCWNV', 'DWGDE', 'BEFRL', 'NZAXS', 'KEPXD', 'HAPCQ', 'RWIWJ', 'PREHL', 'GRUYQ', 'ZOVBE', 'JEHBC', 'KXFFP', 'ABQJV', 'NRRFB', 'CXMEP', 'VUTIQ']
['QFZCO', 'FWTXB', 'BFHEV', 'MSZXR', 'OJTYX', 'WNGHY', 'CHCYT', 'GPKTZ']
['NCCJD', 'VFWVV', 'KDZDK', 'DBXJE', 'SACPU', 'WFPUN', 'LQGAI', 'DFZLH', 'FKMPO', 'UQJJY', 'VXNNV', 'QMJUD', 'AIWJE', 'BMNGE', 'RISKG', 'BOOKC', 'TIZZI', 'FPFHY', 'GUGKR', 'TKEWX', 'SSZXS', 'CWZDH', 'TWVAR', 'NKLCQ', 'STZIM']
['CTLHM', 'ZNEQL', 'ZNTDR', 'LVMLT', 'OZSQX', 'MUUIL', 'FRVNO']
['KBDMG', 'UHFXM', 'CASYZ', 'LQJNK', 'DNOMK', 'EBQJA', 'BHECC', 'FESAS', 'YRTTG', 'OBCSZ', 'NPJSC', 'HOCJP', 'LFYYV', 'UHIOD']
['PDNXQ', 'GFWZF', 'LEYDX', 'METWY', 'FIPGX', 'JLETC', 'KZBFF', 'QHQUF', 'VKHOX', 'URMYA', 'PPAYR', 'CWKNX', 'ADKIG', 'EIALG', 'OMNEY', 'YTXXV', 'YTTKI', 'EFRTR', 'DJQYY', 'OHEWR', 'PUJOM', 'XMZUX']
['BNPMH', 'FMMZU', 'XQUPB', 'DFNDO', 'WEDAM', 'CCHLM', 'ENHUS', 'JTKTH', 'FWKYL', 'ILRGH', 'YIQHC', 'KEDYT', 'IAASE', 'QJRDV']
