['373']
['203']
['115']
['116']
['187']
['121']
['399']
['338']
['128']
['151']
['120']
['125']
['126']
['366']
['129']
['1']
['343']
['385']
['131']
['127']
['117']
['421']
['218']
['134']
['150', '196', '220', '6', '8', '11', '15', '18', '23', '24', '35', '36', '41', '44', '46', '49', '50', '54', '55', '59', '61', '66', '69', '70', '72', '75', '76', '79', '80', '89', '95', '97', '98', '112']
['136']
['360']
['119']
['137']
['436']
['428']
['139']
['221']
['123']
['141']
['145']
['146']
['361']
['147']
['417']
['148']
['142']
['415']
['153']
['345']
['410']
['427']
['431']
['191']
['154']
['155']
['194']
['124']
['135']
['395']
['184']
['370']
['400']
['419']
['206']
['157']
['429']
['156']
['158']
['406']
['391']
['341']
['198']
['422']
['342']
['376']
['159']
['160']
['350']
['161']
['372']
['163']
['164']
['165']
['352']
['166']
['140']
['434']
['377', '397', '398', '438', '225', '226', '227', '228', '229', '230', '231', '232', '233', '234', '235', '236', '237', '238', '239', '240', '241', '242', '243', '244', '245', '246', '247', '248', '249', '250', '251', '252', '253', '254', '255', '256', '257', '258', '259', '260', '261', '262', '263', '264', '265', '267', '268', '269', '270', '271', '272', '273', '274', '275', '276', '277', '278', '279', '280', '281', '282', '283', '284', '285', '288', '289', '290', '291', '292', '293', '294', '295', '296', '297', '298', '299', '300', '301', '302', '303', '304', '305', '306', '307', '308', '309', '310', '311', '312', '313', '314', '315', '316', '317', '318', '319', '320', '321', '322', '323', '324', '325', '326', '327', '328', '329', '330', '331', '332', '333', '334', '335']
['167']
['405']
['168']
['445']
['420']
['402']
['424']
['169']
['181']
['171']
['201']
['213']
['172']
['178']
['404']
['396']
['337']
['386']
['418']
['180']
['344']
['130']
['443']
['179']
['185']
['444']
['186']
['188']
['190']
['192']
['375']
['379']
['193']
['413']
['411']
['199']
['143', '189', '210', '2', '4', '5', '12', '13', '17', '19', '20', '21', '25', '27', '30', '34', '38', '40', '45', '48', '52', '53', '62', '64', '77', '81', '82', '84', '87', '91', '92', '94', '108', '109']
['177']
['200']
['205']
['149']
['152']
['207']
['401']
['355']
['340']
['381']
['208']
['173']
['182']
['209']
['374']
['371']
['388']
['433']
['211']
['403']
['359']
['212']
['217']
['446']
['412']
['441']
['219']
['222']
['336']
['442']
['176']
['339']
['170']
['346']
['363']
['432']
['347']
['348']
['215']
['439']
['349']
['175', '202', '216', '3', '9', '16', '22', '26', '28', '29', '31', '32', '33', '42', '43', '51', '56', '60', '63', '65', '67', '71', '74', '85', '88']
['353']
['224']
['354']
['223']
['356']
['368']
['364']
['144']
['133']
['367']
['369']
['380']
['114', '162', '195', '7', '14', '37', '39', '47', '57', '58', '68', '73', '78', '83', '86', '90', '93', '96', '99', '110', '111']
['174']
['197']
['426']
['132']
['138']
['387']
['183']
['440']
['392']
['357']
['266']
['393']
['394']
['423']
['214']
['435']
['365']
['383']
['389']
['425']
['351']
['430']
['362']
['384']
['118']
['378']
['408']
['407']
['113']
['414']
['10']
['390']
['416']
['286', '287']
['100']
['409']
['382']
['101']
['102']
['103']
['104']
['437']
['105']
['106']
['358']
['122']
['204']
['107']
