['196', '45', '62', '217', '331', '415', '317']
['360', '322', '447', '39', '445', '404', '185']
['420', '102', '63', '265', '352', '270']
['328', '248', '80', '441', '316', '268', '468']
['493', '329', '362', '7', '58', '433', '293']
['111']
['118']
['371', '73', '232', '348', '249']
['309', '167', '314', '349', '69', '411', '184']
['132', '106', '202', '87', '269', '225', '91']
['452', '130', '177', '375', '324', '86']
['121']
['122']
['124']
['129']
['486', '253', '478', '393', '358', '68', '12']
['341', '405', '149', '166', '104', '70', '488']
['71', '126', '162', '339', '330', '76']
['18', '274', '54', '327', '350', '410', '231']
['134']
['136']
['120', '82', '41', '419', '257', '94', '223']
['138']
['141']
['425', '116', '133', '454', '379', '105', '491']
['335', '74', '480', '482', '55', '237', '319']
['443', '220', '85', '89', '304', '46', '459']
['144']
['263', '429', '376', '409', '15', '297', '101']
['300', '299', '475', '169', '286', '301', '261']
['446', '439', '165', '227', '34', '470', '212']
['150']
['430', '235', '173', '31', '288', '97', '56']
['497', '378', '246', '13', '489', '107', '451']
['151']
['153']
['158']
['244', '114', '142', '386', '428', '131']
['481', '21', '135', '128', '79', '473', '14']
['346', '64', '372', '60', '26']
['115', '219', '323', '298', '462', '139', '320']
['442', '183', '458', '50', '83', '33']
['230', '181', '216', '192', '487', '194', '494']
['423', '239', '357', '3', '157', '387', '334']
['17', '450', '112', '47', '156', '365', '287']
['16']
['276', '277', '381', '284', '78', '416']
['210', '434', '95', '42', '310', '24']
['485', '9', '367', '359', '229', '119']
['168']
['123', '178', '374', '283', '292', '380']
['28', '4', '389', '400', '267', '366', '250']
['117', '464', '84', '221', '187', '463']
['418', '255', '176', '308', '476', '311', '363']
['1', '23', '48', '373', '8', '32', '477']
['160', '266', '432', '186', '318', '209', '382']
['0', '108', '171', '38', '240', '137', '103']
['59', '109', '81', '241', '426', '495', '456']
['228', '98', '370', '336', '313', '259']
['190', '315', '484', '355', '455', '247']
['262', '471', '66', '414', '391', '333']
['161', '388', '5', '40', '29', '152', '343']
['204', '498', '172', '435', '215']
['170']
['51', '307', '140', '437', '100', '252', '303']
['222', '421', '224', '291', '254', '197', '390']
['174']
['189']
['19']
['193']
['198']
['271', '282', '238', '146', '260', '180', '302']
['44', '417', '401', '125', '321', '214', '461']
['11', '312', '402', '436', '30', '290', '148']
['20']
['369', '234', '344', '208', '399', '154', '195']
['457', '377', '392', '10', '413', '25']
['256', '27', '394', '356', '207', '35']
['347', '226', '398', '383', '2', '294']
['431', '406', '258', '490', '448', '295']
['438', '465', '143', '449', '211', '408', '397']
['340', '75', '345', '278', '279', '61', '466']
['281', '275', '384', '338', '57', '460', '88']
['200']
['236', '422', '147', '205', '407']
['206', '199', '43', '332', '306', '453', '264']
['483', '472', '191', '337', '92', '145', '325']
['354', '37', '52', '285', '403', '351', '243']
['469', '272', '273', '361', '385', '96', '364']
['201']
['6', '164', '395', '242', '427', '342', '179']
['289', '251', '233', '159']
['110', '305', '77', '163', '203', '49']
['213']
['368', '53', '444', '424', '440', '499']
['155', '67', '467', '90', '396', '93', '188']
['65', '353', '412', '72', '182', '127']
['113', '326', '474', '492', '479', '296', '22']
['245', '496', '280', '99', '36', '175']
['218']
