['155', '167', '168', '240', '270', '23', '179', '73']
['211']
['292', '117', '9', '24', '36', '46', '47', '151', '210']
['84', '201', '230', '171', '321', '182', '207']
['287', '74', '30', '55', '88', '91', '97', '141', '264']
['61']
['161', '204', '236', '301', '62', '247', '149', '6']
['92', '177', '319', '34', '59', '145', '187', '235']
['104']
['119']
['271', '27', '290', '65', '39', '146', '80']
['220', '140', '156', '0', '122', '138', '215', '262', '308']
['178', '109', '66', '114', '143', '152', '172']
['139']
['169']
['239']
['257']
['282']
['68', '193', '275', '299', '307', '324', '63', '111', '217']
['56', '75', '316', '318', '154', '198', '226', '296', '64']
['221', '16', '18', '123', '71', '165', '238', '266']
['288', '313', '17', '82', '325', '205', '100', '293', '128']
['21', '302', '83', '162', '253', '101', '195']
['261', '1', '107', '125', '277', '300', '112', '254', '255']
['285']
['303']
['304', '70', '249', '50', '180', '196', '212', '263', '274']
['309']
['136', '294', '203', '265', '79', '96', '166', '246', '272']
['86', '173', '191', '206', '228', '252', '2', '94', '116']
['305', '213', '132', '241', '110', '135', '192', '31', '197']
['216', '25', '5', '15', '57', '120', '159', '279']
['202', '242', '43', '248', '251', '150', '35', '144', '124']
['310', '317', '244', '219', '60', '231', '269', '118']
['311']
['322', '95', '102', '175', '312', '53', '283']
['232', '289', '11', '42', '148', '250', '326', '90', '225']
['320']
['284', '81', '37', '41', '48', '153', '170', '223', '278']
['243', '323', '7', '113', '229', '314', '12', '127', '77']
['38']
['19', '133', '185', '28', '137', '164', '298', '85']
['44']
['72']
['200', '256', '237', '3', '89', '105', '115', '160', '188']
['98']
['121']
['163', '14', '33', '87', '233', '54', '214', '260', '291']
['130']
['131']
['32', '227', '126', '189', '315', '267', '4', '10']
['76', '184', '186', '99']
['258', '199', '93', '327', '20', '51', '273', '306', '22']
['45', '29', '52', '108', '224', '281', '13', '26', '58']
['106', '67', '158', '129', '142', '157', '8', '147']
['134']
['78', '209', '268', '176', '234', '69', '218', '40']
['190', '245', '286', '276', '194', '259', '49', '222']
['183', '208', '280', '103', '174', '181', '295', '297']
