['98', '173', '263', '96', '216', '234', '208', '210', '214', '226']
['178', '232']
['143', '188', '4', '6', '14', '18', '68', '95', '99', '189']
['56', '233', '231', '81', '104', '171', '212', '100', '102', '106']
['116', '236', '229', '247', '243', '235', '237', '241']
['170', '168', '124', '262', '264', '268']
['74', '80', '215', '67', '69', '78', '103', '105', '238', '120']
['2', '58', '139', '141', '265', '12', '16']
['20', '161', '112', '114', '126', '158', '257', '28', '30', '34']
['153', '55', '57', '61', '145', '147', '151']
['94', '184', '186', '202', '204', '5', '135', '127', '129', '133']
['53', '76', '166', '72', '122', '203', '64', '66', '70', '118']
['47', '128', '137', '22', '24', '221', '217', '219', '223', '228']
['62', '245', '60', '250']
['83', '101', '197', '157', '159', '195', '270', '136', '138', '142']
['8', '155', '242', '269', '240', '267', '255', '259']
['260', '194', '198', '190', '192', '196', '199', '201', '205']
['206', '113', '185', '230', '91', '93', '97', '109', '111', '115']
['164', '209', '121', '123', '23', '82', '84', '88', '163', '165']
['11', '110', '125', '148', '150', '54', '167', '261', '48', '52']
['119', '193', '256', '258', '77', '239', '73', '75', '79']
['35', '92', '134', '31', '33', '49', '51', '175', '244', '246']
['29', '224', '220', '222', '41', '59', '108', '248', '37', '39']
['44', '13', '15', '40', '42', '85', '32', '36', '90', '10']
['17', '26', '200', '254', '211', '213', '45', '63', '131', '43']
['71', '251', '130', '132', '249', '27', '266', '19', '21', '25']
['152', '9', '50', '117', '162', '252', '1', '3', '7', '46']
['89', '146', '182', '191', '87', '86', '140', '144', '180', '225']
['65', '107', '179', '218', '177', '169', '181', '183', '187', '253']
['38', '227', '149', '176', '207', '154', '156', '160', '172', '174']
