['DUAEB', 'DCJPL', 'CUUFQ', 'HXXMK', 'PSZDK']
['SEYUH', 'DBIOJ', 'DSQUZ', 'OENWP', 'QNUDR']
['SKBJW', 'KRWXO', 'ACJRU', 'XXFSV', 'BWWYB']
['ETYTK', 'CIBMR', 'VPSEI', 'TKYGG', 'WJIWZ']
['CFMPM', 'LVBGW', 'SVMGK', 'VATRQ', 'TKJBK']
['QGXZJ', 'EWNSH', 'GBGAG', 'MRXML', 'KUMCW']
['VYDDY', 'YWCZV', 'ARMIC', 'YWPLR', 'QGRPC']
['UCQZE', 'LIGPC', 'OXRDD', 'ZPTPS', 'DKHZJ']
['VQAKV', 'ALXRH', 'WJAIQ', 'YFRIJ', 'NWAHL']
['OXRUQ', 'GJRAV', 'TVCFA', 'MEKWP', 'UGKUC']
['BVCTY', 'VWJWK', 'FZRBE', 'WUCQA', 'RJDRX']
['BPLLS', 'XGNPD', 'NSAJQ', 'VLEXY', 'CBNUD']
['TEFPC', 'FSTKF', 'FEUEQ', 'SPHAJ', 'VNVFZ']
['EFKRH', 'LNIAF', 'OUQMM', 'OVYDG', 'PABIC']
['CKHRK', 'ECNTU', 'NCDJQ', 'YQPNL', 'GWJWE']
['PGHQU', 'RUYNY', 'VSPLU', 'TYMOI', 'KENPF']
['IBUGB', 'MXBHP', 'FXFUX', 'VFFHE', 'QECFT']
['ZHVLK', 'JAFZN', 'BTWAZ', 'XFNKQ', 'BBKUO']
['ENKVR', 'VGCRP', 'SRUUN', 'TFWCC', 'YORBA']
['NSDMC', 'FDGQA', 'UHSWZ', 'AXQPJ', 'GZQDO']
['SGXHX', 'NKCOJ', 'TFGVT', 'ZUTJZ', 'PKHDM']
['RUGKU', 'KDZKT', 'XWMKT', 'ZJNIT', 'DKSJV']
['OLFRP', 'MWVBQ', 'RWZXF', 'DLKKW', 'SIGOM']
['SROSJ', 'WUTXG', 'IZZTZ', 'SGRXP', 'QPVND']
['UDTFQ', 'EOCJX', 'BPZOY', 'KXUES', 'IAADS']
['FELNZ', 'XBSXA', 'ZQDIP', 'UJHDY', 'AHMRO']
['LIQGP', 'HCVBR', 'IZMEQ', 'ONQWA', 'FJPVZ']
['FGDHQ', 'IKHTD', 'CQBIT', 'BJTHH', 'QCHPG']
['GNCHO', 'OAGEZ', 'EAITX', 'VIPLF', 'QBVUY']
['ZEPYJ', 'OZZTI', 'WAQDW', 'HFDOF', 'CBJEL']
['LBKGE', 'QYLAH', 'UJESQ', 'PQDFC', 'XXRUC']
['WCFRY', 'AWUBI', 'GOXXP', 'VXLZU', 'LSZMU']
['NVSYK', 'MTCGB', 'IVZGD', 'TLZCG', 'VXIFI']
['RFWKF', 'ZNMAJ', 'XAOMD', 'OKQTW', 'ACMPF']
['ERQBP', 'KQUJH', 'SAVNS', 'QBZQQ', 'XIDUV']
['WHRVK', 'CIILB', 'NLRBO', 'BEIFF', 'JMYIA']
['KPECP', 'TAIVA', 'IGAXC', 'XCTJB', 'UBCVC']
['PSVNQ', 'FXUHH', 'JQBSO', 'KGIPC', 'BNJLP']
['MXMMA', 'AILUZ', 'OVYUV', 'VBRPO', 'EAEIR']
['OTQON', 'PECLI', 'QUECI', 'FCJLJ', 'RMUXW']
['CIPCP', 'IGUWL', 'FCWUA', 'JXGHX', 'RMJIF']
['KYKCO', 'UCLPW', 'HGJEC', 'EGIIY', 'PTRTD']
['XNYRJ', 'DSUJE', 'AWDBE', 'RCZHM', 'ZIJNW']
['UZKCN', 'KSCIB', 'CIOFH', 'VATKD', 'HATBR']
['JOZYK', 'ALMIE', 'FVYLB', 'ENWEP', 'HSIWG']
['ORRXP', 'XBTFE', 'VLQCW', 'XUHAP', 'UFVEC']
['EHMWV', 'OJGET', 'SHLYA', 'JTHWI', 'TBZDI']
['ZBJTS', 'GCQTP', 'FBWOW', 'WLCAR', 'QCRLR']
['QIALM', 'UQKOV', 'UHYVL', 'QIZOX', 'SMSHQ']
['WSVIR', 'PQAHJ', 'CVNCZ', 'CKFJL', 'YQSUZ']
['GLIPE', 'JHGWB', 'TUSMK', 'SZXFW', 'IGQNP']
['CPJBS', 'PLFWC', 'RURLC', 'LCHJI', 'YNIQG']
['BNYBV', 'OCOQX', 'GAEKQ', 'WNYYG', 'YBAFX']
['QVNNO', 'QSYML', 'SRFIJ', 'IRNCA', 'HNKDE']
['APXMD', 'EYFRR', 'HKVZW', 'CIUZU', 'VTOZN']
['QQUYY', 'PVVAV', 'VGUGP', 'QSVBC', 'HNXEZ']
['TAHXC', 'OSLVS', 'WGGGP', 'PKBGA', 'CHIJG']
['TNZEA', 'DFVZW', 'LPHWP', 'TTIDN', 'ZCVZT']
['ZJPJO', 'OMYLR', 'NSTKH', 'BBVXC', 'FZQXE']
['BLHOQ', 'VQDCT', 'WTGUO', 'IXMQO', 'YJCIZ']
['DVRRV', 'CCNPM', 'INTFC', 'UHOTV', 'QYWKX']
['OKPQW', 'NDLFM', 'DVLFX', 'JWSRE', 'XUYPR']
['EADHZ', 'WPGRW', 'SYIZZ', 'BGOJW', 'ZYPEK']
['SGTRH', 'QAOAR', 'WAHPX', 'YXPNV', 'SJJMM']
['NUSHB', 'MYAVD', 'QGGOH', 'ZLQYF', 'KHNJL']
['MQDQQ', 'CSQHY', 'ZRVWH', 'FZBVB', 'KXMSB']
['THQAC', 'GVYUW', 'GUDYJ', 'KCHSD', 'KEMJT']
['SFQST', 'YJPCO', 'IRAUO', 'TBPZM', 'MESKQ']
['NHQWU', 'CPTCX', 'HWSJL', 'XBLXM', 'UGVLA']
['EHHWX', 'AICHQ', 'ABYHN', 'IAMKK', 'VVCGQ']
['WDGCR', 'XEEVL', 'WWYEF', 'HAXVF', 'RQZPM']
['WOIJX', 'TFEWH', 'ZJQQO', 'LYGHF', 'CLLNQ']
['PXCKJ', 'OQSOU', 'QQXNO', 'HTJHJ', 'AGDTK']
['RJIED', 'ERTVL', 'RDCTS', 'MIKDS', 'GICKM']
['DFBMK', 'GEQFC', 'JEBNF', 'EBLCO', 'JCOPI']
