['Hong', 'Augustina', 'Leod', 'Kylah', 'Jessalin', 'Basso', 'Ciapas', 'Fifine', 'Velda', 'Hamlin', 'Elihu', 'Fabrice', 'Hook', 'Colly', 'Emelita', 'Anuska', 'Swanhilda', 'Aviv', 'Prince', 'Sinnard', 'Puklich', 'Shepp', 'Marijo', 'Ashford', 'Stephenson', 'Nestor', 'Matthaeus', 'Halstead', 'Lon', 'Tristam', 'Kanya', 'Uzzia', 'Rodolphe', 'Busey', 'Griffin']
['Fairfax', 'Micheal', 'Elberta', 'Stearns', 'Barnett', 'Balcer', 'Candyce', 'Jorgenson', 'Tillford', 'Gombosi', 'Ottinger', 'Clea', 'Rocray', 'Utas', 'Catherin', 'Auroora', 'Vaish', 'Merth', 'Buckler', 'Saville', 'Schnabel', 'Proudfoot', 'Crean', 'Neveda', 'Bluhm', 'Karon', 'Mathur', 'Chae', 'Joed', 'Cerracchio', 'Flieger', 'Mokas', 'Jason', 'Avril', 'Celestyn']
['Agosto']
['Hillel', 'Felicie', 'Blasius', 'Cavallaro', 'Fausta', 'Hanway', 'Quitt', 'Morville', 'Farro', 'Monahan', 'Ace', 'Halimeda', 'Toh', 'Towne', 'Lynett', 'Adaurd', 'Nicolis', 'Hayyim', 'Ashling', 'Osrick', 'Hermon', 'Kerianne', 'Selma', 'Leanna', 'Willis', 'Thorman', 'Barby', 'Nanette', 'Damon', 'Matthew', 'Carrillo', 'Birck', 'Jimmy', 'Eilis']
['Astto', 'Karie', 'Holms', 'Ainslee', 'Berneta', 'Chemush', 'Earlene', 'Roanna', 'Gunn', 'Lou', 'Blondell', 'Sandstrom', 'Plantagenet', 'Gibun', 'Wendye', 'Akeyla', 'Coh', 'Lauree', 'Jenkel', 'Uta', 'Perloff', 'Cutty', 'Cristiona', 'Ultun', 'Kudva', 'Lorilyn', 'Adriane', 'Robbin', 'Jestude', 'Jobyna', 'McIntosh', 'Polish', 'Ludovico', 'Ches', 'Dare']
['Billy']
['Danita', 'Behlau', 'Padget', 'Smukler', 'Mikol', 'Beebe', 'Kaufmann', 'Katzir', 'Evangeline', 'Cyd', 'Bruns', 'Milore', 'Dimitry', 'Brittnee', 'Haldane', 'Placido', 'Jeniece', 'Kile', 'Jehiel', 'Lamb', 'Fitz', 'Ubana', 'Druce', 'Meingolda', 'Yim', 'Tennes', 'Gerianne', 'Marina', 'Cloots', 'Nafis', 'Sievert', 'Hako', 'Newton', 'Ted', 'Wing']
['Emelia', 'Won', 'Groh', 'Lacy', 'Ratcliffe', 'McKinney', 'Dole', 'Nath', 'Groos', 'Balling', 'Vonni', 'Jori', 'Hadleigh', 'Serafine', 'Fruin', 'Maribel', 'Starinsky', 'Turrell', 'Masterson', 'Baldridge', 'Higgs', 'Tavy', 'Tarkany', 'Henrique', 'Bounds', 'Charin', 'Les', 'Nessy', 'Coumas', 'Mushro', 'Lentha', 'Vikky', 'Rue', 'Lyle', 'Fokos']
['Paulita', 'Yerxa', 'Lamson', 'Lynnelle', 'Cataldo', 'Eno', 'Barsky', 'Clovah', 'Shelby', 'Woodhead', 'Felise', 'Lotus', 'Converse', 'Gloriana', 'Kerwon', 'Demetria', 'Tine', 'Bhayani', 'Berner', 'Cal', 'Feinstein', 'Meras', 'Margeaux', 'Zelma', 'McCoy', 'Hittel', 'Ashman', 'Formenti', 'Larson', 'Shannah', 'Debera', 'Australia', 'Chaddie', 'Grochow', 'Raynor']
['Enid']
['Yarvis', 'Janaya', 'McClimans']
['Klute', 'Latimer', 'Burkhart', 'Hatch', 'Winebaum', 'Moonier', 'Melda', 'Udell', 'Harland', 'Franek', 'Worlock', 'Delinda', 'Manaker', 'Prebo', 'Nisse', 'Yasu', 'Ardys', 'Melburn', 'Dotson', 'Letta', 'Eudocia', 'Griswold', 'Hankins', 'Summons', 'Pippo', 'Jenness', 'Ruyle', 'Cristoforo', 'Mitchiner', 'Fidelio', 'Holton', 'Lenes']
['Hett', 'Lunetta', 'Lux', 'Rombert', 'Mackenzie', 'Ferullo', 'Gowrie', 'Lenhart', 'Nannette', 'Emmer', 'Sheeran', 'Watson', 'Klapp', 'Japeth', 'Eldwen', 'Knute', 'Mansoor', 'Favian', 'Sachi', 'Girovard', 'Virginia', 'Biggs', 'Janerich', 'Nari', 'Saxen', 'Kinzer', 'Davidde', 'Lawler', 'Zandt', 'Schreck', 'Arianna', 'Neille', 'Harriet', 'Shelbi', 'Adolphus']
['Holey', 'Derril', 'Dulcea', 'Tutankhamen', 'Durante', 'Pontius', 'Ber', 'Salomi', 'Girardo', 'Pinto', 'Doroteya', 'Darsie', 'Dumas', 'Ebneter', 'Ammadis', 'Dowlen', 'Odin', 'Wight', 'Norean', 'Livingston', 'Moyers', 'Foulk', 'Wunder', 'Montagna', 'Epstein', 'Vevay', 'Freddy', 'Grimona', 'Antonetta', 'Dela', 'Mauchi', 'Marilou', 'Galligan', 'Myrvyn', 'Pappas']
['Derinna', 'Darrow', 'Cheria', 'Karlise', 'Ursola', 'Kronick', 'Tuttle']
['Genie']
['Donn', 'Oscar', 'Saudra', 'Beaver', 'Cherry', 'Risteau', 'Javler', 'Merola', 'Dearman', 'Minda', 'Alvinia', 'Rooke', 'Tonya', 'Leiser', 'Corkhill', 'Minier', 'Buxton', 'Marijn', 'Tessy', 'Benilda', 'Woo', 'Danna', 'Holofernes', 'Sosanna', 'Wistrup', 'Verras', 'Bello', 'Alf', 'Utica', 'Glenn', 'Weirick', 'Carlick', 'Hudis', 'Uchida', 'Midian']
['Fadiman', 'Nance', 'Neva', 'Renick', 'Ebba', 'Cicely', 'Ginzburg', 'Rani', 'Krystalle', 'Gwenette', 'Maude', 'Kassi', 'Elmira', 'Fillender', 'Brazee', 'Dett', 'Carter', 'Janenna', 'Atkins', 'Harmony', 'Till', 'Raul', 'Lombardi', 'Zobe', 'Sandeep', 'Flemming', 'Chancellor', 'Maye', 'Dedric', 'Scherman', 'Arel', 'Grath', 'Winer', 'Bernj', 'Ferro']
['Bran', 'Safire', 'Sumer', 'Saylor', 'Flo', 'Shanly', 'Shea', 'Edrick', 'Florentia', 'Rhonda', 'Dietrich', 'Elburr', 'Deni', 'Danuloff', 'Antonino', 'Ursi', 'Hardej', 'Volkan', 'Malo', 'Oakes', 'McCullough', 'Everick', 'Delila', 'Bevon', 'Sigsmond', 'Hakim', 'Hannover', 'Tay', 'Clere', 'Lindell', 'Hawger', 'Larry', 'Questa', 'Danais', 'Melisa']
['Desi', 'Costin', 'Ng', 'Ardehs', 'Acacia', 'Hotze', 'Jillana', 'Hillegass', 'Balliett', 'Noyes', 'Dott', 'Erlewine', 'Bui', 'Gillian', 'Faunia', 'Ragland', 'Reste', 'Fredkin', 'Kimon', 'Crompton', 'Clymer', 'Tiphane', 'Vesta', 'Ruhnke', 'Binette', 'Pryce', 'Willetta', 'Koetke', 'Fast', 'Caines', 'Firman', 'Eleni', 'Love', 'Rik', 'Cardwell']
