['111', '6', '387', '160', '29', '13', '27', '190', '122', '213', '115', '91', '73', '23', '206', '263', '136', '352', '63', '343', '380', '207', '249', '255', '149']
['116']
['324', '58', '191', '302', '28', '140', '12', '230', '362', '290', '166', '84']
['320', '0', '172', '133', '187', '189', '333', '288', '313', '171', '260', '178', '173', '363', '26', '309', '321', '349', '41', '150', '193', '291', '319', '25']
['308', '382', '266', '273', '247', '151', '253', '134', '229', '167', '337', '336', '179', '135', '331', '329', '124', '267', '142', '198', '31', '299', '22', '268', '86']
['234', '252', '163', '202', '11', '217', '205', '47', '37', '143', '39', '69', '208', '94', '347', '301', '54', '74', '186', '303', '322', '357', '304', '120', '43']
['307', '112', '33', '237', '65', '71']
['97', '316', '138', '240', '77', '254', '168', '180', '389', '305', '106', '359', '98', '325', '103', '218', '181', '62', '250', '340', '156', '201', '60', '381', '121']
['182']
['243', '184', '110', '300', '61', '104', '397', '339', '46', '64', '298', '317', '335', '75', '284', '393', '131', '144', '221', '155', '245', '261', '21', '370', '83']
['314', '332', '287', '1', '8', '244', '264', '318', '89', '209', '45', '30', '107', '169', '216', '81', '2', '315', '129', '95', '376', '88', '248', '274']
['279', '157', '16', '128', '246', '372', '82', '294', '392', '367', '258', '56', '292', '262', '183', '24', '391', '96', '126', '18', '278', '251', '239', '70', '165']
['147', '153', '350', '188', '348', '330', '20', '90', '365', '235', '223', '123', '214', '356', '211', '55', '164', '210', '185', '270', '176', '265', '345', '57', '388']
['225', '277', '361', '92', '286', '232', '280', '281', '109', '297', '385', '49', '342', '80', '5', '66', '323', '271', '371', '19', '113', '227', '159', '282', '390']
['7', '375', '14', '68', '378', '242', '276', '175', '117', '272']
['364', '17', '127', '132', '241', '256', '76', '366', '226', '53', '146', '310', '139', '99', '354', '215', '48', '326', '368', '125', '341', '358', '312', '114', '203']
['154', '222', '93', '311', '162', '293', '399', '59', '204', '373', '395', '161', '130', '36', '285', '228', '32', '50', '383', '148', '351', '379', '396']
['72', '177', '236', '398', '10', '369', '78', '238', '174', '384', '257', '152', '275', '386', '44', '344', '105', '231', '306', '38', '102', '259', '334', '108', '42']
['3', '355', '233', '34', '220', '200', '100', '377', '296', '51', '269', '192', '199', '67', '219', '346', '328', '40', '52', '158', '87', '360', '101', '35', '119']
['9', '141', '145', '85', '197', '170', '224', '353', '118', '195', '327', '194', '79', '338', '4', '394', '212', '374', '196', '295', '289', '137', '15', '283']
