['25', '370', '518', '396', '291', '195', '774', '506', '3', '890', '897', '767', '71', '698', '442', '68', '925', '944', '49', '669', '485', '105', '830', '477', '533', '189', '343', '403', '969', '93', '764', '708', '101', '221', '792', '159', '719', '656', '789', '415', '91']
['937', '627', '98', '329', '786', '676', '19', '959', '186', '914', '723', '713', '30', '812', '498', '397', '267', '52', '185', '695', '384', '601', '683', '912', '339', '616', '653', '94', '301', '662', '162', '526', '829', '524', '806', '595', '369', '917', '268', '816', '537', '644', '468', '424', '726']
['336', '879', '589', '965', '381', '351', '645', '363', '775', '746', '50', '426', '729', '934', '813', '40', '591', '940', '92', '456', '742', '715', '120', '205', '151', '844', '777', '285', '457', '118', '453', '44', '600', '915', '722', '584', '954', '772', '160', '936', '431', '58', '10']
['503', '207', '214', '107', '226', '803', '387', '317', '487', '553', '527', '24', '955', '985', '227', '63', '942', '687', '210', '757', '782', '150', '854', '887', '919', '933', '4', '999', '412', '975', '517', '858', '907', '780', '877', '562', '38', '857', '416']
['590', '699', '37', '872', '931', '819', '419', '77', '261', '188', '531', '269', '896', '490', '837', '126', '100', '587', '834', '179', '366', '164', '675', '983', '236', '552', '543', '624', '554', '399', '449', '805', '909', '564', '849', '307', '323', '114']
['11', '327', '943', '551', '7', '1', '341', '846', '255', '550', '558', '818', '326', '941', '128', '247', '709', '123', '289', '657', '42', '522', '404', '980', '895', '95', '866', '904', '754', '318', '964', '262', '196', '234', '224', '152', '950', '99', '875', '622', '924', '783', '335']
['263', '135', '305', '633', '976', '405', '325', '710', '504', '138', '888', '383', '74', '705', '444', '84', '588', '466', '90', '800', '304', '235', '292', '441', '646', '111', '991', '241', '129', '216', '827', '481', '721', '779', '377', '626', '70', '731', '414', '284', '761']
['106', '532', '821', '378', '484', '83', '961', '430', '594', '48', '606', '519', '684', '538', '409', '760', '903', '461', '190', '149', '765', '978', '209', '660', '166', '549', '982', '737', '618', '116', '768', '910', '697', '625', '741', '467']
['333', '957', '972', '953', '319', '992', '388', '734', '315', '916', '988', '773', '472', '956', '586', '463', '655', '863', '97', '876', '375', '700', '766', '340', '966', '952', '379', '654', '356', '802', '294', '785', '566', '565', '512', '248', '496', '161', '283', '324']
['671', '832', '882', '851', '222', '288', '14', '810', '46', '345', '158', '864', '406', '670', '694', '398', '86', '142', '892', '529', '421', '997', '170', '22', '353', '604', '847', '804', '364', '257', '689', '389', '495', '122', '270', '947', '322', '548', '296']
['752', '986', '278', '580', '781', '666', '119', '664', '440', '258', '445', '871', '28', '368', '932', '968', '231', '295', '486', '313', '520', '433', '312', '867', '703', '260', '973', '411', '306', '391', '610', '665', '104', '911', '240', '921', '127', '840']
['631', '850', '245', '720', '635', '880', '473', '958', '20', '706', '856', '861', '508', '918', '623', '465', '971', '557', '908', '168', '807', '279', '183', '462', '36', '605', '489', '873', '762', '108', '523', '428', '124', '824', '385', '436', '450', '634', '930', '203', '432', '870']
['727', '376', '9', '374', '749', '977', '732', '264', '200', '900', '672', '500', '704', '73', '743', '197', '637', '256', '328', '181', '874', '233', '316', '763', '648', '740', '23', '460', '115', '935', '16', '178', '865', '678', '974', '338']
['88', '511', '853', '174', '545', '534', '492', '219', '651', '612', '45', '175', '868', '251', '568', '948', '81', '939', '67', '581', '778', '246', '659', '536', '744', '714', '685', '237', '454', '386', '192', '530', '102', '65', '82', '75', '542', '394', '452']
['893', '835', '180', '206', '926', '825', '993', '31', '994', '701', '131', '540', '642', '17', '679', '596', '407', '836', '539', '281', '346', '96', '628', '365', '569', '276', '355', '692', '831', '310', '820', '176', '899', '204', '271', '510', '725', '113', '513', '243', '145', '620']
['794', '674', '223', '212', '35', '482', '577', '367', '690', '716', '137', '85', '55', '287', '434', '253', '184', '795', '736', '321', '266', '483', '359', '639', '822', '951', '474', '76', '156', '8', '521', '603', '707', '884', '420', '125', '505', '293', '573']
['528', '475', '609', '984', '448', '922', '494', '759', '563', '745', '163', '881', '848', '439', '717', '80', '823', '811', '571', '652', '696', '352', '418', '784', '72', '643', '215', '308', '497', '949', '611', '57', '556', '990', '314', '330', '771', '906', '446', '617']
['905', '516', '739', '898', '753', '27', '198', '392', '348', '638', '459', '886', '334', '499', '423', '928', '230', '309', '425', '171', '839', '632', '667', '169', '535', '21', '755', '995', '682', '902', '869', '967', '987', '920', '360', '938', '112', '597', '962', '582', '132']
['842', '298', '797', '290', '663', '574', '579', '570', '213', '140', '889', '845', '583', '53', '320', '354', '724', '447', '735', '681', '311', '608', '471', '155', '5', '841', '347', '615', '443', '33', '342', '165', '202', '344', '585', '629', '751', '371', '923']
['435', '12', '173', '455', '402', '673', '451', '787', '259', '299', '154', '860', '730', '380', '47', '41', '680', '390', '640', '252', '843', '362', '894', '855', '469', '393', '408', '147', '18', '712', '479', '790', '547', '139', '798', '217', '560', '693', '157', '575', '211', '153']
['769', '193', '59', '69', '621', '661', '691', '373', '272', '89', '39', '146', '60', '945', '2', '613', '668', '29', '143', '891', '103', '491', '649', '225', '793', '6', '796', '567', '963', '770', '728', '677', '182', '144', '177', '199', '555']
['514', '400', '61', '658', '826', '862', '273', '598', '361', '350', '711', '913', '815', '0', '493', '32', '239', '828', '641', '13', '56', '130', '998', '885', '194', '525', '26', '901', '561', '117', '776', '172', '791', '756', '438', '619', '187', '331', '478', '801']
['838', '357', '66', '87', '480', '733', '883', '337', '929', '599', '238', '244', '852', '303', '686', '372', '989', '817', '282', '358', '747', '758', '927', '507', '228', '218', '201', '559', '946', '229', '878', '141', '788', '981', '167', '109', '593', '43', '470', '476', '429']
['501', '133', '265', '401', '748', '220', '650', '62', '242', '78', '249', '422', '191', '996', '592', '488', '280', '647', '750', '515', '630', '121', '277', '602', '286', '544', '232', '509', '970', '51', '572', '15', '437', '960', '254', '410', '136', '541', '576', '808', '349']
['413', '578', '738', '297', '809', '417', '64', '134', '859', '274', '302', '332', '110', '148', '718', '814', '54', '382', '502', '833', '799', '702', '208', '79', '607', '275', '395', '614', '979', '464', '300', '427', '250', '688', '458', '34', '546', '636']
